[3.048s] Invoking command in '/home/simpson/launch_ws/src/launch_urdf': PYTHONPATH=/home/simpson/launch_ws/build/launch_urdf/prefix_override:/usr/lib/python3/dist-packages/colcon_core/task/python/colcon_distutils_commands:/home/simpson/launch_ws/install/launch_urdf/lib/python3.8/site-packages:${PYTHONPATH} /usr/bin/python3 -W ignore:setup.py install is deprecated setup.py egg_info --egg-base ../../build/launch_urdf build --build-base /home/simpson/launch_ws/build/launch_urdf/build install --record /home/simpson/launch_ws/build/launch_urdf/install.log --install-scripts $base/lib/launch_urdf --single-version-externally-managed install_data
[3.516s] running egg_info
[3.520s] writing ../../build/launch_urdf/launch_urdf.egg-info/PKG-INFO
[3.520s] writing dependency_links to ../../build/launch_urdf/launch_urdf.egg-info/dependency_links.txt
[3.520s] writing entry points to ../../build/launch_urdf/launch_urdf.egg-info/entry_points.txt
[3.527s] writing requirements to ../../build/launch_urdf/launch_urdf.egg-info/requires.txt
[3.527s] writing top-level names to ../../build/launch_urdf/launch_urdf.egg-info/top_level.txt
[3.627s] reading manifest file '../../build/launch_urdf/launch_urdf.egg-info/SOURCES.txt'
[3.629s] writing manifest file '../../build/launch_urdf/launch_urdf.egg-info/SOURCES.txt'
[3.629s] running build
[3.629s] running build_py
[3.629s] running install
[3.631s] running install_lib
[3.637s] running install_data
[3.637s] running install_egg_info
[3.642s] removing '/home/simpson/launch_ws/install/launch_urdf/lib/python3.8/site-packages/launch_urdf-0.0.0-py3.8.egg-info' (and everything under it)
[3.645s] Copying ../../build/launch_urdf/launch_urdf.egg-info to /home/simpson/launch_ws/install/launch_urdf/lib/python3.8/site-packages/launch_urdf-0.0.0-py3.8.egg-info
[3.646s] running install_scripts
[3.692s] Installing launch script to /home/simpson/launch_ws/install/launch_urdf/lib/launch_urdf
[3.695s] writing list of installed files to '/home/simpson/launch_ws/build/launch_urdf/install.log'
[3.962s] Invoked command in '/home/simpson/launch_ws/src/launch_urdf' returned '0': PYTHONPATH=/home/simpson/launch_ws/build/launch_urdf/prefix_override:/usr/lib/python3/dist-packages/colcon_core/task/python/colcon_distutils_commands:/home/simpson/launch_ws/install/launch_urdf/lib/python3.8/site-packages:${PYTHONPATH} /usr/bin/python3 -W ignore:setup.py install is deprecated setup.py egg_info --egg-base ../../build/launch_urdf build --build-base /home/simpson/launch_ws/build/launch_urdf/build install --record /home/simpson/launch_ws/build/launch_urdf/install.log --install-scripts $base/lib/launch_urdf --single-version-externally-managed install_data
