[2.950s] Invoking command in '/home/simpson/launch_ws/src/ros_msg': PYTHONPATH=/home/simpson/launch_ws/build/ros_msg/prefix_override:/usr/lib/python3/dist-packages/colcon_core/task/python/colcon_distutils_commands:/home/simpson/launch_ws/install/ros_msg/lib/python3.8/site-packages:${PYTHONPATH} /usr/bin/python3 -W ignore:setup.py install is deprecated setup.py egg_info --egg-base ../../build/ros_msg build --build-base /home/simpson/launch_ws/build/ros_msg/build install --record /home/simpson/launch_ws/build/ros_msg/install.log --single-version-externally-managed install_data
[3.471s] running egg_info
[3.471s] writing ../../build/ros_msg/ros_msg.egg-info/PKG-INFO
[3.472s] writing dependency_links to ../../build/ros_msg/ros_msg.egg-info/dependency_links.txt
[3.472s] writing entry points to ../../build/ros_msg/ros_msg.egg-info/entry_points.txt
[3.472s] writing requirements to ../../build/ros_msg/ros_msg.egg-info/requires.txt
[3.472s] writing top-level names to ../../build/ros_msg/ros_msg.egg-info/top_level.txt
[3.472s] reading manifest file '../../build/ros_msg/ros_msg.egg-info/SOURCES.txt'
[3.472s] writing manifest file '../../build/ros_msg/ros_msg.egg-info/SOURCES.txt'
[3.472s] running build
[3.472s] running build_py
[3.473s] running install
[3.473s] running install_lib
[3.473s] running install_data
[3.473s] running install_egg_info
[3.473s] removing '/home/simpson/launch_ws/install/ros_msg/lib/python3.8/site-packages/ros_msg-0.0.0-py3.8.egg-info' (and everything under it)
[3.473s] Copying ../../build/ros_msg/ros_msg.egg-info to /home/simpson/launch_ws/install/ros_msg/lib/python3.8/site-packages/ros_msg-0.0.0-py3.8.egg-info
[3.473s] running install_scripts
[3.520s] Installing listener script to /home/simpson/launch_ws/install/ros_msg/lib/ros_msg
[3.520s] Installing talker script to /home/simpson/launch_ws/install/ros_msg/lib/ros_msg
[3.521s] writing list of installed files to '/home/simpson/launch_ws/build/ros_msg/install.log'
[3.880s] Invoked command in '/home/simpson/launch_ws/src/ros_msg' returned '0': PYTHONPATH=/home/simpson/launch_ws/build/ros_msg/prefix_override:/usr/lib/python3/dist-packages/colcon_core/task/python/colcon_distutils_commands:/home/simpson/launch_ws/install/ros_msg/lib/python3.8/site-packages:${PYTHONPATH} /usr/bin/python3 -W ignore:setup.py install is deprecated setup.py egg_info --egg-base ../../build/ros_msg build --build-base /home/simpson/launch_ws/build/ros_msg/build install --record /home/simpson/launch_ws/build/ros_msg/install.log --single-version-externally-managed install_data
