running egg_info
creating ../../build/ros_wheel_controller/ros_wheel_controller.egg-info
writing ../../build/ros_wheel_controller/ros_wheel_controller.egg-info/PKG-INFO
writing dependency_links to ../../build/ros_wheel_controller/ros_wheel_controller.egg-info/dependency_links.txt
writing entry points to ../../build/ros_wheel_controller/ros_wheel_controller.egg-info/entry_points.txt
writing requirements to ../../build/ros_wheel_controller/ros_wheel_controller.egg-info/requires.txt
writing top-level names to ../../build/ros_wheel_controller/ros_wheel_controller.egg-info/top_level.txt
writing manifest file '../../build/ros_wheel_controller/ros_wheel_controller.egg-info/SOURCES.txt'
reading manifest file '../../build/ros_wheel_controller/ros_wheel_controller.egg-info/SOURCES.txt'
writing manifest file '../../build/ros_wheel_controller/ros_wheel_controller.egg-info/SOURCES.txt'
running build
running build_py
creating /home/simpson/launch_ws/build/ros_wheel_controller/build
creating /home/simpson/launch_ws/build/ros_wheel_controller/build/lib
creating /home/simpson/launch_ws/build/ros_wheel_controller/build/lib/ros_wheel_controller
copying ros_wheel_controller/__init__.py -> /home/simpson/launch_ws/build/ros_wheel_controller/build/lib/ros_wheel_controller
running install
running install_lib
creating /home/simpson/launch_ws/install/ros_wheel_controller/lib/python3.8/site-packages/ros_wheel_controller
copying /home/simpson/launch_ws/build/ros_wheel_controller/build/lib/ros_wheel_controller/__init__.py -> /home/simpson/launch_ws/install/ros_wheel_controller/lib/python3.8/site-packages/ros_wheel_controller
byte-compiling /home/simpson/launch_ws/install/ros_wheel_controller/lib/python3.8/site-packages/ros_wheel_controller/__init__.py to __init__.cpython-38.pyc
running install_data
creating /home/simpson/launch_ws/install/ros_wheel_controller/share/ament_index
creating /home/simpson/launch_ws/install/ros_wheel_controller/share/ament_index/resource_index
creating /home/simpson/launch_ws/install/ros_wheel_controller/share/ament_index/resource_index/packages
copying resource/ros_wheel_controller -> /home/simpson/launch_ws/install/ros_wheel_controller/share/ament_index/resource_index/packages
copying package.xml -> /home/simpson/launch_ws/install/ros_wheel_controller/share/ros_wheel_controller
running install_egg_info
Copying ../../build/ros_wheel_controller/ros_wheel_controller.egg-info to /home/simpson/launch_ws/install/ros_wheel_controller/lib/python3.8/site-packages/ros_wheel_controller-0.0.0-py3.8.egg-info
running install_scripts
writing list of installed files to '/home/simpson/launch_ws/build/ros_wheel_controller/install.log'
