[1.141s] Invoking command in '/home/simpson/launch_ws/src/ros_wheel_controller': PYTHONPATH=/home/simpson/launch_ws/build/ros_wheel_controller/prefix_override:/usr/lib/python3/dist-packages/colcon_core/task/python/colcon_distutils_commands:/home/simpson/launch_ws/install/ros_wheel_controller/lib/python3.8/site-packages:${PYTHONPATH} /usr/bin/python3 -W ignore:setup.py install is deprecated setup.py egg_info --egg-base ../../build/ros_wheel_controller build --build-base /home/simpson/launch_ws/build/ros_wheel_controller/build install --record /home/simpson/launch_ws/build/ros_wheel_controller/install.log --install-scripts $base/lib/ros_wheel_controller --single-version-externally-managed install_data
[1.377s] running egg_info
[1.378s] creating ../../build/ros_wheel_controller/ros_wheel_controller.egg-info
[1.378s] writing ../../build/ros_wheel_controller/ros_wheel_controller.egg-info/PKG-INFO
[1.379s] writing dependency_links to ../../build/ros_wheel_controller/ros_wheel_controller.egg-info/dependency_links.txt
[1.379s] writing entry points to ../../build/ros_wheel_controller/ros_wheel_controller.egg-info/entry_points.txt
[1.379s] writing requirements to ../../build/ros_wheel_controller/ros_wheel_controller.egg-info/requires.txt
[1.379s] writing top-level names to ../../build/ros_wheel_controller/ros_wheel_controller.egg-info/top_level.txt
[1.381s] writing manifest file '../../build/ros_wheel_controller/ros_wheel_controller.egg-info/SOURCES.txt'
[1.416s] reading manifest file '../../build/ros_wheel_controller/ros_wheel_controller.egg-info/SOURCES.txt'
[1.417s] writing manifest file '../../build/ros_wheel_controller/ros_wheel_controller.egg-info/SOURCES.txt'
[1.417s] running build
[1.418s] running build_py
[1.418s] creating /home/simpson/launch_ws/build/ros_wheel_controller/build
[1.418s] creating /home/simpson/launch_ws/build/ros_wheel_controller/build/lib
[1.418s] creating /home/simpson/launch_ws/build/ros_wheel_controller/build/lib/ros_wheel_controller
[1.418s] copying ros_wheel_controller/__init__.py -> /home/simpson/launch_ws/build/ros_wheel_controller/build/lib/ros_wheel_controller
[1.418s] running install
[1.419s] running install_lib
[1.420s] creating /home/simpson/launch_ws/install/ros_wheel_controller/lib/python3.8/site-packages/ros_wheel_controller
[1.420s] copying /home/simpson/launch_ws/build/ros_wheel_controller/build/lib/ros_wheel_controller/__init__.py -> /home/simpson/launch_ws/install/ros_wheel_controller/lib/python3.8/site-packages/ros_wheel_controller
[1.421s] byte-compiling /home/simpson/launch_ws/install/ros_wheel_controller/lib/python3.8/site-packages/ros_wheel_controller/__init__.py to __init__.cpython-38.pyc
[1.424s] running install_data
[1.424s] creating /home/simpson/launch_ws/install/ros_wheel_controller/share/ament_index
[1.425s] creating /home/simpson/launch_ws/install/ros_wheel_controller/share/ament_index/resource_index
[1.425s] creating /home/simpson/launch_ws/install/ros_wheel_controller/share/ament_index/resource_index/packages
[1.425s] copying resource/ros_wheel_controller -> /home/simpson/launch_ws/install/ros_wheel_controller/share/ament_index/resource_index/packages
[1.425s] copying package.xml -> /home/simpson/launch_ws/install/ros_wheel_controller/share/ros_wheel_controller
[1.425s] running install_egg_info
[1.428s] Copying ../../build/ros_wheel_controller/ros_wheel_controller.egg-info to /home/simpson/launch_ws/install/ros_wheel_controller/lib/python3.8/site-packages/ros_wheel_controller-0.0.0-py3.8.egg-info
[1.429s] running install_scripts
[1.450s] writing list of installed files to '/home/simpson/launch_ws/build/ros_wheel_controller/install.log'
[1.484s] Invoked command in '/home/simpson/launch_ws/src/ros_wheel_controller' returned '0': PYTHONPATH=/home/simpson/launch_ws/build/ros_wheel_controller/prefix_override:/usr/lib/python3/dist-packages/colcon_core/task/python/colcon_distutils_commands:/home/simpson/launch_ws/install/ros_wheel_controller/lib/python3.8/site-packages:${PYTHONPATH} /usr/bin/python3 -W ignore:setup.py install is deprecated setup.py egg_info --egg-base ../../build/ros_wheel_controller build --build-base /home/simpson/launch_ws/build/ros_wheel_controller/build install --record /home/simpson/launch_ws/build/ros_wheel_controller/install.log --install-scripts $base/lib/ros_wheel_controller --single-version-externally-managed install_data
