[2.554s] Invoking command in '/home/simpson/launch_ws/src/ros_dd': PYTHONPATH=/home/simpson/launch_ws/build/ros_dd/prefix_override:/usr/lib/python3/dist-packages/colcon_core/task/python/colcon_distutils_commands:/home/simpson/launch_ws/install/ros_dd/lib/python3.8/site-packages: /usr/bin/python3 -W ignore:setup.py install is deprecated setup.py egg_info --egg-base ../../build/ros_dd build --build-base /home/simpson/launch_ws/build/ros_dd/build install --record /home/simpson/launch_ws/build/ros_dd/install.log --install-scripts $base/lib/ros_dd --single-version-externally-managed install_data
[2.957s] running egg_info
[2.958s] writing ../../build/ros_dd/ros_dd.egg-info/PKG-INFO
[2.958s] writing dependency_links to ../../build/ros_dd/ros_dd.egg-info/dependency_links.txt
[2.958s] writing entry points to ../../build/ros_dd/ros_dd.egg-info/entry_points.txt
[2.959s] writing requirements to ../../build/ros_dd/ros_dd.egg-info/requires.txt
[2.959s] writing top-level names to ../../build/ros_dd/ros_dd.egg-info/top_level.txt
[3.034s] reading manifest file '../../build/ros_dd/ros_dd.egg-info/SOURCES.txt'
[3.036s] writing manifest file '../../build/ros_dd/ros_dd.egg-info/SOURCES.txt'
[3.036s] running build
[3.037s] running build_py
[3.037s] running install
[3.041s] running install_lib
[3.045s] running install_data
[3.045s] running install_egg_info
[3.050s] removing '/home/simpson/launch_ws/install/ros_dd/lib/python3.8/site-packages/ros_dd-0.0.0-py3.8.egg-info' (and everything under it)
[3.051s] Copying ../../build/ros_dd/ros_dd.egg-info to /home/simpson/launch_ws/install/ros_dd/lib/python3.8/site-packages/ros_dd-0.0.0-py3.8.egg-info
[3.052s] running install_scripts
[3.092s] writing list of installed files to '/home/simpson/launch_ws/build/ros_dd/install.log'
[3.460s] Invoked command in '/home/simpson/launch_ws/src/ros_dd' returned '0': PYTHONPATH=/home/simpson/launch_ws/build/ros_dd/prefix_override:/usr/lib/python3/dist-packages/colcon_core/task/python/colcon_distutils_commands:/home/simpson/launch_ws/install/ros_dd/lib/python3.8/site-packages: /usr/bin/python3 -W ignore:setup.py install is deprecated setup.py egg_info --egg-base ../../build/ros_dd build --build-base /home/simpson/launch_ws/build/ros_dd/build install --record /home/simpson/launch_ws/build/ros_dd/install.log --install-scripts $base/lib/ros_dd --single-version-externally-managed install_data
