[2.589s] Invoking command in '/home/simpson/launch_ws/src/launch_urdf': PYTHONPATH=/home/simpson/launch_ws/build/launch_urdf/prefix_override:/usr/lib/python3/dist-packages/colcon_core/task/python/colcon_distutils_commands:/home/simpson/launch_ws/install/launch_urdf/lib/python3.8/site-packages: /usr/bin/python3 -W ignore:setup.py install is deprecated setup.py egg_info --egg-base ../../build/launch_urdf build --build-base /home/simpson/launch_ws/build/launch_urdf/build install --record /home/simpson/launch_ws/build/launch_urdf/install.log --install-scripts $base/lib/launch_urdf --single-version-externally-managed install_data
[3.092s] running egg_info
[3.093s] writing ../../build/launch_urdf/launch_urdf.egg-info/PKG-INFO
[3.094s] writing dependency_links to ../../build/launch_urdf/launch_urdf.egg-info/dependency_links.txt
[3.094s] writing entry points to ../../build/launch_urdf/launch_urdf.egg-info/entry_points.txt
[3.094s] writing requirements to ../../build/launch_urdf/launch_urdf.egg-info/requires.txt
[3.095s] writing top-level names to ../../build/launch_urdf/launch_urdf.egg-info/top_level.txt
[3.095s] reading manifest file '../../build/launch_urdf/launch_urdf.egg-info/SOURCES.txt'
[3.095s] writing manifest file '../../build/launch_urdf/launch_urdf.egg-info/SOURCES.txt'
[3.095s] running build
[3.096s] running build_py
[3.096s] running install
[3.096s] running install_lib
[3.096s] running install_data
[3.098s] running install_egg_info
[3.098s] removing '/home/simpson/launch_ws/install/launch_urdf/lib/python3.8/site-packages/launch_urdf-0.0.0-py3.8.egg-info' (and everything under it)
[3.098s] Copying ../../build/launch_urdf/launch_urdf.egg-info to /home/simpson/launch_ws/install/launch_urdf/lib/python3.8/site-packages/launch_urdf-0.0.0-py3.8.egg-info
[3.098s] running install_scripts
[3.099s] Installing launch script to /home/simpson/launch_ws/install/launch_urdf/lib/launch_urdf
[3.099s] writing list of installed files to '/home/simpson/launch_ws/build/launch_urdf/install.log'
[3.229s] Invoked command in '/home/simpson/launch_ws/src/launch_urdf' returned '0': PYTHONPATH=/home/simpson/launch_ws/build/launch_urdf/prefix_override:/usr/lib/python3/dist-packages/colcon_core/task/python/colcon_distutils_commands:/home/simpson/launch_ws/install/launch_urdf/lib/python3.8/site-packages: /usr/bin/python3 -W ignore:setup.py install is deprecated setup.py egg_info --egg-base ../../build/launch_urdf build --build-base /home/simpson/launch_ws/build/launch_urdf/build install --record /home/simpson/launch_ws/build/launch_urdf/install.log --install-scripts $base/lib/launch_urdf --single-version-externally-managed install_data
