running egg_info
creating ../../build/ros_msg/ros_msg.egg-info
writing ../../build/ros_msg/ros_msg.egg-info/PKG-INFO
writing dependency_links to ../../build/ros_msg/ros_msg.egg-info/dependency_links.txt
writing entry points to ../../build/ros_msg/ros_msg.egg-info/entry_points.txt
writing requirements to ../../build/ros_msg/ros_msg.egg-info/requires.txt
writing top-level names to ../../build/ros_msg/ros_msg.egg-info/top_level.txt
writing manifest file '../../build/ros_msg/ros_msg.egg-info/SOURCES.txt'
reading manifest file '../../build/ros_msg/ros_msg.egg-info/SOURCES.txt'
writing manifest file '../../build/ros_msg/ros_msg.egg-info/SOURCES.txt'
running build
running build_py
creating /home/simpson/launch_ws/build/ros_msg/build
creating /home/simpson/launch_ws/build/ros_msg/build/lib
creating /home/simpson/launch_ws/build/ros_msg/build/lib/ros_msg
copying ros_msg/__init__.py -> /home/simpson/launch_ws/build/ros_msg/build/lib/ros_msg
copying ros_msg/pub.py -> /home/simpson/launch_ws/build/ros_msg/build/lib/ros_msg
copying ros_msg/sub.py -> /home/simpson/launch_ws/build/ros_msg/build/lib/ros_msg
running install
running install_lib
creating /home/simpson/launch_ws/install/ros_msg/lib/python3.8/site-packages/ros_msg
copying /home/simpson/launch_ws/build/ros_msg/build/lib/ros_msg/__init__.py -> /home/simpson/launch_ws/install/ros_msg/lib/python3.8/site-packages/ros_msg
copying /home/simpson/launch_ws/build/ros_msg/build/lib/ros_msg/pub.py -> /home/simpson/launch_ws/install/ros_msg/lib/python3.8/site-packages/ros_msg
copying /home/simpson/launch_ws/build/ros_msg/build/lib/ros_msg/sub.py -> /home/simpson/launch_ws/install/ros_msg/lib/python3.8/site-packages/ros_msg
byte-compiling /home/simpson/launch_ws/install/ros_msg/lib/python3.8/site-packages/ros_msg/__init__.py to __init__.cpython-38.pyc
byte-compiling /home/simpson/launch_ws/install/ros_msg/lib/python3.8/site-packages/ros_msg/pub.py to pub.cpython-38.pyc
byte-compiling /home/simpson/launch_ws/install/ros_msg/lib/python3.8/site-packages/ros_msg/sub.py to sub.cpython-38.pyc
running install_data
creating /home/simpson/launch_ws/install/ros_msg/share/ament_index
creating /home/simpson/launch_ws/install/ros_msg/share/ament_index/resource_index
creating /home/simpson/launch_ws/install/ros_msg/share/ament_index/resource_index/packages
copying resource/ros_msg -> /home/simpson/launch_ws/install/ros_msg/share/ament_index/resource_index/packages
copying package.xml -> /home/simpson/launch_ws/install/ros_msg/share/ros_msg
running install_egg_info
Copying ../../build/ros_msg/ros_msg.egg-info to /home/simpson/launch_ws/install/ros_msg/lib/python3.8/site-packages/ros_msg-0.0.0-py3.8.egg-info
running install_scripts
Installing listener script to /home/simpson/launch_ws/install/ros_msg/lib/ros_msg
Installing talker script to /home/simpson/launch_ws/install/ros_msg/lib/ros_msg
writing list of installed files to '/home/simpson/launch_ws/build/ros_msg/install.log'
