[2.619s] Invoking command in '/home/simpson/launch_ws/src/ros_msg': PYTHONPATH=/home/simpson/launch_ws/build/ros_msg/prefix_override:/usr/lib/python3/dist-packages/colcon_core/task/python/colcon_distutils_commands:/home/simpson/launch_ws/install/ros_msg/lib/python3.8/site-packages: /usr/bin/python3 -W ignore:setup.py install is deprecated setup.py egg_info --egg-base ../../build/ros_msg build --build-base /home/simpson/launch_ws/build/ros_msg/build install --record /home/simpson/launch_ws/build/ros_msg/install.log --single-version-externally-managed install_data
[3.167s] running egg_info
[3.167s] creating ../../build/ros_msg/ros_msg.egg-info
[3.167s] writing ../../build/ros_msg/ros_msg.egg-info/PKG-INFO
[3.167s] writing dependency_links to ../../build/ros_msg/ros_msg.egg-info/dependency_links.txt
[3.167s] writing entry points to ../../build/ros_msg/ros_msg.egg-info/entry_points.txt
[3.168s] writing requirements to ../../build/ros_msg/ros_msg.egg-info/requires.txt
[3.168s] writing top-level names to ../../build/ros_msg/ros_msg.egg-info/top_level.txt
[3.168s] writing manifest file '../../build/ros_msg/ros_msg.egg-info/SOURCES.txt'
[3.168s] reading manifest file '../../build/ros_msg/ros_msg.egg-info/SOURCES.txt'
[3.168s] writing manifest file '../../build/ros_msg/ros_msg.egg-info/SOURCES.txt'
[3.168s] running build
[3.168s] running build_py
[3.168s] creating /home/simpson/launch_ws/build/ros_msg/build
[3.168s] creating /home/simpson/launch_ws/build/ros_msg/build/lib
[3.169s] creating /home/simpson/launch_ws/build/ros_msg/build/lib/ros_msg
[3.169s] copying ros_msg/__init__.py -> /home/simpson/launch_ws/build/ros_msg/build/lib/ros_msg
[3.169s] copying ros_msg/pub.py -> /home/simpson/launch_ws/build/ros_msg/build/lib/ros_msg
[3.169s] copying ros_msg/sub.py -> /home/simpson/launch_ws/build/ros_msg/build/lib/ros_msg
[3.169s] running install
[3.169s] running install_lib
[3.169s] creating /home/simpson/launch_ws/install/ros_msg/lib/python3.8/site-packages/ros_msg
[3.169s] copying /home/simpson/launch_ws/build/ros_msg/build/lib/ros_msg/__init__.py -> /home/simpson/launch_ws/install/ros_msg/lib/python3.8/site-packages/ros_msg
[3.169s] copying /home/simpson/launch_ws/build/ros_msg/build/lib/ros_msg/pub.py -> /home/simpson/launch_ws/install/ros_msg/lib/python3.8/site-packages/ros_msg
[3.170s] copying /home/simpson/launch_ws/build/ros_msg/build/lib/ros_msg/sub.py -> /home/simpson/launch_ws/install/ros_msg/lib/python3.8/site-packages/ros_msg
[3.170s] byte-compiling /home/simpson/launch_ws/install/ros_msg/lib/python3.8/site-packages/ros_msg/__init__.py to __init__.cpython-38.pyc
[3.170s] byte-compiling /home/simpson/launch_ws/install/ros_msg/lib/python3.8/site-packages/ros_msg/pub.py to pub.cpython-38.pyc
[3.170s] byte-compiling /home/simpson/launch_ws/install/ros_msg/lib/python3.8/site-packages/ros_msg/sub.py to sub.cpython-38.pyc
[3.170s] running install_data
[3.170s] creating /home/simpson/launch_ws/install/ros_msg/share/ament_index
[3.170s] creating /home/simpson/launch_ws/install/ros_msg/share/ament_index/resource_index
[3.170s] creating /home/simpson/launch_ws/install/ros_msg/share/ament_index/resource_index/packages
[3.171s] copying resource/ros_msg -> /home/simpson/launch_ws/install/ros_msg/share/ament_index/resource_index/packages
[3.171s] copying package.xml -> /home/simpson/launch_ws/install/ros_msg/share/ros_msg
[3.171s] running install_egg_info
[3.171s] Copying ../../build/ros_msg/ros_msg.egg-info to /home/simpson/launch_ws/install/ros_msg/lib/python3.8/site-packages/ros_msg-0.0.0-py3.8.egg-info
[3.171s] running install_scripts
[3.171s] Installing listener script to /home/simpson/launch_ws/install/ros_msg/lib/ros_msg
[3.171s] Installing talker script to /home/simpson/launch_ws/install/ros_msg/lib/ros_msg
[3.171s] writing list of installed files to '/home/simpson/launch_ws/build/ros_msg/install.log'
[3.282s] Invoked command in '/home/simpson/launch_ws/src/ros_msg' returned '0': PYTHONPATH=/home/simpson/launch_ws/build/ros_msg/prefix_override:/usr/lib/python3/dist-packages/colcon_core/task/python/colcon_distutils_commands:/home/simpson/launch_ws/install/ros_msg/lib/python3.8/site-packages: /usr/bin/python3 -W ignore:setup.py install is deprecated setup.py egg_info --egg-base ../../build/ros_msg build --build-base /home/simpson/launch_ws/build/ros_msg/build install --record /home/simpson/launch_ws/build/ros_msg/install.log --single-version-externally-managed install_data
