/home/simpson/launch_ws/install/ros_dd/lib/python3.8/site-packages/ros_dd/arduino_commander.py
/home/simpson/launch_ws/install/ros_dd/lib/python3.8/site-packages/ros_dd/wheel_publisher.py
/home/simpson/launch_ws/install/ros_dd/lib/python3.8/site-packages/ros_dd/__init__.py
/home/simpson/launch_ws/install/ros_dd/lib/python3.8/site-packages/ros_dd/wheel_controller.py
/home/simpson/launch_ws/install/ros_dd/lib/python3.8/site-packages/ros_dd/__pycache__/arduino_commander.cpython-38.pyc
/home/simpson/launch_ws/install/ros_dd/lib/python3.8/site-packages/ros_dd/__pycache__/wheel_publisher.cpython-38.pyc
/home/simpson/launch_ws/install/ros_dd/lib/python3.8/site-packages/ros_dd/__pycache__/__init__.cpython-38.pyc
/home/simpson/launch_ws/install/ros_dd/lib/python3.8/site-packages/ros_dd/__pycache__/wheel_controller.cpython-38.pyc
/home/simpson/launch_ws/install/ros_dd/share/ament_index/resource_index/packages/ros_dd
/home/simpson/launch_ws/install/ros_dd/share/ros_dd/package.xml
/home/simpson/launch_ws/install/ros_dd/share/ros_dd/urdf/ros_dd.urdf
/home/simpson/launch_ws/install/ros_dd/share/ros_dd/launch/rosdd_launch.py
/home/simpson/launch_ws/install/ros_dd/lib/python3.8/site-packages/ros_dd-0.0.0-py3.8.egg-info/dependency_links.txt
/home/simpson/launch_ws/install/ros_dd/lib/python3.8/site-packages/ros_dd-0.0.0-py3.8.egg-info/top_level.txt
/home/simpson/launch_ws/install/ros_dd/lib/python3.8/site-packages/ros_dd-0.0.0-py3.8.egg-info/SOURCES.txt
/home/simpson/launch_ws/install/ros_dd/lib/python3.8/site-packages/ros_dd-0.0.0-py3.8.egg-info/requires.txt
/home/simpson/launch_ws/install/ros_dd/lib/python3.8/site-packages/ros_dd-0.0.0-py3.8.egg-info/entry_points.txt
/home/simpson/launch_ws/install/ros_dd/lib/python3.8/site-packages/ros_dd-0.0.0-py3.8.egg-info/zip-safe
/home/simpson/launch_ws/install/ros_dd/lib/python3.8/site-packages/ros_dd-0.0.0-py3.8.egg-info/PKG-INFO
/home/simpson/launch_ws/install/ros_dd/lib/ros_dd/arduino_commander
/home/simpson/launch_ws/install/ros_dd/lib/ros_dd/wheel_controller
