running egg_info
creating ../../build/lauch_servo/lauch_servo.egg-info
writing ../../build/lauch_servo/lauch_servo.egg-info/PKG-INFO
writing dependency_links to ../../build/lauch_servo/lauch_servo.egg-info/dependency_links.txt
writing entry points to ../../build/lauch_servo/lauch_servo.egg-info/entry_points.txt
writing requirements to ../../build/lauch_servo/lauch_servo.egg-info/requires.txt
writing top-level names to ../../build/lauch_servo/lauch_servo.egg-info/top_level.txt
writing manifest file '../../build/lauch_servo/lauch_servo.egg-info/SOURCES.txt'
reading manifest file '../../build/lauch_servo/lauch_servo.egg-info/SOURCES.txt'
writing manifest file '../../build/lauch_servo/lauch_servo.egg-info/SOURCES.txt'
running build
running build_py
creating /home/simpson/launch_ws/build/lauch_servo/build
creating /home/simpson/launch_ws/build/lauch_servo/build/lib
creating /home/simpson/launch_ws/build/lauch_servo/build/lib/lauch_servo
copying lauch_servo/lauch_servo.py -> /home/simpson/launch_ws/build/lauch_servo/build/lib/lauch_servo
copying lauch_servo/__init__.py -> /home/simpson/launch_ws/build/lauch_servo/build/lib/lauch_servo
running install
running install_lib
creating /home/simpson/launch_ws/install/lauch_servo/lib/python3.8/site-packages/lauch_servo
copying /home/simpson/launch_ws/build/lauch_servo/build/lib/lauch_servo/lauch_servo.py -> /home/simpson/launch_ws/install/lauch_servo/lib/python3.8/site-packages/lauch_servo
copying /home/simpson/launch_ws/build/lauch_servo/build/lib/lauch_servo/__init__.py -> /home/simpson/launch_ws/install/lauch_servo/lib/python3.8/site-packages/lauch_servo
byte-compiling /home/simpson/launch_ws/install/lauch_servo/lib/python3.8/site-packages/lauch_servo/lauch_servo.py to lauch_servo.cpython-38.pyc
byte-compiling /home/simpson/launch_ws/install/lauch_servo/lib/python3.8/site-packages/lauch_servo/__init__.py to __init__.cpython-38.pyc
running install_data
creating /home/simpson/launch_ws/install/lauch_servo/share/ament_index
creating /home/simpson/launch_ws/install/lauch_servo/share/ament_index/resource_index
creating /home/simpson/launch_ws/install/lauch_servo/share/ament_index/resource_index/packages
copying resource/lauch_servo -> /home/simpson/launch_ws/install/lauch_servo/share/ament_index/resource_index/packages
copying package.xml -> /home/simpson/launch_ws/install/lauch_servo/share/lauch_servo
running install_egg_info
Copying ../../build/lauch_servo/lauch_servo.egg-info to /home/simpson/launch_ws/install/lauch_servo/lib/python3.8/site-packages/lauch_servo-0.0.0-py3.8.egg-info
running install_scripts
Installing servo script to /home/simpson/launch_ws/install/lauch_servo/lib/lauch_servo
writing list of installed files to '/home/simpson/launch_ws/build/lauch_servo/install.log'
