[2.666s] Invoking command in '/home/simpson/launch_ws/src/lauch_servo': PYTHONPATH=/home/simpson/launch_ws/build/lauch_servo/prefix_override:/usr/lib/python3/dist-packages/colcon_core/task/python/colcon_distutils_commands:/home/simpson/launch_ws/install/lauch_servo/lib/python3.8/site-packages: /usr/bin/python3 -W ignore:setup.py install is deprecated setup.py egg_info --egg-base ../../build/lauch_servo build --build-base /home/simpson/launch_ws/build/lauch_servo/build install --record /home/simpson/launch_ws/build/lauch_servo/install.log --install-scripts $base/lib/lauch_servo --single-version-externally-managed install_data
[3.013s] running egg_info
[3.015s] creating ../../build/lauch_servo/lauch_servo.egg-info
[3.016s] writing ../../build/lauch_servo/lauch_servo.egg-info/PKG-INFO
[3.016s] writing dependency_links to ../../build/lauch_servo/lauch_servo.egg-info/dependency_links.txt
[3.016s] writing entry points to ../../build/lauch_servo/lauch_servo.egg-info/entry_points.txt
[3.017s] writing requirements to ../../build/lauch_servo/lauch_servo.egg-info/requires.txt
[3.017s] writing top-level names to ../../build/lauch_servo/lauch_servo.egg-info/top_level.txt
[3.019s] writing manifest file '../../build/lauch_servo/lauch_servo.egg-info/SOURCES.txt'
[3.088s] reading manifest file '../../build/lauch_servo/lauch_servo.egg-info/SOURCES.txt'
[3.089s] writing manifest file '../../build/lauch_servo/lauch_servo.egg-info/SOURCES.txt'
[3.089s] running build
[3.090s] running build_py
[3.090s] creating /home/simpson/launch_ws/build/lauch_servo/build
[3.090s] creating /home/simpson/launch_ws/build/lauch_servo/build/lib
[3.090s] creating /home/simpson/launch_ws/build/lauch_servo/build/lib/lauch_servo
[3.090s] copying lauch_servo/lauch_servo.py -> /home/simpson/launch_ws/build/lauch_servo/build/lib/lauch_servo
[3.090s] copying lauch_servo/__init__.py -> /home/simpson/launch_ws/build/lauch_servo/build/lib/lauch_servo
[3.091s] running install
[3.092s] running install_lib
[3.093s] creating /home/simpson/launch_ws/install/lauch_servo/lib/python3.8/site-packages/lauch_servo
[3.094s] copying /home/simpson/launch_ws/build/lauch_servo/build/lib/lauch_servo/lauch_servo.py -> /home/simpson/launch_ws/install/lauch_servo/lib/python3.8/site-packages/lauch_servo
[3.094s] copying /home/simpson/launch_ws/build/lauch_servo/build/lib/lauch_servo/__init__.py -> /home/simpson/launch_ws/install/lauch_servo/lib/python3.8/site-packages/lauch_servo
[3.095s] byte-compiling /home/simpson/launch_ws/install/lauch_servo/lib/python3.8/site-packages/lauch_servo/lauch_servo.py to lauch_servo.cpython-38.pyc
[3.097s] byte-compiling /home/simpson/launch_ws/install/lauch_servo/lib/python3.8/site-packages/lauch_servo/__init__.py to __init__.cpython-38.pyc
[3.098s] running install_data
[3.098s] creating /home/simpson/launch_ws/install/lauch_servo/share/ament_index
[3.099s] creating /home/simpson/launch_ws/install/lauch_servo/share/ament_index/resource_index
[3.099s] creating /home/simpson/launch_ws/install/lauch_servo/share/ament_index/resource_index/packages
[3.099s] copying resource/lauch_servo -> /home/simpson/launch_ws/install/lauch_servo/share/ament_index/resource_index/packages
[3.099s] copying package.xml -> /home/simpson/launch_ws/install/lauch_servo/share/lauch_servo
[3.099s] running install_egg_info
[3.102s] Copying ../../build/lauch_servo/lauch_servo.egg-info to /home/simpson/launch_ws/install/lauch_servo/lib/python3.8/site-packages/lauch_servo-0.0.0-py3.8.egg-info
[3.103s] running install_scripts
[3.147s] Installing servo script to /home/simpson/launch_ws/install/lauch_servo/lib/lauch_servo
[3.148s] writing list of installed files to '/home/simpson/launch_ws/build/lauch_servo/install.log'
[3.308s] Invoked command in '/home/simpson/launch_ws/src/lauch_servo' returned '0': PYTHONPATH=/home/simpson/launch_ws/build/lauch_servo/prefix_override:/usr/lib/python3/dist-packages/colcon_core/task/python/colcon_distutils_commands:/home/simpson/launch_ws/install/lauch_servo/lib/python3.8/site-packages: /usr/bin/python3 -W ignore:setup.py install is deprecated setup.py egg_info --egg-base ../../build/lauch_servo build --build-base /home/simpson/launch_ws/build/lauch_servo/build install --record /home/simpson/launch_ws/build/lauch_servo/install.log --install-scripts $base/lib/lauch_servo --single-version-externally-managed install_data
