[0.015s] Invoking command in '/home/simpson/turtlebot3_ws/build/turtlebot3_bringup': AMENT_PREFIX_PATH=/home/simpson/turtlebot3_ws/install/turtlebot3_node:/home/simpson/turtlebot3_ws/install/turtlebot3_msgs:/home/simpson/turtlebot3_ws/install/turtlebot3_description:/home/simpson/turtlebot3_ws/install/dynamixel_sdk:${AMENT_PREFIX_PATH} CMAKE_PREFIX_PATH=/home/simpson/turtlebot3_ws/install/turtlebot3_node:/home/simpson/turtlebot3_ws/install/turtlebot3_msgs:/home/simpson/turtlebot3_ws/install/turtlebot3_description:/home/simpson/turtlebot3_ws/install/dynamixel_sdk:/opt/ros/foxy LD_LIBRARY_PATH=/home/simpson/turtlebot3_ws/install/turtlebot3_msgs/lib:/home/simpson/turtlebot3_ws/install/dynamixel_sdk/lib:${LD_LIBRARY_PATH} PYTHONPATH=/home/simpson/turtlebot3_ws/install/turtlebot3_msgs/lib/python3.8/site-packages:${PYTHONPATH} /usr/bin/cmake /home/simpson/turtlebot3_ws/src/turtlebot3/turtlebot3_bringup -DCMAKE_INSTALL_PREFIX=/home/simpson/turtlebot3_ws/install/turtlebot3_bringup
[0.073s] -- The C compiler identification is GNU 9.4.0
[0.127s] -- The CXX compiler identification is GNU 9.4.0
[0.131s] -- Check for working C compiler: /usr/bin/cc
[0.202s] -- Check for working C compiler: /usr/bin/cc -- works
[0.203s] -- Detecting C compiler ABI info
[0.276s] -- Detecting C compiler ABI info - done
[0.288s] -- Detecting C compile features
[0.288s] -- Detecting C compile features - done
[0.291s] -- Check for working CXX compiler: /usr/bin/c++
[0.371s] -- Check for working CXX compiler: /usr/bin/c++ -- works
[0.372s] -- Detecting CXX compiler ABI info
[0.453s] -- Detecting CXX compiler ABI info - done
[0.465s] -- Detecting CXX compile features
[0.465s] -- Detecting CXX compile features - done
[0.468s] -- Found ament_cmake: 0.9.12 (/opt/ros/foxy/share/ament_cmake/cmake)
[0.492s] -- Found PythonInterp: /usr/bin/python3 (found suitable version "3.8.10", minimum required is "3") 
[0.492s] -- Using PYTHON_EXECUTABLE: /usr/bin/python3
[0.736s] -- Configuring done
[0.738s] -- Generating done
[0.738s] -- Build files have been written to: /home/simpson/turtlebot3_ws/build/turtlebot3_bringup
[0.742s] Invoked command in '/home/simpson/turtlebot3_ws/build/turtlebot3_bringup' returned '0': AMENT_PREFIX_PATH=/home/simpson/turtlebot3_ws/install/turtlebot3_node:/home/simpson/turtlebot3_ws/install/turtlebot3_msgs:/home/simpson/turtlebot3_ws/install/turtlebot3_description:/home/simpson/turtlebot3_ws/install/dynamixel_sdk:${AMENT_PREFIX_PATH} CMAKE_PREFIX_PATH=/home/simpson/turtlebot3_ws/install/turtlebot3_node:/home/simpson/turtlebot3_ws/install/turtlebot3_msgs:/home/simpson/turtlebot3_ws/install/turtlebot3_description:/home/simpson/turtlebot3_ws/install/dynamixel_sdk:/opt/ros/foxy LD_LIBRARY_PATH=/home/simpson/turtlebot3_ws/install/turtlebot3_msgs/lib:/home/simpson/turtlebot3_ws/install/dynamixel_sdk/lib:${LD_LIBRARY_PATH} PYTHONPATH=/home/simpson/turtlebot3_ws/install/turtlebot3_msgs/lib/python3.8/site-packages:${PYTHONPATH} /usr/bin/cmake /home/simpson/turtlebot3_ws/src/turtlebot3/turtlebot3_bringup -DCMAKE_INSTALL_PREFIX=/home/simpson/turtlebot3_ws/install/turtlebot3_bringup
[0.745s] Invoking command in '/home/simpson/turtlebot3_ws/build/turtlebot3_bringup': AMENT_PREFIX_PATH=/home/simpson/turtlebot3_ws/install/turtlebot3_node:/home/simpson/turtlebot3_ws/install/turtlebot3_msgs:/home/simpson/turtlebot3_ws/install/turtlebot3_description:/home/simpson/turtlebot3_ws/install/dynamixel_sdk:${AMENT_PREFIX_PATH} CMAKE_PREFIX_PATH=/home/simpson/turtlebot3_ws/install/turtlebot3_node:/home/simpson/turtlebot3_ws/install/turtlebot3_msgs:/home/simpson/turtlebot3_ws/install/turtlebot3_description:/home/simpson/turtlebot3_ws/install/dynamixel_sdk:/opt/ros/foxy LD_LIBRARY_PATH=/home/simpson/turtlebot3_ws/install/turtlebot3_msgs/lib:/home/simpson/turtlebot3_ws/install/dynamixel_sdk/lib:${LD_LIBRARY_PATH} PYTHONPATH=/home/simpson/turtlebot3_ws/install/turtlebot3_msgs/lib/python3.8/site-packages:${PYTHONPATH} /usr/bin/cmake --build /home/simpson/turtlebot3_ws/build/turtlebot3_bringup -- -j8 -l8
[0.787s] Invoked command in '/home/simpson/turtlebot3_ws/build/turtlebot3_bringup' returned '0': AMENT_PREFIX_PATH=/home/simpson/turtlebot3_ws/install/turtlebot3_node:/home/simpson/turtlebot3_ws/install/turtlebot3_msgs:/home/simpson/turtlebot3_ws/install/turtlebot3_description:/home/simpson/turtlebot3_ws/install/dynamixel_sdk:${AMENT_PREFIX_PATH} CMAKE_PREFIX_PATH=/home/simpson/turtlebot3_ws/install/turtlebot3_node:/home/simpson/turtlebot3_ws/install/turtlebot3_msgs:/home/simpson/turtlebot3_ws/install/turtlebot3_description:/home/simpson/turtlebot3_ws/install/dynamixel_sdk:/opt/ros/foxy LD_LIBRARY_PATH=/home/simpson/turtlebot3_ws/install/turtlebot3_msgs/lib:/home/simpson/turtlebot3_ws/install/dynamixel_sdk/lib:${LD_LIBRARY_PATH} PYTHONPATH=/home/simpson/turtlebot3_ws/install/turtlebot3_msgs/lib/python3.8/site-packages:${PYTHONPATH} /usr/bin/cmake --build /home/simpson/turtlebot3_ws/build/turtlebot3_bringup -- -j8 -l8
[0.812s] Invoking command in '/home/simpson/turtlebot3_ws/build/turtlebot3_bringup': AMENT_PREFIX_PATH=/home/simpson/turtlebot3_ws/install/turtlebot3_node:/home/simpson/turtlebot3_ws/install/turtlebot3_msgs:/home/simpson/turtlebot3_ws/install/turtlebot3_description:/home/simpson/turtlebot3_ws/install/dynamixel_sdk:${AMENT_PREFIX_PATH} CMAKE_PREFIX_PATH=/home/simpson/turtlebot3_ws/install/turtlebot3_node:/home/simpson/turtlebot3_ws/install/turtlebot3_msgs:/home/simpson/turtlebot3_ws/install/turtlebot3_description:/home/simpson/turtlebot3_ws/install/dynamixel_sdk:/opt/ros/foxy LD_LIBRARY_PATH=/home/simpson/turtlebot3_ws/install/turtlebot3_msgs/lib:/home/simpson/turtlebot3_ws/install/dynamixel_sdk/lib:${LD_LIBRARY_PATH} PYTHONPATH=/home/simpson/turtlebot3_ws/install/turtlebot3_msgs/lib/python3.8/site-packages:${PYTHONPATH} /usr/bin/cmake --install /home/simpson/turtlebot3_ws/build/turtlebot3_bringup
[0.821s] -- Install configuration: ""
[0.821s] -- Installing: /home/simpson/turtlebot3_ws/install/turtlebot3_bringup/share/turtlebot3_bringup/launch
[0.821s] -- Installing: /home/simpson/turtlebot3_ws/install/turtlebot3_bringup/share/turtlebot3_bringup/launch/turtlebot3_state_publisher.launch.py
[0.822s] -- Installing: /home/simpson/turtlebot3_ws/install/turtlebot3_bringup/share/turtlebot3_bringup/launch/rviz2.launch.py
[0.822s] -- Installing: /home/simpson/turtlebot3_ws/install/turtlebot3_bringup/share/turtlebot3_bringup/launch/robot.launch.py
[0.822s] -- Installing: /home/simpson/turtlebot3_ws/install/turtlebot3_bringup/share/turtlebot3_bringup/param
[0.822s] -- Installing: /home/simpson/turtlebot3_ws/install/turtlebot3_bringup/share/turtlebot3_bringup/param/waffle_pi.yaml
[0.822s] -- Installing: /home/simpson/turtlebot3_ws/install/turtlebot3_bringup/share/turtlebot3_bringup/param/burger.yaml
[0.822s] -- Installing: /home/simpson/turtlebot3_ws/install/turtlebot3_bringup/share/turtlebot3_bringup/param/waffle.yaml
[0.823s] -- Installing: /home/simpson/turtlebot3_ws/install/turtlebot3_bringup/share/turtlebot3_bringup/script
[0.823s] -- Installing: /home/simpson/turtlebot3_ws/install/turtlebot3_bringup/share/turtlebot3_bringup/script/99-turtlebot3-cdc.rules
[0.823s] -- Installing: /home/simpson/turtlebot3_ws/install/turtlebot3_bringup/share/turtlebot3_bringup/script/create_udev_rules
[0.823s] -- Installing: /home/simpson/turtlebot3_ws/install/turtlebot3_bringup/share/ament_index/resource_index/package_run_dependencies/turtlebot3_bringup
[0.823s] -- Installing: /home/simpson/turtlebot3_ws/install/turtlebot3_bringup/share/ament_index/resource_index/parent_prefix_path/turtlebot3_bringup
[0.824s] -- Installing: /home/simpson/turtlebot3_ws/install/turtlebot3_bringup/share/turtlebot3_bringup/environment/ament_prefix_path.sh
[0.824s] -- Installing: /home/simpson/turtlebot3_ws/install/turtlebot3_bringup/share/turtlebot3_bringup/environment/ament_prefix_path.dsv
[0.824s] -- Installing: /home/simpson/turtlebot3_ws/install/turtlebot3_bringup/share/turtlebot3_bringup/environment/path.sh
[0.824s] -- Installing: /home/simpson/turtlebot3_ws/install/turtlebot3_bringup/share/turtlebot3_bringup/environment/path.dsv
[0.824s] -- Installing: /home/simpson/turtlebot3_ws/install/turtlebot3_bringup/share/turtlebot3_bringup/local_setup.bash
[0.824s] -- Installing: /home/simpson/turtlebot3_ws/install/turtlebot3_bringup/share/turtlebot3_bringup/local_setup.sh
[0.825s] -- Installing: /home/simpson/turtlebot3_ws/install/turtlebot3_bringup/share/turtlebot3_bringup/local_setup.zsh
[0.825s] -- Installing: /home/simpson/turtlebot3_ws/install/turtlebot3_bringup/share/turtlebot3_bringup/local_setup.dsv
[0.825s] -- Installing: /home/simpson/turtlebot3_ws/install/turtlebot3_bringup/share/turtlebot3_bringup/package.dsv
[0.825s] -- Installing: /home/simpson/turtlebot3_ws/install/turtlebot3_bringup/share/ament_index/resource_index/packages/turtlebot3_bringup
[0.825s] -- Installing: /home/simpson/turtlebot3_ws/install/turtlebot3_bringup/share/turtlebot3_bringup/cmake/turtlebot3_bringupConfig.cmake
[0.825s] -- Installing: /home/simpson/turtlebot3_ws/install/turtlebot3_bringup/share/turtlebot3_bringup/cmake/turtlebot3_bringupConfig-version.cmake
[0.825s] -- Installing: /home/simpson/turtlebot3_ws/install/turtlebot3_bringup/share/turtlebot3_bringup/package.xml
[0.827s] Invoked command in '/home/simpson/turtlebot3_ws/build/turtlebot3_bringup' returned '0': AMENT_PREFIX_PATH=/home/simpson/turtlebot3_ws/install/turtlebot3_node:/home/simpson/turtlebot3_ws/install/turtlebot3_msgs:/home/simpson/turtlebot3_ws/install/turtlebot3_description:/home/simpson/turtlebot3_ws/install/dynamixel_sdk:${AMENT_PREFIX_PATH} CMAKE_PREFIX_PATH=/home/simpson/turtlebot3_ws/install/turtlebot3_node:/home/simpson/turtlebot3_ws/install/turtlebot3_msgs:/home/simpson/turtlebot3_ws/install/turtlebot3_description:/home/simpson/turtlebot3_ws/install/dynamixel_sdk:/opt/ros/foxy LD_LIBRARY_PATH=/home/simpson/turtlebot3_ws/install/turtlebot3_msgs/lib:/home/simpson/turtlebot3_ws/install/dynamixel_sdk/lib:${LD_LIBRARY_PATH} PYTHONPATH=/home/simpson/turtlebot3_ws/install/turtlebot3_msgs/lib/python3.8/site-packages:${PYTHONPATH} /usr/bin/cmake --install /home/simpson/turtlebot3_ws/build/turtlebot3_bringup
