[1.092s] Invoking command in '/home/simpson/launch_ws/src/ros_wheel_controller': PYTHONPATH=/home/simpson/launch_ws/build/ros_wheel_controller/prefix_override:/usr/lib/python3/dist-packages/colcon_core/task/python/colcon_distutils_commands:/home/simpson/launch_ws/install/ros_wheel_controller/lib/python3.8/site-packages:${PYTHONPATH} /usr/bin/python3 -W ignore:setup.py install is deprecated setup.py egg_info --egg-base ../../build/ros_wheel_controller build --build-base /home/simpson/launch_ws/build/ros_wheel_controller/build install --record /home/simpson/launch_ws/build/ros_wheel_controller/install.log --install-scripts $base/lib/ros_wheel_controller --single-version-externally-managed install_data
[1.316s] running egg_info
[1.316s] writing ../../build/ros_wheel_controller/ros_wheel_controller.egg-info/PKG-INFO
[1.316s] writing dependency_links to ../../build/ros_wheel_controller/ros_wheel_controller.egg-info/dependency_links.txt
[1.317s] writing entry points to ../../build/ros_wheel_controller/ros_wheel_controller.egg-info/entry_points.txt
[1.317s] writing requirements to ../../build/ros_wheel_controller/ros_wheel_controller.egg-info/requires.txt
[1.317s] writing top-level names to ../../build/ros_wheel_controller/ros_wheel_controller.egg-info/top_level.txt
[1.354s] reading manifest file '../../build/ros_wheel_controller/ros_wheel_controller.egg-info/SOURCES.txt'
[1.355s] writing manifest file '../../build/ros_wheel_controller/ros_wheel_controller.egg-info/SOURCES.txt'
[1.355s] running build
[1.355s] running build_py
[1.355s] running install
[1.356s] running install_lib
[1.357s] running install_data
[1.357s] running install_egg_info
[1.359s] removing '/home/simpson/launch_ws/install/ros_wheel_controller/lib/python3.8/site-packages/ros_wheel_controller-0.0.0-py3.8.egg-info' (and everything under it)
[1.359s] Copying ../../build/ros_wheel_controller/ros_wheel_controller.egg-info to /home/simpson/launch_ws/install/ros_wheel_controller/lib/python3.8/site-packages/ros_wheel_controller-0.0.0-py3.8.egg-info
[1.360s] running install_scripts
[1.377s] writing list of installed files to '/home/simpson/launch_ws/build/ros_wheel_controller/install.log'
[1.410s] Invoked command in '/home/simpson/launch_ws/src/ros_wheel_controller' returned '0': PYTHONPATH=/home/simpson/launch_ws/build/ros_wheel_controller/prefix_override:/usr/lib/python3/dist-packages/colcon_core/task/python/colcon_distutils_commands:/home/simpson/launch_ws/install/ros_wheel_controller/lib/python3.8/site-packages:${PYTHONPATH} /usr/bin/python3 -W ignore:setup.py install is deprecated setup.py egg_info --egg-base ../../build/ros_wheel_controller build --build-base /home/simpson/launch_ws/build/ros_wheel_controller/build install --record /home/simpson/launch_ws/build/ros_wheel_controller/install.log --install-scripts $base/lib/ros_wheel_controller --single-version-externally-managed install_data
