[2.940s] Invoking command in '/home/simpson/launch_ws/src/ros_good': PYTHONPATH=/home/simpson/launch_ws/build/ros_good/prefix_override:/usr/lib/python3/dist-packages/colcon_core/task/python/colcon_distutils_commands:/home/simpson/launch_ws/install/ros_good/lib/python3.8/site-packages:${PYTHONPATH} /usr/bin/python3 -W ignore:setup.py install is deprecated setup.py egg_info --egg-base ../../build/ros_good build --build-base /home/simpson/launch_ws/build/ros_good/build install --record /home/simpson/launch_ws/build/ros_good/install.log --single-version-externally-managed install_data
[3.385s] running egg_info
[3.387s] writing ../../build/ros_good/ros_good.egg-info/PKG-INFO
[3.388s] writing dependency_links to ../../build/ros_good/ros_good.egg-info/dependency_links.txt
[3.390s] writing entry points to ../../build/ros_good/ros_good.egg-info/entry_points.txt
[3.401s] writing requirements to ../../build/ros_good/ros_good.egg-info/requires.txt
[3.401s] writing top-level names to ../../build/ros_good/ros_good.egg-info/top_level.txt
[3.492s] reading manifest file '../../build/ros_good/ros_good.egg-info/SOURCES.txt'
[3.494s] writing manifest file '../../build/ros_good/ros_good.egg-info/SOURCES.txt'
[3.494s] running build
[3.494s] running build_py
[3.494s] running install
[3.495s] running install_lib
[3.499s] running install_data
[3.499s] running install_egg_info
[3.502s] removing '/home/simpson/launch_ws/install/ros_good/lib/python3.8/site-packages/ros_good-0.0.0-py3.8.egg-info' (and everything under it)
[3.503s] Copying ../../build/ros_good/ros_good.egg-info to /home/simpson/launch_ws/install/ros_good/lib/python3.8/site-packages/ros_good-0.0.0-py3.8.egg-info
[3.509s] running install_scripts
[3.564s] Installing cam_cli script to /home/simpson/launch_ws/install/ros_good/lib/ros_good
[3.565s] Installing cam_ser script to /home/simpson/launch_ws/install/ros_good/lib/ros_good
[3.567s] writing list of installed files to '/home/simpson/launch_ws/build/ros_good/install.log'
[3.928s] Invoked command in '/home/simpson/launch_ws/src/ros_good' returned '0': PYTHONPATH=/home/simpson/launch_ws/build/ros_good/prefix_override:/usr/lib/python3/dist-packages/colcon_core/task/python/colcon_distutils_commands:/home/simpson/launch_ws/install/ros_good/lib/python3.8/site-packages:${PYTHONPATH} /usr/bin/python3 -W ignore:setup.py install is deprecated setup.py egg_info --egg-base ../../build/ros_good build --build-base /home/simpson/launch_ws/build/ros_good/build install --record /home/simpson/launch_ws/build/ros_good/install.log --single-version-externally-managed install_data
