[0.052s] Invoking command in '/home/simpson/turtlebot3_ws/build/turtlebot3_description': CMAKE_PREFIX_PATH=/opt/ros/foxy /usr/bin/cmake /home/simpson/turtlebot3_ws/src/turtlebot3/turtlebot3_description -DCMAKE_INSTALL_PREFIX=/home/simpson/turtlebot3_ws/install/turtlebot3_description
[0.456s] -- The C compiler identification is GNU 9.4.0
[0.457s] -- The CXX compiler identification is GNU 9.4.0
[0.457s] -- Check for working C compiler: /usr/bin/cc
[0.502s] -- Check for working C compiler: /usr/bin/cc -- works
[0.503s] -- Detecting C compiler ABI info
[0.627s] -- Detecting C compiler ABI info - done
[0.650s] -- Detecting C compile features
[0.651s] -- Detecting C compile features - done
[0.655s] -- Check for working CXX compiler: /usr/bin/c++
[0.792s] -- Check for working CXX compiler: /usr/bin/c++ -- works
[0.794s] -- Detecting CXX compiler ABI info
[0.931s] -- Detecting CXX compiler ABI info - done
[0.957s] -- Detecting CXX compile features
[0.957s] -- Detecting CXX compile features - done
[0.961s] -- Found ament_cmake: 0.9.12 (/opt/ros/foxy/share/ament_cmake/cmake)
[1.003s] -- Found PythonInterp: /usr/bin/python3 (found suitable version "3.8.10", minimum required is "3") 
[1.003s] -- Using PYTHON_EXECUTABLE: /usr/bin/python3
[1.363s] -- Found urdf: 2.4.0 (/opt/ros/foxy/share/urdf/cmake)
[1.525s] -- Configuring done
[1.528s] -- Generating done
[1.530s] -- Build files have been written to: /home/simpson/turtlebot3_ws/build/turtlebot3_description
[1.544s] Invoked command in '/home/simpson/turtlebot3_ws/build/turtlebot3_description' returned '0': CMAKE_PREFIX_PATH=/opt/ros/foxy /usr/bin/cmake /home/simpson/turtlebot3_ws/src/turtlebot3/turtlebot3_description -DCMAKE_INSTALL_PREFIX=/home/simpson/turtlebot3_ws/install/turtlebot3_description
[1.545s] Invoking command in '/home/simpson/turtlebot3_ws/build/turtlebot3_description': CMAKE_PREFIX_PATH=/opt/ros/foxy /usr/bin/cmake --build /home/simpson/turtlebot3_ws/build/turtlebot3_description -- -j8 -l8
[1.648s] Invoked command in '/home/simpson/turtlebot3_ws/build/turtlebot3_description' returned '0': CMAKE_PREFIX_PATH=/opt/ros/foxy /usr/bin/cmake --build /home/simpson/turtlebot3_ws/build/turtlebot3_description -- -j8 -l8
[1.897s] Invoking command in '/home/simpson/turtlebot3_ws/build/turtlebot3_description': CMAKE_PREFIX_PATH=/opt/ros/foxy /usr/bin/cmake --install /home/simpson/turtlebot3_ws/build/turtlebot3_description
[1.951s] -- Install configuration: ""
[1.952s] -- Installing: /home/simpson/turtlebot3_ws/install/turtlebot3_description/share/turtlebot3_description/meshes
[1.954s] -- Installing: /home/simpson/turtlebot3_ws/install/turtlebot3_description/share/turtlebot3_description/meshes/wheels
[1.955s] -- Installing: /home/simpson/turtlebot3_ws/install/turtlebot3_description/share/turtlebot3_description/meshes/wheels/left_tire.stl
[1.962s] -- Installing: /home/simpson/turtlebot3_ws/install/turtlebot3_description/share/turtlebot3_description/meshes/wheels/right_tire.stl
[1.977s] -- Installing: /home/simpson/turtlebot3_ws/install/turtlebot3_description/share/turtlebot3_description/meshes/bases
[1.978s] -- Installing: /home/simpson/turtlebot3_ws/install/turtlebot3_description/share/turtlebot3_description/meshes/bases/burger_base.stl
[1.999s] -- Installing: /home/simpson/turtlebot3_ws/install/turtlebot3_description/share/turtlebot3_description/meshes/bases/waffle_base.stl
[2.035s] -- Installing: /home/simpson/turtlebot3_ws/install/turtlebot3_description/share/turtlebot3_description/meshes/bases/waffle_pi_base.stl
[2.052s] -- Installing: /home/simpson/turtlebot3_ws/install/turtlebot3_description/share/turtlebot3_description/meshes/sensors
[2.053s] -- Installing: /home/simpson/turtlebot3_ws/install/turtlebot3_description/share/turtlebot3_description/meshes/sensors/astra.dae
[2.074s] -- Installing: /home/simpson/turtlebot3_ws/install/turtlebot3_description/share/turtlebot3_description/meshes/sensors/astra.jpg
[2.075s] -- Installing: /home/simpson/turtlebot3_ws/install/turtlebot3_description/share/turtlebot3_description/meshes/sensors/lds.stl
[2.077s] -- Installing: /home/simpson/turtlebot3_ws/install/turtlebot3_description/share/turtlebot3_description/meshes/sensors/r200.jpg
[2.078s] -- Installing: /home/simpson/turtlebot3_ws/install/turtlebot3_description/share/turtlebot3_description/meshes/sensors/r200.dae
[2.079s] -- Installing: /home/simpson/turtlebot3_ws/install/turtlebot3_description/share/turtlebot3_description/rviz
[2.080s] -- Installing: /home/simpson/turtlebot3_ws/install/turtlebot3_description/share/turtlebot3_description/rviz/model.rviz
[2.081s] -- Installing: /home/simpson/turtlebot3_ws/install/turtlebot3_description/share/turtlebot3_description/urdf
[2.081s] -- Installing: /home/simpson/turtlebot3_ws/install/turtlebot3_description/share/turtlebot3_description/urdf/turtlebot3_burger.urdf
[2.082s] -- Installing: /home/simpson/turtlebot3_ws/install/turtlebot3_description/share/turtlebot3_description/urdf/turtlebot3_waffle.urdf
[2.082s] -- Installing: /home/simpson/turtlebot3_ws/install/turtlebot3_description/share/turtlebot3_description/urdf/turtlebot3_waffle_pi.urdf
[2.083s] -- Installing: /home/simpson/turtlebot3_ws/install/turtlebot3_description/share/turtlebot3_description/urdf/common_properties.urdf
[2.084s] -- Installing: /home/simpson/turtlebot3_ws/install/turtlebot3_description/share/ament_index/resource_index/package_run_dependencies/turtlebot3_description
[2.084s] -- Installing: /home/simpson/turtlebot3_ws/install/turtlebot3_description/share/ament_index/resource_index/parent_prefix_path/turtlebot3_description
[2.085s] -- Installing: /home/simpson/turtlebot3_ws/install/turtlebot3_description/share/turtlebot3_description/environment/ament_prefix_path.sh
[2.085s] -- Installing: /home/simpson/turtlebot3_ws/install/turtlebot3_description/share/turtlebot3_description/environment/ament_prefix_path.dsv
[2.091s] -- Installing: /home/simpson/turtlebot3_ws/install/turtlebot3_description/share/turtlebot3_description/environment/path.sh
[2.092s] -- Installing: /home/simpson/turtlebot3_ws/install/turtlebot3_description/share/turtlebot3_description/environment/path.dsv
[2.092s] -- Installing: /home/simpson/turtlebot3_ws/install/turtlebot3_description/share/turtlebot3_description/local_setup.bash
[2.093s] -- Installing: /home/simpson/turtlebot3_ws/install/turtlebot3_description/share/turtlebot3_description/local_setup.sh
[2.093s] -- Installing: /home/simpson/turtlebot3_ws/install/turtlebot3_description/share/turtlebot3_description/local_setup.zsh
[2.094s] -- Installing: /home/simpson/turtlebot3_ws/install/turtlebot3_description/share/turtlebot3_description/local_setup.dsv
[2.094s] -- Installing: /home/simpson/turtlebot3_ws/install/turtlebot3_description/share/turtlebot3_description/package.dsv
[2.094s] -- Installing: /home/simpson/turtlebot3_ws/install/turtlebot3_description/share/ament_index/resource_index/packages/turtlebot3_description
[2.094s] -- Installing: /home/simpson/turtlebot3_ws/install/turtlebot3_description/share/turtlebot3_description/cmake/turtlebot3_descriptionConfig.cmake
[2.094s] -- Installing: /home/simpson/turtlebot3_ws/install/turtlebot3_description/share/turtlebot3_description/cmake/turtlebot3_descriptionConfig-version.cmake
[2.095s] -- Installing: /home/simpson/turtlebot3_ws/install/turtlebot3_description/share/turtlebot3_description/package.xml
[2.100s] Invoked command in '/home/simpson/turtlebot3_ws/build/turtlebot3_description' returned '0': CMAKE_PREFIX_PATH=/opt/ros/foxy /usr/bin/cmake --install /home/simpson/turtlebot3_ws/build/turtlebot3_description
