[0.047s] Invoking command in '/home/simpson/turtlebot3_ws/build/turtlebot3_cartographer': CMAKE_PREFIX_PATH=/opt/ros/foxy /usr/bin/cmake /home/simpson/turtlebot3_ws/src/turtlebot3/turtlebot3_cartographer -DCMAKE_INSTALL_PREFIX=/home/simpson/turtlebot3_ws/install/turtlebot3_cartographer
[0.443s] -- The C compiler identification is GNU 9.4.0
[0.443s] -- The CXX compiler identification is GNU 9.4.0
[0.443s] -- Check for working C compiler: /usr/bin/cc
[0.480s] -- Check for working C compiler: /usr/bin/cc -- works
[0.482s] -- Detecting C compiler ABI info
[0.609s] -- Detecting C compiler ABI info - done
[0.632s] -- Detecting C compile features
[0.633s] -- Detecting C compile features - done
[0.636s] -- Check for working CXX compiler: /usr/bin/c++
[0.780s] -- Check for working CXX compiler: /usr/bin/c++ -- works
[0.782s] -- Detecting CXX compiler ABI info
[0.925s] -- Detecting CXX compiler ABI info - done
[0.946s] -- Detecting CXX compile features
[0.947s] -- Detecting CXX compile features - done
[0.952s] -- Found ament_cmake: 0.9.12 (/opt/ros/foxy/share/ament_cmake/cmake)
[0.997s] -- Found PythonInterp: /usr/bin/python3 (found suitable version "3.8.10", minimum required is "3") 
[0.997s] -- Using PYTHON_EXECUTABLE: /usr/bin/python3
[1.467s] -- Configuring done
[1.470s] -- Generating done
[1.472s] -- Build files have been written to: /home/simpson/turtlebot3_ws/build/turtlebot3_cartographer
[1.482s] Invoked command in '/home/simpson/turtlebot3_ws/build/turtlebot3_cartographer' returned '0': CMAKE_PREFIX_PATH=/opt/ros/foxy /usr/bin/cmake /home/simpson/turtlebot3_ws/src/turtlebot3/turtlebot3_cartographer -DCMAKE_INSTALL_PREFIX=/home/simpson/turtlebot3_ws/install/turtlebot3_cartographer
[1.484s] Invoking command in '/home/simpson/turtlebot3_ws/build/turtlebot3_cartographer': CMAKE_PREFIX_PATH=/opt/ros/foxy /usr/bin/cmake --build /home/simpson/turtlebot3_ws/build/turtlebot3_cartographer -- -j8 -l8
[1.558s] Invoked command in '/home/simpson/turtlebot3_ws/build/turtlebot3_cartographer' returned '0': CMAKE_PREFIX_PATH=/opt/ros/foxy /usr/bin/cmake --build /home/simpson/turtlebot3_ws/build/turtlebot3_cartographer -- -j8 -l8
[1.767s] Invoking command in '/home/simpson/turtlebot3_ws/build/turtlebot3_cartographer': CMAKE_PREFIX_PATH=/opt/ros/foxy /usr/bin/cmake --install /home/simpson/turtlebot3_ws/build/turtlebot3_cartographer
[1.798s] -- Install configuration: ""
[1.798s] -- Installing: /home/simpson/turtlebot3_ws/install/turtlebot3_cartographer/share/turtlebot3_cartographer/config
[1.799s] -- Installing: /home/simpson/turtlebot3_ws/install/turtlebot3_cartographer/share/turtlebot3_cartographer/config/turtlebot3_lds_2d.lua
[1.799s] -- Installing: /home/simpson/turtlebot3_ws/install/turtlebot3_cartographer/share/turtlebot3_cartographer/launch
[1.799s] -- Installing: /home/simpson/turtlebot3_ws/install/turtlebot3_cartographer/share/turtlebot3_cartographer/launch/occupancy_grid.launch.py
[1.800s] -- Installing: /home/simpson/turtlebot3_ws/install/turtlebot3_cartographer/share/turtlebot3_cartographer/launch/cartographer.launch.py
[1.800s] -- Installing: /home/simpson/turtlebot3_ws/install/turtlebot3_cartographer/share/turtlebot3_cartographer/rviz
[1.801s] -- Installing: /home/simpson/turtlebot3_ws/install/turtlebot3_cartographer/share/turtlebot3_cartographer/rviz/tb3_cartographer.rviz
[1.801s] -- Installing: /home/simpson/turtlebot3_ws/install/turtlebot3_cartographer/share/ament_index/resource_index/package_run_dependencies/turtlebot3_cartographer
[1.802s] -- Installing: /home/simpson/turtlebot3_ws/install/turtlebot3_cartographer/share/ament_index/resource_index/parent_prefix_path/turtlebot3_cartographer
[1.802s] -- Installing: /home/simpson/turtlebot3_ws/install/turtlebot3_cartographer/share/turtlebot3_cartographer/environment/ament_prefix_path.sh
[1.802s] -- Installing: /home/simpson/turtlebot3_ws/install/turtlebot3_cartographer/share/turtlebot3_cartographer/environment/ament_prefix_path.dsv
[1.802s] -- Installing: /home/simpson/turtlebot3_ws/install/turtlebot3_cartographer/share/turtlebot3_cartographer/environment/path.sh
[1.803s] -- Installing: /home/simpson/turtlebot3_ws/install/turtlebot3_cartographer/share/turtlebot3_cartographer/environment/path.dsv
[1.803s] -- Installing: /home/simpson/turtlebot3_ws/install/turtlebot3_cartographer/share/turtlebot3_cartographer/local_setup.bash
[1.803s] -- Installing: /home/simpson/turtlebot3_ws/install/turtlebot3_cartographer/share/turtlebot3_cartographer/local_setup.sh
[1.803s] -- Installing: /home/simpson/turtlebot3_ws/install/turtlebot3_cartographer/share/turtlebot3_cartographer/local_setup.zsh
[1.804s] -- Installing: /home/simpson/turtlebot3_ws/install/turtlebot3_cartographer/share/turtlebot3_cartographer/local_setup.dsv
[1.804s] -- Installing: /home/simpson/turtlebot3_ws/install/turtlebot3_cartographer/share/turtlebot3_cartographer/package.dsv
[1.805s] -- Installing: /home/simpson/turtlebot3_ws/install/turtlebot3_cartographer/share/ament_index/resource_index/packages/turtlebot3_cartographer
[1.806s] -- Installing: /home/simpson/turtlebot3_ws/install/turtlebot3_cartographer/share/turtlebot3_cartographer/cmake/turtlebot3_cartographerConfig.cmake
[1.806s] -- Installing: /home/simpson/turtlebot3_ws/install/turtlebot3_cartographer/share/turtlebot3_cartographer/cmake/turtlebot3_cartographerConfig-version.cmake
[1.806s] -- Installing: /home/simpson/turtlebot3_ws/install/turtlebot3_cartographer/share/turtlebot3_cartographer/package.xml
[1.816s] Invoked command in '/home/simpson/turtlebot3_ws/build/turtlebot3_cartographer' returned '0': CMAKE_PREFIX_PATH=/opt/ros/foxy /usr/bin/cmake --install /home/simpson/turtlebot3_ws/build/turtlebot3_cartographer
