[2.675s] Invoking command in '/home/simpson/launch_ws/src/ros_dd': PYTHONPATH=/home/simpson/launch_ws/build/ros_dd/prefix_override:/usr/lib/python3/dist-packages/colcon_core/task/python/colcon_distutils_commands:/home/simpson/launch_ws/install/ros_dd/lib/python3.8/site-packages:${PYTHONPATH} /usr/bin/python3 -W ignore:setup.py install is deprecated setup.py egg_info --egg-base ../../build/ros_dd build --build-base /home/simpson/launch_ws/build/ros_dd/build install --record /home/simpson/launch_ws/build/ros_dd/install.log --single-version-externally-managed install_data
[3.076s] running egg_info
[3.077s] writing ../../build/ros_dd/ros_dd.egg-info/PKG-INFO
[3.078s] writing dependency_links to ../../build/ros_dd/ros_dd.egg-info/dependency_links.txt
[3.078s] writing entry points to ../../build/ros_dd/ros_dd.egg-info/entry_points.txt
[3.078s] writing requirements to ../../build/ros_dd/ros_dd.egg-info/requires.txt
[3.078s] writing top-level names to ../../build/ros_dd/ros_dd.egg-info/top_level.txt
[3.144s] reading manifest file '../../build/ros_dd/ros_dd.egg-info/SOURCES.txt'
[3.145s] writing manifest file '../../build/ros_dd/ros_dd.egg-info/SOURCES.txt'
[3.146s] running build
[3.146s] running build_py
[3.147s] running install
[3.149s] running install_lib
[3.151s] running install_data
[3.152s] running install_egg_info
[3.156s] removing '/home/simpson/launch_ws/install/ros_dd/lib/python3.8/site-packages/ros_dd-0.0.0-py3.8.egg-info' (and everything under it)
[3.156s] Copying ../../build/ros_dd/ros_dd.egg-info to /home/simpson/launch_ws/install/ros_dd/lib/python3.8/site-packages/ros_dd-0.0.0-py3.8.egg-info
[3.158s] running install_scripts
[3.194s] Installing arduino_commander script to /home/simpson/launch_ws/install/ros_dd/lib/ros_dd
[3.194s] Installing wheel_controller script to /home/simpson/launch_ws/install/ros_dd/lib/ros_dd
[3.195s] writing list of installed files to '/home/simpson/launch_ws/build/ros_dd/install.log'
[3.540s] Invoked command in '/home/simpson/launch_ws/src/ros_dd' returned '0': PYTHONPATH=/home/simpson/launch_ws/build/ros_dd/prefix_override:/usr/lib/python3/dist-packages/colcon_core/task/python/colcon_distutils_commands:/home/simpson/launch_ws/install/ros_dd/lib/python3.8/site-packages:${PYTHONPATH} /usr/bin/python3 -W ignore:setup.py install is deprecated setup.py egg_info --egg-base ../../build/ros_dd build --build-base /home/simpson/launch_ws/build/ros_dd/build install --record /home/simpson/launch_ws/build/ros_dd/install.log --single-version-externally-managed install_data
