[0.554s] Invoking command in '/home/simpson/ros2_ws/src/agv': PYTHONPATH=/home/simpson/ros2_ws/build/agv/prefix_override:/usr/lib/python3/dist-packages/colcon_core/task/python/colcon_distutils_commands:/home/simpson/ros2_ws/install/agv/lib/python3.8/site-packages:${PYTHONPATH} /usr/bin/python3 -W ignore:setup.py install is deprecated setup.py egg_info --egg-base ../../build/agv build --build-base /home/simpson/ros2_ws/build/agv/build install --record /home/simpson/ros2_ws/build/agv/install.log --install-scripts $base/lib/agv --single-version-externally-managed install_data
[0.736s] running egg_info
[0.736s] creating ../../build/agv/agv.egg-info
[0.737s] writing ../../build/agv/agv.egg-info/PKG-INFO
[0.737s] writing dependency_links to ../../build/agv/agv.egg-info/dependency_links.txt
[0.737s] writing entry points to ../../build/agv/agv.egg-info/entry_points.txt
[0.737s] writing requirements to ../../build/agv/agv.egg-info/requires.txt
[0.738s] writing top-level names to ../../build/agv/agv.egg-info/top_level.txt
[0.739s] writing manifest file '../../build/agv/agv.egg-info/SOURCES.txt'
[0.768s] reading manifest file '../../build/agv/agv.egg-info/SOURCES.txt'
[0.769s] writing manifest file '../../build/agv/agv.egg-info/SOURCES.txt'
[0.769s] running build
[0.770s] running build_py
[0.770s] creating /home/simpson/ros2_ws/build/agv/build
[0.770s] creating /home/simpson/ros2_ws/build/agv/build/lib
[0.770s] creating /home/simpson/ros2_ws/build/agv/build/lib/agv
[0.770s] copying agv/__init__.py -> /home/simpson/ros2_ws/build/agv/build/lib/agv
[0.770s] running install
[0.771s] running install_lib
[0.772s] creating /home/simpson/ros2_ws/install/agv/lib/python3.8/site-packages/agv
[0.772s] copying /home/simpson/ros2_ws/build/agv/build/lib/agv/__init__.py -> /home/simpson/ros2_ws/install/agv/lib/python3.8/site-packages/agv
[0.772s] byte-compiling /home/simpson/ros2_ws/install/agv/lib/python3.8/site-packages/agv/__init__.py to __init__.cpython-38.pyc
[0.773s] running install_data
[0.774s] creating /home/simpson/ros2_ws/install/agv/share/ament_index
[0.774s] creating /home/simpson/ros2_ws/install/agv/share/ament_index/resource_index
[0.774s] creating /home/simpson/ros2_ws/install/agv/share/ament_index/resource_index/packages
[0.774s] copying resource/agv -> /home/simpson/ros2_ws/install/agv/share/ament_index/resource_index/packages
[0.774s] copying package.xml -> /home/simpson/ros2_ws/install/agv/share/agv
[0.774s] running install_egg_info
[0.776s] Copying ../../build/agv/agv.egg-info to /home/simpson/ros2_ws/install/agv/lib/python3.8/site-packages/agv-0.0.0-py3.8.egg-info
[0.777s] running install_scripts
[0.792s] writing list of installed files to '/home/simpson/ros2_ws/build/agv/install.log'
[0.812s] Invoked command in '/home/simpson/ros2_ws/src/agv' returned '0': PYTHONPATH=/home/simpson/ros2_ws/build/agv/prefix_override:/usr/lib/python3/dist-packages/colcon_core/task/python/colcon_distutils_commands:/home/simpson/ros2_ws/install/agv/lib/python3.8/site-packages:${PYTHONPATH} /usr/bin/python3 -W ignore:setup.py install is deprecated setup.py egg_info --egg-base ../../build/agv build --build-base /home/simpson/ros2_ws/build/agv/build install --record /home/simpson/ros2_ws/build/agv/install.log --install-scripts $base/lib/agv --single-version-externally-managed install_data
