[0.056s] Invoking command in '/home/simpson/turtlebot3_ws/build/turtlebot3_node': AMENT_PREFIX_PATH=/home/simpson/turtlebot3_ws/install/turtlebot3_msgs:/home/simpson/turtlebot3_ws/install/dynamixel_sdk:${AMENT_PREFIX_PATH} CMAKE_PREFIX_PATH=/home/simpson/turtlebot3_ws/install/turtlebot3_msgs:/home/simpson/turtlebot3_ws/install/dynamixel_sdk:/opt/ros/foxy LD_LIBRARY_PATH=/home/simpson/turtlebot3_ws/install/turtlebot3_msgs/lib:/home/simpson/turtlebot3_ws/install/dynamixel_sdk/lib:${LD_LIBRARY_PATH} PYTHONPATH=/home/simpson/turtlebot3_ws/install/turtlebot3_msgs/lib/python3.8/site-packages:${PYTHONPATH} /usr/bin/cmake /home/simpson/turtlebot3_ws/src/turtlebot3/turtlebot3_node -DCMAKE_INSTALL_PREFIX=/home/simpson/turtlebot3_ws/install/turtlebot3_node
[0.550s] -- The C compiler identification is GNU 9.4.0
[0.551s] -- The CXX compiler identification is GNU 9.4.0
[0.551s] -- Check for working C compiler: /usr/bin/cc
[0.551s] -- Check for working C compiler: /usr/bin/cc -- works
[0.551s] -- Detecting C compiler ABI info
[0.551s] -- Detecting C compiler ABI info - done
[0.577s] -- Detecting C compile features
[0.577s] -- Detecting C compile features - done
[0.583s] -- Check for working CXX compiler: /usr/bin/c++
[0.746s] -- Check for working CXX compiler: /usr/bin/c++ -- works
[0.749s] -- Detecting CXX compiler ABI info
[0.934s] -- Detecting CXX compiler ABI info - done
[0.974s] -- Detecting CXX compile features
[0.976s] -- Detecting CXX compile features - done
[0.981s] -- Found ament_cmake: 0.9.12 (/opt/ros/foxy/share/ament_cmake/cmake)
[1.033s] -- Found PythonInterp: /usr/bin/python3 (found suitable version "3.8.10", minimum required is "3") 
[1.033s] -- Using PYTHON_EXECUTABLE: /usr/bin/python3
[1.452s] -- Found dynamixel_sdk: 3.7.40 (/home/simpson/turtlebot3_ws/install/dynamixel_sdk/share/dynamixel_sdk/cmake)
[1.458s] -- Found geometry_msgs: 2.0.5 (/opt/ros/foxy/share/geometry_msgs/cmake)
[1.521s] -- Using all available rosidl_typesupport_c: rosidl_typesupport_fastrtps_c;rosidl_typesupport_introspection_c
[1.535s] -- Found rosidl_adapter: 1.3.1 (/opt/ros/foxy/share/rosidl_adapter/cmake)
[1.694s] -- Found OpenSSL: /usr/lib/x86_64-linux-gnu/libcrypto.so (found version "1.1.1f")  
[1.751s] -- Found FastRTPS: /opt/ros/foxy/include  
[1.908s] -- Using all available rosidl_typesupport_cpp: rosidl_typesupport_fastrtps_cpp;rosidl_typesupport_introspection_cpp
[2.099s] -- Found message_filters: 3.2.7 (/opt/ros/foxy/share/message_filters/cmake)
[2.107s] -- Found nav_msgs: 2.0.5 (/opt/ros/foxy/share/nav_msgs/cmake)
[2.264s] -- Found rclcpp: 2.4.3 (/opt/ros/foxy/share/rclcpp/cmake)
[2.355s] -- Found rmw_implementation_cmake: 1.0.4 (/opt/ros/foxy/share/rmw_implementation_cmake/cmake)
[2.358s] -- Using RMW implementation 'rmw_fastrtps_cpp' as default
[2.360s] -- Looking for pthread.h
[2.493s] -- Looking for pthread.h - found
[2.494s] -- Performing Test CMAKE_HAVE_LIBC_PTHREAD
[2.629s] -- Performing Test CMAKE_HAVE_LIBC_PTHREAD - Failed
[2.630s] -- Looking for pthread_create in pthreads
[2.748s] -- Looking for pthread_create in pthreads - not found
[2.749s] -- Looking for pthread_create in pthread
[2.879s] -- Looking for pthread_create in pthread - found
[2.881s] -- Found Threads: TRUE  
[3.187s] -- Found sensor_msgs: 2.0.5 (/opt/ros/foxy/share/sensor_msgs/cmake)
[3.341s] -- Found std_srvs: 2.0.5 (/opt/ros/foxy/share/std_srvs/cmake)
[3.366s] -- Found tf2: 0.13.14 (/opt/ros/foxy/share/tf2/cmake)
[3.390s] -- Found tf2_ros: 0.13.14 (/opt/ros/foxy/share/tf2_ros/cmake)
[4.102s] -- Found turtlebot3_msgs: 2.2.1 (/home/simpson/turtlebot3_ws/install/turtlebot3_msgs/share/turtlebot3_msgs/cmake)
[4.462s] -- Configuring done
[4.511s] -- Generating done
[4.515s] -- Build files have been written to: /home/simpson/turtlebot3_ws/build/turtlebot3_node
[4.543s] Invoked command in '/home/simpson/turtlebot3_ws/build/turtlebot3_node' returned '0': AMENT_PREFIX_PATH=/home/simpson/turtlebot3_ws/install/turtlebot3_msgs:/home/simpson/turtlebot3_ws/install/dynamixel_sdk:${AMENT_PREFIX_PATH} CMAKE_PREFIX_PATH=/home/simpson/turtlebot3_ws/install/turtlebot3_msgs:/home/simpson/turtlebot3_ws/install/dynamixel_sdk:/opt/ros/foxy LD_LIBRARY_PATH=/home/simpson/turtlebot3_ws/install/turtlebot3_msgs/lib:/home/simpson/turtlebot3_ws/install/dynamixel_sdk/lib:${LD_LIBRARY_PATH} PYTHONPATH=/home/simpson/turtlebot3_ws/install/turtlebot3_msgs/lib/python3.8/site-packages:${PYTHONPATH} /usr/bin/cmake /home/simpson/turtlebot3_ws/src/turtlebot3/turtlebot3_node -DCMAKE_INSTALL_PREFIX=/home/simpson/turtlebot3_ws/install/turtlebot3_node
[4.544s] Invoking command in '/home/simpson/turtlebot3_ws/build/turtlebot3_node': AMENT_PREFIX_PATH=/home/simpson/turtlebot3_ws/install/turtlebot3_msgs:/home/simpson/turtlebot3_ws/install/dynamixel_sdk:${AMENT_PREFIX_PATH} CMAKE_PREFIX_PATH=/home/simpson/turtlebot3_ws/install/turtlebot3_msgs:/home/simpson/turtlebot3_ws/install/dynamixel_sdk:/opt/ros/foxy LD_LIBRARY_PATH=/home/simpson/turtlebot3_ws/install/turtlebot3_msgs/lib:/home/simpson/turtlebot3_ws/install/dynamixel_sdk/lib:${LD_LIBRARY_PATH} PYTHONPATH=/home/simpson/turtlebot3_ws/install/turtlebot3_msgs/lib/python3.8/site-packages:${PYTHONPATH} /usr/bin/cmake --build /home/simpson/turtlebot3_ws/build/turtlebot3_node -- -j8 -l8
[4.619s] [35m[1mScanning dependencies of target turtlebot3_node_lib[0m
[4.804s] [  7%] [32mBuilding CXX object CMakeFiles/turtlebot3_node_lib.dir/src/devices/motor_power.cpp.o[0m
[4.812s] [ 14%] [32mBuilding CXX object CMakeFiles/turtlebot3_node_lib.dir/src/devices/sound.cpp.o[0m
[4.816s] [ 21%] [32mBuilding CXX object CMakeFiles/turtlebot3_node_lib.dir/src/devices/reset.cpp.o[0m
[4.829s] [ 28%] [32mBuilding CXX object CMakeFiles/turtlebot3_node_lib.dir/src/diff_drive_controller.cpp.o[0m
[4.835s] [ 35%] [32mBuilding CXX object CMakeFiles/turtlebot3_node_lib.dir/src/dynamixel_sdk_wrapper.cpp.o[0m
[4.851s] [ 42%] [32mBuilding CXX object CMakeFiles/turtlebot3_node_lib.dir/src/odometry.cpp.o[0m
[4.879s] [ 50%] [32mBuilding CXX object CMakeFiles/turtlebot3_node_lib.dir/src/sensors/battery_state.cpp.o[0m
[4.893s] [ 57%] [32mBuilding CXX object CMakeFiles/turtlebot3_node_lib.dir/src/turtlebot3.cpp.o[0m
[6.039s] [ 64%] [32mBuilding CXX object CMakeFiles/turtlebot3_node_lib.dir/src/sensors/imu.cpp.o[0m
[10.031s] [ 71%] [32mBuilding CXX object CMakeFiles/turtlebot3_node_lib.dir/src/sensors/joint_state.cpp.o[0m
[11.036s] [ 78%] [32mBuilding CXX object CMakeFiles/turtlebot3_node_lib.dir/src/sensors/sensor_state.cpp.o[0m
[20.516s] [ 85%] [32m[1mLinking CXX static library libturtlebot3_node_lib.a[0m
[20.868s] [ 85%] Built target turtlebot3_node_lib
[20.879s] [35m[1mScanning dependencies of target turtlebot3_ros[0m
[20.927s] [ 92%] [32mBuilding CXX object CMakeFiles/turtlebot3_ros.dir/src/node_main.cpp.o[0m
[22.918s] [100%] [32m[1mLinking CXX executable turtlebot3_ros[0m
[23.953s] [100%] Built target turtlebot3_ros
[23.965s] Invoked command in '/home/simpson/turtlebot3_ws/build/turtlebot3_node' returned '0': AMENT_PREFIX_PATH=/home/simpson/turtlebot3_ws/install/turtlebot3_msgs:/home/simpson/turtlebot3_ws/install/dynamixel_sdk:${AMENT_PREFIX_PATH} CMAKE_PREFIX_PATH=/home/simpson/turtlebot3_ws/install/turtlebot3_msgs:/home/simpson/turtlebot3_ws/install/dynamixel_sdk:/opt/ros/foxy LD_LIBRARY_PATH=/home/simpson/turtlebot3_ws/install/turtlebot3_msgs/lib:/home/simpson/turtlebot3_ws/install/dynamixel_sdk/lib:${LD_LIBRARY_PATH} PYTHONPATH=/home/simpson/turtlebot3_ws/install/turtlebot3_msgs/lib/python3.8/site-packages:${PYTHONPATH} /usr/bin/cmake --build /home/simpson/turtlebot3_ws/build/turtlebot3_node -- -j8 -l8
[24.012s] Invoking command in '/home/simpson/turtlebot3_ws/build/turtlebot3_node': AMENT_PREFIX_PATH=/home/simpson/turtlebot3_ws/install/turtlebot3_msgs:/home/simpson/turtlebot3_ws/install/dynamixel_sdk:${AMENT_PREFIX_PATH} CMAKE_PREFIX_PATH=/home/simpson/turtlebot3_ws/install/turtlebot3_msgs:/home/simpson/turtlebot3_ws/install/dynamixel_sdk:/opt/ros/foxy LD_LIBRARY_PATH=/home/simpson/turtlebot3_ws/install/turtlebot3_msgs/lib:/home/simpson/turtlebot3_ws/install/dynamixel_sdk/lib:${LD_LIBRARY_PATH} PYTHONPATH=/home/simpson/turtlebot3_ws/install/turtlebot3_msgs/lib/python3.8/site-packages:${PYTHONPATH} /usr/bin/cmake --install /home/simpson/turtlebot3_ws/build/turtlebot3_node
[24.020s] -- Install configuration: ""
[24.020s] -- Installing: /home/simpson/turtlebot3_ws/install/turtlebot3_node/share/turtlebot3_node/param
[24.021s] -- Installing: /home/simpson/turtlebot3_ws/install/turtlebot3_node/share/turtlebot3_node/param/waffle_pi.yaml
[24.021s] -- Installing: /home/simpson/turtlebot3_ws/install/turtlebot3_node/share/turtlebot3_node/param/burger.yaml
[24.021s] -- Installing: /home/simpson/turtlebot3_ws/install/turtlebot3_node/share/turtlebot3_node/param/waffle.yaml
[24.021s] -- Installing: /home/simpson/turtlebot3_ws/install/turtlebot3_node/lib/turtlebot3_node/turtlebot3_ros
[24.029s] -- Set runtime path of "/home/simpson/turtlebot3_ws/install/turtlebot3_node/lib/turtlebot3_node/turtlebot3_ros" to ""
[24.029s] -- Installing: /home/simpson/turtlebot3_ws/install/turtlebot3_node/share/ament_index/resource_index/package_run_dependencies/turtlebot3_node
[24.030s] -- Installing: /home/simpson/turtlebot3_ws/install/turtlebot3_node/share/ament_index/resource_index/parent_prefix_path/turtlebot3_node
[24.030s] -- Installing: /home/simpson/turtlebot3_ws/install/turtlebot3_node/share/turtlebot3_node/environment/ament_prefix_path.sh
[24.030s] -- Installing: /home/simpson/turtlebot3_ws/install/turtlebot3_node/share/turtlebot3_node/environment/ament_prefix_path.dsv
[24.030s] -- Installing: /home/simpson/turtlebot3_ws/install/turtlebot3_node/share/turtlebot3_node/environment/path.sh
[24.030s] -- Installing: /home/simpson/turtlebot3_ws/install/turtlebot3_node/share/turtlebot3_node/environment/path.dsv
[24.030s] -- Installing: /home/simpson/turtlebot3_ws/install/turtlebot3_node/share/turtlebot3_node/local_setup.bash
[24.031s] -- Installing: /home/simpson/turtlebot3_ws/install/turtlebot3_node/share/turtlebot3_node/local_setup.sh
[24.031s] -- Installing: /home/simpson/turtlebot3_ws/install/turtlebot3_node/share/turtlebot3_node/local_setup.zsh
[24.031s] -- Installing: /home/simpson/turtlebot3_ws/install/turtlebot3_node/share/turtlebot3_node/local_setup.dsv
[24.031s] -- Installing: /home/simpson/turtlebot3_ws/install/turtlebot3_node/share/turtlebot3_node/package.dsv
[24.031s] -- Installing: /home/simpson/turtlebot3_ws/install/turtlebot3_node/share/ament_index/resource_index/packages/turtlebot3_node
[24.032s] -- Installing: /home/simpson/turtlebot3_ws/install/turtlebot3_node/share/turtlebot3_node/cmake/ament_cmake_export_include_directories-extras.cmake
[24.032s] -- Installing: /home/simpson/turtlebot3_ws/install/turtlebot3_node/share/turtlebot3_node/cmake/turtlebot3_nodeConfig.cmake
[24.032s] -- Installing: /home/simpson/turtlebot3_ws/install/turtlebot3_node/share/turtlebot3_node/cmake/turtlebot3_nodeConfig-version.cmake
[24.032s] -- Installing: /home/simpson/turtlebot3_ws/install/turtlebot3_node/share/turtlebot3_node/package.xml
[24.034s] Invoked command in '/home/simpson/turtlebot3_ws/build/turtlebot3_node' returned '0': AMENT_PREFIX_PATH=/home/simpson/turtlebot3_ws/install/turtlebot3_msgs:/home/simpson/turtlebot3_ws/install/dynamixel_sdk:${AMENT_PREFIX_PATH} CMAKE_PREFIX_PATH=/home/simpson/turtlebot3_ws/install/turtlebot3_msgs:/home/simpson/turtlebot3_ws/install/dynamixel_sdk:/opt/ros/foxy LD_LIBRARY_PATH=/home/simpson/turtlebot3_ws/install/turtlebot3_msgs/lib:/home/simpson/turtlebot3_ws/install/dynamixel_sdk/lib:${LD_LIBRARY_PATH} PYTHONPATH=/home/simpson/turtlebot3_ws/install/turtlebot3_msgs/lib/python3.8/site-packages:${PYTHONPATH} /usr/bin/cmake --install /home/simpson/turtlebot3_ws/build/turtlebot3_node
