[2.982s] Invoking command in '/home/simpson/launch_ws/src/ros_wheel_controller': PYTHONPATH=/home/simpson/launch_ws/build/ros_wheel_controller/prefix_override:/usr/lib/python3/dist-packages/colcon_core/task/python/colcon_distutils_commands:/home/simpson/launch_ws/install/ros_wheel_controller/lib/python3.8/site-packages:${PYTHONPATH} /usr/bin/python3 -W ignore:setup.py install is deprecated setup.py egg_info --egg-base ../../build/ros_wheel_controller build --build-base /home/simpson/launch_ws/build/ros_wheel_controller/build install --record /home/simpson/launch_ws/build/ros_wheel_controller/install.log --install-scripts $base/lib/ros_wheel_controller --single-version-externally-managed install_data
[3.410s] running egg_info
[3.411s] writing ../../build/ros_wheel_controller/ros_wheel_controller.egg-info/PKG-INFO
[3.411s] writing dependency_links to ../../build/ros_wheel_controller/ros_wheel_controller.egg-info/dependency_links.txt
[3.411s] writing entry points to ../../build/ros_wheel_controller/ros_wheel_controller.egg-info/entry_points.txt
[3.412s] writing requirements to ../../build/ros_wheel_controller/ros_wheel_controller.egg-info/requires.txt
[3.412s] writing top-level names to ../../build/ros_wheel_controller/ros_wheel_controller.egg-info/top_level.txt
[3.500s] reading manifest file '../../build/ros_wheel_controller/ros_wheel_controller.egg-info/SOURCES.txt'
[3.501s] writing manifest file '../../build/ros_wheel_controller/ros_wheel_controller.egg-info/SOURCES.txt'
[3.501s] running build
[3.501s] running build_py
[3.501s] running install
[3.515s] running install_lib
[3.515s] running install_data
[3.515s] running install_egg_info
[3.515s] removing '/home/simpson/launch_ws/install/ros_wheel_controller/lib/python3.8/site-packages/ros_wheel_controller-0.0.0-py3.8.egg-info' (and everything under it)
[3.515s] Copying ../../build/ros_wheel_controller/ros_wheel_controller.egg-info to /home/simpson/launch_ws/install/ros_wheel_controller/lib/python3.8/site-packages/ros_wheel_controller-0.0.0-py3.8.egg-info
[3.515s] running install_scripts
[3.563s] writing list of installed files to '/home/simpson/launch_ws/build/ros_wheel_controller/install.log'
[3.911s] Invoked command in '/home/simpson/launch_ws/src/ros_wheel_controller' returned '0': PYTHONPATH=/home/simpson/launch_ws/build/ros_wheel_controller/prefix_override:/usr/lib/python3/dist-packages/colcon_core/task/python/colcon_distutils_commands:/home/simpson/launch_ws/install/ros_wheel_controller/lib/python3.8/site-packages:${PYTHONPATH} /usr/bin/python3 -W ignore:setup.py install is deprecated setup.py egg_info --egg-base ../../build/ros_wheel_controller build --build-base /home/simpson/launch_ws/build/ros_wheel_controller/build install --record /home/simpson/launch_ws/build/ros_wheel_controller/install.log --install-scripts $base/lib/ros_wheel_controller --single-version-externally-managed install_data
