running egg_info
creating ../../build/launch_study/launch_study.egg-info
writing ../../build/launch_study/launch_study.egg-info/PKG-INFO
writing dependency_links to ../../build/launch_study/launch_study.egg-info/dependency_links.txt
writing entry points to ../../build/launch_study/launch_study.egg-info/entry_points.txt
writing requirements to ../../build/launch_study/launch_study.egg-info/requires.txt
writing top-level names to ../../build/launch_study/launch_study.egg-info/top_level.txt
writing manifest file '../../build/launch_study/launch_study.egg-info/SOURCES.txt'
reading manifest file '../../build/launch_study/launch_study.egg-info/SOURCES.txt'
writing manifest file '../../build/launch_study/launch_study.egg-info/SOURCES.txt'
running build
running build_py
creating /home/simpson/launch_ws/build/launch_study/build
creating /home/simpson/launch_ws/build/launch_study/build/lib
creating /home/simpson/launch_ws/build/launch_study/build/lib/launch_study
copying launch_study/__init__.py -> /home/simpson/launch_ws/build/launch_study/build/lib/launch_study
copying launch_study/launch_study.py -> /home/simpson/launch_ws/build/launch_study/build/lib/launch_study
running install
running install_lib
creating /home/simpson/launch_ws/install/launch_study/lib/python3.8/site-packages/launch_study
copying /home/simpson/launch_ws/build/launch_study/build/lib/launch_study/__init__.py -> /home/simpson/launch_ws/install/launch_study/lib/python3.8/site-packages/launch_study
copying /home/simpson/launch_ws/build/launch_study/build/lib/launch_study/launch_study.py -> /home/simpson/launch_ws/install/launch_study/lib/python3.8/site-packages/launch_study
byte-compiling /home/simpson/launch_ws/install/launch_study/lib/python3.8/site-packages/launch_study/__init__.py to __init__.cpython-38.pyc
byte-compiling /home/simpson/launch_ws/install/launch_study/lib/python3.8/site-packages/launch_study/launch_study.py to launch_study.cpython-38.pyc
running install_data
creating /home/simpson/launch_ws/install/launch_study/share/ament_index
creating /home/simpson/launch_ws/install/launch_study/share/ament_index/resource_index
creating /home/simpson/launch_ws/install/launch_study/share/ament_index/resource_index/packages
copying resource/launch_study -> /home/simpson/launch_ws/install/launch_study/share/ament_index/resource_index/packages
copying package.xml -> /home/simpson/launch_ws/install/launch_study/share/launch_study
running install_egg_info
Copying ../../build/launch_study/launch_study.egg-info to /home/simpson/launch_ws/install/launch_study/lib/python3.8/site-packages/launch_study-0.0.0-py3.8.egg-info
running install_scripts
Installing launch_study script to /home/simpson/launch_ws/install/launch_study/lib/launch_study
writing list of installed files to '/home/simpson/launch_ws/build/launch_study/install.log'
