[2.668s] Invoking command in '/home/simpson/launch_ws/src/launch_study': PYTHONPATH=/home/simpson/launch_ws/build/launch_study/prefix_override:/usr/lib/python3/dist-packages/colcon_core/task/python/colcon_distutils_commands:/home/simpson/launch_ws/install/launch_study/lib/python3.8/site-packages: /usr/bin/python3 -W ignore:setup.py install is deprecated setup.py egg_info --egg-base ../../build/launch_study build --build-base /home/simpson/launch_ws/build/launch_study/build install --record /home/simpson/launch_ws/build/launch_study/install.log --install-scripts $base/lib/launch_study --single-version-externally-managed install_data
[3.062s] running egg_info
[3.063s] creating ../../build/launch_study/launch_study.egg-info
[3.063s] writing ../../build/launch_study/launch_study.egg-info/PKG-INFO
[3.063s] writing dependency_links to ../../build/launch_study/launch_study.egg-info/dependency_links.txt
[3.063s] writing entry points to ../../build/launch_study/launch_study.egg-info/entry_points.txt
[3.064s] writing requirements to ../../build/launch_study/launch_study.egg-info/requires.txt
[3.064s] writing top-level names to ../../build/launch_study/launch_study.egg-info/top_level.txt
[3.066s] writing manifest file '../../build/launch_study/launch_study.egg-info/SOURCES.txt'
[3.147s] reading manifest file '../../build/launch_study/launch_study.egg-info/SOURCES.txt'
[3.148s] writing manifest file '../../build/launch_study/launch_study.egg-info/SOURCES.txt'
[3.149s] running build
[3.149s] running build_py
[3.149s] creating /home/simpson/launch_ws/build/launch_study/build
[3.149s] creating /home/simpson/launch_ws/build/launch_study/build/lib
[3.149s] creating /home/simpson/launch_ws/build/launch_study/build/lib/launch_study
[3.149s] copying launch_study/__init__.py -> /home/simpson/launch_ws/build/launch_study/build/lib/launch_study
[3.150s] copying launch_study/launch_study.py -> /home/simpson/launch_ws/build/launch_study/build/lib/launch_study
[3.150s] running install
[3.152s] running install_lib
[3.153s] creating /home/simpson/launch_ws/install/launch_study/lib/python3.8/site-packages/launch_study
[3.154s] copying /home/simpson/launch_ws/build/launch_study/build/lib/launch_study/__init__.py -> /home/simpson/launch_ws/install/launch_study/lib/python3.8/site-packages/launch_study
[3.154s] copying /home/simpson/launch_ws/build/launch_study/build/lib/launch_study/launch_study.py -> /home/simpson/launch_ws/install/launch_study/lib/python3.8/site-packages/launch_study
[3.155s] byte-compiling /home/simpson/launch_ws/install/launch_study/lib/python3.8/site-packages/launch_study/__init__.py to __init__.cpython-38.pyc
[3.157s] byte-compiling /home/simpson/launch_ws/install/launch_study/lib/python3.8/site-packages/launch_study/launch_study.py to launch_study.cpython-38.pyc
[3.158s] running install_data
[3.158s] creating /home/simpson/launch_ws/install/launch_study/share/ament_index
[3.159s] creating /home/simpson/launch_ws/install/launch_study/share/ament_index/resource_index
[3.159s] creating /home/simpson/launch_ws/install/launch_study/share/ament_index/resource_index/packages
[3.159s] copying resource/launch_study -> /home/simpson/launch_ws/install/launch_study/share/ament_index/resource_index/packages
[3.159s] copying package.xml -> /home/simpson/launch_ws/install/launch_study/share/launch_study
[3.159s] running install_egg_info
[3.162s] Copying ../../build/launch_study/launch_study.egg-info to /home/simpson/launch_ws/install/launch_study/lib/python3.8/site-packages/launch_study-0.0.0-py3.8.egg-info
[3.164s] running install_scripts
[3.218s] Installing launch_study script to /home/simpson/launch_ws/install/launch_study/lib/launch_study
[3.223s] writing list of installed files to '/home/simpson/launch_ws/build/launch_study/install.log'
[3.355s] Invoked command in '/home/simpson/launch_ws/src/launch_study' returned '0': PYTHONPATH=/home/simpson/launch_ws/build/launch_study/prefix_override:/usr/lib/python3/dist-packages/colcon_core/task/python/colcon_distutils_commands:/home/simpson/launch_ws/install/launch_study/lib/python3.8/site-packages: /usr/bin/python3 -W ignore:setup.py install is deprecated setup.py egg_info --egg-base ../../build/launch_study build --build-base /home/simpson/launch_ws/build/launch_study/build install --record /home/simpson/launch_ws/build/launch_study/install.log --install-scripts $base/lib/launch_study --single-version-externally-managed install_data
