[2.552s] Invoking command in '/home/simpson/launch_ws/src/jdamr_ros_03': PYTHONPATH=/home/simpson/launch_ws/build/jdamr_ros_03/prefix_override:/usr/lib/python3/dist-packages/colcon_core/task/python/colcon_distutils_commands:/home/simpson/launch_ws/install/jdamr_ros_03/lib/python3.8/site-packages: /usr/bin/python3 -W ignore:setup.py install is deprecated setup.py egg_info --egg-base ../../build/jdamr_ros_03 build --build-base /home/simpson/launch_ws/build/jdamr_ros_03/build install --record /home/simpson/launch_ws/build/jdamr_ros_03/install.log --single-version-externally-managed install_data
[2.947s] running egg_info
[2.948s] writing ../../build/jdamr_ros_03/jdamr_ros_03.egg-info/PKG-INFO
[2.948s] writing dependency_links to ../../build/jdamr_ros_03/jdamr_ros_03.egg-info/dependency_links.txt
[2.949s] writing entry points to ../../build/jdamr_ros_03/jdamr_ros_03.egg-info/entry_points.txt
[2.949s] writing requirements to ../../build/jdamr_ros_03/jdamr_ros_03.egg-info/requires.txt
[2.950s] writing top-level names to ../../build/jdamr_ros_03/jdamr_ros_03.egg-info/top_level.txt
[3.042s] reading manifest file '../../build/jdamr_ros_03/jdamr_ros_03.egg-info/SOURCES.txt'
[3.044s] writing manifest file '../../build/jdamr_ros_03/jdamr_ros_03.egg-info/SOURCES.txt'
[3.044s] running build
[3.044s] running build_py
[3.045s] running install
[3.052s] running install_lib
[3.053s] running install_data
[3.053s] running install_egg_info
[3.058s] removing '/home/simpson/launch_ws/install/jdamr_ros_03/lib/python3.8/site-packages/jdamr_ros_03-0.0.0-py3.8.egg-info' (and everything under it)
[3.086s] Copying ../../build/jdamr_ros_03/jdamr_ros_03.egg-info to /home/simpson/launch_ws/install/jdamr_ros_03/lib/python3.8/site-packages/jdamr_ros_03-0.0.0-py3.8.egg-info
[3.087s] running install_scripts
[3.130s] Installing jdamr_03 script to /home/simpson/launch_ws/install/jdamr_ros_03/lib/jdamr_ros_03
[3.130s] writing list of installed files to '/home/simpson/launch_ws/build/jdamr_ros_03/install.log'
[3.499s] Invoked command in '/home/simpson/launch_ws/src/jdamr_ros_03' returned '0': PYTHONPATH=/home/simpson/launch_ws/build/jdamr_ros_03/prefix_override:/usr/lib/python3/dist-packages/colcon_core/task/python/colcon_distutils_commands:/home/simpson/launch_ws/install/jdamr_ros_03/lib/python3.8/site-packages: /usr/bin/python3 -W ignore:setup.py install is deprecated setup.py egg_info --egg-base ../../build/jdamr_ros_03 build --build-base /home/simpson/launch_ws/build/jdamr_ros_03/build install --record /home/simpson/launch_ws/build/jdamr_ros_03/install.log --single-version-externally-managed install_data
