running egg_info
writing ../../build/jdamr_ros_03/jdamr_ros_03.egg-info/PKG-INFO
writing dependency_links to ../../build/jdamr_ros_03/jdamr_ros_03.egg-info/dependency_links.txt
writing entry points to ../../build/jdamr_ros_03/jdamr_ros_03.egg-info/entry_points.txt
writing requirements to ../../build/jdamr_ros_03/jdamr_ros_03.egg-info/requires.txt
writing top-level names to ../../build/jdamr_ros_03/jdamr_ros_03.egg-info/top_level.txt
reading manifest file '../../build/jdamr_ros_03/jdamr_ros_03.egg-info/SOURCES.txt'
writing manifest file '../../build/jdamr_ros_03/jdamr_ros_03.egg-info/SOURCES.txt'
running build
running build_py
copying jdamr_ros_03/jdamr_ros_03.py -> /home/simpson/launch_ws/build/jdamr_ros_03/build/lib/jdamr_ros_03
running install
running install_lib
copying /home/simpson/launch_ws/build/jdamr_ros_03/build/lib/jdamr_ros_03/jdamr_ros_03.py -> /home/simpson/launch_ws/install/jdamr_ros_03/lib/python3.8/site-packages/jdamr_ros_03
byte-compiling /home/simpson/launch_ws/install/jdamr_ros_03/lib/python3.8/site-packages/jdamr_ros_03/jdamr_ros_03.py to jdamr_ros_03.cpython-38.pyc
running install_data
running install_egg_info
removing '/home/simpson/launch_ws/install/jdamr_ros_03/lib/python3.8/site-packages/jdamr_ros_03-0.0.0-py3.8.egg-info' (and everything under it)
Copying ../../build/jdamr_ros_03/jdamr_ros_03.egg-info to /home/simpson/launch_ws/install/jdamr_ros_03/lib/python3.8/site-packages/jdamr_ros_03-0.0.0-py3.8.egg-info
running install_scripts
Installing jdamr_03 script to /home/simpson/launch_ws/install/jdamr_ros_03/lib/jdamr_ros_03
writing list of installed files to '/home/simpson/launch_ws/build/jdamr_ros_03/install.log'
