[0.573s] Invoking command in '/home/simpson/ros2_ws/src/agv': PYTHONPATH=/home/simpson/ros2_ws/src/build/agv/prefix_override:/usr/lib/python3/dist-packages/colcon_core/task/python/colcon_distutils_commands:/home/simpson/ros2_ws/src/install/agv/lib/python3.8/site-packages:${PYTHONPATH} /usr/bin/python3 -W ignore:setup.py install is deprecated setup.py egg_info --egg-base ../build/agv build --build-base /home/simpson/ros2_ws/src/build/agv/build install --record /home/simpson/ros2_ws/src/build/agv/install.log --install-scripts $base/lib/agv --single-version-externally-managed install_data
[0.758s] running egg_info
[0.759s] creating ../build/agv/agv.egg-info
[0.759s] writing ../build/agv/agv.egg-info/PKG-INFO
[0.759s] writing dependency_links to ../build/agv/agv.egg-info/dependency_links.txt
[0.760s] writing entry points to ../build/agv/agv.egg-info/entry_points.txt
[0.760s] writing requirements to ../build/agv/agv.egg-info/requires.txt
[0.760s] writing top-level names to ../build/agv/agv.egg-info/top_level.txt
[0.761s] writing manifest file '../build/agv/agv.egg-info/SOURCES.txt'
[0.791s] reading manifest file '../build/agv/agv.egg-info/SOURCES.txt'
[0.792s] writing manifest file '../build/agv/agv.egg-info/SOURCES.txt'
[0.792s] running build
[0.792s] running build_py
[0.792s] creating /home/simpson/ros2_ws/src/build/agv/build
[0.793s] creating /home/simpson/ros2_ws/src/build/agv/build/lib
[0.793s] creating /home/simpson/ros2_ws/src/build/agv/build/lib/agv
[0.793s] copying agv/__init__.py -> /home/simpson/ros2_ws/src/build/agv/build/lib/agv
[0.793s] running install
[0.793s] running install_lib
[0.794s] creating /home/simpson/ros2_ws/src/install/agv/lib/python3.8/site-packages/agv
[0.794s] copying /home/simpson/ros2_ws/src/build/agv/build/lib/agv/__init__.py -> /home/simpson/ros2_ws/src/install/agv/lib/python3.8/site-packages/agv
[0.795s] byte-compiling /home/simpson/ros2_ws/src/install/agv/lib/python3.8/site-packages/agv/__init__.py to __init__.cpython-38.pyc
[0.796s] running install_data
[0.796s] creating /home/simpson/ros2_ws/src/install/agv/share/ament_index
[0.796s] creating /home/simpson/ros2_ws/src/install/agv/share/ament_index/resource_index
[0.796s] creating /home/simpson/ros2_ws/src/install/agv/share/ament_index/resource_index/packages
[0.797s] copying resource/agv -> /home/simpson/ros2_ws/src/install/agv/share/ament_index/resource_index/packages
[0.797s] copying package.xml -> /home/simpson/ros2_ws/src/install/agv/share/agv
[0.797s] running install_egg_info
[0.798s] Copying ../build/agv/agv.egg-info to /home/simpson/ros2_ws/src/install/agv/lib/python3.8/site-packages/agv-0.0.0-py3.8.egg-info
[0.799s] running install_scripts
[0.814s] writing list of installed files to '/home/simpson/ros2_ws/src/build/agv/install.log'
[0.833s] Invoked command in '/home/simpson/ros2_ws/src/agv' returned '0': PYTHONPATH=/home/simpson/ros2_ws/src/build/agv/prefix_override:/usr/lib/python3/dist-packages/colcon_core/task/python/colcon_distutils_commands:/home/simpson/ros2_ws/src/install/agv/lib/python3.8/site-packages:${PYTHONPATH} /usr/bin/python3 -W ignore:setup.py install is deprecated setup.py egg_info --egg-base ../build/agv build --build-base /home/simpson/ros2_ws/src/build/agv/build install --record /home/simpson/ros2_ws/src/build/agv/install.log --install-scripts $base/lib/agv --single-version-externally-managed install_data
