[0.049s] Invoking command in '/home/simpson/turtlebot3_ws/build/turtlebot3_navigation2': CMAKE_PREFIX_PATH=/opt/ros/foxy /usr/bin/cmake /home/simpson/turtlebot3_ws/src/turtlebot3/turtlebot3_navigation2 -DCMAKE_INSTALL_PREFIX=/home/simpson/turtlebot3_ws/install/turtlebot3_navigation2
[0.438s] -- The C compiler identification is GNU 9.4.0
[0.439s] -- The CXX compiler identification is GNU 9.4.0
[0.439s] -- Check for working C compiler: /usr/bin/cc
[0.477s] -- Check for working C compiler: /usr/bin/cc -- works
[0.478s] -- Detecting C compiler ABI info
[0.595s] -- Detecting C compiler ABI info - done
[0.614s] -- Detecting C compile features
[0.615s] -- Detecting C compile features - done
[0.619s] -- Check for working CXX compiler: /usr/bin/c++
[0.761s] -- Check for working CXX compiler: /usr/bin/c++ -- works
[0.764s] -- Detecting CXX compiler ABI info
[0.914s] -- Detecting CXX compiler ABI info - done
[0.929s] -- Detecting CXX compile features
[0.929s] -- Detecting CXX compile features - done
[0.932s] -- Found ament_cmake: 0.9.12 (/opt/ros/foxy/share/ament_cmake/cmake)
[0.967s] -- Found PythonInterp: /usr/bin/python3 (found suitable version "3.8.10", minimum required is "3") 
[0.967s] -- Using PYTHON_EXECUTABLE: /usr/bin/python3
[1.435s] -- Configuring done
[1.439s] -- Generating done
[1.441s] -- Build files have been written to: /home/simpson/turtlebot3_ws/build/turtlebot3_navigation2
[1.449s] Invoked command in '/home/simpson/turtlebot3_ws/build/turtlebot3_navigation2' returned '0': CMAKE_PREFIX_PATH=/opt/ros/foxy /usr/bin/cmake /home/simpson/turtlebot3_ws/src/turtlebot3/turtlebot3_navigation2 -DCMAKE_INSTALL_PREFIX=/home/simpson/turtlebot3_ws/install/turtlebot3_navigation2
[1.455s] Invoking command in '/home/simpson/turtlebot3_ws/build/turtlebot3_navigation2': CMAKE_PREFIX_PATH=/opt/ros/foxy /usr/bin/cmake --build /home/simpson/turtlebot3_ws/build/turtlebot3_navigation2 -- -j8 -l8
[1.531s] Invoked command in '/home/simpson/turtlebot3_ws/build/turtlebot3_navigation2' returned '0': CMAKE_PREFIX_PATH=/opt/ros/foxy /usr/bin/cmake --build /home/simpson/turtlebot3_ws/build/turtlebot3_navigation2 -- -j8 -l8
[1.617s] Invoking command in '/home/simpson/turtlebot3_ws/build/turtlebot3_navigation2': CMAKE_PREFIX_PATH=/opt/ros/foxy /usr/bin/cmake --install /home/simpson/turtlebot3_ws/build/turtlebot3_navigation2
[1.643s] -- Install configuration: ""
[1.643s] -- Installing: /home/simpson/turtlebot3_ws/install/turtlebot3_navigation2/share/turtlebot3_navigation2/launch
[1.657s] -- Installing: /home/simpson/turtlebot3_ws/install/turtlebot3_navigation2/share/turtlebot3_navigation2/launch/navigation2.launch.py
[1.658s] -- Installing: /home/simpson/turtlebot3_ws/install/turtlebot3_navigation2/share/turtlebot3_navigation2/map
[1.658s] -- Installing: /home/simpson/turtlebot3_ws/install/turtlebot3_navigation2/share/turtlebot3_navigation2/map/turtlebot3_world.yaml
[1.658s] -- Installing: /home/simpson/turtlebot3_ws/install/turtlebot3_navigation2/share/turtlebot3_navigation2/map/turtlebot3_world.pgm
[1.659s] -- Installing: /home/simpson/turtlebot3_ws/install/turtlebot3_navigation2/share/turtlebot3_navigation2/param
[1.659s] -- Installing: /home/simpson/turtlebot3_ws/install/turtlebot3_navigation2/share/turtlebot3_navigation2/param/waffle_pi.yaml
[1.660s] -- Installing: /home/simpson/turtlebot3_ws/install/turtlebot3_navigation2/share/turtlebot3_navigation2/param/burger.yaml
[1.660s] -- Installing: /home/simpson/turtlebot3_ws/install/turtlebot3_navigation2/share/turtlebot3_navigation2/param/waffle.yaml
[1.660s] -- Installing: /home/simpson/turtlebot3_ws/install/turtlebot3_navigation2/share/turtlebot3_navigation2/rviz
[1.661s] -- Installing: /home/simpson/turtlebot3_ws/install/turtlebot3_navigation2/share/turtlebot3_navigation2/rviz/tb3_navigation2.rviz
[1.662s] -- Installing: /home/simpson/turtlebot3_ws/install/turtlebot3_navigation2/share/ament_index/resource_index/package_run_dependencies/turtlebot3_navigation2
[1.662s] -- Installing: /home/simpson/turtlebot3_ws/install/turtlebot3_navigation2/share/ament_index/resource_index/parent_prefix_path/turtlebot3_navigation2
[1.662s] -- Installing: /home/simpson/turtlebot3_ws/install/turtlebot3_navigation2/share/turtlebot3_navigation2/environment/ament_prefix_path.sh
[1.663s] -- Installing: /home/simpson/turtlebot3_ws/install/turtlebot3_navigation2/share/turtlebot3_navigation2/environment/ament_prefix_path.dsv
[1.663s] -- Installing: /home/simpson/turtlebot3_ws/install/turtlebot3_navigation2/share/turtlebot3_navigation2/environment/path.sh
[1.663s] -- Installing: /home/simpson/turtlebot3_ws/install/turtlebot3_navigation2/share/turtlebot3_navigation2/environment/path.dsv
[1.664s] -- Installing: /home/simpson/turtlebot3_ws/install/turtlebot3_navigation2/share/turtlebot3_navigation2/local_setup.bash
[1.664s] -- Installing: /home/simpson/turtlebot3_ws/install/turtlebot3_navigation2/share/turtlebot3_navigation2/local_setup.sh
[1.664s] -- Installing: /home/simpson/turtlebot3_ws/install/turtlebot3_navigation2/share/turtlebot3_navigation2/local_setup.zsh
[1.664s] -- Installing: /home/simpson/turtlebot3_ws/install/turtlebot3_navigation2/share/turtlebot3_navigation2/local_setup.dsv
[1.665s] -- Installing: /home/simpson/turtlebot3_ws/install/turtlebot3_navigation2/share/turtlebot3_navigation2/package.dsv
[1.665s] -- Installing: /home/simpson/turtlebot3_ws/install/turtlebot3_navigation2/share/ament_index/resource_index/packages/turtlebot3_navigation2
[1.665s] -- Installing: /home/simpson/turtlebot3_ws/install/turtlebot3_navigation2/share/turtlebot3_navigation2/cmake/turtlebot3_navigation2Config.cmake
[1.666s] -- Installing: /home/simpson/turtlebot3_ws/install/turtlebot3_navigation2/share/turtlebot3_navigation2/cmake/turtlebot3_navigation2Config-version.cmake
[1.666s] -- Installing: /home/simpson/turtlebot3_ws/install/turtlebot3_navigation2/share/turtlebot3_navigation2/package.xml
[1.670s] Invoked command in '/home/simpson/turtlebot3_ws/build/turtlebot3_navigation2' returned '0': CMAKE_PREFIX_PATH=/opt/ros/foxy /usr/bin/cmake --install /home/simpson/turtlebot3_ws/build/turtlebot3_navigation2
