[0.022s] Invoking command in '/home/simpson/turtlebot3_ws/build/turtlebot3': AMENT_PREFIX_PATH=/home/simpson/turtlebot3_ws/install/turtlebot3_bringup:/home/simpson/turtlebot3_ws/install/turtlebot3_node:/home/simpson/turtlebot3_ws/install/turtlebot3_example:/home/simpson/turtlebot3_ws/install/turtlebot3_teleop:/home/simpson/turtlebot3_ws/install/turtlebot3_navigation2:/home/simpson/turtlebot3_ws/install/turtlebot3_msgs:/home/simpson/turtlebot3_ws/install/turtlebot3_description:/home/simpson/turtlebot3_ws/install/turtlebot3_cartographer:/home/simpson/turtlebot3_ws/install/dynamixel_sdk:${AMENT_PREFIX_PATH} CMAKE_PREFIX_PATH=/home/simpson/turtlebot3_ws/install/turtlebot3_bringup:/home/simpson/turtlebot3_ws/install/turtlebot3_node:/home/simpson/turtlebot3_ws/install/turtlebot3_navigation2:/home/simpson/turtlebot3_ws/install/turtlebot3_msgs:/home/simpson/turtlebot3_ws/install/turtlebot3_description:/home/simpson/turtlebot3_ws/install/turtlebot3_cartographer:/home/simpson/turtlebot3_ws/install/dynamixel_sdk:/opt/ros/foxy LD_LIBRARY_PATH=/home/simpson/turtlebot3_ws/install/turtlebot3_msgs/lib:/home/simpson/turtlebot3_ws/install/dynamixel_sdk/lib:${LD_LIBRARY_PATH} PYTHONPATH=/home/simpson/turtlebot3_ws/install/turtlebot3_example/lib/python3.8/site-packages:/home/simpson/turtlebot3_ws/install/turtlebot3_teleop/lib/python3.8/site-packages:/home/simpson/turtlebot3_ws/install/turtlebot3_msgs/lib/python3.8/site-packages:${PYTHONPATH} /usr/bin/cmake /home/simpson/turtlebot3_ws/src/turtlebot3/turtlebot3 -DCMAKE_INSTALL_PREFIX=/home/simpson/turtlebot3_ws/install/turtlebot3
[0.081s] -- The C compiler identification is GNU 9.4.0
[0.140s] -- The CXX compiler identification is GNU 9.4.0
[0.145s] -- Check for working C compiler: /usr/bin/cc
[0.218s] -- Check for working C compiler: /usr/bin/cc -- works
[0.219s] -- Detecting C compiler ABI info
[0.288s] -- Detecting C compiler ABI info - done
[0.300s] -- Detecting C compile features
[0.301s] -- Detecting C compile features - done
[0.303s] -- Check for working CXX compiler: /usr/bin/c++
[0.385s] -- Check for working CXX compiler: /usr/bin/c++ -- works
[0.386s] -- Detecting CXX compiler ABI info
[0.468s] -- Detecting CXX compiler ABI info - done
[0.480s] -- Detecting CXX compile features
[0.481s] -- Detecting CXX compile features - done
[0.484s] -- Found ament_cmake: 0.9.12 (/opt/ros/foxy/share/ament_cmake/cmake)
[0.510s] -- Found PythonInterp: /usr/bin/python3 (found suitable version "3.8.10", minimum required is "3") 
[0.510s] -- Using PYTHON_EXECUTABLE: /usr/bin/python3
[0.757s] -- Configuring done
[0.759s] -- Generating done
[0.759s] -- Build files have been written to: /home/simpson/turtlebot3_ws/build/turtlebot3
[0.763s] Invoked command in '/home/simpson/turtlebot3_ws/build/turtlebot3' returned '0': AMENT_PREFIX_PATH=/home/simpson/turtlebot3_ws/install/turtlebot3_bringup:/home/simpson/turtlebot3_ws/install/turtlebot3_node:/home/simpson/turtlebot3_ws/install/turtlebot3_example:/home/simpson/turtlebot3_ws/install/turtlebot3_teleop:/home/simpson/turtlebot3_ws/install/turtlebot3_navigation2:/home/simpson/turtlebot3_ws/install/turtlebot3_msgs:/home/simpson/turtlebot3_ws/install/turtlebot3_description:/home/simpson/turtlebot3_ws/install/turtlebot3_cartographer:/home/simpson/turtlebot3_ws/install/dynamixel_sdk:${AMENT_PREFIX_PATH} CMAKE_PREFIX_PATH=/home/simpson/turtlebot3_ws/install/turtlebot3_bringup:/home/simpson/turtlebot3_ws/install/turtlebot3_node:/home/simpson/turtlebot3_ws/install/turtlebot3_navigation2:/home/simpson/turtlebot3_ws/install/turtlebot3_msgs:/home/simpson/turtlebot3_ws/install/turtlebot3_description:/home/simpson/turtlebot3_ws/install/turtlebot3_cartographer:/home/simpson/turtlebot3_ws/install/dynamixel_sdk:/opt/ros/foxy LD_LIBRARY_PATH=/home/simpson/turtlebot3_ws/install/turtlebot3_msgs/lib:/home/simpson/turtlebot3_ws/install/dynamixel_sdk/lib:${LD_LIBRARY_PATH} PYTHONPATH=/home/simpson/turtlebot3_ws/install/turtlebot3_example/lib/python3.8/site-packages:/home/simpson/turtlebot3_ws/install/turtlebot3_teleop/lib/python3.8/site-packages:/home/simpson/turtlebot3_ws/install/turtlebot3_msgs/lib/python3.8/site-packages:${PYTHONPATH} /usr/bin/cmake /home/simpson/turtlebot3_ws/src/turtlebot3/turtlebot3 -DCMAKE_INSTALL_PREFIX=/home/simpson/turtlebot3_ws/install/turtlebot3
[0.766s] Invoking command in '/home/simpson/turtlebot3_ws/build/turtlebot3': AMENT_PREFIX_PATH=/home/simpson/turtlebot3_ws/install/turtlebot3_bringup:/home/simpson/turtlebot3_ws/install/turtlebot3_node:/home/simpson/turtlebot3_ws/install/turtlebot3_example:/home/simpson/turtlebot3_ws/install/turtlebot3_teleop:/home/simpson/turtlebot3_ws/install/turtlebot3_navigation2:/home/simpson/turtlebot3_ws/install/turtlebot3_msgs:/home/simpson/turtlebot3_ws/install/turtlebot3_description:/home/simpson/turtlebot3_ws/install/turtlebot3_cartographer:/home/simpson/turtlebot3_ws/install/dynamixel_sdk:${AMENT_PREFIX_PATH} CMAKE_PREFIX_PATH=/home/simpson/turtlebot3_ws/install/turtlebot3_bringup:/home/simpson/turtlebot3_ws/install/turtlebot3_node:/home/simpson/turtlebot3_ws/install/turtlebot3_navigation2:/home/simpson/turtlebot3_ws/install/turtlebot3_msgs:/home/simpson/turtlebot3_ws/install/turtlebot3_description:/home/simpson/turtlebot3_ws/install/turtlebot3_cartographer:/home/simpson/turtlebot3_ws/install/dynamixel_sdk:/opt/ros/foxy LD_LIBRARY_PATH=/home/simpson/turtlebot3_ws/install/turtlebot3_msgs/lib:/home/simpson/turtlebot3_ws/install/dynamixel_sdk/lib:${LD_LIBRARY_PATH} PYTHONPATH=/home/simpson/turtlebot3_ws/install/turtlebot3_example/lib/python3.8/site-packages:/home/simpson/turtlebot3_ws/install/turtlebot3_teleop/lib/python3.8/site-packages:/home/simpson/turtlebot3_ws/install/turtlebot3_msgs/lib/python3.8/site-packages:${PYTHONPATH} /usr/bin/cmake --build /home/simpson/turtlebot3_ws/build/turtlebot3 -- -j8 -l8
[0.807s] Invoked command in '/home/simpson/turtlebot3_ws/build/turtlebot3' returned '0': AMENT_PREFIX_PATH=/home/simpson/turtlebot3_ws/install/turtlebot3_bringup:/home/simpson/turtlebot3_ws/install/turtlebot3_node:/home/simpson/turtlebot3_ws/install/turtlebot3_example:/home/simpson/turtlebot3_ws/install/turtlebot3_teleop:/home/simpson/turtlebot3_ws/install/turtlebot3_navigation2:/home/simpson/turtlebot3_ws/install/turtlebot3_msgs:/home/simpson/turtlebot3_ws/install/turtlebot3_description:/home/simpson/turtlebot3_ws/install/turtlebot3_cartographer:/home/simpson/turtlebot3_ws/install/dynamixel_sdk:${AMENT_PREFIX_PATH} CMAKE_PREFIX_PATH=/home/simpson/turtlebot3_ws/install/turtlebot3_bringup:/home/simpson/turtlebot3_ws/install/turtlebot3_node:/home/simpson/turtlebot3_ws/install/turtlebot3_navigation2:/home/simpson/turtlebot3_ws/install/turtlebot3_msgs:/home/simpson/turtlebot3_ws/install/turtlebot3_description:/home/simpson/turtlebot3_ws/install/turtlebot3_cartographer:/home/simpson/turtlebot3_ws/install/dynamixel_sdk:/opt/ros/foxy LD_LIBRARY_PATH=/home/simpson/turtlebot3_ws/install/turtlebot3_msgs/lib:/home/simpson/turtlebot3_ws/install/dynamixel_sdk/lib:${LD_LIBRARY_PATH} PYTHONPATH=/home/simpson/turtlebot3_ws/install/turtlebot3_example/lib/python3.8/site-packages:/home/simpson/turtlebot3_ws/install/turtlebot3_teleop/lib/python3.8/site-packages:/home/simpson/turtlebot3_ws/install/turtlebot3_msgs/lib/python3.8/site-packages:${PYTHONPATH} /usr/bin/cmake --build /home/simpson/turtlebot3_ws/build/turtlebot3 -- -j8 -l8
[0.831s] Invoking command in '/home/simpson/turtlebot3_ws/build/turtlebot3': AMENT_PREFIX_PATH=/home/simpson/turtlebot3_ws/install/turtlebot3_bringup:/home/simpson/turtlebot3_ws/install/turtlebot3_node:/home/simpson/turtlebot3_ws/install/turtlebot3_example:/home/simpson/turtlebot3_ws/install/turtlebot3_teleop:/home/simpson/turtlebot3_ws/install/turtlebot3_navigation2:/home/simpson/turtlebot3_ws/install/turtlebot3_msgs:/home/simpson/turtlebot3_ws/install/turtlebot3_description:/home/simpson/turtlebot3_ws/install/turtlebot3_cartographer:/home/simpson/turtlebot3_ws/install/dynamixel_sdk:${AMENT_PREFIX_PATH} CMAKE_PREFIX_PATH=/home/simpson/turtlebot3_ws/install/turtlebot3_bringup:/home/simpson/turtlebot3_ws/install/turtlebot3_node:/home/simpson/turtlebot3_ws/install/turtlebot3_navigation2:/home/simpson/turtlebot3_ws/install/turtlebot3_msgs:/home/simpson/turtlebot3_ws/install/turtlebot3_description:/home/simpson/turtlebot3_ws/install/turtlebot3_cartographer:/home/simpson/turtlebot3_ws/install/dynamixel_sdk:/opt/ros/foxy LD_LIBRARY_PATH=/home/simpson/turtlebot3_ws/install/turtlebot3_msgs/lib:/home/simpson/turtlebot3_ws/install/dynamixel_sdk/lib:${LD_LIBRARY_PATH} PYTHONPATH=/home/simpson/turtlebot3_ws/install/turtlebot3_example/lib/python3.8/site-packages:/home/simpson/turtlebot3_ws/install/turtlebot3_teleop/lib/python3.8/site-packages:/home/simpson/turtlebot3_ws/install/turtlebot3_msgs/lib/python3.8/site-packages:${PYTHONPATH} /usr/bin/cmake --install /home/simpson/turtlebot3_ws/build/turtlebot3
[0.840s] -- Install configuration: ""
[0.840s] -- Installing: /home/simpson/turtlebot3_ws/install/turtlebot3/share/ament_index/resource_index/package_run_dependencies/turtlebot3
[0.840s] -- Installing: /home/simpson/turtlebot3_ws/install/turtlebot3/share/ament_index/resource_index/parent_prefix_path/turtlebot3
[0.840s] -- Installing: /home/simpson/turtlebot3_ws/install/turtlebot3/share/turtlebot3/environment/ament_prefix_path.sh
[0.841s] -- Installing: /home/simpson/turtlebot3_ws/install/turtlebot3/share/turtlebot3/environment/ament_prefix_path.dsv
[0.841s] -- Installing: /home/simpson/turtlebot3_ws/install/turtlebot3/share/turtlebot3/environment/path.sh
[0.841s] -- Installing: /home/simpson/turtlebot3_ws/install/turtlebot3/share/turtlebot3/environment/path.dsv
[0.841s] -- Installing: /home/simpson/turtlebot3_ws/install/turtlebot3/share/turtlebot3/local_setup.bash
[0.841s] -- Installing: /home/simpson/turtlebot3_ws/install/turtlebot3/share/turtlebot3/local_setup.sh
[0.841s] -- Installing: /home/simpson/turtlebot3_ws/install/turtlebot3/share/turtlebot3/local_setup.zsh
[0.842s] -- Installing: /home/simpson/turtlebot3_ws/install/turtlebot3/share/turtlebot3/local_setup.dsv
[0.842s] -- Installing: /home/simpson/turtlebot3_ws/install/turtlebot3/share/turtlebot3/package.dsv
[0.842s] -- Installing: /home/simpson/turtlebot3_ws/install/turtlebot3/share/ament_index/resource_index/packages/turtlebot3
[0.842s] -- Installing: /home/simpson/turtlebot3_ws/install/turtlebot3/share/turtlebot3/cmake/turtlebot3Config.cmake
[0.842s] -- Installing: /home/simpson/turtlebot3_ws/install/turtlebot3/share/turtlebot3/cmake/turtlebot3Config-version.cmake
[0.842s] -- Installing: /home/simpson/turtlebot3_ws/install/turtlebot3/share/turtlebot3/package.xml
[0.844s] Invoked command in '/home/simpson/turtlebot3_ws/build/turtlebot3' returned '0': AMENT_PREFIX_PATH=/home/simpson/turtlebot3_ws/install/turtlebot3_bringup:/home/simpson/turtlebot3_ws/install/turtlebot3_node:/home/simpson/turtlebot3_ws/install/turtlebot3_example:/home/simpson/turtlebot3_ws/install/turtlebot3_teleop:/home/simpson/turtlebot3_ws/install/turtlebot3_navigation2:/home/simpson/turtlebot3_ws/install/turtlebot3_msgs:/home/simpson/turtlebot3_ws/install/turtlebot3_description:/home/simpson/turtlebot3_ws/install/turtlebot3_cartographer:/home/simpson/turtlebot3_ws/install/dynamixel_sdk:${AMENT_PREFIX_PATH} CMAKE_PREFIX_PATH=/home/simpson/turtlebot3_ws/install/turtlebot3_bringup:/home/simpson/turtlebot3_ws/install/turtlebot3_node:/home/simpson/turtlebot3_ws/install/turtlebot3_navigation2:/home/simpson/turtlebot3_ws/install/turtlebot3_msgs:/home/simpson/turtlebot3_ws/install/turtlebot3_description:/home/simpson/turtlebot3_ws/install/turtlebot3_cartographer:/home/simpson/turtlebot3_ws/install/dynamixel_sdk:/opt/ros/foxy LD_LIBRARY_PATH=/home/simpson/turtlebot3_ws/install/turtlebot3_msgs/lib:/home/simpson/turtlebot3_ws/install/dynamixel_sdk/lib:${LD_LIBRARY_PATH} PYTHONPATH=/home/simpson/turtlebot3_ws/install/turtlebot3_example/lib/python3.8/site-packages:/home/simpson/turtlebot3_ws/install/turtlebot3_teleop/lib/python3.8/site-packages:/home/simpson/turtlebot3_ws/install/turtlebot3_msgs/lib/python3.8/site-packages:${PYTHONPATH} /usr/bin/cmake --install /home/simpson/turtlebot3_ws/build/turtlebot3
