[1.082s] Invoking command in '/home/simpson/launch_ws/src/wheel_controller': PYTHONPATH=/home/simpson/launch_ws/build/wheel_controller/prefix_override:/usr/lib/python3/dist-packages/colcon_core/task/python/colcon_distutils_commands:/home/simpson/launch_ws/install/wheel_controller/lib/python3.8/site-packages:${PYTHONPATH} /usr/bin/python3 -W ignore:setup.py install is deprecated setup.py egg_info --egg-base ../../build/wheel_controller build --build-base /home/simpson/launch_ws/build/wheel_controller/build install --record /home/simpson/launch_ws/build/wheel_controller/install.log --install-scripts $base/lib/wheel_controller --single-version-externally-managed install_data
[1.310s] running egg_info
[1.310s] writing ../../build/wheel_controller/wheel_controller.egg-info/PKG-INFO
[1.311s] writing dependency_links to ../../build/wheel_controller/wheel_controller.egg-info/dependency_links.txt
[1.311s] writing entry points to ../../build/wheel_controller/wheel_controller.egg-info/entry_points.txt
[1.312s] writing requirements to ../../build/wheel_controller/wheel_controller.egg-info/requires.txt
[1.312s] writing top-level names to ../../build/wheel_controller/wheel_controller.egg-info/top_level.txt
[1.347s] reading manifest file '../../build/wheel_controller/wheel_controller.egg-info/SOURCES.txt'
[1.348s] writing manifest file '../../build/wheel_controller/wheel_controller.egg-info/SOURCES.txt'
[1.348s] running build
[1.348s] running build_py
[1.348s] running install
[1.349s] running install_lib
[1.351s] running install_data
[1.351s] running install_egg_info
[1.353s] removing '/home/simpson/launch_ws/install/wheel_controller/lib/python3.8/site-packages/wheel_controller-0.0.0-py3.8.egg-info' (and everything under it)
[1.353s] Copying ../../build/wheel_controller/wheel_controller.egg-info to /home/simpson/launch_ws/install/wheel_controller/lib/python3.8/site-packages/wheel_controller-0.0.0-py3.8.egg-info
[1.356s] running install_scripts
[1.378s] Installing wheel_controller script to /home/simpson/launch_ws/install/wheel_controller/lib/wheel_controller
[1.379s] writing list of installed files to '/home/simpson/launch_ws/build/wheel_controller/install.log'
[1.407s] Invoked command in '/home/simpson/launch_ws/src/wheel_controller' returned '0': PYTHONPATH=/home/simpson/launch_ws/build/wheel_controller/prefix_override:/usr/lib/python3/dist-packages/colcon_core/task/python/colcon_distutils_commands:/home/simpson/launch_ws/install/wheel_controller/lib/python3.8/site-packages:${PYTHONPATH} /usr/bin/python3 -W ignore:setup.py install is deprecated setup.py egg_info --egg-base ../../build/wheel_controller build --build-base /home/simpson/launch_ws/build/wheel_controller/build install --record /home/simpson/launch_ws/build/wheel_controller/install.log --install-scripts $base/lib/wheel_controller --single-version-externally-managed install_data
