[0.181s] DEBUG:colcon:Command line arguments: ['/usr/bin/colcon', 'build']
[0.181s] DEBUG:colcon:Parsed command line arguments: Namespace(allow_overriding=[], ament_cmake_args=None, base_paths=['.'], build_base='build', catkin_cmake_args=None, catkin_skip_building_tests=False, cmake_args=None, cmake_clean_cache=False, cmake_clean_first=False, cmake_force_configure=False, cmake_target=None, cmake_target_skip_unavailable=False, continue_on_error=False, event_handlers=None, executor='parallel', ignore_user_meta=False, install_base='install', log_base=None, log_level=None, main=<bound method BuildVerb.main of <colcon_core.verb.build.BuildVerb object at 0x7fc84a1cf1c0>>, merge_install=False, metas=['./colcon.meta'], packages_above=None, packages_above_and_dependencies=None, packages_above_depth=None, packages_end=None, packages_ignore=None, packages_ignore_regex=None, packages_select=None, packages_select_build_failed=False, packages_select_by_dep=None, packages_select_regex=None, packages_select_test_failures=False, packages_skip=None, packages_skip_build_finished=False, packages_skip_by_dep=None, packages_skip_regex=None, packages_skip_test_passed=False, packages_skip_up_to=None, packages_start=None, packages_up_to=None, packages_up_to_regex=None, parallel_workers=8, paths=None, symlink_install=False, test_result_base=None, verb_extension=<colcon_core.verb.build.BuildVerb object at 0x7fc84a1cf1c0>, verb_name='build', verb_parser=<colcon_defaults.argument_parser.defaults.DefaultArgumentsDecorator object at 0x7fc84a1cf610>)
[0.308s] Level 1:colcon.colcon_core.package_discovery:discover_packages(colcon_meta) check parameters
[0.308s] Level 1:colcon.colcon_core.package_discovery:discover_packages(recursive) check parameters
[0.308s] Level 1:colcon.colcon_core.package_discovery:discover_packages(ignore) check parameters
[0.308s] Level 1:colcon.colcon_core.package_discovery:discover_packages(path) check parameters
[0.308s] Level 1:colcon.colcon_core.package_discovery:discover_packages(colcon_meta) discover
[0.308s] Level 1:colcon.colcon_core.package_discovery:discover_packages(recursive) discover
[0.308s] INFO:colcon.colcon_core.package_discovery:Crawling recursively for packages in '/home/simpson/launch_ws'
[0.308s] Level 1:colcon.colcon_core.package_identification:_identify(.) by extensions ['ignore', 'ignore_ament_install']
[0.308s] Level 1:colcon.colcon_core.package_identification:_identify(.) by extension 'ignore'
[0.309s] Level 1:colcon.colcon_core.package_identification:_identify(.) by extension 'ignore_ament_install'
[0.309s] Level 1:colcon.colcon_core.package_identification:_identify(.) by extensions ['colcon_pkg']
[0.309s] Level 1:colcon.colcon_core.package_identification:_identify(.) by extension 'colcon_pkg'
[0.309s] Level 1:colcon.colcon_core.package_identification:_identify(.) by extensions ['colcon_meta']
[0.309s] Level 1:colcon.colcon_core.package_identification:_identify(.) by extension 'colcon_meta'
[0.309s] Level 1:colcon.colcon_core.package_identification:_identify(.) by extensions ['ros']
[0.309s] Level 1:colcon.colcon_core.package_identification:_identify(.) by extension 'ros'
[0.319s] Level 1:colcon.colcon_core.package_identification:_identify(.) by extensions ['cmake', 'python']
[0.319s] Level 1:colcon.colcon_core.package_identification:_identify(.) by extension 'cmake'
[0.319s] Level 1:colcon.colcon_core.package_identification:_identify(.) by extension 'python'
[0.319s] Level 1:colcon.colcon_core.package_identification:_identify(.) by extensions ['python_setup_py']
[0.319s] Level 1:colcon.colcon_core.package_identification:_identify(.) by extension 'python_setup_py'
[0.319s] Level 1:colcon.colcon_core.package_identification:_identify(build) by extensions ['ignore', 'ignore_ament_install']
[0.319s] Level 1:colcon.colcon_core.package_identification:_identify(build) by extension 'ignore'
[0.319s] Level 1:colcon.colcon_core.package_identification:_identify(build) ignored
[0.320s] Level 1:colcon.colcon_core.package_identification:_identify(install) by extensions ['ignore', 'ignore_ament_install']
[0.320s] Level 1:colcon.colcon_core.package_identification:_identify(install) by extension 'ignore'
[0.320s] Level 1:colcon.colcon_core.package_identification:_identify(install) ignored
[0.320s] Level 1:colcon.colcon_core.package_identification:_identify(log) by extensions ['ignore', 'ignore_ament_install']
[0.320s] Level 1:colcon.colcon_core.package_identification:_identify(log) by extension 'ignore'
[0.320s] Level 1:colcon.colcon_core.package_identification:_identify(log) ignored
[0.320s] Level 1:colcon.colcon_core.package_identification:_identify(src) by extensions ['ignore', 'ignore_ament_install']
[0.320s] Level 1:colcon.colcon_core.package_identification:_identify(src) by extension 'ignore'
[0.320s] Level 1:colcon.colcon_core.package_identification:_identify(src) by extension 'ignore_ament_install'
[0.320s] Level 1:colcon.colcon_core.package_identification:_identify(src) by extensions ['colcon_pkg']
[0.320s] Level 1:colcon.colcon_core.package_identification:_identify(src) by extension 'colcon_pkg'
[0.320s] Level 1:colcon.colcon_core.package_identification:_identify(src) by extensions ['colcon_meta']
[0.320s] Level 1:colcon.colcon_core.package_identification:_identify(src) by extension 'colcon_meta'
[0.320s] Level 1:colcon.colcon_core.package_identification:_identify(src) by extensions ['ros']
[0.320s] Level 1:colcon.colcon_core.package_identification:_identify(src) by extension 'ros'
[0.320s] Level 1:colcon.colcon_core.package_identification:_identify(src) by extensions ['cmake', 'python']
[0.320s] Level 1:colcon.colcon_core.package_identification:_identify(src) by extension 'cmake'
[0.321s] Level 1:colcon.colcon_core.package_identification:_identify(src) by extension 'python'
[0.321s] Level 1:colcon.colcon_core.package_identification:_identify(src) by extensions ['python_setup_py']
[0.321s] Level 1:colcon.colcon_core.package_identification:_identify(src) by extension 'python_setup_py'
[0.321s] Level 1:colcon.colcon_core.package_identification:_identify(src/System Volume Information) by extensions ['ignore', 'ignore_ament_install']
[0.321s] Level 1:colcon.colcon_core.package_identification:_identify(src/System Volume Information) by extension 'ignore'
[0.321s] Level 1:colcon.colcon_core.package_identification:_identify(src/System Volume Information) by extension 'ignore_ament_install'
[0.321s] Level 1:colcon.colcon_core.package_identification:_identify(src/System Volume Information) by extensions ['colcon_pkg']
[0.321s] Level 1:colcon.colcon_core.package_identification:_identify(src/System Volume Information) by extension 'colcon_pkg'
[0.321s] Level 1:colcon.colcon_core.package_identification:_identify(src/System Volume Information) by extensions ['colcon_meta']
[0.321s] Level 1:colcon.colcon_core.package_identification:_identify(src/System Volume Information) by extension 'colcon_meta'
[0.321s] Level 1:colcon.colcon_core.package_identification:_identify(src/System Volume Information) by extensions ['ros']
[0.321s] Level 1:colcon.colcon_core.package_identification:_identify(src/System Volume Information) by extension 'ros'
[0.321s] Level 1:colcon.colcon_core.package_identification:_identify(src/System Volume Information) by extensions ['cmake', 'python']
[0.321s] Level 1:colcon.colcon_core.package_identification:_identify(src/System Volume Information) by extension 'cmake'
[0.321s] Level 1:colcon.colcon_core.package_identification:_identify(src/System Volume Information) by extension 'python'
[0.321s] Level 1:colcon.colcon_core.package_identification:_identify(src/System Volume Information) by extensions ['python_setup_py']
[0.321s] Level 1:colcon.colcon_core.package_identification:_identify(src/System Volume Information) by extension 'python_setup_py'
[0.321s] Level 1:colcon.colcon_core.package_identification:_identify(src/jdamr_ros_03_1) by extensions ['ignore', 'ignore_ament_install']
[0.321s] Level 1:colcon.colcon_core.package_identification:_identify(src/jdamr_ros_03_1) by extension 'ignore'
[0.322s] Level 1:colcon.colcon_core.package_identification:_identify(src/jdamr_ros_03_1) by extension 'ignore_ament_install'
[0.322s] Level 1:colcon.colcon_core.package_identification:_identify(src/jdamr_ros_03_1) by extensions ['colcon_pkg']
[0.322s] Level 1:colcon.colcon_core.package_identification:_identify(src/jdamr_ros_03_1) by extension 'colcon_pkg'
[0.322s] Level 1:colcon.colcon_core.package_identification:_identify(src/jdamr_ros_03_1) by extensions ['colcon_meta']
[0.322s] Level 1:colcon.colcon_core.package_identification:_identify(src/jdamr_ros_03_1) by extension 'colcon_meta'
[0.322s] Level 1:colcon.colcon_core.package_identification:_identify(src/jdamr_ros_03_1) by extensions ['ros']
[0.322s] Level 1:colcon.colcon_core.package_identification:_identify(src/jdamr_ros_03_1) by extension 'ros'
[0.324s] DEBUG:colcon.colcon_core.package_identification:Package 'src/jdamr_ros_03_1' with type 'ros.ament_python' and name 'jdamr_ros_03'
[0.324s] Level 1:colcon.colcon_core.package_identification:_identify(src/lauch_servo) by extensions ['ignore', 'ignore_ament_install']
[0.324s] Level 1:colcon.colcon_core.package_identification:_identify(src/lauch_servo) by extension 'ignore'
[0.324s] Level 1:colcon.colcon_core.package_identification:_identify(src/lauch_servo) by extension 'ignore_ament_install'
[0.325s] Level 1:colcon.colcon_core.package_identification:_identify(src/lauch_servo) by extensions ['colcon_pkg']
[0.325s] Level 1:colcon.colcon_core.package_identification:_identify(src/lauch_servo) by extension 'colcon_pkg'
[0.325s] Level 1:colcon.colcon_core.package_identification:_identify(src/lauch_servo) by extensions ['colcon_meta']
[0.325s] Level 1:colcon.colcon_core.package_identification:_identify(src/lauch_servo) by extension 'colcon_meta'
[0.325s] Level 1:colcon.colcon_core.package_identification:_identify(src/lauch_servo) by extensions ['ros']
[0.325s] Level 1:colcon.colcon_core.package_identification:_identify(src/lauch_servo) by extension 'ros'
[0.325s] DEBUG:colcon.colcon_core.package_identification:Package 'src/lauch_servo' with type 'ros.ament_python' and name 'lauch_servo'
[0.325s] Level 1:colcon.colcon_core.package_identification:_identify(src/launch_study) by extensions ['ignore', 'ignore_ament_install']
[0.325s] Level 1:colcon.colcon_core.package_identification:_identify(src/launch_study) by extension 'ignore'
[0.325s] Level 1:colcon.colcon_core.package_identification:_identify(src/launch_study) by extension 'ignore_ament_install'
[0.326s] Level 1:colcon.colcon_core.package_identification:_identify(src/launch_study) by extensions ['colcon_pkg']
[0.326s] Level 1:colcon.colcon_core.package_identification:_identify(src/launch_study) by extension 'colcon_pkg'
[0.326s] Level 1:colcon.colcon_core.package_identification:_identify(src/launch_study) by extensions ['colcon_meta']
[0.326s] Level 1:colcon.colcon_core.package_identification:_identify(src/launch_study) by extension 'colcon_meta'
[0.326s] Level 1:colcon.colcon_core.package_identification:_identify(src/launch_study) by extensions ['ros']
[0.326s] Level 1:colcon.colcon_core.package_identification:_identify(src/launch_study) by extension 'ros'
[0.326s] DEBUG:colcon.colcon_core.package_identification:Package 'src/launch_study' with type 'ros.ament_python' and name 'launch_study'
[0.326s] Level 1:colcon.colcon_core.package_identification:_identify(src/launch_urdf) by extensions ['ignore', 'ignore_ament_install']
[0.326s] Level 1:colcon.colcon_core.package_identification:_identify(src/launch_urdf) by extension 'ignore'
[0.326s] Level 1:colcon.colcon_core.package_identification:_identify(src/launch_urdf) by extension 'ignore_ament_install'
[0.327s] Level 1:colcon.colcon_core.package_identification:_identify(src/launch_urdf) by extensions ['colcon_pkg']
[0.327s] Level 1:colcon.colcon_core.package_identification:_identify(src/launch_urdf) by extension 'colcon_pkg'
[0.327s] Level 1:colcon.colcon_core.package_identification:_identify(src/launch_urdf) by extensions ['colcon_meta']
[0.327s] Level 1:colcon.colcon_core.package_identification:_identify(src/launch_urdf) by extension 'colcon_meta'
[0.327s] Level 1:colcon.colcon_core.package_identification:_identify(src/launch_urdf) by extensions ['ros']
[0.327s] Level 1:colcon.colcon_core.package_identification:_identify(src/launch_urdf) by extension 'ros'
[0.327s] DEBUG:colcon.colcon_core.package_identification:Package 'src/launch_urdf' with type 'ros.ament_python' and name 'launch_urdf'
[0.327s] Level 1:colcon.colcon_core.package_identification:_identify(src/ros_ardu) by extensions ['ignore', 'ignore_ament_install']
[0.327s] Level 1:colcon.colcon_core.package_identification:_identify(src/ros_ardu) by extension 'ignore'
[0.328s] Level 1:colcon.colcon_core.package_identification:_identify(src/ros_ardu) by extension 'ignore_ament_install'
[0.328s] Level 1:colcon.colcon_core.package_identification:_identify(src/ros_ardu) by extensions ['colcon_pkg']
[0.328s] Level 1:colcon.colcon_core.package_identification:_identify(src/ros_ardu) by extension 'colcon_pkg'
[0.328s] Level 1:colcon.colcon_core.package_identification:_identify(src/ros_ardu) by extensions ['colcon_meta']
[0.328s] Level 1:colcon.colcon_core.package_identification:_identify(src/ros_ardu) by extension 'colcon_meta'
[0.328s] Level 1:colcon.colcon_core.package_identification:_identify(src/ros_ardu) by extensions ['ros']
[0.328s] Level 1:colcon.colcon_core.package_identification:_identify(src/ros_ardu) by extension 'ros'
[0.328s] DEBUG:colcon.colcon_core.package_identification:Package 'src/ros_ardu' with type 'ros.ament_python' and name 'ros_ardu'
[0.328s] Level 1:colcon.colcon_core.package_identification:_identify(src/ros_dd) by extensions ['ignore', 'ignore_ament_install']
[0.328s] Level 1:colcon.colcon_core.package_identification:_identify(src/ros_dd) by extension 'ignore'
[0.329s] Level 1:colcon.colcon_core.package_identification:_identify(src/ros_dd) by extension 'ignore_ament_install'
[0.329s] Level 1:colcon.colcon_core.package_identification:_identify(src/ros_dd) by extensions ['colcon_pkg']
[0.329s] Level 1:colcon.colcon_core.package_identification:_identify(src/ros_dd) by extension 'colcon_pkg'
[0.329s] Level 1:colcon.colcon_core.package_identification:_identify(src/ros_dd) by extensions ['colcon_meta']
[0.329s] Level 1:colcon.colcon_core.package_identification:_identify(src/ros_dd) by extension 'colcon_meta'
[0.329s] Level 1:colcon.colcon_core.package_identification:_identify(src/ros_dd) by extensions ['ros']
[0.329s] Level 1:colcon.colcon_core.package_identification:_identify(src/ros_dd) by extension 'ros'
[0.329s] DEBUG:colcon.colcon_core.package_identification:Package 'src/ros_dd' with type 'ros.ament_python' and name 'ros_dd'
[0.329s] Level 1:colcon.colcon_core.package_identification:_identify(src/ros_good) by extensions ['ignore', 'ignore_ament_install']
[0.330s] Level 1:colcon.colcon_core.package_identification:_identify(src/ros_good) by extension 'ignore'
[0.330s] Level 1:colcon.colcon_core.package_identification:_identify(src/ros_good) by extension 'ignore_ament_install'
[0.330s] Level 1:colcon.colcon_core.package_identification:_identify(src/ros_good) by extensions ['colcon_pkg']
[0.330s] Level 1:colcon.colcon_core.package_identification:_identify(src/ros_good) by extension 'colcon_pkg'
[0.330s] Level 1:colcon.colcon_core.package_identification:_identify(src/ros_good) by extensions ['colcon_meta']
[0.330s] Level 1:colcon.colcon_core.package_identification:_identify(src/ros_good) by extension 'colcon_meta'
[0.330s] Level 1:colcon.colcon_core.package_identification:_identify(src/ros_good) by extensions ['ros']
[0.330s] Level 1:colcon.colcon_core.package_identification:_identify(src/ros_good) by extension 'ros'
[0.331s] DEBUG:colcon.colcon_core.package_identification:Package 'src/ros_good' with type 'ros.ament_python' and name 'ros_good'
[0.331s] Level 1:colcon.colcon_core.package_identification:_identify(src/ros_msg) by extensions ['ignore', 'ignore_ament_install']
[0.331s] Level 1:colcon.colcon_core.package_identification:_identify(src/ros_msg) by extension 'ignore'
[0.331s] Level 1:colcon.colcon_core.package_identification:_identify(src/ros_msg) by extension 'ignore_ament_install'
[0.331s] Level 1:colcon.colcon_core.package_identification:_identify(src/ros_msg) by extensions ['colcon_pkg']
[0.331s] Level 1:colcon.colcon_core.package_identification:_identify(src/ros_msg) by extension 'colcon_pkg'
[0.331s] Level 1:colcon.colcon_core.package_identification:_identify(src/ros_msg) by extensions ['colcon_meta']
[0.331s] Level 1:colcon.colcon_core.package_identification:_identify(src/ros_msg) by extension 'colcon_meta'
[0.331s] Level 1:colcon.colcon_core.package_identification:_identify(src/ros_msg) by extensions ['ros']
[0.331s] Level 1:colcon.colcon_core.package_identification:_identify(src/ros_msg) by extension 'ros'
[0.332s] DEBUG:colcon.colcon_core.package_identification:Package 'src/ros_msg' with type 'ros.ament_python' and name 'ros_msg'
[0.332s] Level 1:colcon.colcon_core.package_identification:_identify(src/ros_wheel_controller) by extensions ['ignore', 'ignore_ament_install']
[0.332s] Level 1:colcon.colcon_core.package_identification:_identify(src/ros_wheel_controller) by extension 'ignore'
[0.332s] Level 1:colcon.colcon_core.package_identification:_identify(src/ros_wheel_controller) by extension 'ignore_ament_install'
[0.332s] Level 1:colcon.colcon_core.package_identification:_identify(src/ros_wheel_controller) by extensions ['colcon_pkg']
[0.332s] Level 1:colcon.colcon_core.package_identification:_identify(src/ros_wheel_controller) by extension 'colcon_pkg'
[0.332s] Level 1:colcon.colcon_core.package_identification:_identify(src/ros_wheel_controller) by extensions ['colcon_meta']
[0.332s] Level 1:colcon.colcon_core.package_identification:_identify(src/ros_wheel_controller) by extension 'colcon_meta'
[0.332s] Level 1:colcon.colcon_core.package_identification:_identify(src/ros_wheel_controller) by extensions ['ros']
[0.332s] Level 1:colcon.colcon_core.package_identification:_identify(src/ros_wheel_controller) by extension 'ros'
[0.333s] DEBUG:colcon.colcon_core.package_identification:Package 'src/ros_wheel_controller' with type 'ros.ament_python' and name 'ros_wheel_controller'
[0.333s] Level 1:colcon.colcon_core.package_identification:_identify(src/wheel_controller) by extensions ['ignore', 'ignore_ament_install']
[0.333s] Level 1:colcon.colcon_core.package_identification:_identify(src/wheel_controller) by extension 'ignore'
[0.333s] Level 1:colcon.colcon_core.package_identification:_identify(src/wheel_controller) by extension 'ignore_ament_install'
[0.333s] Level 1:colcon.colcon_core.package_identification:_identify(src/wheel_controller) by extensions ['colcon_pkg']
[0.333s] Level 1:colcon.colcon_core.package_identification:_identify(src/wheel_controller) by extension 'colcon_pkg'
[0.333s] Level 1:colcon.colcon_core.package_identification:_identify(src/wheel_controller) by extensions ['colcon_meta']
[0.333s] Level 1:colcon.colcon_core.package_identification:_identify(src/wheel_controller) by extension 'colcon_meta'
[0.333s] Level 1:colcon.colcon_core.package_identification:_identify(src/wheel_controller) by extensions ['ros']
[0.334s] Level 1:colcon.colcon_core.package_identification:_identify(src/wheel_controller) by extension 'ros'
[0.334s] DEBUG:colcon.colcon_core.package_identification:Package 'src/wheel_controller' with type 'ros.ament_python' and name 'wheel_controller'
[0.334s] Level 1:colcon.colcon_core.package_discovery:discover_packages(recursive) using defaults
[0.334s] Level 1:colcon.colcon_core.package_discovery:discover_packages(ignore) discover
[0.334s] Level 1:colcon.colcon_core.package_discovery:discover_packages(ignore) using defaults
[0.334s] Level 1:colcon.colcon_core.package_discovery:discover_packages(path) discover
[0.334s] Level 1:colcon.colcon_core.package_discovery:discover_packages(path) using defaults
[0.350s] Level 1:colcon.colcon_core.package_discovery:discover_packages(prefix_path) check parameters
[0.350s] Level 1:colcon.colcon_core.package_discovery:discover_packages(prefix_path) discover
[0.352s] DEBUG:colcon.colcon_installed_package_information.package_discovery:Found 258 installed packages in /opt/ros/foxy
[0.354s] Level 1:colcon.colcon_core.package_discovery:discover_packages(prefix_path) using defaults
[0.411s] Level 5:colcon.colcon_core.verb:set package 'jdamr_ros_03' build argument 'cmake_args' from command line to 'None'
[0.411s] Level 5:colcon.colcon_core.verb:set package 'jdamr_ros_03' build argument 'cmake_target' from command line to 'None'
[0.411s] Level 5:colcon.colcon_core.verb:set package 'jdamr_ros_03' build argument 'cmake_target_skip_unavailable' from command line to 'False'
[0.411s] Level 5:colcon.colcon_core.verb:set package 'jdamr_ros_03' build argument 'cmake_clean_cache' from command line to 'False'
[0.411s] Level 5:colcon.colcon_core.verb:set package 'jdamr_ros_03' build argument 'cmake_clean_first' from command line to 'False'
[0.411s] Level 5:colcon.colcon_core.verb:set package 'jdamr_ros_03' build argument 'cmake_force_configure' from command line to 'False'
[0.411s] Level 5:colcon.colcon_core.verb:set package 'jdamr_ros_03' build argument 'ament_cmake_args' from command line to 'None'
[0.411s] Level 5:colcon.colcon_core.verb:set package 'jdamr_ros_03' build argument 'catkin_cmake_args' from command line to 'None'
[0.411s] Level 5:colcon.colcon_core.verb:set package 'jdamr_ros_03' build argument 'catkin_skip_building_tests' from command line to 'False'
[0.411s] DEBUG:colcon.colcon_core.verb:Building package 'jdamr_ros_03' with the following arguments: {'ament_cmake_args': None, 'build_base': '/home/simpson/launch_ws/build/jdamr_ros_03', 'catkin_cmake_args': None, 'catkin_skip_building_tests': False, 'cmake_args': None, 'cmake_clean_cache': False, 'cmake_clean_first': False, 'cmake_force_configure': False, 'cmake_target': None, 'cmake_target_skip_unavailable': False, 'install_base': '/home/simpson/launch_ws/install/jdamr_ros_03', 'merge_install': False, 'path': '/home/simpson/launch_ws/src/jdamr_ros_03_1', 'symlink_install': False, 'test_result_base': None}
[0.411s] Level 5:colcon.colcon_core.verb:set package 'lauch_servo' build argument 'cmake_args' from command line to 'None'
[0.411s] Level 5:colcon.colcon_core.verb:set package 'lauch_servo' build argument 'cmake_target' from command line to 'None'
[0.412s] Level 5:colcon.colcon_core.verb:set package 'lauch_servo' build argument 'cmake_target_skip_unavailable' from command line to 'False'
[0.412s] Level 5:colcon.colcon_core.verb:set package 'lauch_servo' build argument 'cmake_clean_cache' from command line to 'False'
[0.412s] Level 5:colcon.colcon_core.verb:set package 'lauch_servo' build argument 'cmake_clean_first' from command line to 'False'
[0.412s] Level 5:colcon.colcon_core.verb:set package 'lauch_servo' build argument 'cmake_force_configure' from command line to 'False'
[0.412s] Level 5:colcon.colcon_core.verb:set package 'lauch_servo' build argument 'ament_cmake_args' from command line to 'None'
[0.412s] Level 5:colcon.colcon_core.verb:set package 'lauch_servo' build argument 'catkin_cmake_args' from command line to 'None'
[0.412s] Level 5:colcon.colcon_core.verb:set package 'lauch_servo' build argument 'catkin_skip_building_tests' from command line to 'False'
[0.412s] DEBUG:colcon.colcon_core.verb:Building package 'lauch_servo' with the following arguments: {'ament_cmake_args': None, 'build_base': '/home/simpson/launch_ws/build/lauch_servo', 'catkin_cmake_args': None, 'catkin_skip_building_tests': False, 'cmake_args': None, 'cmake_clean_cache': False, 'cmake_clean_first': False, 'cmake_force_configure': False, 'cmake_target': None, 'cmake_target_skip_unavailable': False, 'install_base': '/home/simpson/launch_ws/install/lauch_servo', 'merge_install': False, 'path': '/home/simpson/launch_ws/src/lauch_servo', 'symlink_install': False, 'test_result_base': None}
[0.412s] Level 5:colcon.colcon_core.verb:set package 'launch_study' build argument 'cmake_args' from command line to 'None'
[0.412s] Level 5:colcon.colcon_core.verb:set package 'launch_study' build argument 'cmake_target' from command line to 'None'
[0.412s] Level 5:colcon.colcon_core.verb:set package 'launch_study' build argument 'cmake_target_skip_unavailable' from command line to 'False'
[0.412s] Level 5:colcon.colcon_core.verb:set package 'launch_study' build argument 'cmake_clean_cache' from command line to 'False'
[0.412s] Level 5:colcon.colcon_core.verb:set package 'launch_study' build argument 'cmake_clean_first' from command line to 'False'
[0.412s] Level 5:colcon.colcon_core.verb:set package 'launch_study' build argument 'cmake_force_configure' from command line to 'False'
[0.412s] Level 5:colcon.colcon_core.verb:set package 'launch_study' build argument 'ament_cmake_args' from command line to 'None'
[0.412s] Level 5:colcon.colcon_core.verb:set package 'launch_study' build argument 'catkin_cmake_args' from command line to 'None'
[0.412s] Level 5:colcon.colcon_core.verb:set package 'launch_study' build argument 'catkin_skip_building_tests' from command line to 'False'
[0.412s] DEBUG:colcon.colcon_core.verb:Building package 'launch_study' with the following arguments: {'ament_cmake_args': None, 'build_base': '/home/simpson/launch_ws/build/launch_study', 'catkin_cmake_args': None, 'catkin_skip_building_tests': False, 'cmake_args': None, 'cmake_clean_cache': False, 'cmake_clean_first': False, 'cmake_force_configure': False, 'cmake_target': None, 'cmake_target_skip_unavailable': False, 'install_base': '/home/simpson/launch_ws/install/launch_study', 'merge_install': False, 'path': '/home/simpson/launch_ws/src/launch_study', 'symlink_install': False, 'test_result_base': None}
[0.413s] Level 5:colcon.colcon_core.verb:set package 'launch_urdf' build argument 'cmake_args' from command line to 'None'
[0.413s] Level 5:colcon.colcon_core.verb:set package 'launch_urdf' build argument 'cmake_target' from command line to 'None'
[0.413s] Level 5:colcon.colcon_core.verb:set package 'launch_urdf' build argument 'cmake_target_skip_unavailable' from command line to 'False'
[0.413s] Level 5:colcon.colcon_core.verb:set package 'launch_urdf' build argument 'cmake_clean_cache' from command line to 'False'
[0.413s] Level 5:colcon.colcon_core.verb:set package 'launch_urdf' build argument 'cmake_clean_first' from command line to 'False'
[0.413s] Level 5:colcon.colcon_core.verb:set package 'launch_urdf' build argument 'cmake_force_configure' from command line to 'False'
[0.413s] Level 5:colcon.colcon_core.verb:set package 'launch_urdf' build argument 'ament_cmake_args' from command line to 'None'
[0.413s] Level 5:colcon.colcon_core.verb:set package 'launch_urdf' build argument 'catkin_cmake_args' from command line to 'None'
[0.413s] Level 5:colcon.colcon_core.verb:set package 'launch_urdf' build argument 'catkin_skip_building_tests' from command line to 'False'
[0.413s] DEBUG:colcon.colcon_core.verb:Building package 'launch_urdf' with the following arguments: {'ament_cmake_args': None, 'build_base': '/home/simpson/launch_ws/build/launch_urdf', 'catkin_cmake_args': None, 'catkin_skip_building_tests': False, 'cmake_args': None, 'cmake_clean_cache': False, 'cmake_clean_first': False, 'cmake_force_configure': False, 'cmake_target': None, 'cmake_target_skip_unavailable': False, 'install_base': '/home/simpson/launch_ws/install/launch_urdf', 'merge_install': False, 'path': '/home/simpson/launch_ws/src/launch_urdf', 'symlink_install': False, 'test_result_base': None}
[0.413s] Level 5:colcon.colcon_core.verb:set package 'ros_ardu' build argument 'cmake_args' from command line to 'None'
[0.413s] Level 5:colcon.colcon_core.verb:set package 'ros_ardu' build argument 'cmake_target' from command line to 'None'
[0.413s] Level 5:colcon.colcon_core.verb:set package 'ros_ardu' build argument 'cmake_target_skip_unavailable' from command line to 'False'
[0.413s] Level 5:colcon.colcon_core.verb:set package 'ros_ardu' build argument 'cmake_clean_cache' from command line to 'False'
[0.413s] Level 5:colcon.colcon_core.verb:set package 'ros_ardu' build argument 'cmake_clean_first' from command line to 'False'
[0.413s] Level 5:colcon.colcon_core.verb:set package 'ros_ardu' build argument 'cmake_force_configure' from command line to 'False'
[0.413s] Level 5:colcon.colcon_core.verb:set package 'ros_ardu' build argument 'ament_cmake_args' from command line to 'None'
[0.413s] Level 5:colcon.colcon_core.verb:set package 'ros_ardu' build argument 'catkin_cmake_args' from command line to 'None'
[0.414s] Level 5:colcon.colcon_core.verb:set package 'ros_ardu' build argument 'catkin_skip_building_tests' from command line to 'False'
[0.414s] DEBUG:colcon.colcon_core.verb:Building package 'ros_ardu' with the following arguments: {'ament_cmake_args': None, 'build_base': '/home/simpson/launch_ws/build/ros_ardu', 'catkin_cmake_args': None, 'catkin_skip_building_tests': False, 'cmake_args': None, 'cmake_clean_cache': False, 'cmake_clean_first': False, 'cmake_force_configure': False, 'cmake_target': None, 'cmake_target_skip_unavailable': False, 'install_base': '/home/simpson/launch_ws/install/ros_ardu', 'merge_install': False, 'path': '/home/simpson/launch_ws/src/ros_ardu', 'symlink_install': False, 'test_result_base': None}
[0.414s] Level 5:colcon.colcon_core.verb:set package 'ros_dd' build argument 'cmake_args' from command line to 'None'
[0.414s] Level 5:colcon.colcon_core.verb:set package 'ros_dd' build argument 'cmake_target' from command line to 'None'
[0.414s] Level 5:colcon.colcon_core.verb:set package 'ros_dd' build argument 'cmake_target_skip_unavailable' from command line to 'False'
[0.414s] Level 5:colcon.colcon_core.verb:set package 'ros_dd' build argument 'cmake_clean_cache' from command line to 'False'
[0.414s] Level 5:colcon.colcon_core.verb:set package 'ros_dd' build argument 'cmake_clean_first' from command line to 'False'
[0.414s] Level 5:colcon.colcon_core.verb:set package 'ros_dd' build argument 'cmake_force_configure' from command line to 'False'
[0.414s] Level 5:colcon.colcon_core.verb:set package 'ros_dd' build argument 'ament_cmake_args' from command line to 'None'
[0.414s] Level 5:colcon.colcon_core.verb:set package 'ros_dd' build argument 'catkin_cmake_args' from command line to 'None'
[0.414s] Level 5:colcon.colcon_core.verb:set package 'ros_dd' build argument 'catkin_skip_building_tests' from command line to 'False'
[0.414s] DEBUG:colcon.colcon_core.verb:Building package 'ros_dd' with the following arguments: {'ament_cmake_args': None, 'build_base': '/home/simpson/launch_ws/build/ros_dd', 'catkin_cmake_args': None, 'catkin_skip_building_tests': False, 'cmake_args': None, 'cmake_clean_cache': False, 'cmake_clean_first': False, 'cmake_force_configure': False, 'cmake_target': None, 'cmake_target_skip_unavailable': False, 'install_base': '/home/simpson/launch_ws/install/ros_dd', 'merge_install': False, 'path': '/home/simpson/launch_ws/src/ros_dd', 'symlink_install': False, 'test_result_base': None}
[0.415s] Level 5:colcon.colcon_core.verb:set package 'ros_good' build argument 'cmake_args' from command line to 'None'
[0.415s] Level 5:colcon.colcon_core.verb:set package 'ros_good' build argument 'cmake_target' from command line to 'None'
[0.415s] Level 5:colcon.colcon_core.verb:set package 'ros_good' build argument 'cmake_target_skip_unavailable' from command line to 'False'
[0.415s] Level 5:colcon.colcon_core.verb:set package 'ros_good' build argument 'cmake_clean_cache' from command line to 'False'
[0.415s] Level 5:colcon.colcon_core.verb:set package 'ros_good' build argument 'cmake_clean_first' from command line to 'False'
[0.415s] Level 5:colcon.colcon_core.verb:set package 'ros_good' build argument 'cmake_force_configure' from command line to 'False'
[0.415s] Level 5:colcon.colcon_core.verb:set package 'ros_good' build argument 'ament_cmake_args' from command line to 'None'
[0.415s] Level 5:colcon.colcon_core.verb:set package 'ros_good' build argument 'catkin_cmake_args' from command line to 'None'
[0.415s] Level 5:colcon.colcon_core.verb:set package 'ros_good' build argument 'catkin_skip_building_tests' from command line to 'False'
[0.415s] DEBUG:colcon.colcon_core.verb:Building package 'ros_good' with the following arguments: {'ament_cmake_args': None, 'build_base': '/home/simpson/launch_ws/build/ros_good', 'catkin_cmake_args': None, 'catkin_skip_building_tests': False, 'cmake_args': None, 'cmake_clean_cache': False, 'cmake_clean_first': False, 'cmake_force_configure': False, 'cmake_target': None, 'cmake_target_skip_unavailable': False, 'install_base': '/home/simpson/launch_ws/install/ros_good', 'merge_install': False, 'path': '/home/simpson/launch_ws/src/ros_good', 'symlink_install': False, 'test_result_base': None}
[0.415s] Level 5:colcon.colcon_core.verb:set package 'ros_msg' build argument 'cmake_args' from command line to 'None'
[0.415s] Level 5:colcon.colcon_core.verb:set package 'ros_msg' build argument 'cmake_target' from command line to 'None'
[0.415s] Level 5:colcon.colcon_core.verb:set package 'ros_msg' build argument 'cmake_target_skip_unavailable' from command line to 'False'
[0.415s] Level 5:colcon.colcon_core.verb:set package 'ros_msg' build argument 'cmake_clean_cache' from command line to 'False'
[0.415s] Level 5:colcon.colcon_core.verb:set package 'ros_msg' build argument 'cmake_clean_first' from command line to 'False'
[0.415s] Level 5:colcon.colcon_core.verb:set package 'ros_msg' build argument 'cmake_force_configure' from command line to 'False'
[0.415s] Level 5:colcon.colcon_core.verb:set package 'ros_msg' build argument 'ament_cmake_args' from command line to 'None'
[0.415s] Level 5:colcon.colcon_core.verb:set package 'ros_msg' build argument 'catkin_cmake_args' from command line to 'None'
[0.415s] Level 5:colcon.colcon_core.verb:set package 'ros_msg' build argument 'catkin_skip_building_tests' from command line to 'False'
[0.415s] DEBUG:colcon.colcon_core.verb:Building package 'ros_msg' with the following arguments: {'ament_cmake_args': None, 'build_base': '/home/simpson/launch_ws/build/ros_msg', 'catkin_cmake_args': None, 'catkin_skip_building_tests': False, 'cmake_args': None, 'cmake_clean_cache': False, 'cmake_clean_first': False, 'cmake_force_configure': False, 'cmake_target': None, 'cmake_target_skip_unavailable': False, 'install_base': '/home/simpson/launch_ws/install/ros_msg', 'merge_install': False, 'path': '/home/simpson/launch_ws/src/ros_msg', 'symlink_install': False, 'test_result_base': None}
[0.416s] Level 5:colcon.colcon_core.verb:set package 'ros_wheel_controller' build argument 'cmake_args' from command line to 'None'
[0.416s] Level 5:colcon.colcon_core.verb:set package 'ros_wheel_controller' build argument 'cmake_target' from command line to 'None'
[0.416s] Level 5:colcon.colcon_core.verb:set package 'ros_wheel_controller' build argument 'cmake_target_skip_unavailable' from command line to 'False'
[0.416s] Level 5:colcon.colcon_core.verb:set package 'ros_wheel_controller' build argument 'cmake_clean_cache' from command line to 'False'
[0.416s] Level 5:colcon.colcon_core.verb:set package 'ros_wheel_controller' build argument 'cmake_clean_first' from command line to 'False'
[0.416s] Level 5:colcon.colcon_core.verb:set package 'ros_wheel_controller' build argument 'cmake_force_configure' from command line to 'False'
[0.416s] Level 5:colcon.colcon_core.verb:set package 'ros_wheel_controller' build argument 'ament_cmake_args' from command line to 'None'
[0.416s] Level 5:colcon.colcon_core.verb:set package 'ros_wheel_controller' build argument 'catkin_cmake_args' from command line to 'None'
[0.416s] Level 5:colcon.colcon_core.verb:set package 'ros_wheel_controller' build argument 'catkin_skip_building_tests' from command line to 'False'
[0.416s] DEBUG:colcon.colcon_core.verb:Building package 'ros_wheel_controller' with the following arguments: {'ament_cmake_args': None, 'build_base': '/home/simpson/launch_ws/build/ros_wheel_controller', 'catkin_cmake_args': None, 'catkin_skip_building_tests': False, 'cmake_args': None, 'cmake_clean_cache': False, 'cmake_clean_first': False, 'cmake_force_configure': False, 'cmake_target': None, 'cmake_target_skip_unavailable': False, 'install_base': '/home/simpson/launch_ws/install/ros_wheel_controller', 'merge_install': False, 'path': '/home/simpson/launch_ws/src/ros_wheel_controller', 'symlink_install': False, 'test_result_base': None}
[0.416s] Level 5:colcon.colcon_core.verb:set package 'wheel_controller' build argument 'cmake_args' from command line to 'None'
[0.416s] Level 5:colcon.colcon_core.verb:set package 'wheel_controller' build argument 'cmake_target' from command line to 'None'
[0.416s] Level 5:colcon.colcon_core.verb:set package 'wheel_controller' build argument 'cmake_target_skip_unavailable' from command line to 'False'
[0.417s] Level 5:colcon.colcon_core.verb:set package 'wheel_controller' build argument 'cmake_clean_cache' from command line to 'False'
[0.417s] Level 5:colcon.colcon_core.verb:set package 'wheel_controller' build argument 'cmake_clean_first' from command line to 'False'
[0.417s] Level 5:colcon.colcon_core.verb:set package 'wheel_controller' build argument 'cmake_force_configure' from command line to 'False'
[0.417s] Level 5:colcon.colcon_core.verb:set package 'wheel_controller' build argument 'ament_cmake_args' from command line to 'None'
[0.417s] Level 5:colcon.colcon_core.verb:set package 'wheel_controller' build argument 'catkin_cmake_args' from command line to 'None'
[0.417s] Level 5:colcon.colcon_core.verb:set package 'wheel_controller' build argument 'catkin_skip_building_tests' from command line to 'False'
[0.417s] DEBUG:colcon.colcon_core.verb:Building package 'wheel_controller' with the following arguments: {'ament_cmake_args': None, 'build_base': '/home/simpson/launch_ws/build/wheel_controller', 'catkin_cmake_args': None, 'catkin_skip_building_tests': False, 'cmake_args': None, 'cmake_clean_cache': False, 'cmake_clean_first': False, 'cmake_force_configure': False, 'cmake_target': None, 'cmake_target_skip_unavailable': False, 'install_base': '/home/simpson/launch_ws/install/wheel_controller', 'merge_install': False, 'path': '/home/simpson/launch_ws/src/wheel_controller', 'symlink_install': False, 'test_result_base': None}
[0.417s] INFO:colcon.colcon_core.executor:Executing jobs using 'parallel' executor
[0.418s] DEBUG:colcon.colcon_parallel_executor.executor.parallel:run_until_complete
[0.418s] INFO:colcon.colcon_ros.task.ament_python.build:Building ROS package in '/home/simpson/launch_ws/src/jdamr_ros_03_1' with build type 'ament_python'
[0.418s] Level 1:colcon.colcon_core.shell:create_environment_hook('jdamr_ros_03', 'ament_prefix_path')
[0.421s] INFO:colcon.colcon_core.plugin_system:Skipping extension 'colcon_core.shell.bat': Not used on non-Windows systems
[0.421s] INFO:colcon.colcon_core.shell:Creating environment hook '/home/simpson/launch_ws/install/jdamr_ros_03/share/jdamr_ros_03/hook/ament_prefix_path.ps1'
[0.422s] INFO:colcon.colcon_core.shell:Creating environment descriptor '/home/simpson/launch_ws/install/jdamr_ros_03/share/jdamr_ros_03/hook/ament_prefix_path.dsv'
[0.422s] INFO:colcon.colcon_core.shell:Creating environment hook '/home/simpson/launch_ws/install/jdamr_ros_03/share/jdamr_ros_03/hook/ament_prefix_path.sh'
[0.423s] INFO:colcon.colcon_core.shell:Skip shell extension 'powershell' for command environment: Not usable outside of PowerShell
[0.423s] DEBUG:colcon.colcon_core.shell:Skip shell extension 'dsv' for command environment
[0.428s] INFO:colcon.colcon_ros.task.ament_python.build:Building ROS package in '/home/simpson/launch_ws/src/lauch_servo' with build type 'ament_python'
[0.429s] Level 1:colcon.colcon_core.shell:create_environment_hook('lauch_servo', 'ament_prefix_path')
[0.429s] INFO:colcon.colcon_core.shell:Creating environment hook '/home/simpson/launch_ws/install/lauch_servo/share/lauch_servo/hook/ament_prefix_path.ps1'
[0.431s] INFO:colcon.colcon_core.shell:Creating environment descriptor '/home/simpson/launch_ws/install/lauch_servo/share/lauch_servo/hook/ament_prefix_path.dsv'
[0.431s] INFO:colcon.colcon_core.shell:Creating environment hook '/home/simpson/launch_ws/install/lauch_servo/share/lauch_servo/hook/ament_prefix_path.sh'
[0.433s] INFO:colcon.colcon_core.shell:Skip shell extension 'powershell' for command environment: Not usable outside of PowerShell
[0.433s] DEBUG:colcon.colcon_core.shell:Skip shell extension 'dsv' for command environment
[0.442s] INFO:colcon.colcon_ros.task.ament_python.build:Building ROS package in '/home/simpson/launch_ws/src/launch_study' with build type 'ament_python'
[0.443s] Level 1:colcon.colcon_core.shell:create_environment_hook('launch_study', 'ament_prefix_path')
[0.444s] INFO:colcon.colcon_core.shell:Creating environment hook '/home/simpson/launch_ws/install/launch_study/share/launch_study/hook/ament_prefix_path.ps1'
[0.445s] INFO:colcon.colcon_core.shell:Creating environment descriptor '/home/simpson/launch_ws/install/launch_study/share/launch_study/hook/ament_prefix_path.dsv'
[0.445s] INFO:colcon.colcon_core.shell:Creating environment hook '/home/simpson/launch_ws/install/launch_study/share/launch_study/hook/ament_prefix_path.sh'
[0.446s] INFO:colcon.colcon_core.shell:Skip shell extension 'powershell' for command environment: Not usable outside of PowerShell
[0.446s] DEBUG:colcon.colcon_core.shell:Skip shell extension 'dsv' for command environment
[0.450s] INFO:colcon.colcon_ros.task.ament_python.build:Building ROS package in '/home/simpson/launch_ws/src/launch_urdf' with build type 'ament_python'
[0.451s] Level 1:colcon.colcon_core.shell:create_environment_hook('launch_urdf', 'ament_prefix_path')
[0.453s] INFO:colcon.colcon_core.shell:Creating environment hook '/home/simpson/launch_ws/install/launch_urdf/share/launch_urdf/hook/ament_prefix_path.ps1'
[0.455s] INFO:colcon.colcon_core.shell:Creating environment descriptor '/home/simpson/launch_ws/install/launch_urdf/share/launch_urdf/hook/ament_prefix_path.dsv'
[0.456s] INFO:colcon.colcon_core.shell:Creating environment hook '/home/simpson/launch_ws/install/launch_urdf/share/launch_urdf/hook/ament_prefix_path.sh'
[0.478s] INFO:colcon.colcon_core.shell:Skip shell extension 'powershell' for command environment: Not usable outside of PowerShell
[0.478s] DEBUG:colcon.colcon_core.shell:Skip shell extension 'dsv' for command environment
[0.482s] INFO:colcon.colcon_ros.task.ament_python.build:Building ROS package in '/home/simpson/launch_ws/src/ros_ardu' with build type 'ament_python'
[0.483s] Level 1:colcon.colcon_core.shell:create_environment_hook('ros_ardu', 'ament_prefix_path')
[0.484s] INFO:colcon.colcon_core.shell:Creating environment hook '/home/simpson/launch_ws/install/ros_ardu/share/ros_ardu/hook/ament_prefix_path.ps1'
[0.487s] INFO:colcon.colcon_core.shell:Creating environment descriptor '/home/simpson/launch_ws/install/ros_ardu/share/ros_ardu/hook/ament_prefix_path.dsv'
[0.488s] INFO:colcon.colcon_core.shell:Creating environment hook '/home/simpson/launch_ws/install/ros_ardu/share/ros_ardu/hook/ament_prefix_path.sh'
[0.489s] INFO:colcon.colcon_core.shell:Skip shell extension 'powershell' for command environment: Not usable outside of PowerShell
[0.489s] DEBUG:colcon.colcon_core.shell:Skip shell extension 'dsv' for command environment
[0.495s] INFO:colcon.colcon_ros.task.ament_python.build:Building ROS package in '/home/simpson/launch_ws/src/ros_dd' with build type 'ament_python'
[0.496s] Level 1:colcon.colcon_core.shell:create_environment_hook('ros_dd', 'ament_prefix_path')
[0.496s] INFO:colcon.colcon_core.shell:Creating environment hook '/home/simpson/launch_ws/install/ros_dd/share/ros_dd/hook/ament_prefix_path.ps1'
[0.497s] INFO:colcon.colcon_core.shell:Creating environment descriptor '/home/simpson/launch_ws/install/ros_dd/share/ros_dd/hook/ament_prefix_path.dsv'
[0.497s] INFO:colcon.colcon_core.shell:Creating environment hook '/home/simpson/launch_ws/install/ros_dd/share/ros_dd/hook/ament_prefix_path.sh'
[0.498s] INFO:colcon.colcon_core.shell:Skip shell extension 'powershell' for command environment: Not usable outside of PowerShell
[0.498s] DEBUG:colcon.colcon_core.shell:Skip shell extension 'dsv' for command environment
[0.505s] INFO:colcon.colcon_ros.task.ament_python.build:Building ROS package in '/home/simpson/launch_ws/src/ros_good' with build type 'ament_python'
[0.506s] Level 1:colcon.colcon_core.shell:create_environment_hook('ros_good', 'ament_prefix_path')
[0.508s] INFO:colcon.colcon_core.shell:Creating environment hook '/home/simpson/launch_ws/install/ros_good/share/ros_good/hook/ament_prefix_path.ps1'
[0.510s] INFO:colcon.colcon_core.shell:Creating environment descriptor '/home/simpson/launch_ws/install/ros_good/share/ros_good/hook/ament_prefix_path.dsv'
[0.511s] INFO:colcon.colcon_core.shell:Creating environment hook '/home/simpson/launch_ws/install/ros_good/share/ros_good/hook/ament_prefix_path.sh'
[0.512s] INFO:colcon.colcon_core.shell:Skip shell extension 'powershell' for command environment: Not usable outside of PowerShell
[0.512s] DEBUG:colcon.colcon_core.shell:Skip shell extension 'dsv' for command environment
[0.520s] INFO:colcon.colcon_ros.task.ament_python.build:Building ROS package in '/home/simpson/launch_ws/src/ros_msg' with build type 'ament_python'
[0.521s] Level 1:colcon.colcon_core.shell:create_environment_hook('ros_msg', 'ament_prefix_path')
[0.522s] INFO:colcon.colcon_core.shell:Creating environment hook '/home/simpson/launch_ws/install/ros_msg/share/ros_msg/hook/ament_prefix_path.ps1'
[0.524s] INFO:colcon.colcon_core.shell:Creating environment descriptor '/home/simpson/launch_ws/install/ros_msg/share/ros_msg/hook/ament_prefix_path.dsv'
[0.525s] INFO:colcon.colcon_core.shell:Creating environment hook '/home/simpson/launch_ws/install/ros_msg/share/ros_msg/hook/ament_prefix_path.sh'
[0.527s] INFO:colcon.colcon_core.shell:Skip shell extension 'powershell' for command environment: Not usable outside of PowerShell
[0.527s] DEBUG:colcon.colcon_core.shell:Skip shell extension 'dsv' for command environment
[0.786s] INFO:colcon.colcon_core.task.python.build:Building Python package in '/home/simpson/launch_ws/src/jdamr_ros_03_1'
[0.787s] INFO:colcon.colcon_core.shell:Skip shell extension 'powershell' for command environment: Not usable outside of PowerShell
[0.787s] DEBUG:colcon.colcon_core.shell:Skip shell extension 'dsv' for command environment
[1.056s] INFO:colcon.colcon_core.task.python.build:Building Python package in '/home/simpson/launch_ws/src/lauch_servo'
[1.057s] INFO:colcon.colcon_core.shell:Skip shell extension 'powershell' for command environment: Not usable outside of PowerShell
[1.057s] DEBUG:colcon.colcon_core.shell:Skip shell extension 'dsv' for command environment
[1.276s] INFO:colcon.colcon_core.task.python.build:Building Python package in '/home/simpson/launch_ws/src/launch_study'
[1.277s] INFO:colcon.colcon_core.shell:Skip shell extension 'powershell' for command environment: Not usable outside of PowerShell
[1.277s] DEBUG:colcon.colcon_core.shell:Skip shell extension 'dsv' for command environment
[1.497s] INFO:colcon.colcon_core.task.python.build:Building Python package in '/home/simpson/launch_ws/src/launch_urdf'
[1.497s] INFO:colcon.colcon_core.shell:Skip shell extension 'powershell' for command environment: Not usable outside of PowerShell
[1.497s] DEBUG:colcon.colcon_core.shell:Skip shell extension 'dsv' for command environment
[1.717s] INFO:colcon.colcon_core.task.python.build:Building Python package in '/home/simpson/launch_ws/src/ros_ardu'
[1.718s] INFO:colcon.colcon_core.shell:Skip shell extension 'powershell' for command environment: Not usable outside of PowerShell
[1.718s] DEBUG:colcon.colcon_core.shell:Skip shell extension 'dsv' for command environment
[1.939s] INFO:colcon.colcon_core.task.python.build:Building Python package in '/home/simpson/launch_ws/src/ros_dd'
[1.939s] INFO:colcon.colcon_core.shell:Skip shell extension 'powershell' for command environment: Not usable outside of PowerShell
[1.939s] DEBUG:colcon.colcon_core.shell:Skip shell extension 'dsv' for command environment
[2.172s] INFO:colcon.colcon_core.task.python.build:Building Python package in '/home/simpson/launch_ws/src/ros_good'
[2.173s] INFO:colcon.colcon_core.shell:Skip shell extension 'powershell' for command environment: Not usable outside of PowerShell
[2.173s] DEBUG:colcon.colcon_core.shell:Skip shell extension 'dsv' for command environment
[2.395s] INFO:colcon.colcon_core.task.python.build:Building Python package in '/home/simpson/launch_ws/src/ros_msg'
[2.395s] INFO:colcon.colcon_core.shell:Skip shell extension 'powershell' for command environment: Not usable outside of PowerShell
[2.396s] DEBUG:colcon.colcon_core.shell:Skip shell extension 'dsv' for command environment
[3.256s] DEBUG:colcon.colcon_core.event_handler.log_command:Invoking command in '/home/simpson/launch_ws/src/launch_study': PYTHONPATH=/home/simpson/launch_ws/build/launch_study/prefix_override:/usr/lib/python3/dist-packages/colcon_core/task/python/colcon_distutils_commands:/home/simpson/launch_ws/install/launch_study/lib/python3.8/site-packages:${PYTHONPATH} /usr/bin/python3 -W ignore:setup.py install is deprecated setup.py egg_info --egg-base ../../build/launch_study build --build-base /home/simpson/launch_ws/build/launch_study/build install --record /home/simpson/launch_ws/build/launch_study/install.log --install-scripts $base/lib/launch_study --single-version-externally-managed install_data
[3.283s] DEBUG:colcon.colcon_core.event_handler.log_command:Invoking command in '/home/simpson/launch_ws/src/lauch_servo': PYTHONPATH=/home/simpson/launch_ws/build/lauch_servo/prefix_override:/usr/lib/python3/dist-packages/colcon_core/task/python/colcon_distutils_commands:/home/simpson/launch_ws/install/lauch_servo/lib/python3.8/site-packages:${PYTHONPATH} /usr/bin/python3 -W ignore:setup.py install is deprecated setup.py egg_info --egg-base ../../build/lauch_servo build --build-base /home/simpson/launch_ws/build/lauch_servo/build install --record /home/simpson/launch_ws/build/lauch_servo/install.log --install-scripts $base/lib/lauch_servo --single-version-externally-managed install_data
[3.290s] DEBUG:colcon.colcon_core.event_handler.log_command:Invoking command in '/home/simpson/launch_ws/src/jdamr_ros_03_1': PYTHONPATH=/home/simpson/launch_ws/build/jdamr_ros_03/prefix_override:/usr/lib/python3/dist-packages/colcon_core/task/python/colcon_distutils_commands:/home/simpson/launch_ws/install/jdamr_ros_03/lib/python3.8/site-packages:${PYTHONPATH} /usr/bin/python3 -W ignore:setup.py install is deprecated setup.py egg_info --egg-base ../../build/jdamr_ros_03 build --build-base /home/simpson/launch_ws/build/jdamr_ros_03/build install --record /home/simpson/launch_ws/build/jdamr_ros_03/install.log --single-version-externally-managed install_data
[3.302s] DEBUG:colcon.colcon_core.event_handler.log_command:Invoking command in '/home/simpson/launch_ws/src/ros_ardu': PYTHONPATH=/home/simpson/launch_ws/build/ros_ardu/prefix_override:/usr/lib/python3/dist-packages/colcon_core/task/python/colcon_distutils_commands:/home/simpson/launch_ws/install/ros_ardu/lib/python3.8/site-packages:${PYTHONPATH} /usr/bin/python3 -W ignore:setup.py install is deprecated setup.py egg_info --egg-base ../../build/ros_ardu build --build-base /home/simpson/launch_ws/build/ros_ardu/build install --record /home/simpson/launch_ws/build/ros_ardu/install.log --single-version-externally-managed install_data
[3.312s] DEBUG:colcon.colcon_core.event_handler.log_command:Invoking command in '/home/simpson/launch_ws/src/ros_msg': PYTHONPATH=/home/simpson/launch_ws/build/ros_msg/prefix_override:/usr/lib/python3/dist-packages/colcon_core/task/python/colcon_distutils_commands:/home/simpson/launch_ws/install/ros_msg/lib/python3.8/site-packages:${PYTHONPATH} /usr/bin/python3 -W ignore:setup.py install is deprecated setup.py egg_info --egg-base ../../build/ros_msg build --build-base /home/simpson/launch_ws/build/ros_msg/build install --record /home/simpson/launch_ws/build/ros_msg/install.log --single-version-externally-managed install_data
[3.320s] DEBUG:colcon.colcon_core.event_handler.log_command:Invoking command in '/home/simpson/launch_ws/src/ros_good': PYTHONPATH=/home/simpson/launch_ws/build/ros_good/prefix_override:/usr/lib/python3/dist-packages/colcon_core/task/python/colcon_distutils_commands:/home/simpson/launch_ws/install/ros_good/lib/python3.8/site-packages:${PYTHONPATH} /usr/bin/python3 -W ignore:setup.py install is deprecated setup.py egg_info --egg-base ../../build/ros_good build --build-base /home/simpson/launch_ws/build/ros_good/build install --record /home/simpson/launch_ws/build/ros_good/install.log --single-version-externally-managed install_data
[3.327s] DEBUG:colcon.colcon_core.event_handler.log_command:Invoking command in '/home/simpson/launch_ws/src/ros_dd': PYTHONPATH=/home/simpson/launch_ws/build/ros_dd/prefix_override:/usr/lib/python3/dist-packages/colcon_core/task/python/colcon_distutils_commands:/home/simpson/launch_ws/install/ros_dd/lib/python3.8/site-packages:${PYTHONPATH} /usr/bin/python3 -W ignore:setup.py install is deprecated setup.py egg_info --egg-base ../../build/ros_dd build --build-base /home/simpson/launch_ws/build/ros_dd/build install --record /home/simpson/launch_ws/build/ros_dd/install.log --single-version-externally-managed install_data
[3.359s] DEBUG:colcon.colcon_core.event_handler.log_command:Invoking command in '/home/simpson/launch_ws/src/launch_urdf': PYTHONPATH=/home/simpson/launch_ws/build/launch_urdf/prefix_override:/usr/lib/python3/dist-packages/colcon_core/task/python/colcon_distutils_commands:/home/simpson/launch_ws/install/launch_urdf/lib/python3.8/site-packages:${PYTHONPATH} /usr/bin/python3 -W ignore:setup.py install is deprecated setup.py egg_info --egg-base ../../build/launch_urdf build --build-base /home/simpson/launch_ws/build/launch_urdf/build install --record /home/simpson/launch_ws/build/launch_urdf/install.log --install-scripts $base/lib/launch_urdf --single-version-externally-managed install_data
[3.878s] DEBUG:colcon.colcon_core.event_handler.log_command:Invoked command in '/home/simpson/launch_ws/src/lauch_servo' returned '0': PYTHONPATH=/home/simpson/launch_ws/build/lauch_servo/prefix_override:/usr/lib/python3/dist-packages/colcon_core/task/python/colcon_distutils_commands:/home/simpson/launch_ws/install/lauch_servo/lib/python3.8/site-packages:${PYTHONPATH} /usr/bin/python3 -W ignore:setup.py install is deprecated setup.py egg_info --egg-base ../../build/lauch_servo build --build-base /home/simpson/launch_ws/build/lauch_servo/build install --record /home/simpson/launch_ws/build/lauch_servo/install.log --install-scripts $base/lib/lauch_servo --single-version-externally-managed install_data
[3.883s] Level 1:colcon.colcon_core.environment:checking '/home/simpson/launch_ws/install/lauch_servo' for CMake module files
[3.885s] Level 1:colcon.colcon_core.environment:checking '/home/simpson/launch_ws/install/lauch_servo' for CMake config files
[3.887s] Level 1:colcon.colcon_core.environment:checking '/home/simpson/launch_ws/install/lauch_servo/lib'
[3.888s] Level 1:colcon.colcon_core.environment:checking '/home/simpson/launch_ws/install/lauch_servo/bin'
[3.888s] Level 1:colcon.colcon_core.environment:checking '/home/simpson/launch_ws/install/lauch_servo/lib/pkgconfig/lauch_servo.pc'
[3.888s] Level 1:colcon.colcon_core.environment:checking '/home/simpson/launch_ws/install/lauch_servo/lib/python3.8/site-packages'
[3.888s] Level 1:colcon.colcon_core.shell:create_environment_hook('lauch_servo', 'pythonpath')
[3.889s] INFO:colcon.colcon_core.shell:Creating environment hook '/home/simpson/launch_ws/install/lauch_servo/share/lauch_servo/hook/pythonpath.ps1'
[3.890s] INFO:colcon.colcon_core.shell:Creating environment descriptor '/home/simpson/launch_ws/install/lauch_servo/share/lauch_servo/hook/pythonpath.dsv'
[3.891s] INFO:colcon.colcon_core.shell:Creating environment hook '/home/simpson/launch_ws/install/lauch_servo/share/lauch_servo/hook/pythonpath.sh'
[3.892s] Level 1:colcon.colcon_core.environment:checking '/home/simpson/launch_ws/install/lauch_servo/bin'
[3.892s] Level 1:colcon.colcon_core.environment:create_environment_scripts_only(lauch_servo)
[3.893s] INFO:colcon.colcon_core.shell:Creating package script '/home/simpson/launch_ws/install/lauch_servo/share/lauch_servo/package.ps1'
[3.895s] INFO:colcon.colcon_core.shell:Creating package descriptor '/home/simpson/launch_ws/install/lauch_servo/share/lauch_servo/package.dsv'
[3.896s] INFO:colcon.colcon_core.shell:Creating package script '/home/simpson/launch_ws/install/lauch_servo/share/lauch_servo/package.sh'
[3.898s] INFO:colcon.colcon_core.shell:Creating package script '/home/simpson/launch_ws/install/lauch_servo/share/lauch_servo/package.bash'
[3.901s] INFO:colcon.colcon_core.shell:Creating package script '/home/simpson/launch_ws/install/lauch_servo/share/lauch_servo/package.zsh'
[3.902s] Level 1:colcon.colcon_core.environment:create_file_with_runtime_dependencies(/home/simpson/launch_ws/install/lauch_servo/share/colcon-core/packages/lauch_servo)
[3.904s] INFO:colcon.colcon_ros.task.ament_python.build:Building ROS package in '/home/simpson/launch_ws/src/ros_wheel_controller' with build type 'ament_python'
[3.905s] Level 1:colcon.colcon_core.shell:create_environment_hook('ros_wheel_controller', 'ament_prefix_path')
[3.905s] INFO:colcon.colcon_core.shell:Creating environment hook '/home/simpson/launch_ws/install/ros_wheel_controller/share/ros_wheel_controller/hook/ament_prefix_path.ps1'
[3.906s] INFO:colcon.colcon_core.shell:Creating environment descriptor '/home/simpson/launch_ws/install/ros_wheel_controller/share/ros_wheel_controller/hook/ament_prefix_path.dsv'
[3.907s] INFO:colcon.colcon_core.shell:Creating environment hook '/home/simpson/launch_ws/install/ros_wheel_controller/share/ros_wheel_controller/hook/ament_prefix_path.sh'
[3.908s] INFO:colcon.colcon_core.shell:Skip shell extension 'powershell' for command environment: Not usable outside of PowerShell
[3.909s] DEBUG:colcon.colcon_core.shell:Skip shell extension 'dsv' for command environment
[4.203s] INFO:colcon.colcon_core.task.python.build:Building Python package in '/home/simpson/launch_ws/src/ros_wheel_controller'
[4.204s] INFO:colcon.colcon_core.shell:Skip shell extension 'powershell' for command environment: Not usable outside of PowerShell
[4.204s] DEBUG:colcon.colcon_core.shell:Skip shell extension 'dsv' for command environment
[4.215s] Level 1:colcon.colcon_core.environment:checking '/home/simpson/launch_ws/install/ros_ardu' for CMake module files
[4.217s] Level 1:colcon.colcon_core.environment:checking '/home/simpson/launch_ws/install/ros_ardu' for CMake config files
[4.218s] DEBUG:colcon.colcon_core.event_handler.log_command:Invoked command in '/home/simpson/launch_ws/src/ros_ardu' returned '0': PYTHONPATH=/home/simpson/launch_ws/build/ros_ardu/prefix_override:/usr/lib/python3/dist-packages/colcon_core/task/python/colcon_distutils_commands:/home/simpson/launch_ws/install/ros_ardu/lib/python3.8/site-packages:${PYTHONPATH} /usr/bin/python3 -W ignore:setup.py install is deprecated setup.py egg_info --egg-base ../../build/ros_ardu build --build-base /home/simpson/launch_ws/build/ros_ardu/build install --record /home/simpson/launch_ws/build/ros_ardu/install.log --single-version-externally-managed install_data
[4.219s] Level 1:colcon.colcon_core.environment:checking '/home/simpson/launch_ws/install/ros_ardu/lib'
[4.219s] Level 1:colcon.colcon_core.environment:checking '/home/simpson/launch_ws/install/ros_ardu/bin'
[4.219s] Level 1:colcon.colcon_core.environment:checking '/home/simpson/launch_ws/install/ros_ardu/lib/pkgconfig/ros_ardu.pc'
[4.220s] Level 1:colcon.colcon_core.environment:checking '/home/simpson/launch_ws/install/ros_ardu/lib/python3.8/site-packages'
[4.220s] Level 1:colcon.colcon_core.shell:create_environment_hook('ros_ardu', 'pythonpath')
[4.220s] INFO:colcon.colcon_core.shell:Creating environment hook '/home/simpson/launch_ws/install/ros_ardu/share/ros_ardu/hook/pythonpath.ps1'
[4.221s] INFO:colcon.colcon_core.shell:Creating environment descriptor '/home/simpson/launch_ws/install/ros_ardu/share/ros_ardu/hook/pythonpath.dsv'
[4.221s] INFO:colcon.colcon_core.shell:Creating environment hook '/home/simpson/launch_ws/install/ros_ardu/share/ros_ardu/hook/pythonpath.sh'
[4.222s] Level 1:colcon.colcon_core.environment:checking '/home/simpson/launch_ws/install/ros_ardu/bin'
[4.222s] Level 1:colcon.colcon_core.environment:create_environment_scripts_only(ros_ardu)
[4.223s] INFO:colcon.colcon_core.shell:Creating package script '/home/simpson/launch_ws/install/ros_ardu/share/ros_ardu/package.ps1'
[4.223s] INFO:colcon.colcon_core.shell:Creating package descriptor '/home/simpson/launch_ws/install/ros_ardu/share/ros_ardu/package.dsv'
[4.224s] INFO:colcon.colcon_core.shell:Creating package script '/home/simpson/launch_ws/install/ros_ardu/share/ros_ardu/package.sh'
[4.224s] INFO:colcon.colcon_core.shell:Creating package script '/home/simpson/launch_ws/install/ros_ardu/share/ros_ardu/package.bash'
[4.225s] INFO:colcon.colcon_core.shell:Creating package script '/home/simpson/launch_ws/install/ros_ardu/share/ros_ardu/package.zsh'
[4.225s] Level 1:colcon.colcon_core.environment:create_file_with_runtime_dependencies(/home/simpson/launch_ws/install/ros_ardu/share/colcon-core/packages/ros_ardu)
[4.226s] Level 1:colcon.colcon_core.environment:checking '/home/simpson/launch_ws/install/jdamr_ros_03' for CMake module files
[4.227s] Level 1:colcon.colcon_core.environment:checking '/home/simpson/launch_ws/install/jdamr_ros_03' for CMake config files
[4.228s] DEBUG:colcon.colcon_core.event_handler.log_command:Invoked command in '/home/simpson/launch_ws/src/jdamr_ros_03_1' returned '0': PYTHONPATH=/home/simpson/launch_ws/build/jdamr_ros_03/prefix_override:/usr/lib/python3/dist-packages/colcon_core/task/python/colcon_distutils_commands:/home/simpson/launch_ws/install/jdamr_ros_03/lib/python3.8/site-packages:${PYTHONPATH} /usr/bin/python3 -W ignore:setup.py install is deprecated setup.py egg_info --egg-base ../../build/jdamr_ros_03 build --build-base /home/simpson/launch_ws/build/jdamr_ros_03/build install --record /home/simpson/launch_ws/build/jdamr_ros_03/install.log --single-version-externally-managed install_data
[4.229s] Level 1:colcon.colcon_core.environment:checking '/home/simpson/launch_ws/install/jdamr_ros_03/lib'
[4.229s] Level 1:colcon.colcon_core.environment:checking '/home/simpson/launch_ws/install/jdamr_ros_03/bin'
[4.229s] Level 1:colcon.colcon_core.environment:checking '/home/simpson/launch_ws/install/jdamr_ros_03/lib/pkgconfig/jdamr_ros_03.pc'
[4.229s] Level 1:colcon.colcon_core.environment:checking '/home/simpson/launch_ws/install/jdamr_ros_03/lib/python3.8/site-packages'
[4.229s] Level 1:colcon.colcon_core.shell:create_environment_hook('jdamr_ros_03', 'pythonpath')
[4.230s] INFO:colcon.colcon_core.shell:Creating environment hook '/home/simpson/launch_ws/install/jdamr_ros_03/share/jdamr_ros_03/hook/pythonpath.ps1'
[4.230s] INFO:colcon.colcon_core.shell:Creating environment descriptor '/home/simpson/launch_ws/install/jdamr_ros_03/share/jdamr_ros_03/hook/pythonpath.dsv'
[4.231s] INFO:colcon.colcon_core.shell:Creating environment hook '/home/simpson/launch_ws/install/jdamr_ros_03/share/jdamr_ros_03/hook/pythonpath.sh'
[4.231s] Level 1:colcon.colcon_core.environment:checking '/home/simpson/launch_ws/install/jdamr_ros_03/bin'
[4.231s] Level 1:colcon.colcon_core.environment:create_environment_scripts_only(jdamr_ros_03)
[4.232s] INFO:colcon.colcon_core.shell:Creating package script '/home/simpson/launch_ws/install/jdamr_ros_03/share/jdamr_ros_03/package.ps1'
[4.233s] INFO:colcon.colcon_core.shell:Creating package descriptor '/home/simpson/launch_ws/install/jdamr_ros_03/share/jdamr_ros_03/package.dsv'
[4.233s] INFO:colcon.colcon_core.shell:Creating package script '/home/simpson/launch_ws/install/jdamr_ros_03/share/jdamr_ros_03/package.sh'
[4.234s] INFO:colcon.colcon_core.shell:Creating package script '/home/simpson/launch_ws/install/jdamr_ros_03/share/jdamr_ros_03/package.bash'
[4.235s] INFO:colcon.colcon_core.shell:Creating package script '/home/simpson/launch_ws/install/jdamr_ros_03/share/jdamr_ros_03/package.zsh'
[4.235s] Level 1:colcon.colcon_core.environment:create_file_with_runtime_dependencies(/home/simpson/launch_ws/install/jdamr_ros_03/share/colcon-core/packages/jdamr_ros_03)
[4.237s] Level 1:colcon.colcon_core.environment:checking '/home/simpson/launch_ws/install/launch_study' for CMake module files
[4.239s] Level 1:colcon.colcon_core.environment:checking '/home/simpson/launch_ws/install/launch_study' for CMake config files
[4.239s] DEBUG:colcon.colcon_core.event_handler.log_command:Invoked command in '/home/simpson/launch_ws/src/launch_study' returned '0': PYTHONPATH=/home/simpson/launch_ws/build/launch_study/prefix_override:/usr/lib/python3/dist-packages/colcon_core/task/python/colcon_distutils_commands:/home/simpson/launch_ws/install/launch_study/lib/python3.8/site-packages:${PYTHONPATH} /usr/bin/python3 -W ignore:setup.py install is deprecated setup.py egg_info --egg-base ../../build/launch_study build --build-base /home/simpson/launch_ws/build/launch_study/build install --record /home/simpson/launch_ws/build/launch_study/install.log --install-scripts $base/lib/launch_study --single-version-externally-managed install_data
[4.240s] Level 1:colcon.colcon_core.environment:checking '/home/simpson/launch_ws/install/launch_study/lib'
[4.240s] Level 1:colcon.colcon_core.environment:checking '/home/simpson/launch_ws/install/launch_study/bin'
[4.240s] Level 1:colcon.colcon_core.environment:checking '/home/simpson/launch_ws/install/launch_study/lib/pkgconfig/launch_study.pc'
[4.240s] Level 1:colcon.colcon_core.environment:checking '/home/simpson/launch_ws/install/launch_study/lib/python3.8/site-packages'
[4.240s] Level 1:colcon.colcon_core.shell:create_environment_hook('launch_study', 'pythonpath')
[4.241s] INFO:colcon.colcon_core.shell:Creating environment hook '/home/simpson/launch_ws/install/launch_study/share/launch_study/hook/pythonpath.ps1'
[4.241s] INFO:colcon.colcon_core.shell:Creating environment descriptor '/home/simpson/launch_ws/install/launch_study/share/launch_study/hook/pythonpath.dsv'
[4.242s] INFO:colcon.colcon_core.shell:Creating environment hook '/home/simpson/launch_ws/install/launch_study/share/launch_study/hook/pythonpath.sh'
[4.243s] Level 1:colcon.colcon_core.environment:checking '/home/simpson/launch_ws/install/launch_study/bin'
[4.243s] Level 1:colcon.colcon_core.environment:create_environment_scripts_only(launch_study)
[4.243s] INFO:colcon.colcon_core.shell:Creating package script '/home/simpson/launch_ws/install/launch_study/share/launch_study/package.ps1'
[4.244s] INFO:colcon.colcon_core.shell:Creating package descriptor '/home/simpson/launch_ws/install/launch_study/share/launch_study/package.dsv'
[4.244s] INFO:colcon.colcon_core.shell:Creating package script '/home/simpson/launch_ws/install/launch_study/share/launch_study/package.sh'
[4.244s] INFO:colcon.colcon_core.shell:Creating package script '/home/simpson/launch_ws/install/launch_study/share/launch_study/package.bash'
[4.245s] INFO:colcon.colcon_core.shell:Creating package script '/home/simpson/launch_ws/install/launch_study/share/launch_study/package.zsh'
[4.245s] Level 1:colcon.colcon_core.environment:create_file_with_runtime_dependencies(/home/simpson/launch_ws/install/launch_study/share/colcon-core/packages/launch_study)
[4.245s] Level 1:colcon.colcon_core.environment:checking '/home/simpson/launch_ws/install/ros_good' for CMake module files
[4.247s] DEBUG:colcon.colcon_core.event_handler.log_command:Invoked command in '/home/simpson/launch_ws/src/ros_good' returned '0': PYTHONPATH=/home/simpson/launch_ws/build/ros_good/prefix_override:/usr/lib/python3/dist-packages/colcon_core/task/python/colcon_distutils_commands:/home/simpson/launch_ws/install/ros_good/lib/python3.8/site-packages:${PYTHONPATH} /usr/bin/python3 -W ignore:setup.py install is deprecated setup.py egg_info --egg-base ../../build/ros_good build --build-base /home/simpson/launch_ws/build/ros_good/build install --record /home/simpson/launch_ws/build/ros_good/install.log --single-version-externally-managed install_data
[4.247s] Level 1:colcon.colcon_core.environment:checking '/home/simpson/launch_ws/install/ros_good' for CMake config files
[4.248s] Level 1:colcon.colcon_core.environment:checking '/home/simpson/launch_ws/install/ros_good/lib'
[4.248s] Level 1:colcon.colcon_core.environment:checking '/home/simpson/launch_ws/install/ros_good/bin'
[4.248s] Level 1:colcon.colcon_core.environment:checking '/home/simpson/launch_ws/install/ros_good/lib/pkgconfig/ros_good.pc'
[4.248s] Level 1:colcon.colcon_core.environment:checking '/home/simpson/launch_ws/install/ros_good/lib/python3.8/site-packages'
[4.248s] Level 1:colcon.colcon_core.shell:create_environment_hook('ros_good', 'pythonpath')
[4.249s] INFO:colcon.colcon_core.shell:Creating environment hook '/home/simpson/launch_ws/install/ros_good/share/ros_good/hook/pythonpath.ps1'
[4.250s] INFO:colcon.colcon_core.shell:Creating environment descriptor '/home/simpson/launch_ws/install/ros_good/share/ros_good/hook/pythonpath.dsv'
[4.251s] INFO:colcon.colcon_core.shell:Creating environment hook '/home/simpson/launch_ws/install/ros_good/share/ros_good/hook/pythonpath.sh'
[4.252s] Level 1:colcon.colcon_core.environment:checking '/home/simpson/launch_ws/install/ros_good/bin'
[4.253s] Level 1:colcon.colcon_core.environment:create_environment_scripts_only(ros_good)
[4.253s] INFO:colcon.colcon_core.shell:Creating package script '/home/simpson/launch_ws/install/ros_good/share/ros_good/package.ps1'
[4.254s] INFO:colcon.colcon_core.shell:Creating package descriptor '/home/simpson/launch_ws/install/ros_good/share/ros_good/package.dsv'
[4.255s] INFO:colcon.colcon_core.shell:Creating package script '/home/simpson/launch_ws/install/ros_good/share/ros_good/package.sh'
[4.257s] INFO:colcon.colcon_core.shell:Creating package script '/home/simpson/launch_ws/install/ros_good/share/ros_good/package.bash'
[4.258s] INFO:colcon.colcon_core.shell:Creating package script '/home/simpson/launch_ws/install/ros_good/share/ros_good/package.zsh'
[4.259s] Level 1:colcon.colcon_core.environment:create_file_with_runtime_dependencies(/home/simpson/launch_ws/install/ros_good/share/colcon-core/packages/ros_good)
[4.259s] Level 1:colcon.colcon_core.environment:checking '/home/simpson/launch_ws/install/ros_msg' for CMake module files
[4.261s] DEBUG:colcon.colcon_core.event_handler.log_command:Invoked command in '/home/simpson/launch_ws/src/ros_msg' returned '0': PYTHONPATH=/home/simpson/launch_ws/build/ros_msg/prefix_override:/usr/lib/python3/dist-packages/colcon_core/task/python/colcon_distutils_commands:/home/simpson/launch_ws/install/ros_msg/lib/python3.8/site-packages:${PYTHONPATH} /usr/bin/python3 -W ignore:setup.py install is deprecated setup.py egg_info --egg-base ../../build/ros_msg build --build-base /home/simpson/launch_ws/build/ros_msg/build install --record /home/simpson/launch_ws/build/ros_msg/install.log --single-version-externally-managed install_data
[4.261s] Level 1:colcon.colcon_core.environment:checking '/home/simpson/launch_ws/install/ros_msg' for CMake config files
[4.262s] Level 1:colcon.colcon_core.environment:checking '/home/simpson/launch_ws/install/ros_msg/lib'
[4.262s] Level 1:colcon.colcon_core.environment:checking '/home/simpson/launch_ws/install/ros_msg/bin'
[4.262s] Level 1:colcon.colcon_core.environment:checking '/home/simpson/launch_ws/install/ros_msg/lib/pkgconfig/ros_msg.pc'
[4.263s] Level 1:colcon.colcon_core.environment:checking '/home/simpson/launch_ws/install/ros_msg/lib/python3.8/site-packages'
[4.263s] Level 1:colcon.colcon_core.shell:create_environment_hook('ros_msg', 'pythonpath')
[4.263s] INFO:colcon.colcon_core.shell:Creating environment hook '/home/simpson/launch_ws/install/ros_msg/share/ros_msg/hook/pythonpath.ps1'
[4.264s] INFO:colcon.colcon_core.shell:Creating environment descriptor '/home/simpson/launch_ws/install/ros_msg/share/ros_msg/hook/pythonpath.dsv'
[4.264s] INFO:colcon.colcon_core.shell:Creating environment hook '/home/simpson/launch_ws/install/ros_msg/share/ros_msg/hook/pythonpath.sh'
[4.265s] Level 1:colcon.colcon_core.environment:checking '/home/simpson/launch_ws/install/ros_msg/bin'
[4.265s] Level 1:colcon.colcon_core.environment:create_environment_scripts_only(ros_msg)
[4.265s] INFO:colcon.colcon_core.shell:Creating package script '/home/simpson/launch_ws/install/ros_msg/share/ros_msg/package.ps1'
[4.266s] INFO:colcon.colcon_core.shell:Creating package descriptor '/home/simpson/launch_ws/install/ros_msg/share/ros_msg/package.dsv'
[4.267s] INFO:colcon.colcon_core.shell:Creating package script '/home/simpson/launch_ws/install/ros_msg/share/ros_msg/package.sh'
[4.269s] INFO:colcon.colcon_core.shell:Creating package script '/home/simpson/launch_ws/install/ros_msg/share/ros_msg/package.bash'
[4.269s] INFO:colcon.colcon_core.shell:Creating package script '/home/simpson/launch_ws/install/ros_msg/share/ros_msg/package.zsh'
[4.270s] Level 1:colcon.colcon_core.environment:create_file_with_runtime_dependencies(/home/simpson/launch_ws/install/ros_msg/share/colcon-core/packages/ros_msg)
[4.271s] Level 1:colcon.colcon_core.environment:checking '/home/simpson/launch_ws/install/launch_urdf' for CMake module files
[4.273s] Level 1:colcon.colcon_core.environment:checking '/home/simpson/launch_ws/install/launch_urdf' for CMake config files
[4.273s] DEBUG:colcon.colcon_core.event_handler.log_command:Invoked command in '/home/simpson/launch_ws/src/launch_urdf' returned '0': PYTHONPATH=/home/simpson/launch_ws/build/launch_urdf/prefix_override:/usr/lib/python3/dist-packages/colcon_core/task/python/colcon_distutils_commands:/home/simpson/launch_ws/install/launch_urdf/lib/python3.8/site-packages:${PYTHONPATH} /usr/bin/python3 -W ignore:setup.py install is deprecated setup.py egg_info --egg-base ../../build/launch_urdf build --build-base /home/simpson/launch_ws/build/launch_urdf/build install --record /home/simpson/launch_ws/build/launch_urdf/install.log --install-scripts $base/lib/launch_urdf --single-version-externally-managed install_data
[4.274s] Level 1:colcon.colcon_core.environment:checking '/home/simpson/launch_ws/install/launch_urdf/lib'
[4.275s] Level 1:colcon.colcon_core.environment:checking '/home/simpson/launch_ws/install/launch_urdf/bin'
[4.275s] Level 1:colcon.colcon_core.environment:checking '/home/simpson/launch_ws/install/launch_urdf/lib/pkgconfig/launch_urdf.pc'
[4.275s] Level 1:colcon.colcon_core.environment:checking '/home/simpson/launch_ws/install/launch_urdf/lib/python3.8/site-packages'
[4.276s] Level 1:colcon.colcon_core.shell:create_environment_hook('launch_urdf', 'pythonpath')
[4.276s] INFO:colcon.colcon_core.shell:Creating environment hook '/home/simpson/launch_ws/install/launch_urdf/share/launch_urdf/hook/pythonpath.ps1'
[4.277s] INFO:colcon.colcon_core.shell:Creating environment descriptor '/home/simpson/launch_ws/install/launch_urdf/share/launch_urdf/hook/pythonpath.dsv'
[4.277s] INFO:colcon.colcon_core.shell:Creating environment hook '/home/simpson/launch_ws/install/launch_urdf/share/launch_urdf/hook/pythonpath.sh'
[4.278s] Level 1:colcon.colcon_core.environment:checking '/home/simpson/launch_ws/install/launch_urdf/bin'
[4.278s] Level 1:colcon.colcon_core.environment:create_environment_scripts_only(launch_urdf)
[4.279s] INFO:colcon.colcon_core.shell:Creating package script '/home/simpson/launch_ws/install/launch_urdf/share/launch_urdf/package.ps1'
[4.279s] INFO:colcon.colcon_core.shell:Creating package descriptor '/home/simpson/launch_ws/install/launch_urdf/share/launch_urdf/package.dsv'
[4.280s] INFO:colcon.colcon_core.shell:Creating package script '/home/simpson/launch_ws/install/launch_urdf/share/launch_urdf/package.sh'
[4.280s] INFO:colcon.colcon_core.shell:Creating package script '/home/simpson/launch_ws/install/launch_urdf/share/launch_urdf/package.bash'
[4.280s] INFO:colcon.colcon_core.shell:Creating package script '/home/simpson/launch_ws/install/launch_urdf/share/launch_urdf/package.zsh'
[4.281s] Level 1:colcon.colcon_core.environment:create_file_with_runtime_dependencies(/home/simpson/launch_ws/install/launch_urdf/share/colcon-core/packages/launch_urdf)
[4.281s] INFO:colcon.colcon_ros.task.ament_python.build:Building ROS package in '/home/simpson/launch_ws/src/wheel_controller' with build type 'ament_python'
[4.281s] Level 1:colcon.colcon_core.shell:create_environment_hook('wheel_controller', 'ament_prefix_path')
[4.282s] INFO:colcon.colcon_core.shell:Creating environment hook '/home/simpson/launch_ws/install/wheel_controller/share/wheel_controller/hook/ament_prefix_path.ps1'
[4.282s] INFO:colcon.colcon_core.shell:Creating environment descriptor '/home/simpson/launch_ws/install/wheel_controller/share/wheel_controller/hook/ament_prefix_path.dsv'
[4.285s] INFO:colcon.colcon_core.shell:Creating environment hook '/home/simpson/launch_ws/install/wheel_controller/share/wheel_controller/hook/ament_prefix_path.sh'
[4.286s] INFO:colcon.colcon_core.shell:Skip shell extension 'powershell' for command environment: Not usable outside of PowerShell
[4.286s] DEBUG:colcon.colcon_core.shell:Skip shell extension 'dsv' for command environment
[4.295s] Level 1:colcon.colcon_core.environment:checking '/home/simpson/launch_ws/install/ros_dd' for CMake module files
[4.296s] DEBUG:colcon.colcon_core.event_handler.log_command:Invoked command in '/home/simpson/launch_ws/src/ros_dd' returned '0': PYTHONPATH=/home/simpson/launch_ws/build/ros_dd/prefix_override:/usr/lib/python3/dist-packages/colcon_core/task/python/colcon_distutils_commands:/home/simpson/launch_ws/install/ros_dd/lib/python3.8/site-packages:${PYTHONPATH} /usr/bin/python3 -W ignore:setup.py install is deprecated setup.py egg_info --egg-base ../../build/ros_dd build --build-base /home/simpson/launch_ws/build/ros_dd/build install --record /home/simpson/launch_ws/build/ros_dd/install.log --single-version-externally-managed install_data
[4.296s] Level 1:colcon.colcon_core.environment:checking '/home/simpson/launch_ws/install/ros_dd' for CMake config files
[4.297s] Level 1:colcon.colcon_core.environment:checking '/home/simpson/launch_ws/install/ros_dd/lib'
[4.297s] Level 1:colcon.colcon_core.environment:checking '/home/simpson/launch_ws/install/ros_dd/bin'
[4.297s] Level 1:colcon.colcon_core.environment:checking '/home/simpson/launch_ws/install/ros_dd/lib/pkgconfig/ros_dd.pc'
[4.298s] Level 1:colcon.colcon_core.environment:checking '/home/simpson/launch_ws/install/ros_dd/lib/python3.8/site-packages'
[4.298s] Level 1:colcon.colcon_core.shell:create_environment_hook('ros_dd', 'pythonpath')
[4.298s] INFO:colcon.colcon_core.shell:Creating environment hook '/home/simpson/launch_ws/install/ros_dd/share/ros_dd/hook/pythonpath.ps1'
[4.299s] INFO:colcon.colcon_core.shell:Creating environment descriptor '/home/simpson/launch_ws/install/ros_dd/share/ros_dd/hook/pythonpath.dsv'
[4.301s] INFO:colcon.colcon_core.shell:Creating environment hook '/home/simpson/launch_ws/install/ros_dd/share/ros_dd/hook/pythonpath.sh'
[4.303s] Level 1:colcon.colcon_core.environment:checking '/home/simpson/launch_ws/install/ros_dd/bin'
[4.303s] Level 1:colcon.colcon_core.environment:create_environment_scripts_only(ros_dd)
[4.303s] INFO:colcon.colcon_core.shell:Creating package script '/home/simpson/launch_ws/install/ros_dd/share/ros_dd/package.ps1'
[4.305s] INFO:colcon.colcon_core.shell:Creating package descriptor '/home/simpson/launch_ws/install/ros_dd/share/ros_dd/package.dsv'
[4.306s] INFO:colcon.colcon_core.shell:Creating package script '/home/simpson/launch_ws/install/ros_dd/share/ros_dd/package.sh'
[4.307s] INFO:colcon.colcon_core.shell:Creating package script '/home/simpson/launch_ws/install/ros_dd/share/ros_dd/package.bash'
[4.308s] INFO:colcon.colcon_core.shell:Creating package script '/home/simpson/launch_ws/install/ros_dd/share/ros_dd/package.zsh'
[4.309s] Level 1:colcon.colcon_core.environment:create_file_with_runtime_dependencies(/home/simpson/launch_ws/install/ros_dd/share/colcon-core/packages/ros_dd)
[4.575s] INFO:colcon.colcon_core.task.python.build:Building Python package in '/home/simpson/launch_ws/src/wheel_controller'
[4.576s] INFO:colcon.colcon_core.shell:Skip shell extension 'powershell' for command environment: Not usable outside of PowerShell
[4.576s] DEBUG:colcon.colcon_core.shell:Skip shell extension 'dsv' for command environment
[4.733s] DEBUG:colcon.colcon_core.event_handler.log_command:Invoking command in '/home/simpson/launch_ws/src/ros_wheel_controller': PYTHONPATH=/home/simpson/launch_ws/build/ros_wheel_controller/prefix_override:/usr/lib/python3/dist-packages/colcon_core/task/python/colcon_distutils_commands:/home/simpson/launch_ws/install/ros_wheel_controller/lib/python3.8/site-packages:${PYTHONPATH} /usr/bin/python3 -W ignore:setup.py install is deprecated setup.py egg_info --egg-base ../../build/ros_wheel_controller build --build-base /home/simpson/launch_ws/build/ros_wheel_controller/build install --record /home/simpson/launch_ws/build/ros_wheel_controller/install.log --install-scripts $base/lib/ros_wheel_controller --single-version-externally-managed install_data
[4.998s] DEBUG:colcon.colcon_core.event_handler.log_command:Invoking command in '/home/simpson/launch_ws/src/wheel_controller': PYTHONPATH=/home/simpson/launch_ws/build/wheel_controller/prefix_override:/usr/lib/python3/dist-packages/colcon_core/task/python/colcon_distutils_commands:/home/simpson/launch_ws/install/wheel_controller/lib/python3.8/site-packages:${PYTHONPATH} /usr/bin/python3 -W ignore:setup.py install is deprecated setup.py egg_info --egg-base ../../build/wheel_controller build --build-base /home/simpson/launch_ws/build/wheel_controller/build install --record /home/simpson/launch_ws/build/wheel_controller/install.log --install-scripts $base/lib/wheel_controller --single-version-externally-managed install_data
[5.043s] Level 1:colcon.colcon_core.environment:checking '/home/simpson/launch_ws/install/ros_wheel_controller' for CMake module files
[5.044s] DEBUG:colcon.colcon_core.event_handler.log_command:Invoked command in '/home/simpson/launch_ws/src/ros_wheel_controller' returned '0': PYTHONPATH=/home/simpson/launch_ws/build/ros_wheel_controller/prefix_override:/usr/lib/python3/dist-packages/colcon_core/task/python/colcon_distutils_commands:/home/simpson/launch_ws/install/ros_wheel_controller/lib/python3.8/site-packages:${PYTHONPATH} /usr/bin/python3 -W ignore:setup.py install is deprecated setup.py egg_info --egg-base ../../build/ros_wheel_controller build --build-base /home/simpson/launch_ws/build/ros_wheel_controller/build install --record /home/simpson/launch_ws/build/ros_wheel_controller/install.log --install-scripts $base/lib/ros_wheel_controller --single-version-externally-managed install_data
[5.044s] Level 1:colcon.colcon_core.environment:checking '/home/simpson/launch_ws/install/ros_wheel_controller' for CMake config files
[5.045s] Level 1:colcon.colcon_core.environment:checking '/home/simpson/launch_ws/install/ros_wheel_controller/lib'
[5.045s] Level 1:colcon.colcon_core.environment:checking '/home/simpson/launch_ws/install/ros_wheel_controller/bin'
[5.045s] Level 1:colcon.colcon_core.environment:checking '/home/simpson/launch_ws/install/ros_wheel_controller/lib/pkgconfig/ros_wheel_controller.pc'
[5.046s] Level 1:colcon.colcon_core.environment:checking '/home/simpson/launch_ws/install/ros_wheel_controller/lib/python3.8/site-packages'
[5.046s] Level 1:colcon.colcon_core.shell:create_environment_hook('ros_wheel_controller', 'pythonpath')
[5.047s] INFO:colcon.colcon_core.shell:Creating environment hook '/home/simpson/launch_ws/install/ros_wheel_controller/share/ros_wheel_controller/hook/pythonpath.ps1'
[5.047s] INFO:colcon.colcon_core.shell:Creating environment descriptor '/home/simpson/launch_ws/install/ros_wheel_controller/share/ros_wheel_controller/hook/pythonpath.dsv'
[5.048s] INFO:colcon.colcon_core.shell:Creating environment hook '/home/simpson/launch_ws/install/ros_wheel_controller/share/ros_wheel_controller/hook/pythonpath.sh'
[5.050s] Level 1:colcon.colcon_core.environment:checking '/home/simpson/launch_ws/install/ros_wheel_controller/bin'
[5.050s] Level 1:colcon.colcon_core.environment:create_environment_scripts_only(ros_wheel_controller)
[5.050s] INFO:colcon.colcon_core.shell:Creating package script '/home/simpson/launch_ws/install/ros_wheel_controller/share/ros_wheel_controller/package.ps1'
[5.053s] INFO:colcon.colcon_core.shell:Creating package descriptor '/home/simpson/launch_ws/install/ros_wheel_controller/share/ros_wheel_controller/package.dsv'
[5.054s] INFO:colcon.colcon_core.shell:Creating package script '/home/simpson/launch_ws/install/ros_wheel_controller/share/ros_wheel_controller/package.sh'
[5.055s] INFO:colcon.colcon_core.shell:Creating package script '/home/simpson/launch_ws/install/ros_wheel_controller/share/ros_wheel_controller/package.bash'
[5.056s] INFO:colcon.colcon_core.shell:Creating package script '/home/simpson/launch_ws/install/ros_wheel_controller/share/ros_wheel_controller/package.zsh'
[5.056s] Level 1:colcon.colcon_core.environment:create_file_with_runtime_dependencies(/home/simpson/launch_ws/install/ros_wheel_controller/share/colcon-core/packages/ros_wheel_controller)
[5.303s] Level 1:colcon.colcon_core.environment:checking '/home/simpson/launch_ws/install/wheel_controller' for CMake module files
[5.304s] DEBUG:colcon.colcon_core.event_handler.log_command:Invoked command in '/home/simpson/launch_ws/src/wheel_controller' returned '0': PYTHONPATH=/home/simpson/launch_ws/build/wheel_controller/prefix_override:/usr/lib/python3/dist-packages/colcon_core/task/python/colcon_distutils_commands:/home/simpson/launch_ws/install/wheel_controller/lib/python3.8/site-packages:${PYTHONPATH} /usr/bin/python3 -W ignore:setup.py install is deprecated setup.py egg_info --egg-base ../../build/wheel_controller build --build-base /home/simpson/launch_ws/build/wheel_controller/build install --record /home/simpson/launch_ws/build/wheel_controller/install.log --install-scripts $base/lib/wheel_controller --single-version-externally-managed install_data
[5.304s] Level 1:colcon.colcon_core.environment:checking '/home/simpson/launch_ws/install/wheel_controller' for CMake config files
[5.305s] Level 1:colcon.colcon_core.environment:checking '/home/simpson/launch_ws/install/wheel_controller/lib'
[5.305s] Level 1:colcon.colcon_core.environment:checking '/home/simpson/launch_ws/install/wheel_controller/bin'
[5.305s] Level 1:colcon.colcon_core.environment:checking '/home/simpson/launch_ws/install/wheel_controller/lib/pkgconfig/wheel_controller.pc'
[5.305s] Level 1:colcon.colcon_core.environment:checking '/home/simpson/launch_ws/install/wheel_controller/lib/python3.8/site-packages'
[5.305s] Level 1:colcon.colcon_core.shell:create_environment_hook('wheel_controller', 'pythonpath')
[5.305s] INFO:colcon.colcon_core.shell:Creating environment hook '/home/simpson/launch_ws/install/wheel_controller/share/wheel_controller/hook/pythonpath.ps1'
[5.306s] INFO:colcon.colcon_core.shell:Creating environment descriptor '/home/simpson/launch_ws/install/wheel_controller/share/wheel_controller/hook/pythonpath.dsv'
[5.306s] INFO:colcon.colcon_core.shell:Creating environment hook '/home/simpson/launch_ws/install/wheel_controller/share/wheel_controller/hook/pythonpath.sh'
[5.307s] Level 1:colcon.colcon_core.environment:checking '/home/simpson/launch_ws/install/wheel_controller/bin'
[5.307s] Level 1:colcon.colcon_core.environment:create_environment_scripts_only(wheel_controller)
[5.307s] INFO:colcon.colcon_core.shell:Creating package script '/home/simpson/launch_ws/install/wheel_controller/share/wheel_controller/package.ps1'
[5.308s] INFO:colcon.colcon_core.shell:Creating package descriptor '/home/simpson/launch_ws/install/wheel_controller/share/wheel_controller/package.dsv'
[5.308s] INFO:colcon.colcon_core.shell:Creating package script '/home/simpson/launch_ws/install/wheel_controller/share/wheel_controller/package.sh'
[5.309s] INFO:colcon.colcon_core.shell:Creating package script '/home/simpson/launch_ws/install/wheel_controller/share/wheel_controller/package.bash'
[5.309s] INFO:colcon.colcon_core.shell:Creating package script '/home/simpson/launch_ws/install/wheel_controller/share/wheel_controller/package.zsh'
[5.310s] Level 1:colcon.colcon_core.environment:create_file_with_runtime_dependencies(/home/simpson/launch_ws/install/wheel_controller/share/colcon-core/packages/wheel_controller)
[5.310s] DEBUG:colcon.colcon_parallel_executor.executor.parallel:closing loop
[5.311s] DEBUG:colcon.colcon_parallel_executor.executor.parallel:loop closed
[5.311s] DEBUG:colcon.colcon_parallel_executor.executor.parallel:run_until_complete finished with '0'
[5.311s] DEBUG:colcon.colcon_core.event_reactor:joining thread
[5.318s] INFO:colcon.colcon_core.plugin_system:Skipping extension 'colcon_notification.desktop_notification.terminal_notifier': Not used on non-Darwin systems
[5.318s] INFO:colcon.colcon_core.plugin_system:Skipping extension 'colcon_notification.desktop_notification.win32': Not used on non-Windows systems
[5.318s] INFO:colcon.colcon_notification.desktop_notification:Sending desktop notification using 'notify2'
[5.336s] DEBUG:colcon.colcon_core.event_reactor:joined thread
[5.337s] INFO:colcon.colcon_core.shell:Creating prefix script '/home/simpson/launch_ws/install/local_setup.ps1'
[5.338s] INFO:colcon.colcon_core.shell:Creating prefix util module '/home/simpson/launch_ws/install/_local_setup_util_ps1.py'
[5.340s] INFO:colcon.colcon_core.shell:Creating prefix chain script '/home/simpson/launch_ws/install/setup.ps1'
[5.341s] INFO:colcon.colcon_core.shell:Creating prefix script '/home/simpson/launch_ws/install/local_setup.sh'
[5.341s] INFO:colcon.colcon_core.shell:Creating prefix util module '/home/simpson/launch_ws/install/_local_setup_util_sh.py'
[5.342s] INFO:colcon.colcon_core.shell:Creating prefix chain script '/home/simpson/launch_ws/install/setup.sh'
[5.343s] INFO:colcon.colcon_core.shell:Creating prefix script '/home/simpson/launch_ws/install/local_setup.bash'
[5.343s] INFO:colcon.colcon_core.shell:Creating prefix chain script '/home/simpson/launch_ws/install/setup.bash'
[5.344s] INFO:colcon.colcon_core.shell:Creating prefix script '/home/simpson/launch_ws/install/local_setup.zsh'
[5.345s] INFO:colcon.colcon_core.shell:Creating prefix chain script '/home/simpson/launch_ws/install/setup.zsh'
