[1.187s] Invoking command in '/home/simpson/turtlebot3_ws/src/turtlebot3/turtlebot3_teleop': PYTHONPATH=/home/simpson/turtlebot3_ws/build/turtlebot3_teleop/prefix_override:/usr/lib/python3/dist-packages/colcon_core/task/python/colcon_distutils_commands:/home/simpson/turtlebot3_ws/install/turtlebot3_teleop/lib/python3.8/site-packages:${PYTHONPATH} /usr/bin/python3 -W ignore:setup.py install is deprecated setup.py egg_info --egg-base ../../../build/turtlebot3_teleop build --build-base /home/simpson/turtlebot3_ws/build/turtlebot3_teleop/build install --record /home/simpson/turtlebot3_ws/build/turtlebot3_teleop/install.log --single-version-externally-managed install_data
[1.530s] running egg_info
[1.531s] creating ../../../build/turtlebot3_teleop/turtlebot3_teleop.egg-info
[1.532s] writing ../../../build/turtlebot3_teleop/turtlebot3_teleop.egg-info/PKG-INFO
[1.532s] writing dependency_links to ../../../build/turtlebot3_teleop/turtlebot3_teleop.egg-info/dependency_links.txt
[1.532s] writing entry points to ../../../build/turtlebot3_teleop/turtlebot3_teleop.egg-info/entry_points.txt
[1.533s] writing requirements to ../../../build/turtlebot3_teleop/turtlebot3_teleop.egg-info/requires.txt
[1.533s] writing top-level names to ../../../build/turtlebot3_teleop/turtlebot3_teleop.egg-info/top_level.txt
[1.536s] writing manifest file '../../../build/turtlebot3_teleop/turtlebot3_teleop.egg-info/SOURCES.txt'
[1.612s] reading manifest file '../../../build/turtlebot3_teleop/turtlebot3_teleop.egg-info/SOURCES.txt'
[1.612s] writing manifest file '../../../build/turtlebot3_teleop/turtlebot3_teleop.egg-info/SOURCES.txt'
[1.612s] running build
[1.612s] running build_py
[1.613s] creating /home/simpson/turtlebot3_ws/build/turtlebot3_teleop/build
[1.613s] creating /home/simpson/turtlebot3_ws/build/turtlebot3_teleop/build/lib
[1.613s] creating /home/simpson/turtlebot3_ws/build/turtlebot3_teleop/build/lib/turtlebot3_teleop
[1.613s] copying turtlebot3_teleop/__init__.py -> /home/simpson/turtlebot3_ws/build/turtlebot3_teleop/build/lib/turtlebot3_teleop
[1.613s] creating /home/simpson/turtlebot3_ws/build/turtlebot3_teleop/build/lib/turtlebot3_teleop/script
[1.613s] copying turtlebot3_teleop/script/teleop_keyboard.py -> /home/simpson/turtlebot3_ws/build/turtlebot3_teleop/build/lib/turtlebot3_teleop/script
[1.613s] copying turtlebot3_teleop/script/__init__.py -> /home/simpson/turtlebot3_ws/build/turtlebot3_teleop/build/lib/turtlebot3_teleop/script
[1.613s] running install
[1.613s] running install_lib
[1.620s] creating /home/simpson/turtlebot3_ws/install/turtlebot3_teleop/lib/python3.8/site-packages/turtlebot3_teleop
[1.620s] creating /home/simpson/turtlebot3_ws/install/turtlebot3_teleop/lib/python3.8/site-packages/turtlebot3_teleop/script
[1.620s] copying /home/simpson/turtlebot3_ws/build/turtlebot3_teleop/build/lib/turtlebot3_teleop/script/teleop_keyboard.py -> /home/simpson/turtlebot3_ws/install/turtlebot3_teleop/lib/python3.8/site-packages/turtlebot3_teleop/script
[1.620s] copying /home/simpson/turtlebot3_ws/build/turtlebot3_teleop/build/lib/turtlebot3_teleop/script/__init__.py -> /home/simpson/turtlebot3_ws/install/turtlebot3_teleop/lib/python3.8/site-packages/turtlebot3_teleop/script
[1.620s] copying /home/simpson/turtlebot3_ws/build/turtlebot3_teleop/build/lib/turtlebot3_teleop/__init__.py -> /home/simpson/turtlebot3_ws/install/turtlebot3_teleop/lib/python3.8/site-packages/turtlebot3_teleop
[1.620s] byte-compiling /home/simpson/turtlebot3_ws/install/turtlebot3_teleop/lib/python3.8/site-packages/turtlebot3_teleop/script/teleop_keyboard.py to teleop_keyboard.cpython-38.pyc
[1.621s] byte-compiling /home/simpson/turtlebot3_ws/install/turtlebot3_teleop/lib/python3.8/site-packages/turtlebot3_teleop/script/__init__.py to __init__.cpython-38.pyc
[1.621s] byte-compiling /home/simpson/turtlebot3_ws/install/turtlebot3_teleop/lib/python3.8/site-packages/turtlebot3_teleop/__init__.py to __init__.cpython-38.pyc
[1.626s] running install_data
[1.626s] creating /home/simpson/turtlebot3_ws/install/turtlebot3_teleop/share/ament_index
[1.626s] creating /home/simpson/turtlebot3_ws/install/turtlebot3_teleop/share/ament_index/resource_index
[1.627s] creating /home/simpson/turtlebot3_ws/install/turtlebot3_teleop/share/ament_index/resource_index/packages
[1.627s] copying resource/turtlebot3_teleop -> /home/simpson/turtlebot3_ws/install/turtlebot3_teleop/share/ament_index/resource_index/packages
[1.627s] copying package.xml -> /home/simpson/turtlebot3_ws/install/turtlebot3_teleop/share/turtlebot3_teleop
[1.627s] running install_egg_info
[1.627s] Copying ../../../build/turtlebot3_teleop/turtlebot3_teleop.egg-info to /home/simpson/turtlebot3_ws/install/turtlebot3_teleop/lib/python3.8/site-packages/turtlebot3_teleop-2.1.4-py3.8.egg-info
[1.629s] running install_scripts
[1.669s] Installing teleop_keyboard script to /home/simpson/turtlebot3_ws/install/turtlebot3_teleop/lib/turtlebot3_teleop
[1.670s] writing list of installed files to '/home/simpson/turtlebot3_ws/build/turtlebot3_teleop/install.log'
[1.778s] Invoked command in '/home/simpson/turtlebot3_ws/src/turtlebot3/turtlebot3_teleop' returned '0': PYTHONPATH=/home/simpson/turtlebot3_ws/build/turtlebot3_teleop/prefix_override:/usr/lib/python3/dist-packages/colcon_core/task/python/colcon_distutils_commands:/home/simpson/turtlebot3_ws/install/turtlebot3_teleop/lib/python3.8/site-packages:${PYTHONPATH} /usr/bin/python3 -W ignore:setup.py install is deprecated setup.py egg_info --egg-base ../../../build/turtlebot3_teleop build --build-base /home/simpson/turtlebot3_ws/build/turtlebot3_teleop/build install --record /home/simpson/turtlebot3_ws/build/turtlebot3_teleop/install.log --single-version-externally-managed install_data
