[0.015s] Invoking command in '/home/simpson/turtlebot3_ws/build/turtlebot3_simulations': AMENT_PREFIX_PATH=/home/simpson/turtlebot3_ws/install/turtlebot3_gazebo:/home/simpson/turtlebot3_ws/install/turtlebot3_fake_node:/home/simpson/turtlebot3_ws/install/turtlebot3_msgs:/home/simpson/turtlebot3_ws/install/turtlebot3_description:${AMENT_PREFIX_PATH} CMAKE_PREFIX_PATH=/home/simpson/turtlebot3_ws/install/turtlebot3_gazebo:/home/simpson/turtlebot3_ws/install/turtlebot3_fake_node:/home/simpson/turtlebot3_ws/install/turtlebot3_msgs:/home/simpson/turtlebot3_ws/install/turtlebot3_description:/opt/ros/foxy LD_LIBRARY_PATH=/home/simpson/turtlebot3_ws/install/turtlebot3_msgs/lib:${LD_LIBRARY_PATH} PYTHONPATH=/home/simpson/turtlebot3_ws/install/turtlebot3_msgs/lib/python3.8/site-packages:${PYTHONPATH} /usr/bin/cmake /home/simpson/turtlebot3_ws/src/turtlebot3_simulations/turtlebot3_simulations -DCMAKE_INSTALL_PREFIX=/home/simpson/turtlebot3_ws/install/turtlebot3_simulations
[0.075s] -- The C compiler identification is GNU 9.4.0
[0.138s] -- The CXX compiler identification is GNU 9.4.0
[0.142s] -- Check for working C compiler: /usr/bin/cc
[0.216s] -- Check for working C compiler: /usr/bin/cc -- works
[0.217s] -- Detecting C compiler ABI info
[0.301s] -- Detecting C compiler ABI info - done
[0.319s] -- Detecting C compile features
[0.320s] -- Detecting C compile features - done
[0.322s] -- Check for working CXX compiler: /usr/bin/c++
[0.406s] -- Check for working CXX compiler: /usr/bin/c++ -- works
[0.408s] -- Detecting CXX compiler ABI info
[0.495s] -- Detecting CXX compiler ABI info - done
[0.516s] -- Detecting CXX compile features
[0.517s] -- Detecting CXX compile features - done
[0.521s] -- Found ament_cmake: 0.9.12 (/opt/ros/foxy/share/ament_cmake/cmake)
[0.550s] -- Found PythonInterp: /usr/bin/python3 (found suitable version "3.8.10", minimum required is "3") 
[0.550s] -- Using PYTHON_EXECUTABLE: /usr/bin/python3
[0.828s] -- Configuring done
[0.831s] -- Generating done
[0.833s] -- Build files have been written to: /home/simpson/turtlebot3_ws/build/turtlebot3_simulations
[0.837s] Invoked command in '/home/simpson/turtlebot3_ws/build/turtlebot3_simulations' returned '0': AMENT_PREFIX_PATH=/home/simpson/turtlebot3_ws/install/turtlebot3_gazebo:/home/simpson/turtlebot3_ws/install/turtlebot3_fake_node:/home/simpson/turtlebot3_ws/install/turtlebot3_msgs:/home/simpson/turtlebot3_ws/install/turtlebot3_description:${AMENT_PREFIX_PATH} CMAKE_PREFIX_PATH=/home/simpson/turtlebot3_ws/install/turtlebot3_gazebo:/home/simpson/turtlebot3_ws/install/turtlebot3_fake_node:/home/simpson/turtlebot3_ws/install/turtlebot3_msgs:/home/simpson/turtlebot3_ws/install/turtlebot3_description:/opt/ros/foxy LD_LIBRARY_PATH=/home/simpson/turtlebot3_ws/install/turtlebot3_msgs/lib:${LD_LIBRARY_PATH} PYTHONPATH=/home/simpson/turtlebot3_ws/install/turtlebot3_msgs/lib/python3.8/site-packages:${PYTHONPATH} /usr/bin/cmake /home/simpson/turtlebot3_ws/src/turtlebot3_simulations/turtlebot3_simulations -DCMAKE_INSTALL_PREFIX=/home/simpson/turtlebot3_ws/install/turtlebot3_simulations
[0.840s] Invoking command in '/home/simpson/turtlebot3_ws/build/turtlebot3_simulations': AMENT_PREFIX_PATH=/home/simpson/turtlebot3_ws/install/turtlebot3_gazebo:/home/simpson/turtlebot3_ws/install/turtlebot3_fake_node:/home/simpson/turtlebot3_ws/install/turtlebot3_msgs:/home/simpson/turtlebot3_ws/install/turtlebot3_description:${AMENT_PREFIX_PATH} CMAKE_PREFIX_PATH=/home/simpson/turtlebot3_ws/install/turtlebot3_gazebo:/home/simpson/turtlebot3_ws/install/turtlebot3_fake_node:/home/simpson/turtlebot3_ws/install/turtlebot3_msgs:/home/simpson/turtlebot3_ws/install/turtlebot3_description:/opt/ros/foxy LD_LIBRARY_PATH=/home/simpson/turtlebot3_ws/install/turtlebot3_msgs/lib:${LD_LIBRARY_PATH} PYTHONPATH=/home/simpson/turtlebot3_ws/install/turtlebot3_msgs/lib/python3.8/site-packages:${PYTHONPATH} /usr/bin/cmake --build /home/simpson/turtlebot3_ws/build/turtlebot3_simulations -- -j8 -l8
[0.882s] Invoked command in '/home/simpson/turtlebot3_ws/build/turtlebot3_simulations' returned '0': AMENT_PREFIX_PATH=/home/simpson/turtlebot3_ws/install/turtlebot3_gazebo:/home/simpson/turtlebot3_ws/install/turtlebot3_fake_node:/home/simpson/turtlebot3_ws/install/turtlebot3_msgs:/home/simpson/turtlebot3_ws/install/turtlebot3_description:${AMENT_PREFIX_PATH} CMAKE_PREFIX_PATH=/home/simpson/turtlebot3_ws/install/turtlebot3_gazebo:/home/simpson/turtlebot3_ws/install/turtlebot3_fake_node:/home/simpson/turtlebot3_ws/install/turtlebot3_msgs:/home/simpson/turtlebot3_ws/install/turtlebot3_description:/opt/ros/foxy LD_LIBRARY_PATH=/home/simpson/turtlebot3_ws/install/turtlebot3_msgs/lib:${LD_LIBRARY_PATH} PYTHONPATH=/home/simpson/turtlebot3_ws/install/turtlebot3_msgs/lib/python3.8/site-packages:${PYTHONPATH} /usr/bin/cmake --build /home/simpson/turtlebot3_ws/build/turtlebot3_simulations -- -j8 -l8
[0.906s] Invoking command in '/home/simpson/turtlebot3_ws/build/turtlebot3_simulations': AMENT_PREFIX_PATH=/home/simpson/turtlebot3_ws/install/turtlebot3_gazebo:/home/simpson/turtlebot3_ws/install/turtlebot3_fake_node:/home/simpson/turtlebot3_ws/install/turtlebot3_msgs:/home/simpson/turtlebot3_ws/install/turtlebot3_description:${AMENT_PREFIX_PATH} CMAKE_PREFIX_PATH=/home/simpson/turtlebot3_ws/install/turtlebot3_gazebo:/home/simpson/turtlebot3_ws/install/turtlebot3_fake_node:/home/simpson/turtlebot3_ws/install/turtlebot3_msgs:/home/simpson/turtlebot3_ws/install/turtlebot3_description:/opt/ros/foxy LD_LIBRARY_PATH=/home/simpson/turtlebot3_ws/install/turtlebot3_msgs/lib:${LD_LIBRARY_PATH} PYTHONPATH=/home/simpson/turtlebot3_ws/install/turtlebot3_msgs/lib/python3.8/site-packages:${PYTHONPATH} /usr/bin/cmake --install /home/simpson/turtlebot3_ws/build/turtlebot3_simulations
[0.916s] -- Install configuration: ""
[0.916s] -- Installing: /home/simpson/turtlebot3_ws/install/turtlebot3_simulations/share/ament_index/resource_index/package_run_dependencies/turtlebot3_simulations
[0.916s] -- Installing: /home/simpson/turtlebot3_ws/install/turtlebot3_simulations/share/ament_index/resource_index/parent_prefix_path/turtlebot3_simulations
[0.917s] -- Installing: /home/simpson/turtlebot3_ws/install/turtlebot3_simulations/share/turtlebot3_simulations/environment/ament_prefix_path.sh
[0.917s] -- Installing: /home/simpson/turtlebot3_ws/install/turtlebot3_simulations/share/turtlebot3_simulations/environment/ament_prefix_path.dsv
[0.917s] -- Installing: /home/simpson/turtlebot3_ws/install/turtlebot3_simulations/share/turtlebot3_simulations/environment/path.sh
[0.917s] -- Installing: /home/simpson/turtlebot3_ws/install/turtlebot3_simulations/share/turtlebot3_simulations/environment/path.dsv
[0.918s] -- Installing: /home/simpson/turtlebot3_ws/install/turtlebot3_simulations/share/turtlebot3_simulations/local_setup.bash
[0.918s] -- Installing: /home/simpson/turtlebot3_ws/install/turtlebot3_simulations/share/turtlebot3_simulations/local_setup.sh
[0.918s] -- Installing: /home/simpson/turtlebot3_ws/install/turtlebot3_simulations/share/turtlebot3_simulations/local_setup.zsh
[0.918s] -- Installing: /home/simpson/turtlebot3_ws/install/turtlebot3_simulations/share/turtlebot3_simulations/local_setup.dsv
[0.918s] -- Installing: /home/simpson/turtlebot3_ws/install/turtlebot3_simulations/share/turtlebot3_simulations/package.dsv
[0.918s] -- Installing: /home/simpson/turtlebot3_ws/install/turtlebot3_simulations/share/ament_index/resource_index/packages/turtlebot3_simulations
[0.919s] -- Installing: /home/simpson/turtlebot3_ws/install/turtlebot3_simulations/share/turtlebot3_simulations/cmake/turtlebot3_simulationsConfig.cmake
[0.919s] -- Installing: /home/simpson/turtlebot3_ws/install/turtlebot3_simulations/share/turtlebot3_simulations/cmake/turtlebot3_simulationsConfig-version.cmake
[0.919s] -- Installing: /home/simpson/turtlebot3_ws/install/turtlebot3_simulations/share/turtlebot3_simulations/package.xml
[0.922s] Invoked command in '/home/simpson/turtlebot3_ws/build/turtlebot3_simulations' returned '0': AMENT_PREFIX_PATH=/home/simpson/turtlebot3_ws/install/turtlebot3_gazebo:/home/simpson/turtlebot3_ws/install/turtlebot3_fake_node:/home/simpson/turtlebot3_ws/install/turtlebot3_msgs:/home/simpson/turtlebot3_ws/install/turtlebot3_description:${AMENT_PREFIX_PATH} CMAKE_PREFIX_PATH=/home/simpson/turtlebot3_ws/install/turtlebot3_gazebo:/home/simpson/turtlebot3_ws/install/turtlebot3_fake_node:/home/simpson/turtlebot3_ws/install/turtlebot3_msgs:/home/simpson/turtlebot3_ws/install/turtlebot3_description:/opt/ros/foxy LD_LIBRARY_PATH=/home/simpson/turtlebot3_ws/install/turtlebot3_msgs/lib:${LD_LIBRARY_PATH} PYTHONPATH=/home/simpson/turtlebot3_ws/install/turtlebot3_msgs/lib/python3.8/site-packages:${PYTHONPATH} /usr/bin/cmake --install /home/simpson/turtlebot3_ws/build/turtlebot3_simulations
