[2.775s] Invoking command in '/home/simpson/launch_ws/src/ros_dd': PYTHONPATH=/home/simpson/launch_ws/build/ros_dd/prefix_override:/usr/lib/python3/dist-packages/colcon_core/task/python/colcon_distutils_commands:/home/simpson/launch_ws/install/ros_dd/lib/python3.8/site-packages:${PYTHONPATH} /usr/bin/python3 -W ignore:setup.py install is deprecated setup.py egg_info --egg-base ../../build/ros_dd build --build-base /home/simpson/launch_ws/build/ros_dd/build install --record /home/simpson/launch_ws/build/ros_dd/install.log --install-scripts $base/lib/ros_dd --single-version-externally-managed install_data
[3.185s] running egg_info
[3.186s] writing ../../build/ros_dd/ros_dd.egg-info/PKG-INFO
[3.193s] writing dependency_links to ../../build/ros_dd/ros_dd.egg-info/dependency_links.txt
[3.193s] writing entry points to ../../build/ros_dd/ros_dd.egg-info/entry_points.txt
[3.194s] writing requirements to ../../build/ros_dd/ros_dd.egg-info/requires.txt
[3.194s] writing top-level names to ../../build/ros_dd/ros_dd.egg-info/top_level.txt
[3.269s] reading manifest file '../../build/ros_dd/ros_dd.egg-info/SOURCES.txt'
[3.271s] writing manifest file '../../build/ros_dd/ros_dd.egg-info/SOURCES.txt'
[3.271s] running build
[3.272s] running build_py
[3.272s] running install
[3.273s] running install_lib
[3.276s] running install_data
[3.276s] running install_egg_info
[3.280s] removing '/home/simpson/launch_ws/install/ros_dd/lib/python3.8/site-packages/ros_dd-0.0.0-py3.8.egg-info' (and everything under it)
[3.280s] Copying ../../build/ros_dd/ros_dd.egg-info to /home/simpson/launch_ws/install/ros_dd/lib/python3.8/site-packages/ros_dd-0.0.0-py3.8.egg-info
[3.282s] running install_scripts
[3.324s] writing list of installed files to '/home/simpson/launch_ws/build/ros_dd/install.log'
[3.717s] Invoked command in '/home/simpson/launch_ws/src/ros_dd' returned '0': PYTHONPATH=/home/simpson/launch_ws/build/ros_dd/prefix_override:/usr/lib/python3/dist-packages/colcon_core/task/python/colcon_distutils_commands:/home/simpson/launch_ws/install/ros_dd/lib/python3.8/site-packages:${PYTHONPATH} /usr/bin/python3 -W ignore:setup.py install is deprecated setup.py egg_info --egg-base ../../build/ros_dd build --build-base /home/simpson/launch_ws/build/ros_dd/build install --record /home/simpson/launch_ws/build/ros_dd/install.log --install-scripts $base/lib/ros_dd --single-version-externally-managed install_data
