[0.730s] Invoking command in '/home/simpson/launch_ws/src/wheel_controller': PYTHONPATH=/home/simpson/launch_ws/build/wheel_controller/prefix_override:/usr/lib/python3/dist-packages/colcon_core/task/python/colcon_distutils_commands:/home/simpson/launch_ws/install/wheel_controller/lib/python3.8/site-packages:${PYTHONPATH} /usr/bin/python3 -W ignore:setup.py install is deprecated setup.py egg_info --egg-base ../../build/wheel_controller build --build-base /home/simpson/launch_ws/build/wheel_controller/build install --record /home/simpson/launch_ws/build/wheel_controller/install.log --install-scripts $base/lib/wheel_controller --single-version-externally-managed install_data
[0.932s] running egg_info
[0.933s] writing ../../build/wheel_controller/wheel_controller.egg-info/PKG-INFO
[0.933s] writing dependency_links to ../../build/wheel_controller/wheel_controller.egg-info/dependency_links.txt
[0.933s] writing entry points to ../../build/wheel_controller/wheel_controller.egg-info/entry_points.txt
[0.934s] writing requirements to ../../build/wheel_controller/wheel_controller.egg-info/requires.txt
[0.934s] writing top-level names to ../../build/wheel_controller/wheel_controller.egg-info/top_level.txt
[0.965s] reading manifest file '../../build/wheel_controller/wheel_controller.egg-info/SOURCES.txt'
[0.965s] writing manifest file '../../build/wheel_controller/wheel_controller.egg-info/SOURCES.txt'
[0.966s] running build
[0.966s] running build_py
[0.966s] running install
[0.967s] running install_lib
[0.968s] running install_data
[0.969s] running install_egg_info
[0.970s] removing '/home/simpson/launch_ws/install/wheel_controller/lib/python3.8/site-packages/wheel_controller-0.0.0-py3.8.egg-info' (and everything under it)
[0.970s] Copying ../../build/wheel_controller/wheel_controller.egg-info to /home/simpson/launch_ws/install/wheel_controller/lib/python3.8/site-packages/wheel_controller-0.0.0-py3.8.egg-info
[0.971s] running install_scripts
[0.988s] Installing wheel_controller script to /home/simpson/launch_ws/install/wheel_controller/lib/wheel_controller
[0.988s] writing list of installed files to '/home/simpson/launch_ws/build/wheel_controller/install.log'
[1.008s] Invoked command in '/home/simpson/launch_ws/src/wheel_controller' returned '0': PYTHONPATH=/home/simpson/launch_ws/build/wheel_controller/prefix_override:/usr/lib/python3/dist-packages/colcon_core/task/python/colcon_distutils_commands:/home/simpson/launch_ws/install/wheel_controller/lib/python3.8/site-packages:${PYTHONPATH} /usr/bin/python3 -W ignore:setup.py install is deprecated setup.py egg_info --egg-base ../../build/wheel_controller build --build-base /home/simpson/launch_ws/build/wheel_controller/build install --record /home/simpson/launch_ws/build/wheel_controller/install.log --install-scripts $base/lib/wheel_controller --single-version-externally-managed install_data
