[0.168s] DEBUG:colcon:Command line arguments: ['/usr/bin/colcon', 'build']
[0.168s] DEBUG:colcon:Parsed command line arguments: Namespace(allow_overriding=[], ament_cmake_args=None, base_paths=['.'], build_base='build', catkin_cmake_args=None, catkin_skip_building_tests=False, cmake_args=None, cmake_clean_cache=False, cmake_clean_first=False, cmake_force_configure=False, cmake_target=None, cmake_target_skip_unavailable=False, continue_on_error=False, event_handlers=None, executor='parallel', ignore_user_meta=False, install_base='install', log_base=None, log_level=None, main=<bound method BuildVerb.main of <colcon_core.verb.build.BuildVerb object at 0x7f10af5d4ac0>>, merge_install=False, metas=['./colcon.meta'], packages_above=None, packages_above_and_dependencies=None, packages_above_depth=None, packages_end=None, packages_ignore=None, packages_ignore_regex=None, packages_select=None, packages_select_build_failed=False, packages_select_by_dep=None, packages_select_regex=None, packages_select_test_failures=False, packages_skip=None, packages_skip_build_finished=False, packages_skip_by_dep=None, packages_skip_regex=None, packages_skip_test_passed=False, packages_skip_up_to=None, packages_start=None, packages_up_to=None, packages_up_to_regex=None, parallel_workers=8, paths=None, symlink_install=False, test_result_base=None, verb_extension=<colcon_core.verb.build.BuildVerb object at 0x7f10af5d4ac0>, verb_name='build', verb_parser=<colcon_defaults.argument_parser.defaults.DefaultArgumentsDecorator object at 0x7f10af5d4f10>)
[0.281s] Level 1:colcon.colcon_core.package_discovery:discover_packages(colcon_meta) check parameters
[0.281s] Level 1:colcon.colcon_core.package_discovery:discover_packages(recursive) check parameters
[0.281s] Level 1:colcon.colcon_core.package_discovery:discover_packages(ignore) check parameters
[0.281s] Level 1:colcon.colcon_core.package_discovery:discover_packages(path) check parameters
[0.282s] Level 1:colcon.colcon_core.package_discovery:discover_packages(colcon_meta) discover
[0.282s] Level 1:colcon.colcon_core.package_discovery:discover_packages(recursive) discover
[0.282s] INFO:colcon.colcon_core.package_discovery:Crawling recursively for packages in '/home/simpson/launch_ws'
[0.282s] Level 1:colcon.colcon_core.package_identification:_identify(.) by extensions ['ignore', 'ignore_ament_install']
[0.282s] Level 1:colcon.colcon_core.package_identification:_identify(.) by extension 'ignore'
[0.282s] Level 1:colcon.colcon_core.package_identification:_identify(.) by extension 'ignore_ament_install'
[0.282s] Level 1:colcon.colcon_core.package_identification:_identify(.) by extensions ['colcon_pkg']
[0.282s] Level 1:colcon.colcon_core.package_identification:_identify(.) by extension 'colcon_pkg'
[0.282s] Level 1:colcon.colcon_core.package_identification:_identify(.) by extensions ['colcon_meta']
[0.282s] Level 1:colcon.colcon_core.package_identification:_identify(.) by extension 'colcon_meta'
[0.283s] Level 1:colcon.colcon_core.package_identification:_identify(.) by extensions ['ros']
[0.283s] Level 1:colcon.colcon_core.package_identification:_identify(.) by extension 'ros'
[0.292s] Level 1:colcon.colcon_core.package_identification:_identify(.) by extensions ['cmake', 'python']
[0.293s] Level 1:colcon.colcon_core.package_identification:_identify(.) by extension 'cmake'
[0.293s] Level 1:colcon.colcon_core.package_identification:_identify(.) by extension 'python'
[0.293s] Level 1:colcon.colcon_core.package_identification:_identify(.) by extensions ['python_setup_py']
[0.293s] Level 1:colcon.colcon_core.package_identification:_identify(.) by extension 'python_setup_py'
[0.293s] Level 1:colcon.colcon_core.package_identification:_identify(build) by extensions ['ignore', 'ignore_ament_install']
[0.293s] Level 1:colcon.colcon_core.package_identification:_identify(build) by extension 'ignore'
[0.293s] Level 1:colcon.colcon_core.package_identification:_identify(build) ignored
[0.293s] Level 1:colcon.colcon_core.package_identification:_identify(install) by extensions ['ignore', 'ignore_ament_install']
[0.294s] Level 1:colcon.colcon_core.package_identification:_identify(install) by extension 'ignore'
[0.294s] Level 1:colcon.colcon_core.package_identification:_identify(install) ignored
[0.294s] Level 1:colcon.colcon_core.package_identification:_identify(log) by extensions ['ignore', 'ignore_ament_install']
[0.294s] Level 1:colcon.colcon_core.package_identification:_identify(log) by extension 'ignore'
[0.294s] Level 1:colcon.colcon_core.package_identification:_identify(log) ignored
[0.294s] Level 1:colcon.colcon_core.package_identification:_identify(src) by extensions ['ignore', 'ignore_ament_install']
[0.294s] Level 1:colcon.colcon_core.package_identification:_identify(src) by extension 'ignore'
[0.294s] Level 1:colcon.colcon_core.package_identification:_identify(src) by extension 'ignore_ament_install'
[0.294s] Level 1:colcon.colcon_core.package_identification:_identify(src) by extensions ['colcon_pkg']
[0.294s] Level 1:colcon.colcon_core.package_identification:_identify(src) by extension 'colcon_pkg'
[0.295s] Level 1:colcon.colcon_core.package_identification:_identify(src) by extensions ['colcon_meta']
[0.295s] Level 1:colcon.colcon_core.package_identification:_identify(src) by extension 'colcon_meta'
[0.295s] Level 1:colcon.colcon_core.package_identification:_identify(src) by extensions ['ros']
[0.295s] Level 1:colcon.colcon_core.package_identification:_identify(src) by extension 'ros'
[0.295s] Level 1:colcon.colcon_core.package_identification:_identify(src) by extensions ['cmake', 'python']
[0.295s] Level 1:colcon.colcon_core.package_identification:_identify(src) by extension 'cmake'
[0.295s] Level 1:colcon.colcon_core.package_identification:_identify(src) by extension 'python'
[0.295s] Level 1:colcon.colcon_core.package_identification:_identify(src) by extensions ['python_setup_py']
[0.295s] Level 1:colcon.colcon_core.package_identification:_identify(src) by extension 'python_setup_py'
[0.295s] Level 1:colcon.colcon_core.package_identification:_identify(src/System Volume Information) by extensions ['ignore', 'ignore_ament_install']
[0.295s] Level 1:colcon.colcon_core.package_identification:_identify(src/System Volume Information) by extension 'ignore'
[0.295s] Level 1:colcon.colcon_core.package_identification:_identify(src/System Volume Information) by extension 'ignore_ament_install'
[0.295s] Level 1:colcon.colcon_core.package_identification:_identify(src/System Volume Information) by extensions ['colcon_pkg']
[0.296s] Level 1:colcon.colcon_core.package_identification:_identify(src/System Volume Information) by extension 'colcon_pkg'
[0.296s] Level 1:colcon.colcon_core.package_identification:_identify(src/System Volume Information) by extensions ['colcon_meta']
[0.296s] Level 1:colcon.colcon_core.package_identification:_identify(src/System Volume Information) by extension 'colcon_meta'
[0.296s] Level 1:colcon.colcon_core.package_identification:_identify(src/System Volume Information) by extensions ['ros']
[0.296s] Level 1:colcon.colcon_core.package_identification:_identify(src/System Volume Information) by extension 'ros'
[0.296s] Level 1:colcon.colcon_core.package_identification:_identify(src/System Volume Information) by extensions ['cmake', 'python']
[0.296s] Level 1:colcon.colcon_core.package_identification:_identify(src/System Volume Information) by extension 'cmake'
[0.296s] Level 1:colcon.colcon_core.package_identification:_identify(src/System Volume Information) by extension 'python'
[0.296s] Level 1:colcon.colcon_core.package_identification:_identify(src/System Volume Information) by extensions ['python_setup_py']
[0.296s] Level 1:colcon.colcon_core.package_identification:_identify(src/System Volume Information) by extension 'python_setup_py'
[0.296s] Level 1:colcon.colcon_core.package_identification:_identify(src/jdamr_ros_03) by extensions ['ignore', 'ignore_ament_install']
[0.296s] Level 1:colcon.colcon_core.package_identification:_identify(src/jdamr_ros_03) by extension 'ignore'
[0.296s] Level 1:colcon.colcon_core.package_identification:_identify(src/jdamr_ros_03) by extension 'ignore_ament_install'
[0.297s] Level 1:colcon.colcon_core.package_identification:_identify(src/jdamr_ros_03) by extensions ['colcon_pkg']
[0.297s] Level 1:colcon.colcon_core.package_identification:_identify(src/jdamr_ros_03) by extension 'colcon_pkg'
[0.297s] Level 1:colcon.colcon_core.package_identification:_identify(src/jdamr_ros_03) by extensions ['colcon_meta']
[0.297s] Level 1:colcon.colcon_core.package_identification:_identify(src/jdamr_ros_03) by extension 'colcon_meta'
[0.297s] Level 1:colcon.colcon_core.package_identification:_identify(src/jdamr_ros_03) by extensions ['ros']
[0.297s] Level 1:colcon.colcon_core.package_identification:_identify(src/jdamr_ros_03) by extension 'ros'
[0.300s] DEBUG:colcon.colcon_core.package_identification:Package 'src/jdamr_ros_03' with type 'ros.ament_python' and name 'jdamr_ros_03'
[0.300s] Level 1:colcon.colcon_core.package_identification:_identify(src/lauch_servo) by extensions ['ignore', 'ignore_ament_install']
[0.300s] Level 1:colcon.colcon_core.package_identification:_identify(src/lauch_servo) by extension 'ignore'
[0.300s] Level 1:colcon.colcon_core.package_identification:_identify(src/lauch_servo) by extension 'ignore_ament_install'
[0.300s] Level 1:colcon.colcon_core.package_identification:_identify(src/lauch_servo) by extensions ['colcon_pkg']
[0.301s] Level 1:colcon.colcon_core.package_identification:_identify(src/lauch_servo) by extension 'colcon_pkg'
[0.301s] Level 1:colcon.colcon_core.package_identification:_identify(src/lauch_servo) by extensions ['colcon_meta']
[0.301s] Level 1:colcon.colcon_core.package_identification:_identify(src/lauch_servo) by extension 'colcon_meta'
[0.301s] Level 1:colcon.colcon_core.package_identification:_identify(src/lauch_servo) by extensions ['ros']
[0.301s] Level 1:colcon.colcon_core.package_identification:_identify(src/lauch_servo) by extension 'ros'
[0.302s] DEBUG:colcon.colcon_core.package_identification:Package 'src/lauch_servo' with type 'ros.ament_python' and name 'lauch_servo'
[0.302s] Level 1:colcon.colcon_core.package_identification:_identify(src/launch_study) by extensions ['ignore', 'ignore_ament_install']
[0.302s] Level 1:colcon.colcon_core.package_identification:_identify(src/launch_study) by extension 'ignore'
[0.302s] Level 1:colcon.colcon_core.package_identification:_identify(src/launch_study) by extension 'ignore_ament_install'
[0.302s] Level 1:colcon.colcon_core.package_identification:_identify(src/launch_study) by extensions ['colcon_pkg']
[0.302s] Level 1:colcon.colcon_core.package_identification:_identify(src/launch_study) by extension 'colcon_pkg'
[0.302s] Level 1:colcon.colcon_core.package_identification:_identify(src/launch_study) by extensions ['colcon_meta']
[0.302s] Level 1:colcon.colcon_core.package_identification:_identify(src/launch_study) by extension 'colcon_meta'
[0.302s] Level 1:colcon.colcon_core.package_identification:_identify(src/launch_study) by extensions ['ros']
[0.302s] Level 1:colcon.colcon_core.package_identification:_identify(src/launch_study) by extension 'ros'
[0.303s] DEBUG:colcon.colcon_core.package_identification:Package 'src/launch_study' with type 'ros.ament_python' and name 'launch_study'
[0.303s] Level 1:colcon.colcon_core.package_identification:_identify(src/launch_urdf) by extensions ['ignore', 'ignore_ament_install']
[0.304s] Level 1:colcon.colcon_core.package_identification:_identify(src/launch_urdf) by extension 'ignore'
[0.304s] Level 1:colcon.colcon_core.package_identification:_identify(src/launch_urdf) by extension 'ignore_ament_install'
[0.304s] Level 1:colcon.colcon_core.package_identification:_identify(src/launch_urdf) by extensions ['colcon_pkg']
[0.304s] Level 1:colcon.colcon_core.package_identification:_identify(src/launch_urdf) by extension 'colcon_pkg'
[0.304s] Level 1:colcon.colcon_core.package_identification:_identify(src/launch_urdf) by extensions ['colcon_meta']
[0.304s] Level 1:colcon.colcon_core.package_identification:_identify(src/launch_urdf) by extension 'colcon_meta'
[0.304s] Level 1:colcon.colcon_core.package_identification:_identify(src/launch_urdf) by extensions ['ros']
[0.304s] Level 1:colcon.colcon_core.package_identification:_identify(src/launch_urdf) by extension 'ros'
[0.305s] DEBUG:colcon.colcon_core.package_identification:Package 'src/launch_urdf' with type 'ros.ament_python' and name 'launch_urdf'
[0.305s] Level 1:colcon.colcon_core.package_identification:_identify(src/ros_ardu) by extensions ['ignore', 'ignore_ament_install']
[0.305s] Level 1:colcon.colcon_core.package_identification:_identify(src/ros_ardu) by extension 'ignore'
[0.305s] Level 1:colcon.colcon_core.package_identification:_identify(src/ros_ardu) by extension 'ignore_ament_install'
[0.305s] Level 1:colcon.colcon_core.package_identification:_identify(src/ros_ardu) by extensions ['colcon_pkg']
[0.305s] Level 1:colcon.colcon_core.package_identification:_identify(src/ros_ardu) by extension 'colcon_pkg'
[0.305s] Level 1:colcon.colcon_core.package_identification:_identify(src/ros_ardu) by extensions ['colcon_meta']
[0.305s] Level 1:colcon.colcon_core.package_identification:_identify(src/ros_ardu) by extension 'colcon_meta'
[0.305s] Level 1:colcon.colcon_core.package_identification:_identify(src/ros_ardu) by extensions ['ros']
[0.305s] Level 1:colcon.colcon_core.package_identification:_identify(src/ros_ardu) by extension 'ros'
[0.306s] DEBUG:colcon.colcon_core.package_identification:Package 'src/ros_ardu' with type 'ros.ament_python' and name 'ros_ardu'
[0.306s] Level 1:colcon.colcon_core.package_identification:_identify(src/ros_dd) by extensions ['ignore', 'ignore_ament_install']
[0.306s] Level 1:colcon.colcon_core.package_identification:_identify(src/ros_dd) by extension 'ignore'
[0.306s] Level 1:colcon.colcon_core.package_identification:_identify(src/ros_dd) by extension 'ignore_ament_install'
[0.306s] Level 1:colcon.colcon_core.package_identification:_identify(src/ros_dd) by extensions ['colcon_pkg']
[0.306s] Level 1:colcon.colcon_core.package_identification:_identify(src/ros_dd) by extension 'colcon_pkg'
[0.307s] Level 1:colcon.colcon_core.package_identification:_identify(src/ros_dd) by extensions ['colcon_meta']
[0.307s] Level 1:colcon.colcon_core.package_identification:_identify(src/ros_dd) by extension 'colcon_meta'
[0.307s] Level 1:colcon.colcon_core.package_identification:_identify(src/ros_dd) by extensions ['ros']
[0.307s] Level 1:colcon.colcon_core.package_identification:_identify(src/ros_dd) by extension 'ros'
[0.307s] DEBUG:colcon.colcon_core.package_identification:Package 'src/ros_dd' with type 'ros.ament_python' and name 'ros_dd'
[0.307s] Level 1:colcon.colcon_core.package_identification:_identify(src/ros_good) by extensions ['ignore', 'ignore_ament_install']
[0.308s] Level 1:colcon.colcon_core.package_identification:_identify(src/ros_good) by extension 'ignore'
[0.308s] Level 1:colcon.colcon_core.package_identification:_identify(src/ros_good) by extension 'ignore_ament_install'
[0.308s] Level 1:colcon.colcon_core.package_identification:_identify(src/ros_good) by extensions ['colcon_pkg']
[0.308s] Level 1:colcon.colcon_core.package_identification:_identify(src/ros_good) by extension 'colcon_pkg'
[0.308s] Level 1:colcon.colcon_core.package_identification:_identify(src/ros_good) by extensions ['colcon_meta']
[0.308s] Level 1:colcon.colcon_core.package_identification:_identify(src/ros_good) by extension 'colcon_meta'
[0.308s] Level 1:colcon.colcon_core.package_identification:_identify(src/ros_good) by extensions ['ros']
[0.308s] Level 1:colcon.colcon_core.package_identification:_identify(src/ros_good) by extension 'ros'
[0.309s] DEBUG:colcon.colcon_core.package_identification:Package 'src/ros_good' with type 'ros.ament_python' and name 'ros_good'
[0.309s] Level 1:colcon.colcon_core.package_identification:_identify(src/ros_msg) by extensions ['ignore', 'ignore_ament_install']
[0.309s] Level 1:colcon.colcon_core.package_identification:_identify(src/ros_msg) by extension 'ignore'
[0.309s] Level 1:colcon.colcon_core.package_identification:_identify(src/ros_msg) by extension 'ignore_ament_install'
[0.310s] Level 1:colcon.colcon_core.package_identification:_identify(src/ros_msg) by extensions ['colcon_pkg']
[0.310s] Level 1:colcon.colcon_core.package_identification:_identify(src/ros_msg) by extension 'colcon_pkg'
[0.310s] Level 1:colcon.colcon_core.package_identification:_identify(src/ros_msg) by extensions ['colcon_meta']
[0.310s] Level 1:colcon.colcon_core.package_identification:_identify(src/ros_msg) by extension 'colcon_meta'
[0.310s] Level 1:colcon.colcon_core.package_identification:_identify(src/ros_msg) by extensions ['ros']
[0.310s] Level 1:colcon.colcon_core.package_identification:_identify(src/ros_msg) by extension 'ros'
[0.310s] DEBUG:colcon.colcon_core.package_identification:Package 'src/ros_msg' with type 'ros.ament_python' and name 'ros_msg'
[0.310s] Level 1:colcon.colcon_core.package_identification:_identify(src/wheel_controller) by extensions ['ignore', 'ignore_ament_install']
[0.311s] Level 1:colcon.colcon_core.package_identification:_identify(src/wheel_controller) by extension 'ignore'
[0.311s] Level 1:colcon.colcon_core.package_identification:_identify(src/wheel_controller) by extension 'ignore_ament_install'
[0.311s] Level 1:colcon.colcon_core.package_identification:_identify(src/wheel_controller) by extensions ['colcon_pkg']
[0.311s] Level 1:colcon.colcon_core.package_identification:_identify(src/wheel_controller) by extension 'colcon_pkg'
[0.311s] Level 1:colcon.colcon_core.package_identification:_identify(src/wheel_controller) by extensions ['colcon_meta']
[0.311s] Level 1:colcon.colcon_core.package_identification:_identify(src/wheel_controller) by extension 'colcon_meta'
[0.311s] Level 1:colcon.colcon_core.package_identification:_identify(src/wheel_controller) by extensions ['ros']
[0.311s] Level 1:colcon.colcon_core.package_identification:_identify(src/wheel_controller) by extension 'ros'
[0.312s] DEBUG:colcon.colcon_core.package_identification:Package 'src/wheel_controller' with type 'ros.ament_python' and name 'wheel_controller'
[0.312s] Level 1:colcon.colcon_core.package_discovery:discover_packages(recursive) using defaults
[0.312s] Level 1:colcon.colcon_core.package_discovery:discover_packages(ignore) discover
[0.312s] Level 1:colcon.colcon_core.package_discovery:discover_packages(ignore) using defaults
[0.312s] Level 1:colcon.colcon_core.package_discovery:discover_packages(path) discover
[0.312s] Level 1:colcon.colcon_core.package_discovery:discover_packages(path) using defaults
[0.327s] Level 1:colcon.colcon_core.package_discovery:discover_packages(prefix_path) check parameters
[0.327s] Level 1:colcon.colcon_core.package_discovery:discover_packages(prefix_path) discover
[0.328s] Level 1:colcon.colcon_core.package_discovery:discover_packages(prefix_path) using defaults
[0.329s] Level 5:colcon.colcon_core.verb:set package 'jdamr_ros_03' build argument 'cmake_args' from command line to 'None'
[0.329s] Level 5:colcon.colcon_core.verb:set package 'jdamr_ros_03' build argument 'cmake_target' from command line to 'None'
[0.329s] Level 5:colcon.colcon_core.verb:set package 'jdamr_ros_03' build argument 'cmake_target_skip_unavailable' from command line to 'False'
[0.329s] Level 5:colcon.colcon_core.verb:set package 'jdamr_ros_03' build argument 'cmake_clean_cache' from command line to 'False'
[0.329s] Level 5:colcon.colcon_core.verb:set package 'jdamr_ros_03' build argument 'cmake_clean_first' from command line to 'False'
[0.329s] Level 5:colcon.colcon_core.verb:set package 'jdamr_ros_03' build argument 'cmake_force_configure' from command line to 'False'
[0.330s] Level 5:colcon.colcon_core.verb:set package 'jdamr_ros_03' build argument 'ament_cmake_args' from command line to 'None'
[0.330s] Level 5:colcon.colcon_core.verb:set package 'jdamr_ros_03' build argument 'catkin_cmake_args' from command line to 'None'
[0.330s] Level 5:colcon.colcon_core.verb:set package 'jdamr_ros_03' build argument 'catkin_skip_building_tests' from command line to 'False'
[0.330s] DEBUG:colcon.colcon_core.verb:Building package 'jdamr_ros_03' with the following arguments: {'ament_cmake_args': None, 'build_base': '/home/simpson/launch_ws/build/jdamr_ros_03', 'catkin_cmake_args': None, 'catkin_skip_building_tests': False, 'cmake_args': None, 'cmake_clean_cache': False, 'cmake_clean_first': False, 'cmake_force_configure': False, 'cmake_target': None, 'cmake_target_skip_unavailable': False, 'install_base': '/home/simpson/launch_ws/install/jdamr_ros_03', 'merge_install': False, 'path': '/home/simpson/launch_ws/src/jdamr_ros_03', 'symlink_install': False, 'test_result_base': None}
[0.330s] Level 5:colcon.colcon_core.verb:set package 'lauch_servo' build argument 'cmake_args' from command line to 'None'
[0.330s] Level 5:colcon.colcon_core.verb:set package 'lauch_servo' build argument 'cmake_target' from command line to 'None'
[0.330s] Level 5:colcon.colcon_core.verb:set package 'lauch_servo' build argument 'cmake_target_skip_unavailable' from command line to 'False'
[0.330s] Level 5:colcon.colcon_core.verb:set package 'lauch_servo' build argument 'cmake_clean_cache' from command line to 'False'
[0.330s] Level 5:colcon.colcon_core.verb:set package 'lauch_servo' build argument 'cmake_clean_first' from command line to 'False'
[0.330s] Level 5:colcon.colcon_core.verb:set package 'lauch_servo' build argument 'cmake_force_configure' from command line to 'False'
[0.330s] Level 5:colcon.colcon_core.verb:set package 'lauch_servo' build argument 'ament_cmake_args' from command line to 'None'
[0.330s] Level 5:colcon.colcon_core.verb:set package 'lauch_servo' build argument 'catkin_cmake_args' from command line to 'None'
[0.330s] Level 5:colcon.colcon_core.verb:set package 'lauch_servo' build argument 'catkin_skip_building_tests' from command line to 'False'
[0.330s] DEBUG:colcon.colcon_core.verb:Building package 'lauch_servo' with the following arguments: {'ament_cmake_args': None, 'build_base': '/home/simpson/launch_ws/build/lauch_servo', 'catkin_cmake_args': None, 'catkin_skip_building_tests': False, 'cmake_args': None, 'cmake_clean_cache': False, 'cmake_clean_first': False, 'cmake_force_configure': False, 'cmake_target': None, 'cmake_target_skip_unavailable': False, 'install_base': '/home/simpson/launch_ws/install/lauch_servo', 'merge_install': False, 'path': '/home/simpson/launch_ws/src/lauch_servo', 'symlink_install': False, 'test_result_base': None}
[0.331s] Level 5:colcon.colcon_core.verb:set package 'launch_study' build argument 'cmake_args' from command line to 'None'
[0.331s] Level 5:colcon.colcon_core.verb:set package 'launch_study' build argument 'cmake_target' from command line to 'None'
[0.331s] Level 5:colcon.colcon_core.verb:set package 'launch_study' build argument 'cmake_target_skip_unavailable' from command line to 'False'
[0.331s] Level 5:colcon.colcon_core.verb:set package 'launch_study' build argument 'cmake_clean_cache' from command line to 'False'
[0.331s] Level 5:colcon.colcon_core.verb:set package 'launch_study' build argument 'cmake_clean_first' from command line to 'False'
[0.331s] Level 5:colcon.colcon_core.verb:set package 'launch_study' build argument 'cmake_force_configure' from command line to 'False'
[0.331s] Level 5:colcon.colcon_core.verb:set package 'launch_study' build argument 'ament_cmake_args' from command line to 'None'
[0.331s] Level 5:colcon.colcon_core.verb:set package 'launch_study' build argument 'catkin_cmake_args' from command line to 'None'
[0.331s] Level 5:colcon.colcon_core.verb:set package 'launch_study' build argument 'catkin_skip_building_tests' from command line to 'False'
[0.331s] DEBUG:colcon.colcon_core.verb:Building package 'launch_study' with the following arguments: {'ament_cmake_args': None, 'build_base': '/home/simpson/launch_ws/build/launch_study', 'catkin_cmake_args': None, 'catkin_skip_building_tests': False, 'cmake_args': None, 'cmake_clean_cache': False, 'cmake_clean_first': False, 'cmake_force_configure': False, 'cmake_target': None, 'cmake_target_skip_unavailable': False, 'install_base': '/home/simpson/launch_ws/install/launch_study', 'merge_install': False, 'path': '/home/simpson/launch_ws/src/launch_study', 'symlink_install': False, 'test_result_base': None}
[0.332s] Level 5:colcon.colcon_core.verb:set package 'launch_urdf' build argument 'cmake_args' from command line to 'None'
[0.332s] Level 5:colcon.colcon_core.verb:set package 'launch_urdf' build argument 'cmake_target' from command line to 'None'
[0.332s] Level 5:colcon.colcon_core.verb:set package 'launch_urdf' build argument 'cmake_target_skip_unavailable' from command line to 'False'
[0.332s] Level 5:colcon.colcon_core.verb:set package 'launch_urdf' build argument 'cmake_clean_cache' from command line to 'False'
[0.332s] Level 5:colcon.colcon_core.verb:set package 'launch_urdf' build argument 'cmake_clean_first' from command line to 'False'
[0.332s] Level 5:colcon.colcon_core.verb:set package 'launch_urdf' build argument 'cmake_force_configure' from command line to 'False'
[0.332s] Level 5:colcon.colcon_core.verb:set package 'launch_urdf' build argument 'ament_cmake_args' from command line to 'None'
[0.332s] Level 5:colcon.colcon_core.verb:set package 'launch_urdf' build argument 'catkin_cmake_args' from command line to 'None'
[0.332s] Level 5:colcon.colcon_core.verb:set package 'launch_urdf' build argument 'catkin_skip_building_tests' from command line to 'False'
[0.332s] DEBUG:colcon.colcon_core.verb:Building package 'launch_urdf' with the following arguments: {'ament_cmake_args': None, 'build_base': '/home/simpson/launch_ws/build/launch_urdf', 'catkin_cmake_args': None, 'catkin_skip_building_tests': False, 'cmake_args': None, 'cmake_clean_cache': False, 'cmake_clean_first': False, 'cmake_force_configure': False, 'cmake_target': None, 'cmake_target_skip_unavailable': False, 'install_base': '/home/simpson/launch_ws/install/launch_urdf', 'merge_install': False, 'path': '/home/simpson/launch_ws/src/launch_urdf', 'symlink_install': False, 'test_result_base': None}
[0.332s] Level 5:colcon.colcon_core.verb:set package 'ros_ardu' build argument 'cmake_args' from command line to 'None'
[0.333s] Level 5:colcon.colcon_core.verb:set package 'ros_ardu' build argument 'cmake_target' from command line to 'None'
[0.333s] Level 5:colcon.colcon_core.verb:set package 'ros_ardu' build argument 'cmake_target_skip_unavailable' from command line to 'False'
[0.333s] Level 5:colcon.colcon_core.verb:set package 'ros_ardu' build argument 'cmake_clean_cache' from command line to 'False'
[0.333s] Level 5:colcon.colcon_core.verb:set package 'ros_ardu' build argument 'cmake_clean_first' from command line to 'False'
[0.333s] Level 5:colcon.colcon_core.verb:set package 'ros_ardu' build argument 'cmake_force_configure' from command line to 'False'
[0.333s] Level 5:colcon.colcon_core.verb:set package 'ros_ardu' build argument 'ament_cmake_args' from command line to 'None'
[0.333s] Level 5:colcon.colcon_core.verb:set package 'ros_ardu' build argument 'catkin_cmake_args' from command line to 'None'
[0.333s] Level 5:colcon.colcon_core.verb:set package 'ros_ardu' build argument 'catkin_skip_building_tests' from command line to 'False'
[0.333s] DEBUG:colcon.colcon_core.verb:Building package 'ros_ardu' with the following arguments: {'ament_cmake_args': None, 'build_base': '/home/simpson/launch_ws/build/ros_ardu', 'catkin_cmake_args': None, 'catkin_skip_building_tests': False, 'cmake_args': None, 'cmake_clean_cache': False, 'cmake_clean_first': False, 'cmake_force_configure': False, 'cmake_target': None, 'cmake_target_skip_unavailable': False, 'install_base': '/home/simpson/launch_ws/install/ros_ardu', 'merge_install': False, 'path': '/home/simpson/launch_ws/src/ros_ardu', 'symlink_install': False, 'test_result_base': None}
[0.333s] Level 5:colcon.colcon_core.verb:set package 'ros_dd' build argument 'cmake_args' from command line to 'None'
[0.333s] Level 5:colcon.colcon_core.verb:set package 'ros_dd' build argument 'cmake_target' from command line to 'None'
[0.333s] Level 5:colcon.colcon_core.verb:set package 'ros_dd' build argument 'cmake_target_skip_unavailable' from command line to 'False'
[0.333s] Level 5:colcon.colcon_core.verb:set package 'ros_dd' build argument 'cmake_clean_cache' from command line to 'False'
[0.334s] Level 5:colcon.colcon_core.verb:set package 'ros_dd' build argument 'cmake_clean_first' from command line to 'False'
[0.334s] Level 5:colcon.colcon_core.verb:set package 'ros_dd' build argument 'cmake_force_configure' from command line to 'False'
[0.334s] Level 5:colcon.colcon_core.verb:set package 'ros_dd' build argument 'ament_cmake_args' from command line to 'None'
[0.334s] Level 5:colcon.colcon_core.verb:set package 'ros_dd' build argument 'catkin_cmake_args' from command line to 'None'
[0.334s] Level 5:colcon.colcon_core.verb:set package 'ros_dd' build argument 'catkin_skip_building_tests' from command line to 'False'
[0.334s] DEBUG:colcon.colcon_core.verb:Building package 'ros_dd' with the following arguments: {'ament_cmake_args': None, 'build_base': '/home/simpson/launch_ws/build/ros_dd', 'catkin_cmake_args': None, 'catkin_skip_building_tests': False, 'cmake_args': None, 'cmake_clean_cache': False, 'cmake_clean_first': False, 'cmake_force_configure': False, 'cmake_target': None, 'cmake_target_skip_unavailable': False, 'install_base': '/home/simpson/launch_ws/install/ros_dd', 'merge_install': False, 'path': '/home/simpson/launch_ws/src/ros_dd', 'symlink_install': False, 'test_result_base': None}
[0.334s] Level 5:colcon.colcon_core.verb:set package 'ros_good' build argument 'cmake_args' from command line to 'None'
[0.334s] Level 5:colcon.colcon_core.verb:set package 'ros_good' build argument 'cmake_target' from command line to 'None'
[0.334s] Level 5:colcon.colcon_core.verb:set package 'ros_good' build argument 'cmake_target_skip_unavailable' from command line to 'False'
[0.334s] Level 5:colcon.colcon_core.verb:set package 'ros_good' build argument 'cmake_clean_cache' from command line to 'False'
[0.334s] Level 5:colcon.colcon_core.verb:set package 'ros_good' build argument 'cmake_clean_first' from command line to 'False'
[0.334s] Level 5:colcon.colcon_core.verb:set package 'ros_good' build argument 'cmake_force_configure' from command line to 'False'
[0.334s] Level 5:colcon.colcon_core.verb:set package 'ros_good' build argument 'ament_cmake_args' from command line to 'None'
[0.334s] Level 5:colcon.colcon_core.verb:set package 'ros_good' build argument 'catkin_cmake_args' from command line to 'None'
[0.335s] Level 5:colcon.colcon_core.verb:set package 'ros_good' build argument 'catkin_skip_building_tests' from command line to 'False'
[0.335s] DEBUG:colcon.colcon_core.verb:Building package 'ros_good' with the following arguments: {'ament_cmake_args': None, 'build_base': '/home/simpson/launch_ws/build/ros_good', 'catkin_cmake_args': None, 'catkin_skip_building_tests': False, 'cmake_args': None, 'cmake_clean_cache': False, 'cmake_clean_first': False, 'cmake_force_configure': False, 'cmake_target': None, 'cmake_target_skip_unavailable': False, 'install_base': '/home/simpson/launch_ws/install/ros_good', 'merge_install': False, 'path': '/home/simpson/launch_ws/src/ros_good', 'symlink_install': False, 'test_result_base': None}
[0.335s] Level 5:colcon.colcon_core.verb:set package 'ros_msg' build argument 'cmake_args' from command line to 'None'
[0.335s] Level 5:colcon.colcon_core.verb:set package 'ros_msg' build argument 'cmake_target' from command line to 'None'
[0.335s] Level 5:colcon.colcon_core.verb:set package 'ros_msg' build argument 'cmake_target_skip_unavailable' from command line to 'False'
[0.335s] Level 5:colcon.colcon_core.verb:set package 'ros_msg' build argument 'cmake_clean_cache' from command line to 'False'
[0.335s] Level 5:colcon.colcon_core.verb:set package 'ros_msg' build argument 'cmake_clean_first' from command line to 'False'
[0.335s] Level 5:colcon.colcon_core.verb:set package 'ros_msg' build argument 'cmake_force_configure' from command line to 'False'
[0.335s] Level 5:colcon.colcon_core.verb:set package 'ros_msg' build argument 'ament_cmake_args' from command line to 'None'
[0.335s] Level 5:colcon.colcon_core.verb:set package 'ros_msg' build argument 'catkin_cmake_args' from command line to 'None'
[0.335s] Level 5:colcon.colcon_core.verb:set package 'ros_msg' build argument 'catkin_skip_building_tests' from command line to 'False'
[0.335s] DEBUG:colcon.colcon_core.verb:Building package 'ros_msg' with the following arguments: {'ament_cmake_args': None, 'build_base': '/home/simpson/launch_ws/build/ros_msg', 'catkin_cmake_args': None, 'catkin_skip_building_tests': False, 'cmake_args': None, 'cmake_clean_cache': False, 'cmake_clean_first': False, 'cmake_force_configure': False, 'cmake_target': None, 'cmake_target_skip_unavailable': False, 'install_base': '/home/simpson/launch_ws/install/ros_msg', 'merge_install': False, 'path': '/home/simpson/launch_ws/src/ros_msg', 'symlink_install': False, 'test_result_base': None}
[0.336s] Level 5:colcon.colcon_core.verb:set package 'wheel_controller' build argument 'cmake_args' from command line to 'None'
[0.336s] Level 5:colcon.colcon_core.verb:set package 'wheel_controller' build argument 'cmake_target' from command line to 'None'
[0.336s] Level 5:colcon.colcon_core.verb:set package 'wheel_controller' build argument 'cmake_target_skip_unavailable' from command line to 'False'
[0.336s] Level 5:colcon.colcon_core.verb:set package 'wheel_controller' build argument 'cmake_clean_cache' from command line to 'False'
[0.336s] Level 5:colcon.colcon_core.verb:set package 'wheel_controller' build argument 'cmake_clean_first' from command line to 'False'
[0.336s] Level 5:colcon.colcon_core.verb:set package 'wheel_controller' build argument 'cmake_force_configure' from command line to 'False'
[0.336s] Level 5:colcon.colcon_core.verb:set package 'wheel_controller' build argument 'ament_cmake_args' from command line to 'None'
[0.336s] Level 5:colcon.colcon_core.verb:set package 'wheel_controller' build argument 'catkin_cmake_args' from command line to 'None'
[0.336s] Level 5:colcon.colcon_core.verb:set package 'wheel_controller' build argument 'catkin_skip_building_tests' from command line to 'False'
[0.336s] DEBUG:colcon.colcon_core.verb:Building package 'wheel_controller' with the following arguments: {'ament_cmake_args': None, 'build_base': '/home/simpson/launch_ws/build/wheel_controller', 'catkin_cmake_args': None, 'catkin_skip_building_tests': False, 'cmake_args': None, 'cmake_clean_cache': False, 'cmake_clean_first': False, 'cmake_force_configure': False, 'cmake_target': None, 'cmake_target_skip_unavailable': False, 'install_base': '/home/simpson/launch_ws/install/wheel_controller', 'merge_install': False, 'path': '/home/simpson/launch_ws/src/wheel_controller', 'symlink_install': False, 'test_result_base': None}
[0.337s] INFO:colcon.colcon_core.executor:Executing jobs using 'parallel' executor
[0.338s] DEBUG:colcon.colcon_parallel_executor.executor.parallel:run_until_complete
[0.338s] INFO:colcon.colcon_ros.task.ament_python.build:Building ROS package in '/home/simpson/launch_ws/src/jdamr_ros_03' with build type 'ament_python'
[0.339s] Level 1:colcon.colcon_core.shell:create_environment_hook('jdamr_ros_03', 'ament_prefix_path')
[0.341s] INFO:colcon.colcon_core.plugin_system:Skipping extension 'colcon_core.shell.bat': Not used on non-Windows systems
[0.342s] INFO:colcon.colcon_core.shell:Creating environment hook '/home/simpson/launch_ws/install/jdamr_ros_03/share/jdamr_ros_03/hook/ament_prefix_path.ps1'
[0.342s] INFO:colcon.colcon_core.shell:Creating environment descriptor '/home/simpson/launch_ws/install/jdamr_ros_03/share/jdamr_ros_03/hook/ament_prefix_path.dsv'
[0.343s] INFO:colcon.colcon_core.shell:Creating environment hook '/home/simpson/launch_ws/install/jdamr_ros_03/share/jdamr_ros_03/hook/ament_prefix_path.sh'
[0.344s] INFO:colcon.colcon_core.shell:Skip shell extension 'powershell' for command environment: Not usable outside of PowerShell
[0.344s] DEBUG:colcon.colcon_core.shell:Skip shell extension 'dsv' for command environment
[0.348s] INFO:colcon.colcon_ros.task.ament_python.build:Building ROS package in '/home/simpson/launch_ws/src/lauch_servo' with build type 'ament_python'
[0.348s] Level 1:colcon.colcon_core.shell:create_environment_hook('lauch_servo', 'ament_prefix_path')
[0.349s] INFO:colcon.colcon_core.shell:Creating environment hook '/home/simpson/launch_ws/install/lauch_servo/share/lauch_servo/hook/ament_prefix_path.ps1'
[0.350s] INFO:colcon.colcon_core.shell:Creating environment descriptor '/home/simpson/launch_ws/install/lauch_servo/share/lauch_servo/hook/ament_prefix_path.dsv'
[0.351s] INFO:colcon.colcon_core.shell:Creating environment hook '/home/simpson/launch_ws/install/lauch_servo/share/lauch_servo/hook/ament_prefix_path.sh'
[0.353s] INFO:colcon.colcon_core.shell:Skip shell extension 'powershell' for command environment: Not usable outside of PowerShell
[0.353s] DEBUG:colcon.colcon_core.shell:Skip shell extension 'dsv' for command environment
[0.356s] INFO:colcon.colcon_ros.task.ament_python.build:Building ROS package in '/home/simpson/launch_ws/src/launch_study' with build type 'ament_python'
[0.357s] Level 1:colcon.colcon_core.shell:create_environment_hook('launch_study', 'ament_prefix_path')
[0.357s] INFO:colcon.colcon_core.shell:Creating environment hook '/home/simpson/launch_ws/install/launch_study/share/launch_study/hook/ament_prefix_path.ps1'
[0.359s] INFO:colcon.colcon_core.shell:Creating environment descriptor '/home/simpson/launch_ws/install/launch_study/share/launch_study/hook/ament_prefix_path.dsv'
[0.359s] INFO:colcon.colcon_core.shell:Creating environment hook '/home/simpson/launch_ws/install/launch_study/share/launch_study/hook/ament_prefix_path.sh'
[0.360s] INFO:colcon.colcon_core.shell:Skip shell extension 'powershell' for command environment: Not usable outside of PowerShell
[0.360s] DEBUG:colcon.colcon_core.shell:Skip shell extension 'dsv' for command environment
[0.368s] INFO:colcon.colcon_ros.task.ament_python.build:Building ROS package in '/home/simpson/launch_ws/src/launch_urdf' with build type 'ament_python'
[0.370s] Level 1:colcon.colcon_core.shell:create_environment_hook('launch_urdf', 'ament_prefix_path')
[0.370s] INFO:colcon.colcon_core.shell:Creating environment hook '/home/simpson/launch_ws/install/launch_urdf/share/launch_urdf/hook/ament_prefix_path.ps1'
[0.371s] INFO:colcon.colcon_core.shell:Creating environment descriptor '/home/simpson/launch_ws/install/launch_urdf/share/launch_urdf/hook/ament_prefix_path.dsv'
[0.372s] INFO:colcon.colcon_core.shell:Creating environment hook '/home/simpson/launch_ws/install/launch_urdf/share/launch_urdf/hook/ament_prefix_path.sh'
[0.373s] INFO:colcon.colcon_core.shell:Skip shell extension 'powershell' for command environment: Not usable outside of PowerShell
[0.373s] DEBUG:colcon.colcon_core.shell:Skip shell extension 'dsv' for command environment
[0.378s] INFO:colcon.colcon_ros.task.ament_python.build:Building ROS package in '/home/simpson/launch_ws/src/ros_ardu' with build type 'ament_python'
[0.379s] Level 1:colcon.colcon_core.shell:create_environment_hook('ros_ardu', 'ament_prefix_path')
[0.382s] INFO:colcon.colcon_core.shell:Creating environment hook '/home/simpson/launch_ws/install/ros_ardu/share/ros_ardu/hook/ament_prefix_path.ps1'
[0.383s] INFO:colcon.colcon_core.shell:Creating environment descriptor '/home/simpson/launch_ws/install/ros_ardu/share/ros_ardu/hook/ament_prefix_path.dsv'
[0.383s] INFO:colcon.colcon_core.shell:Creating environment hook '/home/simpson/launch_ws/install/ros_ardu/share/ros_ardu/hook/ament_prefix_path.sh'
[0.384s] INFO:colcon.colcon_core.shell:Skip shell extension 'powershell' for command environment: Not usable outside of PowerShell
[0.384s] DEBUG:colcon.colcon_core.shell:Skip shell extension 'dsv' for command environment
[0.387s] INFO:colcon.colcon_ros.task.ament_python.build:Building ROS package in '/home/simpson/launch_ws/src/ros_dd' with build type 'ament_python'
[0.388s] Level 1:colcon.colcon_core.shell:create_environment_hook('ros_dd', 'ament_prefix_path')
[0.389s] INFO:colcon.colcon_core.shell:Creating environment hook '/home/simpson/launch_ws/install/ros_dd/share/ros_dd/hook/ament_prefix_path.ps1'
[0.390s] INFO:colcon.colcon_core.shell:Creating environment descriptor '/home/simpson/launch_ws/install/ros_dd/share/ros_dd/hook/ament_prefix_path.dsv'
[0.390s] INFO:colcon.colcon_core.shell:Creating environment hook '/home/simpson/launch_ws/install/ros_dd/share/ros_dd/hook/ament_prefix_path.sh'
[0.391s] INFO:colcon.colcon_core.shell:Skip shell extension 'powershell' for command environment: Not usable outside of PowerShell
[0.392s] DEBUG:colcon.colcon_core.shell:Skip shell extension 'dsv' for command environment
[0.399s] INFO:colcon.colcon_ros.task.ament_python.build:Building ROS package in '/home/simpson/launch_ws/src/ros_good' with build type 'ament_python'
[0.400s] Level 1:colcon.colcon_core.shell:create_environment_hook('ros_good', 'ament_prefix_path')
[0.401s] INFO:colcon.colcon_core.shell:Creating environment hook '/home/simpson/launch_ws/install/ros_good/share/ros_good/hook/ament_prefix_path.ps1'
[0.402s] INFO:colcon.colcon_core.shell:Creating environment descriptor '/home/simpson/launch_ws/install/ros_good/share/ros_good/hook/ament_prefix_path.dsv'
[0.403s] INFO:colcon.colcon_core.shell:Creating environment hook '/home/simpson/launch_ws/install/ros_good/share/ros_good/hook/ament_prefix_path.sh'
[0.403s] INFO:colcon.colcon_core.shell:Skip shell extension 'powershell' for command environment: Not usable outside of PowerShell
[0.403s] DEBUG:colcon.colcon_core.shell:Skip shell extension 'dsv' for command environment
[0.407s] INFO:colcon.colcon_ros.task.ament_python.build:Building ROS package in '/home/simpson/launch_ws/src/ros_msg' with build type 'ament_python'
[0.408s] Level 1:colcon.colcon_core.shell:create_environment_hook('ros_msg', 'ament_prefix_path')
[0.408s] INFO:colcon.colcon_core.shell:Creating environment hook '/home/simpson/launch_ws/install/ros_msg/share/ros_msg/hook/ament_prefix_path.ps1'
[0.410s] INFO:colcon.colcon_core.shell:Creating environment descriptor '/home/simpson/launch_ws/install/ros_msg/share/ros_msg/hook/ament_prefix_path.dsv'
[0.411s] INFO:colcon.colcon_core.shell:Creating environment hook '/home/simpson/launch_ws/install/ros_msg/share/ros_msg/hook/ament_prefix_path.sh'
[0.412s] INFO:colcon.colcon_core.shell:Skip shell extension 'powershell' for command environment: Not usable outside of PowerShell
[0.413s] DEBUG:colcon.colcon_core.shell:Skip shell extension 'dsv' for command environment
[0.640s] INFO:colcon.colcon_core.task.python.build:Building Python package in '/home/simpson/launch_ws/src/jdamr_ros_03'
[0.641s] INFO:colcon.colcon_core.shell:Skip shell extension 'powershell' for command environment: Not usable outside of PowerShell
[0.641s] DEBUG:colcon.colcon_core.shell:Skip shell extension 'dsv' for command environment
[0.870s] INFO:colcon.colcon_core.task.python.build:Building Python package in '/home/simpson/launch_ws/src/lauch_servo'
[0.871s] INFO:colcon.colcon_core.shell:Skip shell extension 'powershell' for command environment: Not usable outside of PowerShell
[0.871s] DEBUG:colcon.colcon_core.shell:Skip shell extension 'dsv' for command environment
[1.079s] INFO:colcon.colcon_core.task.python.build:Building Python package in '/home/simpson/launch_ws/src/launch_study'
[1.079s] INFO:colcon.colcon_core.shell:Skip shell extension 'powershell' for command environment: Not usable outside of PowerShell
[1.080s] DEBUG:colcon.colcon_core.shell:Skip shell extension 'dsv' for command environment
[1.277s] INFO:colcon.colcon_core.task.python.build:Building Python package in '/home/simpson/launch_ws/src/launch_urdf'
[1.277s] INFO:colcon.colcon_core.shell:Skip shell extension 'powershell' for command environment: Not usable outside of PowerShell
[1.277s] DEBUG:colcon.colcon_core.shell:Skip shell extension 'dsv' for command environment
[1.476s] INFO:colcon.colcon_core.task.python.build:Building Python package in '/home/simpson/launch_ws/src/ros_ardu'
[1.476s] INFO:colcon.colcon_core.shell:Skip shell extension 'powershell' for command environment: Not usable outside of PowerShell
[1.476s] DEBUG:colcon.colcon_core.shell:Skip shell extension 'dsv' for command environment
[1.673s] INFO:colcon.colcon_core.task.python.build:Building Python package in '/home/simpson/launch_ws/src/ros_dd'
[1.674s] INFO:colcon.colcon_core.shell:Skip shell extension 'powershell' for command environment: Not usable outside of PowerShell
[1.674s] DEBUG:colcon.colcon_core.shell:Skip shell extension 'dsv' for command environment
[1.869s] INFO:colcon.colcon_core.task.python.build:Building Python package in '/home/simpson/launch_ws/src/ros_good'
[1.870s] INFO:colcon.colcon_core.shell:Skip shell extension 'powershell' for command environment: Not usable outside of PowerShell
[1.870s] DEBUG:colcon.colcon_core.shell:Skip shell extension 'dsv' for command environment
[2.076s] INFO:colcon.colcon_core.task.python.build:Building Python package in '/home/simpson/launch_ws/src/ros_msg'
[2.077s] INFO:colcon.colcon_core.shell:Skip shell extension 'powershell' for command environment: Not usable outside of PowerShell
[2.077s] DEBUG:colcon.colcon_core.shell:Skip shell extension 'dsv' for command environment
[2.863s] DEBUG:colcon.colcon_core.event_handler.log_command:Invoking command in '/home/simpson/launch_ws/src/lauch_servo': PYTHONPATH=/home/simpson/launch_ws/build/lauch_servo/prefix_override:/usr/lib/python3/dist-packages/colcon_core/task/python/colcon_distutils_commands:/home/simpson/launch_ws/install/lauch_servo/lib/python3.8/site-packages: /usr/bin/python3 -W ignore:setup.py install is deprecated setup.py egg_info --egg-base ../../build/lauch_servo build --build-base /home/simpson/launch_ws/build/lauch_servo/build install --record /home/simpson/launch_ws/build/lauch_servo/install.log --install-scripts $base/lib/lauch_servo --single-version-externally-managed install_data
[2.893s] DEBUG:colcon.colcon_core.event_handler.log_command:Invoking command in '/home/simpson/launch_ws/src/jdamr_ros_03': PYTHONPATH=/home/simpson/launch_ws/build/jdamr_ros_03/prefix_override:/usr/lib/python3/dist-packages/colcon_core/task/python/colcon_distutils_commands:/home/simpson/launch_ws/install/jdamr_ros_03/lib/python3.8/site-packages: /usr/bin/python3 -W ignore:setup.py install is deprecated setup.py egg_info --egg-base ../../build/jdamr_ros_03 build --build-base /home/simpson/launch_ws/build/jdamr_ros_03/build install --record /home/simpson/launch_ws/build/jdamr_ros_03/install.log --single-version-externally-managed install_data
[2.916s] DEBUG:colcon.colcon_core.event_handler.log_command:Invoking command in '/home/simpson/launch_ws/src/launch_study': PYTHONPATH=/home/simpson/launch_ws/build/launch_study/prefix_override:/usr/lib/python3/dist-packages/colcon_core/task/python/colcon_distutils_commands:/home/simpson/launch_ws/install/launch_study/lib/python3.8/site-packages: /usr/bin/python3 -W ignore:setup.py install is deprecated setup.py egg_info --egg-base ../../build/launch_study build --build-base /home/simpson/launch_ws/build/launch_study/build install --record /home/simpson/launch_ws/build/launch_study/install.log --install-scripts $base/lib/launch_study --single-version-externally-managed install_data
[2.927s] DEBUG:colcon.colcon_core.event_handler.log_command:Invoking command in '/home/simpson/launch_ws/src/ros_ardu': PYTHONPATH=/home/simpson/launch_ws/build/ros_ardu/prefix_override:/usr/lib/python3/dist-packages/colcon_core/task/python/colcon_distutils_commands:/home/simpson/launch_ws/install/ros_ardu/lib/python3.8/site-packages: /usr/bin/python3 -W ignore:setup.py install is deprecated setup.py egg_info --egg-base ../../build/ros_ardu build --build-base /home/simpson/launch_ws/build/ros_ardu/build install --record /home/simpson/launch_ws/build/ros_ardu/install.log --single-version-externally-managed install_data
[2.933s] DEBUG:colcon.colcon_core.event_handler.log_command:Invoking command in '/home/simpson/launch_ws/src/ros_good': PYTHONPATH=/home/simpson/launch_ws/build/ros_good/prefix_override:/usr/lib/python3/dist-packages/colcon_core/task/python/colcon_distutils_commands:/home/simpson/launch_ws/install/ros_good/lib/python3.8/site-packages: /usr/bin/python3 -W ignore:setup.py install is deprecated setup.py egg_info --egg-base ../../build/ros_good build --build-base /home/simpson/launch_ws/build/ros_good/build install --record /home/simpson/launch_ws/build/ros_good/install.log --single-version-externally-managed install_data
[2.942s] DEBUG:colcon.colcon_core.event_handler.log_command:Invoking command in '/home/simpson/launch_ws/src/ros_dd': PYTHONPATH=/home/simpson/launch_ws/build/ros_dd/prefix_override:/usr/lib/python3/dist-packages/colcon_core/task/python/colcon_distutils_commands:/home/simpson/launch_ws/install/ros_dd/lib/python3.8/site-packages: /usr/bin/python3 -W ignore:setup.py install is deprecated setup.py egg_info --egg-base ../../build/ros_dd build --build-base /home/simpson/launch_ws/build/ros_dd/build install --record /home/simpson/launch_ws/build/ros_dd/install.log --install-scripts $base/lib/ros_dd --single-version-externally-managed install_data
[2.959s] DEBUG:colcon.colcon_core.event_handler.log_command:Invoking command in '/home/simpson/launch_ws/src/launch_urdf': PYTHONPATH=/home/simpson/launch_ws/build/launch_urdf/prefix_override:/usr/lib/python3/dist-packages/colcon_core/task/python/colcon_distutils_commands:/home/simpson/launch_ws/install/launch_urdf/lib/python3.8/site-packages: /usr/bin/python3 -W ignore:setup.py install is deprecated setup.py egg_info --egg-base ../../build/launch_urdf build --build-base /home/simpson/launch_ws/build/launch_urdf/build install --record /home/simpson/launch_ws/build/launch_urdf/install.log --install-scripts $base/lib/launch_urdf --single-version-externally-managed install_data
[2.981s] DEBUG:colcon.colcon_core.event_handler.log_command:Invoking command in '/home/simpson/launch_ws/src/ros_msg': PYTHONPATH=/home/simpson/launch_ws/build/ros_msg/prefix_override:/usr/lib/python3/dist-packages/colcon_core/task/python/colcon_distutils_commands:/home/simpson/launch_ws/install/ros_msg/lib/python3.8/site-packages: /usr/bin/python3 -W ignore:setup.py install is deprecated setup.py egg_info --egg-base ../../build/ros_msg build --build-base /home/simpson/launch_ws/build/ros_msg/build install --record /home/simpson/launch_ws/build/ros_msg/install.log --single-version-externally-managed install_data
[3.469s] DEBUG:colcon.colcon_core.event_handler.log_command:Invoked command in '/home/simpson/launch_ws/src/lauch_servo' returned '0': PYTHONPATH=/home/simpson/launch_ws/build/lauch_servo/prefix_override:/usr/lib/python3/dist-packages/colcon_core/task/python/colcon_distutils_commands:/home/simpson/launch_ws/install/lauch_servo/lib/python3.8/site-packages: /usr/bin/python3 -W ignore:setup.py install is deprecated setup.py egg_info --egg-base ../../build/lauch_servo build --build-base /home/simpson/launch_ws/build/lauch_servo/build install --record /home/simpson/launch_ws/build/lauch_servo/install.log --install-scripts $base/lib/lauch_servo --single-version-externally-managed install_data
[3.473s] Level 1:colcon.colcon_core.environment:checking '/home/simpson/launch_ws/install/lauch_servo' for CMake module files
[3.474s] Level 1:colcon.colcon_core.environment:checking '/home/simpson/launch_ws/install/lauch_servo' for CMake config files
[3.475s] Level 1:colcon.colcon_core.environment:checking '/home/simpson/launch_ws/install/lauch_servo/lib'
[3.476s] Level 1:colcon.colcon_core.environment:checking '/home/simpson/launch_ws/install/lauch_servo/bin'
[3.476s] Level 1:colcon.colcon_core.environment:checking '/home/simpson/launch_ws/install/lauch_servo/lib/pkgconfig/lauch_servo.pc'
[3.476s] Level 1:colcon.colcon_core.environment:checking '/home/simpson/launch_ws/install/lauch_servo/lib/python3.8/site-packages'
[3.477s] Level 1:colcon.colcon_core.shell:create_environment_hook('lauch_servo', 'pythonpath')
[3.478s] INFO:colcon.colcon_core.shell:Creating environment hook '/home/simpson/launch_ws/install/lauch_servo/share/lauch_servo/hook/pythonpath.ps1'
[3.480s] INFO:colcon.colcon_core.shell:Creating environment descriptor '/home/simpson/launch_ws/install/lauch_servo/share/lauch_servo/hook/pythonpath.dsv'
[3.484s] INFO:colcon.colcon_core.shell:Creating environment hook '/home/simpson/launch_ws/install/lauch_servo/share/lauch_servo/hook/pythonpath.sh'
[3.486s] Level 1:colcon.colcon_core.environment:checking '/home/simpson/launch_ws/install/lauch_servo/bin'
[3.487s] Level 1:colcon.colcon_core.environment:create_environment_scripts_only(lauch_servo)
[3.489s] INFO:colcon.colcon_core.shell:Creating package script '/home/simpson/launch_ws/install/lauch_servo/share/lauch_servo/package.ps1'
[3.497s] INFO:colcon.colcon_core.shell:Creating package descriptor '/home/simpson/launch_ws/install/lauch_servo/share/lauch_servo/package.dsv'
[3.500s] INFO:colcon.colcon_core.shell:Creating package script '/home/simpson/launch_ws/install/lauch_servo/share/lauch_servo/package.sh'
[3.502s] INFO:colcon.colcon_core.shell:Creating package script '/home/simpson/launch_ws/install/lauch_servo/share/lauch_servo/package.bash'
[3.505s] INFO:colcon.colcon_core.shell:Creating package script '/home/simpson/launch_ws/install/lauch_servo/share/lauch_servo/package.zsh'
[3.507s] Level 1:colcon.colcon_core.environment:create_file_with_runtime_dependencies(/home/simpson/launch_ws/install/lauch_servo/share/colcon-core/packages/lauch_servo)
[3.509s] INFO:colcon.colcon_ros.task.ament_python.build:Building ROS package in '/home/simpson/launch_ws/src/wheel_controller' with build type 'ament_python'
[3.510s] Level 1:colcon.colcon_core.shell:create_environment_hook('wheel_controller', 'ament_prefix_path')
[3.510s] INFO:colcon.colcon_core.shell:Creating environment hook '/home/simpson/launch_ws/install/wheel_controller/share/wheel_controller/hook/ament_prefix_path.ps1'
[3.512s] INFO:colcon.colcon_core.shell:Creating environment descriptor '/home/simpson/launch_ws/install/wheel_controller/share/wheel_controller/hook/ament_prefix_path.dsv'
[3.529s] INFO:colcon.colcon_core.shell:Creating environment hook '/home/simpson/launch_ws/install/wheel_controller/share/wheel_controller/hook/ament_prefix_path.sh'
[3.531s] INFO:colcon.colcon_core.shell:Skip shell extension 'powershell' for command environment: Not usable outside of PowerShell
[3.531s] DEBUG:colcon.colcon_core.shell:Skip shell extension 'dsv' for command environment
[3.556s] Level 1:colcon.colcon_core.environment:checking '/home/simpson/launch_ws/install/ros_good' for CMake module files
[3.561s] Level 1:colcon.colcon_core.environment:checking '/home/simpson/launch_ws/install/ros_good' for CMake config files
[3.564s] Level 1:colcon.colcon_core.environment:checking '/home/simpson/launch_ws/install/ros_good/lib'
[3.566s] Level 1:colcon.colcon_core.environment:checking '/home/simpson/launch_ws/install/ros_good/bin'
[3.567s] Level 1:colcon.colcon_core.environment:checking '/home/simpson/launch_ws/install/ros_good/lib/pkgconfig/ros_good.pc'
[3.568s] Level 1:colcon.colcon_core.environment:checking '/home/simpson/launch_ws/install/ros_good/lib/python3.8/site-packages'
[3.568s] Level 1:colcon.colcon_core.shell:create_environment_hook('ros_good', 'pythonpath')
[3.568s] INFO:colcon.colcon_core.shell:Creating environment hook '/home/simpson/launch_ws/install/ros_good/share/ros_good/hook/pythonpath.ps1'
[3.569s] DEBUG:colcon.colcon_core.event_handler.log_command:Invoked command in '/home/simpson/launch_ws/src/ros_good' returned '0': PYTHONPATH=/home/simpson/launch_ws/build/ros_good/prefix_override:/usr/lib/python3/dist-packages/colcon_core/task/python/colcon_distutils_commands:/home/simpson/launch_ws/install/ros_good/lib/python3.8/site-packages: /usr/bin/python3 -W ignore:setup.py install is deprecated setup.py egg_info --egg-base ../../build/ros_good build --build-base /home/simpson/launch_ws/build/ros_good/build install --record /home/simpson/launch_ws/build/ros_good/install.log --single-version-externally-managed install_data
[3.570s] INFO:colcon.colcon_core.shell:Creating environment descriptor '/home/simpson/launch_ws/install/ros_good/share/ros_good/hook/pythonpath.dsv'
[3.570s] INFO:colcon.colcon_core.shell:Creating environment hook '/home/simpson/launch_ws/install/ros_good/share/ros_good/hook/pythonpath.sh'
[3.571s] Level 1:colcon.colcon_core.environment:checking '/home/simpson/launch_ws/install/ros_good/bin'
[3.571s] Level 1:colcon.colcon_core.environment:create_environment_scripts_only(ros_good)
[3.572s] INFO:colcon.colcon_core.shell:Creating package script '/home/simpson/launch_ws/install/ros_good/share/ros_good/package.ps1'
[3.574s] INFO:colcon.colcon_core.shell:Creating package descriptor '/home/simpson/launch_ws/install/ros_good/share/ros_good/package.dsv'
[3.575s] INFO:colcon.colcon_core.shell:Creating package script '/home/simpson/launch_ws/install/ros_good/share/ros_good/package.sh'
[3.576s] INFO:colcon.colcon_core.shell:Creating package script '/home/simpson/launch_ws/install/ros_good/share/ros_good/package.bash'
[3.577s] INFO:colcon.colcon_core.shell:Creating package script '/home/simpson/launch_ws/install/ros_good/share/ros_good/package.zsh'
[3.578s] Level 1:colcon.colcon_core.environment:create_file_with_runtime_dependencies(/home/simpson/launch_ws/install/ros_good/share/colcon-core/packages/ros_good)
[3.581s] Level 1:colcon.colcon_core.environment:checking '/home/simpson/launch_ws/install/ros_ardu' for CMake module files
[3.583s] DEBUG:colcon.colcon_core.event_handler.log_command:Invoked command in '/home/simpson/launch_ws/src/ros_ardu' returned '0': PYTHONPATH=/home/simpson/launch_ws/build/ros_ardu/prefix_override:/usr/lib/python3/dist-packages/colcon_core/task/python/colcon_distutils_commands:/home/simpson/launch_ws/install/ros_ardu/lib/python3.8/site-packages: /usr/bin/python3 -W ignore:setup.py install is deprecated setup.py egg_info --egg-base ../../build/ros_ardu build --build-base /home/simpson/launch_ws/build/ros_ardu/build install --record /home/simpson/launch_ws/build/ros_ardu/install.log --single-version-externally-managed install_data
[3.584s] Level 1:colcon.colcon_core.environment:checking '/home/simpson/launch_ws/install/ros_ardu' for CMake config files
[3.585s] Level 1:colcon.colcon_core.environment:checking '/home/simpson/launch_ws/install/ros_ardu/lib'
[3.586s] Level 1:colcon.colcon_core.environment:checking '/home/simpson/launch_ws/install/ros_ardu/bin'
[3.586s] Level 1:colcon.colcon_core.environment:checking '/home/simpson/launch_ws/install/ros_ardu/lib/pkgconfig/ros_ardu.pc'
[3.586s] Level 1:colcon.colcon_core.environment:checking '/home/simpson/launch_ws/install/ros_ardu/lib/python3.8/site-packages'
[3.587s] Level 1:colcon.colcon_core.shell:create_environment_hook('ros_ardu', 'pythonpath')
[3.587s] INFO:colcon.colcon_core.shell:Creating environment hook '/home/simpson/launch_ws/install/ros_ardu/share/ros_ardu/hook/pythonpath.ps1'
[3.589s] INFO:colcon.colcon_core.shell:Creating environment descriptor '/home/simpson/launch_ws/install/ros_ardu/share/ros_ardu/hook/pythonpath.dsv'
[3.590s] INFO:colcon.colcon_core.shell:Creating environment hook '/home/simpson/launch_ws/install/ros_ardu/share/ros_ardu/hook/pythonpath.sh'
[3.591s] Level 1:colcon.colcon_core.environment:checking '/home/simpson/launch_ws/install/ros_ardu/bin'
[3.591s] Level 1:colcon.colcon_core.environment:create_environment_scripts_only(ros_ardu)
[3.592s] INFO:colcon.colcon_core.shell:Creating package script '/home/simpson/launch_ws/install/ros_ardu/share/ros_ardu/package.ps1'
[3.593s] INFO:colcon.colcon_core.shell:Creating package descriptor '/home/simpson/launch_ws/install/ros_ardu/share/ros_ardu/package.dsv'
[3.593s] INFO:colcon.colcon_core.shell:Creating package script '/home/simpson/launch_ws/install/ros_ardu/share/ros_ardu/package.sh'
[3.594s] INFO:colcon.colcon_core.shell:Creating package script '/home/simpson/launch_ws/install/ros_ardu/share/ros_ardu/package.bash'
[3.595s] INFO:colcon.colcon_core.shell:Creating package script '/home/simpson/launch_ws/install/ros_ardu/share/ros_ardu/package.zsh'
[3.596s] Level 1:colcon.colcon_core.environment:create_file_with_runtime_dependencies(/home/simpson/launch_ws/install/ros_ardu/share/colcon-core/packages/ros_ardu)
[3.597s] Level 1:colcon.colcon_core.environment:checking '/home/simpson/launch_ws/install/launch_urdf' for CMake module files
[3.599s] Level 1:colcon.colcon_core.environment:checking '/home/simpson/launch_ws/install/launch_urdf' for CMake config files
[3.599s] DEBUG:colcon.colcon_core.event_handler.log_command:Invoked command in '/home/simpson/launch_ws/src/launch_urdf' returned '0': PYTHONPATH=/home/simpson/launch_ws/build/launch_urdf/prefix_override:/usr/lib/python3/dist-packages/colcon_core/task/python/colcon_distutils_commands:/home/simpson/launch_ws/install/launch_urdf/lib/python3.8/site-packages: /usr/bin/python3 -W ignore:setup.py install is deprecated setup.py egg_info --egg-base ../../build/launch_urdf build --build-base /home/simpson/launch_ws/build/launch_urdf/build install --record /home/simpson/launch_ws/build/launch_urdf/install.log --install-scripts $base/lib/launch_urdf --single-version-externally-managed install_data
[3.601s] Level 1:colcon.colcon_core.environment:checking '/home/simpson/launch_ws/install/launch_urdf/lib'
[3.601s] Level 1:colcon.colcon_core.environment:checking '/home/simpson/launch_ws/install/launch_urdf/bin'
[3.601s] Level 1:colcon.colcon_core.environment:checking '/home/simpson/launch_ws/install/launch_urdf/lib/pkgconfig/launch_urdf.pc'
[3.601s] Level 1:colcon.colcon_core.environment:checking '/home/simpson/launch_ws/install/launch_urdf/lib/python3.8/site-packages'
[3.601s] Level 1:colcon.colcon_core.shell:create_environment_hook('launch_urdf', 'pythonpath')
[3.602s] INFO:colcon.colcon_core.shell:Creating environment hook '/home/simpson/launch_ws/install/launch_urdf/share/launch_urdf/hook/pythonpath.ps1'
[3.602s] INFO:colcon.colcon_core.shell:Creating environment descriptor '/home/simpson/launch_ws/install/launch_urdf/share/launch_urdf/hook/pythonpath.dsv'
[3.603s] INFO:colcon.colcon_core.shell:Creating environment hook '/home/simpson/launch_ws/install/launch_urdf/share/launch_urdf/hook/pythonpath.sh'
[3.603s] Level 1:colcon.colcon_core.environment:checking '/home/simpson/launch_ws/install/launch_urdf/bin'
[3.604s] Level 1:colcon.colcon_core.environment:create_environment_scripts_only(launch_urdf)
[3.604s] INFO:colcon.colcon_core.shell:Creating package script '/home/simpson/launch_ws/install/launch_urdf/share/launch_urdf/package.ps1'
[3.605s] INFO:colcon.colcon_core.shell:Creating package descriptor '/home/simpson/launch_ws/install/launch_urdf/share/launch_urdf/package.dsv'
[3.606s] INFO:colcon.colcon_core.shell:Creating package script '/home/simpson/launch_ws/install/launch_urdf/share/launch_urdf/package.sh'
[3.606s] INFO:colcon.colcon_core.shell:Creating package script '/home/simpson/launch_ws/install/launch_urdf/share/launch_urdf/package.bash'
[3.607s] INFO:colcon.colcon_core.shell:Creating package script '/home/simpson/launch_ws/install/launch_urdf/share/launch_urdf/package.zsh'
[3.609s] Level 1:colcon.colcon_core.environment:create_file_with_runtime_dependencies(/home/simpson/launch_ws/install/launch_urdf/share/colcon-core/packages/launch_urdf)
[3.833s] INFO:colcon.colcon_core.task.python.build:Building Python package in '/home/simpson/launch_ws/src/wheel_controller'
[3.834s] INFO:colcon.colcon_core.shell:Skip shell extension 'powershell' for command environment: Not usable outside of PowerShell
[3.834s] DEBUG:colcon.colcon_core.shell:Skip shell extension 'dsv' for command environment
[3.838s] Level 1:colcon.colcon_core.environment:checking '/home/simpson/launch_ws/install/jdamr_ros_03' for CMake module files
[3.839s] DEBUG:colcon.colcon_core.event_handler.log_command:Invoked command in '/home/simpson/launch_ws/src/jdamr_ros_03' returned '0': PYTHONPATH=/home/simpson/launch_ws/build/jdamr_ros_03/prefix_override:/usr/lib/python3/dist-packages/colcon_core/task/python/colcon_distutils_commands:/home/simpson/launch_ws/install/jdamr_ros_03/lib/python3.8/site-packages: /usr/bin/python3 -W ignore:setup.py install is deprecated setup.py egg_info --egg-base ../../build/jdamr_ros_03 build --build-base /home/simpson/launch_ws/build/jdamr_ros_03/build install --record /home/simpson/launch_ws/build/jdamr_ros_03/install.log --single-version-externally-managed install_data
[3.840s] Level 1:colcon.colcon_core.environment:checking '/home/simpson/launch_ws/install/jdamr_ros_03' for CMake config files
[3.840s] Level 1:colcon.colcon_core.environment:checking '/home/simpson/launch_ws/install/jdamr_ros_03/lib'
[3.840s] Level 1:colcon.colcon_core.environment:checking '/home/simpson/launch_ws/install/jdamr_ros_03/bin'
[3.840s] Level 1:colcon.colcon_core.environment:checking '/home/simpson/launch_ws/install/jdamr_ros_03/lib/pkgconfig/jdamr_ros_03.pc'
[3.841s] Level 1:colcon.colcon_core.environment:checking '/home/simpson/launch_ws/install/jdamr_ros_03/lib/python3.8/site-packages'
[3.841s] Level 1:colcon.colcon_core.shell:create_environment_hook('jdamr_ros_03', 'pythonpath')
[3.841s] INFO:colcon.colcon_core.shell:Creating environment hook '/home/simpson/launch_ws/install/jdamr_ros_03/share/jdamr_ros_03/hook/pythonpath.ps1'
[3.842s] INFO:colcon.colcon_core.shell:Creating environment descriptor '/home/simpson/launch_ws/install/jdamr_ros_03/share/jdamr_ros_03/hook/pythonpath.dsv'
[3.842s] INFO:colcon.colcon_core.shell:Creating environment hook '/home/simpson/launch_ws/install/jdamr_ros_03/share/jdamr_ros_03/hook/pythonpath.sh'
[3.843s] Level 1:colcon.colcon_core.environment:checking '/home/simpson/launch_ws/install/jdamr_ros_03/bin'
[3.843s] Level 1:colcon.colcon_core.environment:create_environment_scripts_only(jdamr_ros_03)
[3.843s] INFO:colcon.colcon_core.shell:Creating package script '/home/simpson/launch_ws/install/jdamr_ros_03/share/jdamr_ros_03/package.ps1'
[3.844s] INFO:colcon.colcon_core.shell:Creating package descriptor '/home/simpson/launch_ws/install/jdamr_ros_03/share/jdamr_ros_03/package.dsv'
[3.844s] INFO:colcon.colcon_core.shell:Creating package script '/home/simpson/launch_ws/install/jdamr_ros_03/share/jdamr_ros_03/package.sh'
[3.845s] INFO:colcon.colcon_core.shell:Creating package script '/home/simpson/launch_ws/install/jdamr_ros_03/share/jdamr_ros_03/package.bash'
[3.845s] INFO:colcon.colcon_core.shell:Creating package script '/home/simpson/launch_ws/install/jdamr_ros_03/share/jdamr_ros_03/package.zsh'
[3.845s] Level 1:colcon.colcon_core.environment:create_file_with_runtime_dependencies(/home/simpson/launch_ws/install/jdamr_ros_03/share/colcon-core/packages/jdamr_ros_03)
[3.847s] Level 1:colcon.colcon_core.environment:checking '/home/simpson/launch_ws/install/ros_dd' for CMake module files
[3.848s] DEBUG:colcon.colcon_core.event_handler.log_command:Invoked command in '/home/simpson/launch_ws/src/ros_dd' returned '0': PYTHONPATH=/home/simpson/launch_ws/build/ros_dd/prefix_override:/usr/lib/python3/dist-packages/colcon_core/task/python/colcon_distutils_commands:/home/simpson/launch_ws/install/ros_dd/lib/python3.8/site-packages: /usr/bin/python3 -W ignore:setup.py install is deprecated setup.py egg_info --egg-base ../../build/ros_dd build --build-base /home/simpson/launch_ws/build/ros_dd/build install --record /home/simpson/launch_ws/build/ros_dd/install.log --install-scripts $base/lib/ros_dd --single-version-externally-managed install_data
[3.848s] Level 1:colcon.colcon_core.environment:checking '/home/simpson/launch_ws/install/ros_dd' for CMake config files
[3.849s] Level 1:colcon.colcon_core.environment:checking '/home/simpson/launch_ws/install/ros_dd/lib'
[3.849s] Level 1:colcon.colcon_core.environment:checking '/home/simpson/launch_ws/install/ros_dd/bin'
[3.849s] Level 1:colcon.colcon_core.environment:checking '/home/simpson/launch_ws/install/ros_dd/lib/pkgconfig/ros_dd.pc'
[3.849s] Level 1:colcon.colcon_core.environment:checking '/home/simpson/launch_ws/install/ros_dd/lib/python3.8/site-packages'
[3.849s] Level 1:colcon.colcon_core.shell:create_environment_hook('ros_dd', 'pythonpath')
[3.850s] INFO:colcon.colcon_core.shell:Creating environment hook '/home/simpson/launch_ws/install/ros_dd/share/ros_dd/hook/pythonpath.ps1'
[3.850s] INFO:colcon.colcon_core.shell:Creating environment descriptor '/home/simpson/launch_ws/install/ros_dd/share/ros_dd/hook/pythonpath.dsv'
[3.850s] INFO:colcon.colcon_core.shell:Creating environment hook '/home/simpson/launch_ws/install/ros_dd/share/ros_dd/hook/pythonpath.sh'
[3.851s] Level 1:colcon.colcon_core.environment:checking '/home/simpson/launch_ws/install/ros_dd/bin'
[3.851s] Level 1:colcon.colcon_core.environment:create_environment_scripts_only(ros_dd)
[3.851s] INFO:colcon.colcon_core.shell:Creating package script '/home/simpson/launch_ws/install/ros_dd/share/ros_dd/package.ps1'
[3.851s] INFO:colcon.colcon_core.shell:Creating package descriptor '/home/simpson/launch_ws/install/ros_dd/share/ros_dd/package.dsv'
[3.852s] INFO:colcon.colcon_core.shell:Creating package script '/home/simpson/launch_ws/install/ros_dd/share/ros_dd/package.sh'
[3.852s] INFO:colcon.colcon_core.shell:Creating package script '/home/simpson/launch_ws/install/ros_dd/share/ros_dd/package.bash'
[3.853s] INFO:colcon.colcon_core.shell:Creating package script '/home/simpson/launch_ws/install/ros_dd/share/ros_dd/package.zsh'
[3.853s] Level 1:colcon.colcon_core.environment:create_file_with_runtime_dependencies(/home/simpson/launch_ws/install/ros_dd/share/colcon-core/packages/ros_dd)
[3.854s] Level 1:colcon.colcon_core.environment:checking '/home/simpson/launch_ws/install/launch_study' for CMake module files
[3.855s] Level 1:colcon.colcon_core.environment:checking '/home/simpson/launch_ws/install/launch_study' for CMake config files
[3.855s] DEBUG:colcon.colcon_core.event_handler.log_command:Invoked command in '/home/simpson/launch_ws/src/launch_study' returned '0': PYTHONPATH=/home/simpson/launch_ws/build/launch_study/prefix_override:/usr/lib/python3/dist-packages/colcon_core/task/python/colcon_distutils_commands:/home/simpson/launch_ws/install/launch_study/lib/python3.8/site-packages: /usr/bin/python3 -W ignore:setup.py install is deprecated setup.py egg_info --egg-base ../../build/launch_study build --build-base /home/simpson/launch_ws/build/launch_study/build install --record /home/simpson/launch_ws/build/launch_study/install.log --install-scripts $base/lib/launch_study --single-version-externally-managed install_data
[3.856s] Level 1:colcon.colcon_core.environment:checking '/home/simpson/launch_ws/install/launch_study/lib'
[3.856s] Level 1:colcon.colcon_core.environment:checking '/home/simpson/launch_ws/install/launch_study/bin'
[3.856s] Level 1:colcon.colcon_core.environment:checking '/home/simpson/launch_ws/install/launch_study/lib/pkgconfig/launch_study.pc'
[3.856s] Level 1:colcon.colcon_core.environment:checking '/home/simpson/launch_ws/install/launch_study/lib/python3.8/site-packages'
[3.856s] Level 1:colcon.colcon_core.shell:create_environment_hook('launch_study', 'pythonpath')
[3.856s] INFO:colcon.colcon_core.shell:Creating environment hook '/home/simpson/launch_ws/install/launch_study/share/launch_study/hook/pythonpath.ps1'
[3.857s] INFO:colcon.colcon_core.shell:Creating environment descriptor '/home/simpson/launch_ws/install/launch_study/share/launch_study/hook/pythonpath.dsv'
[3.857s] INFO:colcon.colcon_core.shell:Creating environment hook '/home/simpson/launch_ws/install/launch_study/share/launch_study/hook/pythonpath.sh'
[3.858s] Level 1:colcon.colcon_core.environment:checking '/home/simpson/launch_ws/install/launch_study/bin'
[3.858s] Level 1:colcon.colcon_core.environment:create_environment_scripts_only(launch_study)
[3.859s] INFO:colcon.colcon_core.shell:Creating package script '/home/simpson/launch_ws/install/launch_study/share/launch_study/package.ps1'
[3.860s] INFO:colcon.colcon_core.shell:Creating package descriptor '/home/simpson/launch_ws/install/launch_study/share/launch_study/package.dsv'
[3.862s] INFO:colcon.colcon_core.shell:Creating package script '/home/simpson/launch_ws/install/launch_study/share/launch_study/package.sh'
[3.863s] INFO:colcon.colcon_core.shell:Creating package script '/home/simpson/launch_ws/install/launch_study/share/launch_study/package.bash'
[3.864s] INFO:colcon.colcon_core.shell:Creating package script '/home/simpson/launch_ws/install/launch_study/share/launch_study/package.zsh'
[3.864s] Level 1:colcon.colcon_core.environment:create_file_with_runtime_dependencies(/home/simpson/launch_ws/install/launch_study/share/colcon-core/packages/launch_study)
[3.865s] Level 1:colcon.colcon_core.environment:checking '/home/simpson/launch_ws/install/ros_msg' for CMake module files
[3.866s] Level 1:colcon.colcon_core.environment:checking '/home/simpson/launch_ws/install/ros_msg' for CMake config files
[3.866s] DEBUG:colcon.colcon_core.event_handler.log_command:Invoked command in '/home/simpson/launch_ws/src/ros_msg' returned '0': PYTHONPATH=/home/simpson/launch_ws/build/ros_msg/prefix_override:/usr/lib/python3/dist-packages/colcon_core/task/python/colcon_distutils_commands:/home/simpson/launch_ws/install/ros_msg/lib/python3.8/site-packages: /usr/bin/python3 -W ignore:setup.py install is deprecated setup.py egg_info --egg-base ../../build/ros_msg build --build-base /home/simpson/launch_ws/build/ros_msg/build install --record /home/simpson/launch_ws/build/ros_msg/install.log --single-version-externally-managed install_data
[3.867s] Level 1:colcon.colcon_core.environment:checking '/home/simpson/launch_ws/install/ros_msg/lib'
[3.867s] Level 1:colcon.colcon_core.environment:checking '/home/simpson/launch_ws/install/ros_msg/bin'
[3.867s] Level 1:colcon.colcon_core.environment:checking '/home/simpson/launch_ws/install/ros_msg/lib/pkgconfig/ros_msg.pc'
[3.867s] Level 1:colcon.colcon_core.environment:checking '/home/simpson/launch_ws/install/ros_msg/lib/python3.8/site-packages'
[3.867s] Level 1:colcon.colcon_core.shell:create_environment_hook('ros_msg', 'pythonpath')
[3.867s] INFO:colcon.colcon_core.shell:Creating environment hook '/home/simpson/launch_ws/install/ros_msg/share/ros_msg/hook/pythonpath.ps1'
[3.868s] INFO:colcon.colcon_core.shell:Creating environment descriptor '/home/simpson/launch_ws/install/ros_msg/share/ros_msg/hook/pythonpath.dsv'
[3.868s] INFO:colcon.colcon_core.shell:Creating environment hook '/home/simpson/launch_ws/install/ros_msg/share/ros_msg/hook/pythonpath.sh'
[3.868s] Level 1:colcon.colcon_core.environment:checking '/home/simpson/launch_ws/install/ros_msg/bin'
[3.868s] Level 1:colcon.colcon_core.environment:create_environment_scripts_only(ros_msg)
[3.869s] INFO:colcon.colcon_core.shell:Creating package script '/home/simpson/launch_ws/install/ros_msg/share/ros_msg/package.ps1'
[3.869s] INFO:colcon.colcon_core.shell:Creating package descriptor '/home/simpson/launch_ws/install/ros_msg/share/ros_msg/package.dsv'
[3.870s] INFO:colcon.colcon_core.shell:Creating package script '/home/simpson/launch_ws/install/ros_msg/share/ros_msg/package.sh'
[3.870s] INFO:colcon.colcon_core.shell:Creating package script '/home/simpson/launch_ws/install/ros_msg/share/ros_msg/package.bash'
[3.871s] INFO:colcon.colcon_core.shell:Creating package script '/home/simpson/launch_ws/install/ros_msg/share/ros_msg/package.zsh'
[3.872s] Level 1:colcon.colcon_core.environment:create_file_with_runtime_dependencies(/home/simpson/launch_ws/install/ros_msg/share/colcon-core/packages/ros_msg)
[4.248s] DEBUG:colcon.colcon_core.event_handler.log_command:Invoking command in '/home/simpson/launch_ws/src/wheel_controller': PYTHONPATH=/home/simpson/launch_ws/build/wheel_controller/prefix_override:/usr/lib/python3/dist-packages/colcon_core/task/python/colcon_distutils_commands:/home/simpson/launch_ws/install/wheel_controller/lib/python3.8/site-packages: /usr/bin/python3 -W ignore:setup.py install is deprecated setup.py egg_info --egg-base ../../build/wheel_controller build --build-base /home/simpson/launch_ws/build/wheel_controller/build install --record /home/simpson/launch_ws/build/wheel_controller/install.log --install-scripts $base/lib/wheel_controller --single-version-externally-managed install_data
[4.519s] Level 1:colcon.colcon_core.environment:checking '/home/simpson/launch_ws/install/wheel_controller' for CMake module files
[4.519s] DEBUG:colcon.colcon_core.event_handler.log_command:Invoked command in '/home/simpson/launch_ws/src/wheel_controller' returned '0': PYTHONPATH=/home/simpson/launch_ws/build/wheel_controller/prefix_override:/usr/lib/python3/dist-packages/colcon_core/task/python/colcon_distutils_commands:/home/simpson/launch_ws/install/wheel_controller/lib/python3.8/site-packages: /usr/bin/python3 -W ignore:setup.py install is deprecated setup.py egg_info --egg-base ../../build/wheel_controller build --build-base /home/simpson/launch_ws/build/wheel_controller/build install --record /home/simpson/launch_ws/build/wheel_controller/install.log --install-scripts $base/lib/wheel_controller --single-version-externally-managed install_data
[4.520s] Level 1:colcon.colcon_core.environment:checking '/home/simpson/launch_ws/install/wheel_controller' for CMake config files
[4.521s] Level 1:colcon.colcon_core.environment:checking '/home/simpson/launch_ws/install/wheel_controller/lib'
[4.521s] Level 1:colcon.colcon_core.environment:checking '/home/simpson/launch_ws/install/wheel_controller/bin'
[4.521s] Level 1:colcon.colcon_core.environment:checking '/home/simpson/launch_ws/install/wheel_controller/lib/pkgconfig/wheel_controller.pc'
[4.521s] Level 1:colcon.colcon_core.environment:checking '/home/simpson/launch_ws/install/wheel_controller/lib/python3.8/site-packages'
[4.521s] Level 1:colcon.colcon_core.shell:create_environment_hook('wheel_controller', 'pythonpath')
[4.521s] INFO:colcon.colcon_core.shell:Creating environment hook '/home/simpson/launch_ws/install/wheel_controller/share/wheel_controller/hook/pythonpath.ps1'
[4.522s] INFO:colcon.colcon_core.shell:Creating environment descriptor '/home/simpson/launch_ws/install/wheel_controller/share/wheel_controller/hook/pythonpath.dsv'
[4.522s] INFO:colcon.colcon_core.shell:Creating environment hook '/home/simpson/launch_ws/install/wheel_controller/share/wheel_controller/hook/pythonpath.sh'
[4.523s] Level 1:colcon.colcon_core.environment:checking '/home/simpson/launch_ws/install/wheel_controller/bin'
[4.523s] Level 1:colcon.colcon_core.environment:create_environment_scripts_only(wheel_controller)
[4.523s] INFO:colcon.colcon_core.shell:Creating package script '/home/simpson/launch_ws/install/wheel_controller/share/wheel_controller/package.ps1'
[4.524s] INFO:colcon.colcon_core.shell:Creating package descriptor '/home/simpson/launch_ws/install/wheel_controller/share/wheel_controller/package.dsv'
[4.524s] INFO:colcon.colcon_core.shell:Creating package script '/home/simpson/launch_ws/install/wheel_controller/share/wheel_controller/package.sh'
[4.525s] INFO:colcon.colcon_core.shell:Creating package script '/home/simpson/launch_ws/install/wheel_controller/share/wheel_controller/package.bash'
[4.525s] INFO:colcon.colcon_core.shell:Creating package script '/home/simpson/launch_ws/install/wheel_controller/share/wheel_controller/package.zsh'
[4.525s] Level 1:colcon.colcon_core.environment:create_file_with_runtime_dependencies(/home/simpson/launch_ws/install/wheel_controller/share/colcon-core/packages/wheel_controller)
[4.526s] DEBUG:colcon.colcon_parallel_executor.executor.parallel:closing loop
[4.527s] DEBUG:colcon.colcon_parallel_executor.executor.parallel:loop closed
[4.527s] DEBUG:colcon.colcon_parallel_executor.executor.parallel:run_until_complete finished with '0'
[4.527s] DEBUG:colcon.colcon_core.event_reactor:joining thread
[4.534s] INFO:colcon.colcon_core.plugin_system:Skipping extension 'colcon_notification.desktop_notification.terminal_notifier': Not used on non-Darwin systems
[4.534s] INFO:colcon.colcon_core.plugin_system:Skipping extension 'colcon_notification.desktop_notification.win32': Not used on non-Windows systems
[4.534s] INFO:colcon.colcon_notification.desktop_notification:Sending desktop notification using 'notify2'
[4.553s] DEBUG:colcon.colcon_core.event_reactor:joined thread
[4.554s] INFO:colcon.colcon_core.shell:Creating prefix script '/home/simpson/launch_ws/install/local_setup.ps1'
[4.555s] INFO:colcon.colcon_core.shell:Creating prefix util module '/home/simpson/launch_ws/install/_local_setup_util_ps1.py'
[4.557s] INFO:colcon.colcon_core.shell:Creating prefix chain script '/home/simpson/launch_ws/install/setup.ps1'
[4.559s] INFO:colcon.colcon_core.shell:Creating prefix script '/home/simpson/launch_ws/install/local_setup.sh'
[4.560s] INFO:colcon.colcon_core.shell:Creating prefix util module '/home/simpson/launch_ws/install/_local_setup_util_sh.py'
[4.560s] INFO:colcon.colcon_core.shell:Creating prefix chain script '/home/simpson/launch_ws/install/setup.sh'
[4.562s] INFO:colcon.colcon_core.shell:Creating prefix script '/home/simpson/launch_ws/install/local_setup.bash'
[4.563s] INFO:colcon.colcon_core.shell:Creating prefix chain script '/home/simpson/launch_ws/install/setup.bash'
[4.564s] INFO:colcon.colcon_core.shell:Creating prefix script '/home/simpson/launch_ws/install/local_setup.zsh'
[4.564s] INFO:colcon.colcon_core.shell:Creating prefix chain script '/home/simpson/launch_ws/install/setup.zsh'
