[2.870s] Invoking command in '/home/simpson/launch_ws/src/jdamr_ros_03_1': PYTHONPATH=/home/simpson/launch_ws/build/jdamr_ros_03/prefix_override:/usr/lib/python3/dist-packages/colcon_core/task/python/colcon_distutils_commands:/home/simpson/launch_ws/install/jdamr_ros_03/lib/python3.8/site-packages:${PYTHONPATH} /usr/bin/python3 -W ignore:setup.py install is deprecated setup.py egg_info --egg-base ../../build/jdamr_ros_03 build --build-base /home/simpson/launch_ws/build/jdamr_ros_03/build install --record /home/simpson/launch_ws/build/jdamr_ros_03/install.log --single-version-externally-managed install_data
[3.291s] running egg_info
[3.293s] writing ../../build/jdamr_ros_03/jdamr_ros_03.egg-info/PKG-INFO
[3.294s] writing dependency_links to ../../build/jdamr_ros_03/jdamr_ros_03.egg-info/dependency_links.txt
[3.312s] writing entry points to ../../build/jdamr_ros_03/jdamr_ros_03.egg-info/entry_points.txt
[3.312s] writing requirements to ../../build/jdamr_ros_03/jdamr_ros_03.egg-info/requires.txt
[3.312s] writing top-level names to ../../build/jdamr_ros_03/jdamr_ros_03.egg-info/top_level.txt
[3.381s] reading manifest file '../../build/jdamr_ros_03/jdamr_ros_03.egg-info/SOURCES.txt'
[3.382s] writing manifest file '../../build/jdamr_ros_03/jdamr_ros_03.egg-info/SOURCES.txt'
[3.382s] running build
[3.382s] running build_py
[3.382s] running install
[3.384s] running install_lib
[3.386s] running install_data
[3.386s] running install_egg_info
[3.389s] removing '/home/simpson/launch_ws/install/jdamr_ros_03/lib/python3.8/site-packages/jdamr_ros_03-0.0.0-py3.8.egg-info' (and everything under it)
[3.390s] Copying ../../build/jdamr_ros_03/jdamr_ros_03.egg-info to /home/simpson/launch_ws/install/jdamr_ros_03/lib/python3.8/site-packages/jdamr_ros_03-0.0.0-py3.8.egg-info
[3.391s] running install_scripts
[3.425s] Installing jdamr_03 script to /home/simpson/launch_ws/install/jdamr_ros_03/lib/jdamr_ros_03
[3.427s] writing list of installed files to '/home/simpson/launch_ws/build/jdamr_ros_03/install.log'
[3.808s] Invoked command in '/home/simpson/launch_ws/src/jdamr_ros_03_1' returned '0': PYTHONPATH=/home/simpson/launch_ws/build/jdamr_ros_03/prefix_override:/usr/lib/python3/dist-packages/colcon_core/task/python/colcon_distutils_commands:/home/simpson/launch_ws/install/jdamr_ros_03/lib/python3.8/site-packages:${PYTHONPATH} /usr/bin/python3 -W ignore:setup.py install is deprecated setup.py egg_info --egg-base ../../build/jdamr_ros_03 build --build-base /home/simpson/launch_ws/build/jdamr_ros_03/build install --record /home/simpson/launch_ws/build/jdamr_ros_03/install.log --single-version-externally-managed install_data
