[0.186s] DEBUG:colcon:Command line arguments: ['/usr/bin/colcon', 'build']
[0.186s] DEBUG:colcon:Parsed command line arguments: Namespace(allow_overriding=[], ament_cmake_args=None, base_paths=['.'], build_base='build', catkin_cmake_args=None, catkin_skip_building_tests=False, cmake_args=None, cmake_clean_cache=False, cmake_clean_first=False, cmake_force_configure=False, cmake_target=None, cmake_target_skip_unavailable=False, continue_on_error=False, event_handlers=None, executor='parallel', ignore_user_meta=False, install_base='install', log_base=None, log_level=None, main=<bound method BuildVerb.main of <colcon_core.verb.build.BuildVerb object at 0x7f08293c6f70>>, merge_install=False, metas=['./colcon.meta'], packages_above=None, packages_above_and_dependencies=None, packages_above_depth=None, packages_end=None, packages_ignore=None, packages_ignore_regex=None, packages_select=None, packages_select_build_failed=False, packages_select_by_dep=None, packages_select_regex=None, packages_select_test_failures=False, packages_skip=None, packages_skip_build_finished=False, packages_skip_by_dep=None, packages_skip_regex=None, packages_skip_test_passed=False, packages_skip_up_to=None, packages_start=None, packages_up_to=None, packages_up_to_regex=None, parallel_workers=8, paths=None, symlink_install=False, test_result_base=None, verb_extension=<colcon_core.verb.build.BuildVerb object at 0x7f08293c6f70>, verb_name='build', verb_parser=<colcon_defaults.argument_parser.defaults.DefaultArgumentsDecorator object at 0x7f08293d84c0>)
[0.325s] Level 1:colcon.colcon_core.package_discovery:discover_packages(colcon_meta) check parameters
[0.325s] Level 1:colcon.colcon_core.package_discovery:discover_packages(recursive) check parameters
[0.326s] Level 1:colcon.colcon_core.package_discovery:discover_packages(ignore) check parameters
[0.326s] Level 1:colcon.colcon_core.package_discovery:discover_packages(path) check parameters
[0.326s] Level 1:colcon.colcon_core.package_discovery:discover_packages(colcon_meta) discover
[0.326s] Level 1:colcon.colcon_core.package_discovery:discover_packages(recursive) discover
[0.326s] INFO:colcon.colcon_core.package_discovery:Crawling recursively for packages in '/home/simpson/launch_ws'
[0.326s] Level 1:colcon.colcon_core.package_identification:_identify(.) by extensions ['ignore', 'ignore_ament_install']
[0.326s] Level 1:colcon.colcon_core.package_identification:_identify(.) by extension 'ignore'
[0.326s] Level 1:colcon.colcon_core.package_identification:_identify(.) by extension 'ignore_ament_install'
[0.326s] Level 1:colcon.colcon_core.package_identification:_identify(.) by extensions ['colcon_pkg']
[0.326s] Level 1:colcon.colcon_core.package_identification:_identify(.) by extension 'colcon_pkg'
[0.326s] Level 1:colcon.colcon_core.package_identification:_identify(.) by extensions ['colcon_meta']
[0.326s] Level 1:colcon.colcon_core.package_identification:_identify(.) by extension 'colcon_meta'
[0.326s] Level 1:colcon.colcon_core.package_identification:_identify(.) by extensions ['ros']
[0.326s] Level 1:colcon.colcon_core.package_identification:_identify(.) by extension 'ros'
[0.336s] Level 1:colcon.colcon_core.package_identification:_identify(.) by extensions ['cmake', 'python']
[0.336s] Level 1:colcon.colcon_core.package_identification:_identify(.) by extension 'cmake'
[0.336s] Level 1:colcon.colcon_core.package_identification:_identify(.) by extension 'python'
[0.336s] Level 1:colcon.colcon_core.package_identification:_identify(.) by extensions ['python_setup_py']
[0.336s] Level 1:colcon.colcon_core.package_identification:_identify(.) by extension 'python_setup_py'
[0.337s] Level 1:colcon.colcon_core.package_identification:_identify(build) by extensions ['ignore', 'ignore_ament_install']
[0.337s] Level 1:colcon.colcon_core.package_identification:_identify(build) by extension 'ignore'
[0.337s] Level 1:colcon.colcon_core.package_identification:_identify(build) ignored
[0.337s] Level 1:colcon.colcon_core.package_identification:_identify(install) by extensions ['ignore', 'ignore_ament_install']
[0.337s] Level 1:colcon.colcon_core.package_identification:_identify(install) by extension 'ignore'
[0.337s] Level 1:colcon.colcon_core.package_identification:_identify(install) ignored
[0.337s] Level 1:colcon.colcon_core.package_identification:_identify(log) by extensions ['ignore', 'ignore_ament_install']
[0.337s] Level 1:colcon.colcon_core.package_identification:_identify(log) by extension 'ignore'
[0.337s] Level 1:colcon.colcon_core.package_identification:_identify(log) ignored
[0.337s] Level 1:colcon.colcon_core.package_identification:_identify(src) by extensions ['ignore', 'ignore_ament_install']
[0.337s] Level 1:colcon.colcon_core.package_identification:_identify(src) by extension 'ignore'
[0.337s] Level 1:colcon.colcon_core.package_identification:_identify(src) by extension 'ignore_ament_install'
[0.337s] Level 1:colcon.colcon_core.package_identification:_identify(src) by extensions ['colcon_pkg']
[0.337s] Level 1:colcon.colcon_core.package_identification:_identify(src) by extension 'colcon_pkg'
[0.338s] Level 1:colcon.colcon_core.package_identification:_identify(src) by extensions ['colcon_meta']
[0.338s] Level 1:colcon.colcon_core.package_identification:_identify(src) by extension 'colcon_meta'
[0.338s] Level 1:colcon.colcon_core.package_identification:_identify(src) by extensions ['ros']
[0.338s] Level 1:colcon.colcon_core.package_identification:_identify(src) by extension 'ros'
[0.338s] Level 1:colcon.colcon_core.package_identification:_identify(src) by extensions ['cmake', 'python']
[0.338s] Level 1:colcon.colcon_core.package_identification:_identify(src) by extension 'cmake'
[0.338s] Level 1:colcon.colcon_core.package_identification:_identify(src) by extension 'python'
[0.338s] Level 1:colcon.colcon_core.package_identification:_identify(src) by extensions ['python_setup_py']
[0.338s] Level 1:colcon.colcon_core.package_identification:_identify(src) by extension 'python_setup_py'
[0.338s] Level 1:colcon.colcon_core.package_identification:_identify(src/System Volume Information) by extensions ['ignore', 'ignore_ament_install']
[0.338s] Level 1:colcon.colcon_core.package_identification:_identify(src/System Volume Information) by extension 'ignore'
[0.338s] Level 1:colcon.colcon_core.package_identification:_identify(src/System Volume Information) by extension 'ignore_ament_install'
[0.338s] Level 1:colcon.colcon_core.package_identification:_identify(src/System Volume Information) by extensions ['colcon_pkg']
[0.338s] Level 1:colcon.colcon_core.package_identification:_identify(src/System Volume Information) by extension 'colcon_pkg'
[0.338s] Level 1:colcon.colcon_core.package_identification:_identify(src/System Volume Information) by extensions ['colcon_meta']
[0.338s] Level 1:colcon.colcon_core.package_identification:_identify(src/System Volume Information) by extension 'colcon_meta'
[0.338s] Level 1:colcon.colcon_core.package_identification:_identify(src/System Volume Information) by extensions ['ros']
[0.338s] Level 1:colcon.colcon_core.package_identification:_identify(src/System Volume Information) by extension 'ros'
[0.338s] Level 1:colcon.colcon_core.package_identification:_identify(src/System Volume Information) by extensions ['cmake', 'python']
[0.338s] Level 1:colcon.colcon_core.package_identification:_identify(src/System Volume Information) by extension 'cmake'
[0.338s] Level 1:colcon.colcon_core.package_identification:_identify(src/System Volume Information) by extension 'python'
[0.338s] Level 1:colcon.colcon_core.package_identification:_identify(src/System Volume Information) by extensions ['python_setup_py']
[0.339s] Level 1:colcon.colcon_core.package_identification:_identify(src/System Volume Information) by extension 'python_setup_py'
[0.339s] Level 1:colcon.colcon_core.package_identification:_identify(src/jdamr_ros_03_1) by extensions ['ignore', 'ignore_ament_install']
[0.339s] Level 1:colcon.colcon_core.package_identification:_identify(src/jdamr_ros_03_1) by extension 'ignore'
[0.339s] Level 1:colcon.colcon_core.package_identification:_identify(src/jdamr_ros_03_1) by extension 'ignore_ament_install'
[0.339s] Level 1:colcon.colcon_core.package_identification:_identify(src/jdamr_ros_03_1) by extensions ['colcon_pkg']
[0.339s] Level 1:colcon.colcon_core.package_identification:_identify(src/jdamr_ros_03_1) by extension 'colcon_pkg'
[0.339s] Level 1:colcon.colcon_core.package_identification:_identify(src/jdamr_ros_03_1) by extensions ['colcon_meta']
[0.339s] Level 1:colcon.colcon_core.package_identification:_identify(src/jdamr_ros_03_1) by extension 'colcon_meta'
[0.339s] Level 1:colcon.colcon_core.package_identification:_identify(src/jdamr_ros_03_1) by extensions ['ros']
[0.339s] Level 1:colcon.colcon_core.package_identification:_identify(src/jdamr_ros_03_1) by extension 'ros'
[0.341s] DEBUG:colcon.colcon_core.package_identification:Package 'src/jdamr_ros_03_1' with type 'ros.ament_python' and name 'jdamr_ros_03'
[0.341s] Level 1:colcon.colcon_core.package_identification:_identify(src/lauch_servo) by extensions ['ignore', 'ignore_ament_install']
[0.341s] Level 1:colcon.colcon_core.package_identification:_identify(src/lauch_servo) by extension 'ignore'
[0.341s] Level 1:colcon.colcon_core.package_identification:_identify(src/lauch_servo) by extension 'ignore_ament_install'
[0.342s] Level 1:colcon.colcon_core.package_identification:_identify(src/lauch_servo) by extensions ['colcon_pkg']
[0.342s] Level 1:colcon.colcon_core.package_identification:_identify(src/lauch_servo) by extension 'colcon_pkg'
[0.342s] Level 1:colcon.colcon_core.package_identification:_identify(src/lauch_servo) by extensions ['colcon_meta']
[0.342s] Level 1:colcon.colcon_core.package_identification:_identify(src/lauch_servo) by extension 'colcon_meta'
[0.342s] Level 1:colcon.colcon_core.package_identification:_identify(src/lauch_servo) by extensions ['ros']
[0.342s] Level 1:colcon.colcon_core.package_identification:_identify(src/lauch_servo) by extension 'ros'
[0.342s] DEBUG:colcon.colcon_core.package_identification:Package 'src/lauch_servo' with type 'ros.ament_python' and name 'lauch_servo'
[0.342s] Level 1:colcon.colcon_core.package_identification:_identify(src/launch_study) by extensions ['ignore', 'ignore_ament_install']
[0.342s] Level 1:colcon.colcon_core.package_identification:_identify(src/launch_study) by extension 'ignore'
[0.342s] Level 1:colcon.colcon_core.package_identification:_identify(src/launch_study) by extension 'ignore_ament_install'
[0.342s] Level 1:colcon.colcon_core.package_identification:_identify(src/launch_study) by extensions ['colcon_pkg']
[0.342s] Level 1:colcon.colcon_core.package_identification:_identify(src/launch_study) by extension 'colcon_pkg'
[0.342s] Level 1:colcon.colcon_core.package_identification:_identify(src/launch_study) by extensions ['colcon_meta']
[0.343s] Level 1:colcon.colcon_core.package_identification:_identify(src/launch_study) by extension 'colcon_meta'
[0.343s] Level 1:colcon.colcon_core.package_identification:_identify(src/launch_study) by extensions ['ros']
[0.343s] Level 1:colcon.colcon_core.package_identification:_identify(src/launch_study) by extension 'ros'
[0.343s] DEBUG:colcon.colcon_core.package_identification:Package 'src/launch_study' with type 'ros.ament_python' and name 'launch_study'
[0.343s] Level 1:colcon.colcon_core.package_identification:_identify(src/launch_urdf) by extensions ['ignore', 'ignore_ament_install']
[0.343s] Level 1:colcon.colcon_core.package_identification:_identify(src/launch_urdf) by extension 'ignore'
[0.343s] Level 1:colcon.colcon_core.package_identification:_identify(src/launch_urdf) by extension 'ignore_ament_install'
[0.343s] Level 1:colcon.colcon_core.package_identification:_identify(src/launch_urdf) by extensions ['colcon_pkg']
[0.343s] Level 1:colcon.colcon_core.package_identification:_identify(src/launch_urdf) by extension 'colcon_pkg'
[0.343s] Level 1:colcon.colcon_core.package_identification:_identify(src/launch_urdf) by extensions ['colcon_meta']
[0.343s] Level 1:colcon.colcon_core.package_identification:_identify(src/launch_urdf) by extension 'colcon_meta'
[0.343s] Level 1:colcon.colcon_core.package_identification:_identify(src/launch_urdf) by extensions ['ros']
[0.344s] Level 1:colcon.colcon_core.package_identification:_identify(src/launch_urdf) by extension 'ros'
[0.344s] DEBUG:colcon.colcon_core.package_identification:Package 'src/launch_urdf' with type 'ros.ament_python' and name 'launch_urdf'
[0.344s] Level 1:colcon.colcon_core.package_identification:_identify(src/ros_ardu) by extensions ['ignore', 'ignore_ament_install']
[0.344s] Level 1:colcon.colcon_core.package_identification:_identify(src/ros_ardu) by extension 'ignore'
[0.344s] Level 1:colcon.colcon_core.package_identification:_identify(src/ros_ardu) by extension 'ignore_ament_install'
[0.344s] Level 1:colcon.colcon_core.package_identification:_identify(src/ros_ardu) by extensions ['colcon_pkg']
[0.344s] Level 1:colcon.colcon_core.package_identification:_identify(src/ros_ardu) by extension 'colcon_pkg'
[0.344s] Level 1:colcon.colcon_core.package_identification:_identify(src/ros_ardu) by extensions ['colcon_meta']
[0.344s] Level 1:colcon.colcon_core.package_identification:_identify(src/ros_ardu) by extension 'colcon_meta'
[0.344s] Level 1:colcon.colcon_core.package_identification:_identify(src/ros_ardu) by extensions ['ros']
[0.344s] Level 1:colcon.colcon_core.package_identification:_identify(src/ros_ardu) by extension 'ros'
[0.345s] DEBUG:colcon.colcon_core.package_identification:Package 'src/ros_ardu' with type 'ros.ament_python' and name 'ros_ardu'
[0.345s] Level 1:colcon.colcon_core.package_identification:_identify(src/ros_dd) by extensions ['ignore', 'ignore_ament_install']
[0.345s] Level 1:colcon.colcon_core.package_identification:_identify(src/ros_dd) by extension 'ignore'
[0.345s] Level 1:colcon.colcon_core.package_identification:_identify(src/ros_dd) by extension 'ignore_ament_install'
[0.345s] Level 1:colcon.colcon_core.package_identification:_identify(src/ros_dd) by extensions ['colcon_pkg']
[0.345s] Level 1:colcon.colcon_core.package_identification:_identify(src/ros_dd) by extension 'colcon_pkg'
[0.345s] Level 1:colcon.colcon_core.package_identification:_identify(src/ros_dd) by extensions ['colcon_meta']
[0.345s] Level 1:colcon.colcon_core.package_identification:_identify(src/ros_dd) by extension 'colcon_meta'
[0.345s] Level 1:colcon.colcon_core.package_identification:_identify(src/ros_dd) by extensions ['ros']
[0.345s] Level 1:colcon.colcon_core.package_identification:_identify(src/ros_dd) by extension 'ros'
[0.346s] DEBUG:colcon.colcon_core.package_identification:Package 'src/ros_dd' with type 'ros.ament_python' and name 'ros_dd'
[0.346s] Level 1:colcon.colcon_core.package_identification:_identify(src/ros_good) by extensions ['ignore', 'ignore_ament_install']
[0.346s] Level 1:colcon.colcon_core.package_identification:_identify(src/ros_good) by extension 'ignore'
[0.346s] Level 1:colcon.colcon_core.package_identification:_identify(src/ros_good) by extension 'ignore_ament_install'
[0.346s] Level 1:colcon.colcon_core.package_identification:_identify(src/ros_good) by extensions ['colcon_pkg']
[0.346s] Level 1:colcon.colcon_core.package_identification:_identify(src/ros_good) by extension 'colcon_pkg'
[0.346s] Level 1:colcon.colcon_core.package_identification:_identify(src/ros_good) by extensions ['colcon_meta']
[0.346s] Level 1:colcon.colcon_core.package_identification:_identify(src/ros_good) by extension 'colcon_meta'
[0.346s] Level 1:colcon.colcon_core.package_identification:_identify(src/ros_good) by extensions ['ros']
[0.346s] Level 1:colcon.colcon_core.package_identification:_identify(src/ros_good) by extension 'ros'
[0.347s] DEBUG:colcon.colcon_core.package_identification:Package 'src/ros_good' with type 'ros.ament_python' and name 'ros_good'
[0.347s] Level 1:colcon.colcon_core.package_identification:_identify(src/ros_msg) by extensions ['ignore', 'ignore_ament_install']
[0.348s] Level 1:colcon.colcon_core.package_identification:_identify(src/ros_msg) by extension 'ignore'
[0.348s] Level 1:colcon.colcon_core.package_identification:_identify(src/ros_msg) by extension 'ignore_ament_install'
[0.348s] Level 1:colcon.colcon_core.package_identification:_identify(src/ros_msg) by extensions ['colcon_pkg']
[0.348s] Level 1:colcon.colcon_core.package_identification:_identify(src/ros_msg) by extension 'colcon_pkg'
[0.348s] Level 1:colcon.colcon_core.package_identification:_identify(src/ros_msg) by extensions ['colcon_meta']
[0.348s] Level 1:colcon.colcon_core.package_identification:_identify(src/ros_msg) by extension 'colcon_meta'
[0.348s] Level 1:colcon.colcon_core.package_identification:_identify(src/ros_msg) by extensions ['ros']
[0.348s] Level 1:colcon.colcon_core.package_identification:_identify(src/ros_msg) by extension 'ros'
[0.348s] DEBUG:colcon.colcon_core.package_identification:Package 'src/ros_msg' with type 'ros.ament_python' and name 'ros_msg'
[0.348s] Level 1:colcon.colcon_core.package_identification:_identify(src/wheel_controller) by extensions ['ignore', 'ignore_ament_install']
[0.348s] Level 1:colcon.colcon_core.package_identification:_identify(src/wheel_controller) by extension 'ignore'
[0.348s] Level 1:colcon.colcon_core.package_identification:_identify(src/wheel_controller) by extension 'ignore_ament_install'
[0.349s] Level 1:colcon.colcon_core.package_identification:_identify(src/wheel_controller) by extensions ['colcon_pkg']
[0.349s] Level 1:colcon.colcon_core.package_identification:_identify(src/wheel_controller) by extension 'colcon_pkg'
[0.349s] Level 1:colcon.colcon_core.package_identification:_identify(src/wheel_controller) by extensions ['colcon_meta']
[0.349s] Level 1:colcon.colcon_core.package_identification:_identify(src/wheel_controller) by extension 'colcon_meta'
[0.349s] Level 1:colcon.colcon_core.package_identification:_identify(src/wheel_controller) by extensions ['ros']
[0.349s] Level 1:colcon.colcon_core.package_identification:_identify(src/wheel_controller) by extension 'ros'
[0.349s] DEBUG:colcon.colcon_core.package_identification:Package 'src/wheel_controller' with type 'ros.ament_python' and name 'wheel_controller'
[0.349s] Level 1:colcon.colcon_core.package_discovery:discover_packages(recursive) using defaults
[0.349s] Level 1:colcon.colcon_core.package_discovery:discover_packages(ignore) discover
[0.349s] Level 1:colcon.colcon_core.package_discovery:discover_packages(ignore) using defaults
[0.349s] Level 1:colcon.colcon_core.package_discovery:discover_packages(path) discover
[0.349s] Level 1:colcon.colcon_core.package_discovery:discover_packages(path) using defaults
[0.366s] Level 1:colcon.colcon_core.package_discovery:discover_packages(prefix_path) check parameters
[0.367s] Level 1:colcon.colcon_core.package_discovery:discover_packages(prefix_path) discover
[0.369s] DEBUG:colcon.colcon_installed_package_information.package_discovery:Found 10 installed packages in /home/simpson/launch_ws/install
[0.370s] DEBUG:colcon.colcon_installed_package_information.package_discovery:Found 15 installed packages in /home/simpson/turtlebot3_ws/install
[0.371s] DEBUG:colcon.colcon_installed_package_information.package_discovery:Found 366 installed packages in /opt/ros/foxy
[0.373s] Level 1:colcon.colcon_core.package_discovery:discover_packages(prefix_path) using defaults
[0.460s] Level 5:colcon.colcon_core.verb:set package 'jdamr_ros_03' build argument 'cmake_args' from command line to 'None'
[0.460s] Level 5:colcon.colcon_core.verb:set package 'jdamr_ros_03' build argument 'cmake_target' from command line to 'None'
[0.460s] Level 5:colcon.colcon_core.verb:set package 'jdamr_ros_03' build argument 'cmake_target_skip_unavailable' from command line to 'False'
[0.460s] Level 5:colcon.colcon_core.verb:set package 'jdamr_ros_03' build argument 'cmake_clean_cache' from command line to 'False'
[0.460s] Level 5:colcon.colcon_core.verb:set package 'jdamr_ros_03' build argument 'cmake_clean_first' from command line to 'False'
[0.460s] Level 5:colcon.colcon_core.verb:set package 'jdamr_ros_03' build argument 'cmake_force_configure' from command line to 'False'
[0.460s] Level 5:colcon.colcon_core.verb:set package 'jdamr_ros_03' build argument 'ament_cmake_args' from command line to 'None'
[0.460s] Level 5:colcon.colcon_core.verb:set package 'jdamr_ros_03' build argument 'catkin_cmake_args' from command line to 'None'
[0.460s] Level 5:colcon.colcon_core.verb:set package 'jdamr_ros_03' build argument 'catkin_skip_building_tests' from command line to 'False'
[0.460s] DEBUG:colcon.colcon_core.verb:Building package 'jdamr_ros_03' with the following arguments: {'ament_cmake_args': None, 'build_base': '/home/simpson/launch_ws/build/jdamr_ros_03', 'catkin_cmake_args': None, 'catkin_skip_building_tests': False, 'cmake_args': None, 'cmake_clean_cache': False, 'cmake_clean_first': False, 'cmake_force_configure': False, 'cmake_target': None, 'cmake_target_skip_unavailable': False, 'install_base': '/home/simpson/launch_ws/install/jdamr_ros_03', 'merge_install': False, 'path': '/home/simpson/launch_ws/src/jdamr_ros_03_1', 'symlink_install': False, 'test_result_base': None}
[0.460s] Level 5:colcon.colcon_core.verb:set package 'lauch_servo' build argument 'cmake_args' from command line to 'None'
[0.461s] Level 5:colcon.colcon_core.verb:set package 'lauch_servo' build argument 'cmake_target' from command line to 'None'
[0.461s] Level 5:colcon.colcon_core.verb:set package 'lauch_servo' build argument 'cmake_target_skip_unavailable' from command line to 'False'
[0.461s] Level 5:colcon.colcon_core.verb:set package 'lauch_servo' build argument 'cmake_clean_cache' from command line to 'False'
[0.461s] Level 5:colcon.colcon_core.verb:set package 'lauch_servo' build argument 'cmake_clean_first' from command line to 'False'
[0.461s] Level 5:colcon.colcon_core.verb:set package 'lauch_servo' build argument 'cmake_force_configure' from command line to 'False'
[0.461s] Level 5:colcon.colcon_core.verb:set package 'lauch_servo' build argument 'ament_cmake_args' from command line to 'None'
[0.461s] Level 5:colcon.colcon_core.verb:set package 'lauch_servo' build argument 'catkin_cmake_args' from command line to 'None'
[0.461s] Level 5:colcon.colcon_core.verb:set package 'lauch_servo' build argument 'catkin_skip_building_tests' from command line to 'False'
[0.461s] DEBUG:colcon.colcon_core.verb:Building package 'lauch_servo' with the following arguments: {'ament_cmake_args': None, 'build_base': '/home/simpson/launch_ws/build/lauch_servo', 'catkin_cmake_args': None, 'catkin_skip_building_tests': False, 'cmake_args': None, 'cmake_clean_cache': False, 'cmake_clean_first': False, 'cmake_force_configure': False, 'cmake_target': None, 'cmake_target_skip_unavailable': False, 'install_base': '/home/simpson/launch_ws/install/lauch_servo', 'merge_install': False, 'path': '/home/simpson/launch_ws/src/lauch_servo', 'symlink_install': False, 'test_result_base': None}
[0.461s] Level 5:colcon.colcon_core.verb:set package 'launch_study' build argument 'cmake_args' from command line to 'None'
[0.461s] Level 5:colcon.colcon_core.verb:set package 'launch_study' build argument 'cmake_target' from command line to 'None'
[0.461s] Level 5:colcon.colcon_core.verb:set package 'launch_study' build argument 'cmake_target_skip_unavailable' from command line to 'False'
[0.461s] Level 5:colcon.colcon_core.verb:set package 'launch_study' build argument 'cmake_clean_cache' from command line to 'False'
[0.461s] Level 5:colcon.colcon_core.verb:set package 'launch_study' build argument 'cmake_clean_first' from command line to 'False'
[0.461s] Level 5:colcon.colcon_core.verb:set package 'launch_study' build argument 'cmake_force_configure' from command line to 'False'
[0.461s] Level 5:colcon.colcon_core.verb:set package 'launch_study' build argument 'ament_cmake_args' from command line to 'None'
[0.461s] Level 5:colcon.colcon_core.verb:set package 'launch_study' build argument 'catkin_cmake_args' from command line to 'None'
[0.461s] Level 5:colcon.colcon_core.verb:set package 'launch_study' build argument 'catkin_skip_building_tests' from command line to 'False'
[0.461s] DEBUG:colcon.colcon_core.verb:Building package 'launch_study' with the following arguments: {'ament_cmake_args': None, 'build_base': '/home/simpson/launch_ws/build/launch_study', 'catkin_cmake_args': None, 'catkin_skip_building_tests': False, 'cmake_args': None, 'cmake_clean_cache': False, 'cmake_clean_first': False, 'cmake_force_configure': False, 'cmake_target': None, 'cmake_target_skip_unavailable': False, 'install_base': '/home/simpson/launch_ws/install/launch_study', 'merge_install': False, 'path': '/home/simpson/launch_ws/src/launch_study', 'symlink_install': False, 'test_result_base': None}
[0.462s] Level 5:colcon.colcon_core.verb:set package 'launch_urdf' build argument 'cmake_args' from command line to 'None'
[0.462s] Level 5:colcon.colcon_core.verb:set package 'launch_urdf' build argument 'cmake_target' from command line to 'None'
[0.462s] Level 5:colcon.colcon_core.verb:set package 'launch_urdf' build argument 'cmake_target_skip_unavailable' from command line to 'False'
[0.462s] Level 5:colcon.colcon_core.verb:set package 'launch_urdf' build argument 'cmake_clean_cache' from command line to 'False'
[0.462s] Level 5:colcon.colcon_core.verb:set package 'launch_urdf' build argument 'cmake_clean_first' from command line to 'False'
[0.462s] Level 5:colcon.colcon_core.verb:set package 'launch_urdf' build argument 'cmake_force_configure' from command line to 'False'
[0.462s] Level 5:colcon.colcon_core.verb:set package 'launch_urdf' build argument 'ament_cmake_args' from command line to 'None'
[0.462s] Level 5:colcon.colcon_core.verb:set package 'launch_urdf' build argument 'catkin_cmake_args' from command line to 'None'
[0.462s] Level 5:colcon.colcon_core.verb:set package 'launch_urdf' build argument 'catkin_skip_building_tests' from command line to 'False'
[0.462s] DEBUG:colcon.colcon_core.verb:Building package 'launch_urdf' with the following arguments: {'ament_cmake_args': None, 'build_base': '/home/simpson/launch_ws/build/launch_urdf', 'catkin_cmake_args': None, 'catkin_skip_building_tests': False, 'cmake_args': None, 'cmake_clean_cache': False, 'cmake_clean_first': False, 'cmake_force_configure': False, 'cmake_target': None, 'cmake_target_skip_unavailable': False, 'install_base': '/home/simpson/launch_ws/install/launch_urdf', 'merge_install': False, 'path': '/home/simpson/launch_ws/src/launch_urdf', 'symlink_install': False, 'test_result_base': None}
[0.462s] Level 5:colcon.colcon_core.verb:set package 'ros_ardu' build argument 'cmake_args' from command line to 'None'
[0.462s] Level 5:colcon.colcon_core.verb:set package 'ros_ardu' build argument 'cmake_target' from command line to 'None'
[0.462s] Level 5:colcon.colcon_core.verb:set package 'ros_ardu' build argument 'cmake_target_skip_unavailable' from command line to 'False'
[0.462s] Level 5:colcon.colcon_core.verb:set package 'ros_ardu' build argument 'cmake_clean_cache' from command line to 'False'
[0.462s] Level 5:colcon.colcon_core.verb:set package 'ros_ardu' build argument 'cmake_clean_first' from command line to 'False'
[0.462s] Level 5:colcon.colcon_core.verb:set package 'ros_ardu' build argument 'cmake_force_configure' from command line to 'False'
[0.462s] Level 5:colcon.colcon_core.verb:set package 'ros_ardu' build argument 'ament_cmake_args' from command line to 'None'
[0.462s] Level 5:colcon.colcon_core.verb:set package 'ros_ardu' build argument 'catkin_cmake_args' from command line to 'None'
[0.462s] Level 5:colcon.colcon_core.verb:set package 'ros_ardu' build argument 'catkin_skip_building_tests' from command line to 'False'
[0.462s] DEBUG:colcon.colcon_core.verb:Building package 'ros_ardu' with the following arguments: {'ament_cmake_args': None, 'build_base': '/home/simpson/launch_ws/build/ros_ardu', 'catkin_cmake_args': None, 'catkin_skip_building_tests': False, 'cmake_args': None, 'cmake_clean_cache': False, 'cmake_clean_first': False, 'cmake_force_configure': False, 'cmake_target': None, 'cmake_target_skip_unavailable': False, 'install_base': '/home/simpson/launch_ws/install/ros_ardu', 'merge_install': False, 'path': '/home/simpson/launch_ws/src/ros_ardu', 'symlink_install': False, 'test_result_base': None}
[0.463s] Level 5:colcon.colcon_core.verb:set package 'ros_dd' build argument 'cmake_args' from command line to 'None'
[0.463s] Level 5:colcon.colcon_core.verb:set package 'ros_dd' build argument 'cmake_target' from command line to 'None'
[0.463s] Level 5:colcon.colcon_core.verb:set package 'ros_dd' build argument 'cmake_target_skip_unavailable' from command line to 'False'
[0.463s] Level 5:colcon.colcon_core.verb:set package 'ros_dd' build argument 'cmake_clean_cache' from command line to 'False'
[0.463s] Level 5:colcon.colcon_core.verb:set package 'ros_dd' build argument 'cmake_clean_first' from command line to 'False'
[0.463s] Level 5:colcon.colcon_core.verb:set package 'ros_dd' build argument 'cmake_force_configure' from command line to 'False'
[0.463s] Level 5:colcon.colcon_core.verb:set package 'ros_dd' build argument 'ament_cmake_args' from command line to 'None'
[0.463s] Level 5:colcon.colcon_core.verb:set package 'ros_dd' build argument 'catkin_cmake_args' from command line to 'None'
[0.463s] Level 5:colcon.colcon_core.verb:set package 'ros_dd' build argument 'catkin_skip_building_tests' from command line to 'False'
[0.463s] DEBUG:colcon.colcon_core.verb:Building package 'ros_dd' with the following arguments: {'ament_cmake_args': None, 'build_base': '/home/simpson/launch_ws/build/ros_dd', 'catkin_cmake_args': None, 'catkin_skip_building_tests': False, 'cmake_args': None, 'cmake_clean_cache': False, 'cmake_clean_first': False, 'cmake_force_configure': False, 'cmake_target': None, 'cmake_target_skip_unavailable': False, 'install_base': '/home/simpson/launch_ws/install/ros_dd', 'merge_install': False, 'path': '/home/simpson/launch_ws/src/ros_dd', 'symlink_install': False, 'test_result_base': None}
[0.463s] Level 5:colcon.colcon_core.verb:set package 'ros_good' build argument 'cmake_args' from command line to 'None'
[0.463s] Level 5:colcon.colcon_core.verb:set package 'ros_good' build argument 'cmake_target' from command line to 'None'
[0.463s] Level 5:colcon.colcon_core.verb:set package 'ros_good' build argument 'cmake_target_skip_unavailable' from command line to 'False'
[0.463s] Level 5:colcon.colcon_core.verb:set package 'ros_good' build argument 'cmake_clean_cache' from command line to 'False'
[0.463s] Level 5:colcon.colcon_core.verb:set package 'ros_good' build argument 'cmake_clean_first' from command line to 'False'
[0.463s] Level 5:colcon.colcon_core.verb:set package 'ros_good' build argument 'cmake_force_configure' from command line to 'False'
[0.463s] Level 5:colcon.colcon_core.verb:set package 'ros_good' build argument 'ament_cmake_args' from command line to 'None'
[0.464s] Level 5:colcon.colcon_core.verb:set package 'ros_good' build argument 'catkin_cmake_args' from command line to 'None'
[0.464s] Level 5:colcon.colcon_core.verb:set package 'ros_good' build argument 'catkin_skip_building_tests' from command line to 'False'
[0.464s] DEBUG:colcon.colcon_core.verb:Building package 'ros_good' with the following arguments: {'ament_cmake_args': None, 'build_base': '/home/simpson/launch_ws/build/ros_good', 'catkin_cmake_args': None, 'catkin_skip_building_tests': False, 'cmake_args': None, 'cmake_clean_cache': False, 'cmake_clean_first': False, 'cmake_force_configure': False, 'cmake_target': None, 'cmake_target_skip_unavailable': False, 'install_base': '/home/simpson/launch_ws/install/ros_good', 'merge_install': False, 'path': '/home/simpson/launch_ws/src/ros_good', 'symlink_install': False, 'test_result_base': None}
[0.464s] Level 5:colcon.colcon_core.verb:set package 'ros_msg' build argument 'cmake_args' from command line to 'None'
[0.464s] Level 5:colcon.colcon_core.verb:set package 'ros_msg' build argument 'cmake_target' from command line to 'None'
[0.464s] Level 5:colcon.colcon_core.verb:set package 'ros_msg' build argument 'cmake_target_skip_unavailable' from command line to 'False'
[0.464s] Level 5:colcon.colcon_core.verb:set package 'ros_msg' build argument 'cmake_clean_cache' from command line to 'False'
[0.464s] Level 5:colcon.colcon_core.verb:set package 'ros_msg' build argument 'cmake_clean_first' from command line to 'False'
[0.464s] Level 5:colcon.colcon_core.verb:set package 'ros_msg' build argument 'cmake_force_configure' from command line to 'False'
[0.464s] Level 5:colcon.colcon_core.verb:set package 'ros_msg' build argument 'ament_cmake_args' from command line to 'None'
[0.464s] Level 5:colcon.colcon_core.verb:set package 'ros_msg' build argument 'catkin_cmake_args' from command line to 'None'
[0.464s] Level 5:colcon.colcon_core.verb:set package 'ros_msg' build argument 'catkin_skip_building_tests' from command line to 'False'
[0.464s] DEBUG:colcon.colcon_core.verb:Building package 'ros_msg' with the following arguments: {'ament_cmake_args': None, 'build_base': '/home/simpson/launch_ws/build/ros_msg', 'catkin_cmake_args': None, 'catkin_skip_building_tests': False, 'cmake_args': None, 'cmake_clean_cache': False, 'cmake_clean_first': False, 'cmake_force_configure': False, 'cmake_target': None, 'cmake_target_skip_unavailable': False, 'install_base': '/home/simpson/launch_ws/install/ros_msg', 'merge_install': False, 'path': '/home/simpson/launch_ws/src/ros_msg', 'symlink_install': False, 'test_result_base': None}
[0.464s] Level 5:colcon.colcon_core.verb:set package 'wheel_controller' build argument 'cmake_args' from command line to 'None'
[0.464s] Level 5:colcon.colcon_core.verb:set package 'wheel_controller' build argument 'cmake_target' from command line to 'None'
[0.464s] Level 5:colcon.colcon_core.verb:set package 'wheel_controller' build argument 'cmake_target_skip_unavailable' from command line to 'False'
[0.465s] Level 5:colcon.colcon_core.verb:set package 'wheel_controller' build argument 'cmake_clean_cache' from command line to 'False'
[0.465s] Level 5:colcon.colcon_core.verb:set package 'wheel_controller' build argument 'cmake_clean_first' from command line to 'False'
[0.465s] Level 5:colcon.colcon_core.verb:set package 'wheel_controller' build argument 'cmake_force_configure' from command line to 'False'
[0.465s] Level 5:colcon.colcon_core.verb:set package 'wheel_controller' build argument 'ament_cmake_args' from command line to 'None'
[0.465s] Level 5:colcon.colcon_core.verb:set package 'wheel_controller' build argument 'catkin_cmake_args' from command line to 'None'
[0.465s] Level 5:colcon.colcon_core.verb:set package 'wheel_controller' build argument 'catkin_skip_building_tests' from command line to 'False'
[0.465s] DEBUG:colcon.colcon_core.verb:Building package 'wheel_controller' with the following arguments: {'ament_cmake_args': None, 'build_base': '/home/simpson/launch_ws/build/wheel_controller', 'catkin_cmake_args': None, 'catkin_skip_building_tests': False, 'cmake_args': None, 'cmake_clean_cache': False, 'cmake_clean_first': False, 'cmake_force_configure': False, 'cmake_target': None, 'cmake_target_skip_unavailable': False, 'install_base': '/home/simpson/launch_ws/install/wheel_controller', 'merge_install': False, 'path': '/home/simpson/launch_ws/src/wheel_controller', 'symlink_install': False, 'test_result_base': None}
[0.465s] INFO:colcon.colcon_core.executor:Executing jobs using 'parallel' executor
[0.466s] DEBUG:colcon.colcon_parallel_executor.executor.parallel:run_until_complete
[0.466s] INFO:colcon.colcon_ros.task.ament_python.build:Building ROS package in '/home/simpson/launch_ws/src/jdamr_ros_03_1' with build type 'ament_python'
[0.466s] Level 1:colcon.colcon_core.shell:create_environment_hook('jdamr_ros_03', 'ament_prefix_path')
[0.469s] INFO:colcon.colcon_core.plugin_system:Skipping extension 'colcon_core.shell.bat': Not used on non-Windows systems
[0.469s] INFO:colcon.colcon_core.shell:Creating environment hook '/home/simpson/launch_ws/install/jdamr_ros_03/share/jdamr_ros_03/hook/ament_prefix_path.ps1'
[0.470s] INFO:colcon.colcon_core.shell:Creating environment descriptor '/home/simpson/launch_ws/install/jdamr_ros_03/share/jdamr_ros_03/hook/ament_prefix_path.dsv'
[0.470s] INFO:colcon.colcon_core.shell:Creating environment hook '/home/simpson/launch_ws/install/jdamr_ros_03/share/jdamr_ros_03/hook/ament_prefix_path.sh'
[0.471s] INFO:colcon.colcon_core.shell:Skip shell extension 'powershell' for command environment: Not usable outside of PowerShell
[0.471s] DEBUG:colcon.colcon_core.shell:Skip shell extension 'dsv' for command environment
[0.477s] INFO:colcon.colcon_ros.task.ament_python.build:Building ROS package in '/home/simpson/launch_ws/src/lauch_servo' with build type 'ament_python'
[0.478s] Level 1:colcon.colcon_core.shell:create_environment_hook('lauch_servo', 'ament_prefix_path')
[0.478s] INFO:colcon.colcon_core.shell:Creating environment hook '/home/simpson/launch_ws/install/lauch_servo/share/lauch_servo/hook/ament_prefix_path.ps1'
[0.480s] INFO:colcon.colcon_core.shell:Creating environment descriptor '/home/simpson/launch_ws/install/lauch_servo/share/lauch_servo/hook/ament_prefix_path.dsv'
[0.481s] INFO:colcon.colcon_core.shell:Creating environment hook '/home/simpson/launch_ws/install/lauch_servo/share/lauch_servo/hook/ament_prefix_path.sh'
[0.482s] INFO:colcon.colcon_core.shell:Skip shell extension 'powershell' for command environment: Not usable outside of PowerShell
[0.482s] DEBUG:colcon.colcon_core.shell:Skip shell extension 'dsv' for command environment
[0.490s] INFO:colcon.colcon_ros.task.ament_python.build:Building ROS package in '/home/simpson/launch_ws/src/launch_study' with build type 'ament_python'
[0.490s] Level 1:colcon.colcon_core.shell:create_environment_hook('launch_study', 'ament_prefix_path')
[0.491s] INFO:colcon.colcon_core.shell:Creating environment hook '/home/simpson/launch_ws/install/launch_study/share/launch_study/hook/ament_prefix_path.ps1'
[0.492s] INFO:colcon.colcon_core.shell:Creating environment descriptor '/home/simpson/launch_ws/install/launch_study/share/launch_study/hook/ament_prefix_path.dsv'
[0.493s] INFO:colcon.colcon_core.shell:Creating environment hook '/home/simpson/launch_ws/install/launch_study/share/launch_study/hook/ament_prefix_path.sh'
[0.494s] INFO:colcon.colcon_core.shell:Skip shell extension 'powershell' for command environment: Not usable outside of PowerShell
[0.494s] DEBUG:colcon.colcon_core.shell:Skip shell extension 'dsv' for command environment
[0.503s] INFO:colcon.colcon_ros.task.ament_python.build:Building ROS package in '/home/simpson/launch_ws/src/launch_urdf' with build type 'ament_python'
[0.503s] Level 1:colcon.colcon_core.shell:create_environment_hook('launch_urdf', 'ament_prefix_path')
[0.504s] INFO:colcon.colcon_core.shell:Creating environment hook '/home/simpson/launch_ws/install/launch_urdf/share/launch_urdf/hook/ament_prefix_path.ps1'
[0.505s] INFO:colcon.colcon_core.shell:Creating environment descriptor '/home/simpson/launch_ws/install/launch_urdf/share/launch_urdf/hook/ament_prefix_path.dsv'
[0.505s] INFO:colcon.colcon_core.shell:Creating environment hook '/home/simpson/launch_ws/install/launch_urdf/share/launch_urdf/hook/ament_prefix_path.sh'
[0.506s] INFO:colcon.colcon_core.shell:Skip shell extension 'powershell' for command environment: Not usable outside of PowerShell
[0.506s] DEBUG:colcon.colcon_core.shell:Skip shell extension 'dsv' for command environment
[0.513s] INFO:colcon.colcon_ros.task.ament_python.build:Building ROS package in '/home/simpson/launch_ws/src/ros_ardu' with build type 'ament_python'
[0.514s] Level 1:colcon.colcon_core.shell:create_environment_hook('ros_ardu', 'ament_prefix_path')
[0.514s] INFO:colcon.colcon_core.shell:Creating environment hook '/home/simpson/launch_ws/install/ros_ardu/share/ros_ardu/hook/ament_prefix_path.ps1'
[0.516s] INFO:colcon.colcon_core.shell:Creating environment descriptor '/home/simpson/launch_ws/install/ros_ardu/share/ros_ardu/hook/ament_prefix_path.dsv'
[0.516s] INFO:colcon.colcon_core.shell:Creating environment hook '/home/simpson/launch_ws/install/ros_ardu/share/ros_ardu/hook/ament_prefix_path.sh'
[0.516s] INFO:colcon.colcon_core.shell:Skip shell extension 'powershell' for command environment: Not usable outside of PowerShell
[0.516s] DEBUG:colcon.colcon_core.shell:Skip shell extension 'dsv' for command environment
[0.523s] INFO:colcon.colcon_ros.task.ament_python.build:Building ROS package in '/home/simpson/launch_ws/src/ros_dd' with build type 'ament_python'
[0.524s] Level 1:colcon.colcon_core.shell:create_environment_hook('ros_dd', 'ament_prefix_path')
[0.524s] INFO:colcon.colcon_core.shell:Creating environment hook '/home/simpson/launch_ws/install/ros_dd/share/ros_dd/hook/ament_prefix_path.ps1'
[0.526s] INFO:colcon.colcon_core.shell:Creating environment descriptor '/home/simpson/launch_ws/install/ros_dd/share/ros_dd/hook/ament_prefix_path.dsv'
[0.526s] INFO:colcon.colcon_core.shell:Creating environment hook '/home/simpson/launch_ws/install/ros_dd/share/ros_dd/hook/ament_prefix_path.sh'
[0.527s] INFO:colcon.colcon_core.shell:Skip shell extension 'powershell' for command environment: Not usable outside of PowerShell
[0.527s] DEBUG:colcon.colcon_core.shell:Skip shell extension 'dsv' for command environment
[0.535s] INFO:colcon.colcon_ros.task.ament_python.build:Building ROS package in '/home/simpson/launch_ws/src/ros_good' with build type 'ament_python'
[0.535s] Level 1:colcon.colcon_core.shell:create_environment_hook('ros_good', 'ament_prefix_path')
[0.536s] INFO:colcon.colcon_core.shell:Creating environment hook '/home/simpson/launch_ws/install/ros_good/share/ros_good/hook/ament_prefix_path.ps1'
[0.537s] INFO:colcon.colcon_core.shell:Creating environment descriptor '/home/simpson/launch_ws/install/ros_good/share/ros_good/hook/ament_prefix_path.dsv'
[0.537s] INFO:colcon.colcon_core.shell:Creating environment hook '/home/simpson/launch_ws/install/ros_good/share/ros_good/hook/ament_prefix_path.sh'
[0.538s] INFO:colcon.colcon_core.shell:Skip shell extension 'powershell' for command environment: Not usable outside of PowerShell
[0.538s] DEBUG:colcon.colcon_core.shell:Skip shell extension 'dsv' for command environment
[0.546s] INFO:colcon.colcon_ros.task.ament_python.build:Building ROS package in '/home/simpson/launch_ws/src/ros_msg' with build type 'ament_python'
[0.546s] Level 1:colcon.colcon_core.shell:create_environment_hook('ros_msg', 'ament_prefix_path')
[0.547s] INFO:colcon.colcon_core.shell:Creating environment hook '/home/simpson/launch_ws/install/ros_msg/share/ros_msg/hook/ament_prefix_path.ps1'
[0.548s] INFO:colcon.colcon_core.shell:Creating environment descriptor '/home/simpson/launch_ws/install/ros_msg/share/ros_msg/hook/ament_prefix_path.dsv'
[0.548s] INFO:colcon.colcon_core.shell:Creating environment hook '/home/simpson/launch_ws/install/ros_msg/share/ros_msg/hook/ament_prefix_path.sh'
[0.549s] INFO:colcon.colcon_core.shell:Skip shell extension 'powershell' for command environment: Not usable outside of PowerShell
[0.549s] DEBUG:colcon.colcon_core.shell:Skip shell extension 'dsv' for command environment
[0.779s] INFO:colcon.colcon_core.task.python.build:Building Python package in '/home/simpson/launch_ws/src/jdamr_ros_03_1'
[0.779s] INFO:colcon.colcon_core.shell:Skip shell extension 'powershell' for command environment: Not usable outside of PowerShell
[0.780s] DEBUG:colcon.colcon_core.shell:Skip shell extension 'dsv' for command environment
[1.000s] INFO:colcon.colcon_core.task.python.build:Building Python package in '/home/simpson/launch_ws/src/lauch_servo'
[1.000s] INFO:colcon.colcon_core.shell:Skip shell extension 'powershell' for command environment: Not usable outside of PowerShell
[1.000s] DEBUG:colcon.colcon_core.shell:Skip shell extension 'dsv' for command environment
[1.223s] INFO:colcon.colcon_core.task.python.build:Building Python package in '/home/simpson/launch_ws/src/launch_study'
[1.223s] INFO:colcon.colcon_core.shell:Skip shell extension 'powershell' for command environment: Not usable outside of PowerShell
[1.223s] DEBUG:colcon.colcon_core.shell:Skip shell extension 'dsv' for command environment
[1.446s] INFO:colcon.colcon_core.task.python.build:Building Python package in '/home/simpson/launch_ws/src/launch_urdf'
[1.447s] INFO:colcon.colcon_core.shell:Skip shell extension 'powershell' for command environment: Not usable outside of PowerShell
[1.447s] DEBUG:colcon.colcon_core.shell:Skip shell extension 'dsv' for command environment
[1.667s] INFO:colcon.colcon_core.task.python.build:Building Python package in '/home/simpson/launch_ws/src/ros_ardu'
[1.668s] INFO:colcon.colcon_core.shell:Skip shell extension 'powershell' for command environment: Not usable outside of PowerShell
[1.668s] DEBUG:colcon.colcon_core.shell:Skip shell extension 'dsv' for command environment
[1.892s] INFO:colcon.colcon_core.task.python.build:Building Python package in '/home/simpson/launch_ws/src/ros_dd'
[1.892s] INFO:colcon.colcon_core.shell:Skip shell extension 'powershell' for command environment: Not usable outside of PowerShell
[1.892s] DEBUG:colcon.colcon_core.shell:Skip shell extension 'dsv' for command environment
[2.116s] INFO:colcon.colcon_core.task.python.build:Building Python package in '/home/simpson/launch_ws/src/ros_good'
[2.116s] INFO:colcon.colcon_core.shell:Skip shell extension 'powershell' for command environment: Not usable outside of PowerShell
[2.116s] DEBUG:colcon.colcon_core.shell:Skip shell extension 'dsv' for command environment
[2.340s] INFO:colcon.colcon_core.task.python.build:Building Python package in '/home/simpson/launch_ws/src/ros_msg'
[2.341s] INFO:colcon.colcon_core.shell:Skip shell extension 'powershell' for command environment: Not usable outside of PowerShell
[2.341s] DEBUG:colcon.colcon_core.shell:Skip shell extension 'dsv' for command environment
[3.141s] DEBUG:colcon.colcon_core.event_handler.log_command:Invoking command in '/home/simpson/launch_ws/src/launch_study': PYTHONPATH=/home/simpson/launch_ws/build/launch_study/prefix_override:/usr/lib/python3/dist-packages/colcon_core/task/python/colcon_distutils_commands:/home/simpson/launch_ws/install/launch_study/lib/python3.8/site-packages:${PYTHONPATH} /usr/bin/python3 -W ignore:setup.py install is deprecated setup.py egg_info --egg-base ../../build/launch_study build --build-base /home/simpson/launch_ws/build/launch_study/build install --record /home/simpson/launch_ws/build/launch_study/install.log --install-scripts $base/lib/launch_study --single-version-externally-managed install_data
[3.163s] DEBUG:colcon.colcon_core.event_handler.log_command:Invoking command in '/home/simpson/launch_ws/src/jdamr_ros_03_1': PYTHONPATH=/home/simpson/launch_ws/build/jdamr_ros_03/prefix_override:/usr/lib/python3/dist-packages/colcon_core/task/python/colcon_distutils_commands:/home/simpson/launch_ws/install/jdamr_ros_03/lib/python3.8/site-packages:${PYTHONPATH} /usr/bin/python3 -W ignore:setup.py install is deprecated setup.py egg_info --egg-base ../../build/jdamr_ros_03 build --build-base /home/simpson/launch_ws/build/jdamr_ros_03/build install --record /home/simpson/launch_ws/build/jdamr_ros_03/install.log --single-version-externally-managed install_data
[3.179s] DEBUG:colcon.colcon_core.event_handler.log_command:Invoking command in '/home/simpson/launch_ws/src/launch_urdf': PYTHONPATH=/home/simpson/launch_ws/build/launch_urdf/prefix_override:/usr/lib/python3/dist-packages/colcon_core/task/python/colcon_distutils_commands:/home/simpson/launch_ws/install/launch_urdf/lib/python3.8/site-packages:${PYTHONPATH} /usr/bin/python3 -W ignore:setup.py install is deprecated setup.py egg_info --egg-base ../../build/launch_urdf build --build-base /home/simpson/launch_ws/build/launch_urdf/build install --record /home/simpson/launch_ws/build/launch_urdf/install.log --install-scripts $base/lib/launch_urdf --single-version-externally-managed install_data
[3.185s] DEBUG:colcon.colcon_core.event_handler.log_command:Invoking command in '/home/simpson/launch_ws/src/ros_ardu': PYTHONPATH=/home/simpson/launch_ws/build/ros_ardu/prefix_override:/usr/lib/python3/dist-packages/colcon_core/task/python/colcon_distutils_commands:/home/simpson/launch_ws/install/ros_ardu/lib/python3.8/site-packages:${PYTHONPATH} /usr/bin/python3 -W ignore:setup.py install is deprecated setup.py egg_info --egg-base ../../build/ros_ardu build --build-base /home/simpson/launch_ws/build/ros_ardu/build install --record /home/simpson/launch_ws/build/ros_ardu/install.log --single-version-externally-managed install_data
[3.191s] DEBUG:colcon.colcon_core.event_handler.log_command:Invoking command in '/home/simpson/launch_ws/src/lauch_servo': PYTHONPATH=/home/simpson/launch_ws/build/lauch_servo/prefix_override:/usr/lib/python3/dist-packages/colcon_core/task/python/colcon_distutils_commands:/home/simpson/launch_ws/install/lauch_servo/lib/python3.8/site-packages:${PYTHONPATH} /usr/bin/python3 -W ignore:setup.py install is deprecated setup.py egg_info --egg-base ../../build/lauch_servo build --build-base /home/simpson/launch_ws/build/lauch_servo/build install --record /home/simpson/launch_ws/build/lauch_servo/install.log --install-scripts $base/lib/lauch_servo --single-version-externally-managed install_data
[3.201s] DEBUG:colcon.colcon_core.event_handler.log_command:Invoking command in '/home/simpson/launch_ws/src/ros_dd': PYTHONPATH=/home/simpson/launch_ws/build/ros_dd/prefix_override:/usr/lib/python3/dist-packages/colcon_core/task/python/colcon_distutils_commands:/home/simpson/launch_ws/install/ros_dd/lib/python3.8/site-packages:${PYTHONPATH} /usr/bin/python3 -W ignore:setup.py install is deprecated setup.py egg_info --egg-base ../../build/ros_dd build --build-base /home/simpson/launch_ws/build/ros_dd/build install --record /home/simpson/launch_ws/build/ros_dd/install.log --single-version-externally-managed install_data
[3.208s] DEBUG:colcon.colcon_core.event_handler.log_command:Invoking command in '/home/simpson/launch_ws/src/ros_good': PYTHONPATH=/home/simpson/launch_ws/build/ros_good/prefix_override:/usr/lib/python3/dist-packages/colcon_core/task/python/colcon_distutils_commands:/home/simpson/launch_ws/install/ros_good/lib/python3.8/site-packages:${PYTHONPATH} /usr/bin/python3 -W ignore:setup.py install is deprecated setup.py egg_info --egg-base ../../build/ros_good build --build-base /home/simpson/launch_ws/build/ros_good/build install --record /home/simpson/launch_ws/build/ros_good/install.log --single-version-externally-managed install_data
[3.240s] DEBUG:colcon.colcon_core.event_handler.log_command:Invoking command in '/home/simpson/launch_ws/src/ros_msg': PYTHONPATH=/home/simpson/launch_ws/build/ros_msg/prefix_override:/usr/lib/python3/dist-packages/colcon_core/task/python/colcon_distutils_commands:/home/simpson/launch_ws/install/ros_msg/lib/python3.8/site-packages:${PYTHONPATH} /usr/bin/python3 -W ignore:setup.py install is deprecated setup.py egg_info --egg-base ../../build/ros_msg build --build-base /home/simpson/launch_ws/build/ros_msg/build install --record /home/simpson/launch_ws/build/ros_msg/install.log --single-version-externally-managed install_data
[3.711s] DEBUG:colcon.colcon_core.event_handler.log_command:Invoked command in '/home/simpson/launch_ws/src/launch_study' returned '0': PYTHONPATH=/home/simpson/launch_ws/build/launch_study/prefix_override:/usr/lib/python3/dist-packages/colcon_core/task/python/colcon_distutils_commands:/home/simpson/launch_ws/install/launch_study/lib/python3.8/site-packages:${PYTHONPATH} /usr/bin/python3 -W ignore:setup.py install is deprecated setup.py egg_info --egg-base ../../build/launch_study build --build-base /home/simpson/launch_ws/build/launch_study/build install --record /home/simpson/launch_ws/build/launch_study/install.log --install-scripts $base/lib/launch_study --single-version-externally-managed install_data
[3.716s] Level 1:colcon.colcon_core.environment:checking '/home/simpson/launch_ws/install/launch_study' for CMake module files
[3.717s] Level 1:colcon.colcon_core.environment:checking '/home/simpson/launch_ws/install/launch_study' for CMake config files
[3.719s] Level 1:colcon.colcon_core.environment:checking '/home/simpson/launch_ws/install/launch_study/lib'
[3.720s] Level 1:colcon.colcon_core.environment:checking '/home/simpson/launch_ws/install/launch_study/bin'
[3.721s] Level 1:colcon.colcon_core.environment:checking '/home/simpson/launch_ws/install/launch_study/lib/pkgconfig/launch_study.pc'
[3.721s] Level 1:colcon.colcon_core.environment:checking '/home/simpson/launch_ws/install/launch_study/lib/python3.8/site-packages'
[3.721s] Level 1:colcon.colcon_core.shell:create_environment_hook('launch_study', 'pythonpath')
[3.722s] INFO:colcon.colcon_core.shell:Creating environment hook '/home/simpson/launch_ws/install/launch_study/share/launch_study/hook/pythonpath.ps1'
[3.723s] INFO:colcon.colcon_core.shell:Creating environment descriptor '/home/simpson/launch_ws/install/launch_study/share/launch_study/hook/pythonpath.dsv'
[3.724s] INFO:colcon.colcon_core.shell:Creating environment hook '/home/simpson/launch_ws/install/launch_study/share/launch_study/hook/pythonpath.sh'
[3.725s] Level 1:colcon.colcon_core.environment:checking '/home/simpson/launch_ws/install/launch_study/bin'
[3.725s] Level 1:colcon.colcon_core.environment:create_environment_scripts_only(launch_study)
[3.726s] INFO:colcon.colcon_core.shell:Creating package script '/home/simpson/launch_ws/install/launch_study/share/launch_study/package.ps1'
[3.728s] INFO:colcon.colcon_core.shell:Creating package descriptor '/home/simpson/launch_ws/install/launch_study/share/launch_study/package.dsv'
[3.729s] INFO:colcon.colcon_core.shell:Creating package script '/home/simpson/launch_ws/install/launch_study/share/launch_study/package.sh'
[3.731s] INFO:colcon.colcon_core.shell:Creating package script '/home/simpson/launch_ws/install/launch_study/share/launch_study/package.bash'
[3.733s] INFO:colcon.colcon_core.shell:Creating package script '/home/simpson/launch_ws/install/launch_study/share/launch_study/package.zsh'
[3.735s] Level 1:colcon.colcon_core.environment:create_file_with_runtime_dependencies(/home/simpson/launch_ws/install/launch_study/share/colcon-core/packages/launch_study)
[3.737s] INFO:colcon.colcon_ros.task.ament_python.build:Building ROS package in '/home/simpson/launch_ws/src/wheel_controller' with build type 'ament_python'
[3.738s] Level 1:colcon.colcon_core.shell:create_environment_hook('wheel_controller', 'ament_prefix_path')
[3.739s] INFO:colcon.colcon_core.shell:Creating environment hook '/home/simpson/launch_ws/install/wheel_controller/share/wheel_controller/hook/ament_prefix_path.ps1'
[3.740s] INFO:colcon.colcon_core.shell:Creating environment descriptor '/home/simpson/launch_ws/install/wheel_controller/share/wheel_controller/hook/ament_prefix_path.dsv'
[3.741s] INFO:colcon.colcon_core.shell:Creating environment hook '/home/simpson/launch_ws/install/wheel_controller/share/wheel_controller/hook/ament_prefix_path.sh'
[3.742s] INFO:colcon.colcon_core.shell:Skip shell extension 'powershell' for command environment: Not usable outside of PowerShell
[3.742s] DEBUG:colcon.colcon_core.shell:Skip shell extension 'dsv' for command environment
[3.771s] Level 1:colcon.colcon_core.environment:checking '/home/simpson/launch_ws/install/jdamr_ros_03' for CMake module files
[3.772s] Level 1:colcon.colcon_core.environment:checking '/home/simpson/launch_ws/install/jdamr_ros_03' for CMake config files
[3.774s] Level 1:colcon.colcon_core.environment:checking '/home/simpson/launch_ws/install/jdamr_ros_03/lib'
[3.774s] Level 1:colcon.colcon_core.environment:checking '/home/simpson/launch_ws/install/jdamr_ros_03/bin'
[3.774s] Level 1:colcon.colcon_core.environment:checking '/home/simpson/launch_ws/install/jdamr_ros_03/lib/pkgconfig/jdamr_ros_03.pc'
[3.775s] Level 1:colcon.colcon_core.environment:checking '/home/simpson/launch_ws/install/jdamr_ros_03/lib/python3.8/site-packages'
[3.775s] Level 1:colcon.colcon_core.shell:create_environment_hook('jdamr_ros_03', 'pythonpath')
[3.776s] INFO:colcon.colcon_core.shell:Creating environment hook '/home/simpson/launch_ws/install/jdamr_ros_03/share/jdamr_ros_03/hook/pythonpath.ps1'
[3.778s] DEBUG:colcon.colcon_core.event_handler.log_command:Invoked command in '/home/simpson/launch_ws/src/jdamr_ros_03_1' returned '0': PYTHONPATH=/home/simpson/launch_ws/build/jdamr_ros_03/prefix_override:/usr/lib/python3/dist-packages/colcon_core/task/python/colcon_distutils_commands:/home/simpson/launch_ws/install/jdamr_ros_03/lib/python3.8/site-packages:${PYTHONPATH} /usr/bin/python3 -W ignore:setup.py install is deprecated setup.py egg_info --egg-base ../../build/jdamr_ros_03 build --build-base /home/simpson/launch_ws/build/jdamr_ros_03/build install --record /home/simpson/launch_ws/build/jdamr_ros_03/install.log --single-version-externally-managed install_data
[3.780s] INFO:colcon.colcon_core.shell:Creating environment descriptor '/home/simpson/launch_ws/install/jdamr_ros_03/share/jdamr_ros_03/hook/pythonpath.dsv'
[3.782s] INFO:colcon.colcon_core.shell:Creating environment hook '/home/simpson/launch_ws/install/jdamr_ros_03/share/jdamr_ros_03/hook/pythonpath.sh'
[3.784s] Level 1:colcon.colcon_core.environment:checking '/home/simpson/launch_ws/install/jdamr_ros_03/bin'
[3.784s] Level 1:colcon.colcon_core.environment:create_environment_scripts_only(jdamr_ros_03)
[3.786s] INFO:colcon.colcon_core.shell:Creating package script '/home/simpson/launch_ws/install/jdamr_ros_03/share/jdamr_ros_03/package.ps1'
[3.788s] INFO:colcon.colcon_core.shell:Creating package descriptor '/home/simpson/launch_ws/install/jdamr_ros_03/share/jdamr_ros_03/package.dsv'
[3.789s] INFO:colcon.colcon_core.shell:Creating package script '/home/simpson/launch_ws/install/jdamr_ros_03/share/jdamr_ros_03/package.sh'
[3.790s] INFO:colcon.colcon_core.shell:Creating package script '/home/simpson/launch_ws/install/jdamr_ros_03/share/jdamr_ros_03/package.bash'
[3.791s] INFO:colcon.colcon_core.shell:Creating package script '/home/simpson/launch_ws/install/jdamr_ros_03/share/jdamr_ros_03/package.zsh'
[3.792s] Level 1:colcon.colcon_core.environment:create_file_with_runtime_dependencies(/home/simpson/launch_ws/install/jdamr_ros_03/share/colcon-core/packages/jdamr_ros_03)
[4.027s] INFO:colcon.colcon_core.task.python.build:Building Python package in '/home/simpson/launch_ws/src/wheel_controller'
[4.027s] INFO:colcon.colcon_core.shell:Skip shell extension 'powershell' for command environment: Not usable outside of PowerShell
[4.027s] DEBUG:colcon.colcon_core.shell:Skip shell extension 'dsv' for command environment
[4.037s] Level 1:colcon.colcon_core.environment:checking '/home/simpson/launch_ws/install/lauch_servo' for CMake module files
[4.038s] DEBUG:colcon.colcon_core.event_handler.log_command:Invoked command in '/home/simpson/launch_ws/src/lauch_servo' returned '0': PYTHONPATH=/home/simpson/launch_ws/build/lauch_servo/prefix_override:/usr/lib/python3/dist-packages/colcon_core/task/python/colcon_distutils_commands:/home/simpson/launch_ws/install/lauch_servo/lib/python3.8/site-packages:${PYTHONPATH} /usr/bin/python3 -W ignore:setup.py install is deprecated setup.py egg_info --egg-base ../../build/lauch_servo build --build-base /home/simpson/launch_ws/build/lauch_servo/build install --record /home/simpson/launch_ws/build/lauch_servo/install.log --install-scripts $base/lib/lauch_servo --single-version-externally-managed install_data
[4.039s] Level 1:colcon.colcon_core.environment:checking '/home/simpson/launch_ws/install/lauch_servo' for CMake config files
[4.040s] Level 1:colcon.colcon_core.environment:checking '/home/simpson/launch_ws/install/lauch_servo/lib'
[4.040s] Level 1:colcon.colcon_core.environment:checking '/home/simpson/launch_ws/install/lauch_servo/bin'
[4.040s] Level 1:colcon.colcon_core.environment:checking '/home/simpson/launch_ws/install/lauch_servo/lib/pkgconfig/lauch_servo.pc'
[4.040s] Level 1:colcon.colcon_core.environment:checking '/home/simpson/launch_ws/install/lauch_servo/lib/python3.8/site-packages'
[4.040s] Level 1:colcon.colcon_core.shell:create_environment_hook('lauch_servo', 'pythonpath')
[4.041s] INFO:colcon.colcon_core.shell:Creating environment hook '/home/simpson/launch_ws/install/lauch_servo/share/lauch_servo/hook/pythonpath.ps1'
[4.041s] INFO:colcon.colcon_core.shell:Creating environment descriptor '/home/simpson/launch_ws/install/lauch_servo/share/lauch_servo/hook/pythonpath.dsv'
[4.042s] INFO:colcon.colcon_core.shell:Creating environment hook '/home/simpson/launch_ws/install/lauch_servo/share/lauch_servo/hook/pythonpath.sh'
[4.042s] Level 1:colcon.colcon_core.environment:checking '/home/simpson/launch_ws/install/lauch_servo/bin'
[4.042s] Level 1:colcon.colcon_core.environment:create_environment_scripts_only(lauch_servo)
[4.043s] INFO:colcon.colcon_core.shell:Creating package script '/home/simpson/launch_ws/install/lauch_servo/share/lauch_servo/package.ps1'
[4.044s] INFO:colcon.colcon_core.shell:Creating package descriptor '/home/simpson/launch_ws/install/lauch_servo/share/lauch_servo/package.dsv'
[4.044s] INFO:colcon.colcon_core.shell:Creating package script '/home/simpson/launch_ws/install/lauch_servo/share/lauch_servo/package.sh'
[4.045s] INFO:colcon.colcon_core.shell:Creating package script '/home/simpson/launch_ws/install/lauch_servo/share/lauch_servo/package.bash'
[4.045s] INFO:colcon.colcon_core.shell:Creating package script '/home/simpson/launch_ws/install/lauch_servo/share/lauch_servo/package.zsh'
[4.045s] Level 1:colcon.colcon_core.environment:create_file_with_runtime_dependencies(/home/simpson/launch_ws/install/lauch_servo/share/colcon-core/packages/lauch_servo)
[4.047s] Level 1:colcon.colcon_core.environment:checking '/home/simpson/launch_ws/install/launch_urdf' for CMake module files
[4.048s] DEBUG:colcon.colcon_core.event_handler.log_command:Invoked command in '/home/simpson/launch_ws/src/launch_urdf' returned '0': PYTHONPATH=/home/simpson/launch_ws/build/launch_urdf/prefix_override:/usr/lib/python3/dist-packages/colcon_core/task/python/colcon_distutils_commands:/home/simpson/launch_ws/install/launch_urdf/lib/python3.8/site-packages:${PYTHONPATH} /usr/bin/python3 -W ignore:setup.py install is deprecated setup.py egg_info --egg-base ../../build/launch_urdf build --build-base /home/simpson/launch_ws/build/launch_urdf/build install --record /home/simpson/launch_ws/build/launch_urdf/install.log --install-scripts $base/lib/launch_urdf --single-version-externally-managed install_data
[4.049s] Level 1:colcon.colcon_core.environment:checking '/home/simpson/launch_ws/install/launch_urdf' for CMake config files
[4.049s] Level 1:colcon.colcon_core.environment:checking '/home/simpson/launch_ws/install/launch_urdf/lib'
[4.049s] Level 1:colcon.colcon_core.environment:checking '/home/simpson/launch_ws/install/launch_urdf/bin'
[4.050s] Level 1:colcon.colcon_core.environment:checking '/home/simpson/launch_ws/install/launch_urdf/lib/pkgconfig/launch_urdf.pc'
[4.050s] Level 1:colcon.colcon_core.environment:checking '/home/simpson/launch_ws/install/launch_urdf/lib/python3.8/site-packages'
[4.050s] Level 1:colcon.colcon_core.shell:create_environment_hook('launch_urdf', 'pythonpath')
[4.050s] INFO:colcon.colcon_core.shell:Creating environment hook '/home/simpson/launch_ws/install/launch_urdf/share/launch_urdf/hook/pythonpath.ps1'
[4.051s] INFO:colcon.colcon_core.shell:Creating environment descriptor '/home/simpson/launch_ws/install/launch_urdf/share/launch_urdf/hook/pythonpath.dsv'
[4.051s] INFO:colcon.colcon_core.shell:Creating environment hook '/home/simpson/launch_ws/install/launch_urdf/share/launch_urdf/hook/pythonpath.sh'
[4.052s] Level 1:colcon.colcon_core.environment:checking '/home/simpson/launch_ws/install/launch_urdf/bin'
[4.052s] Level 1:colcon.colcon_core.environment:create_environment_scripts_only(launch_urdf)
[4.052s] INFO:colcon.colcon_core.shell:Creating package script '/home/simpson/launch_ws/install/launch_urdf/share/launch_urdf/package.ps1'
[4.053s] INFO:colcon.colcon_core.shell:Creating package descriptor '/home/simpson/launch_ws/install/launch_urdf/share/launch_urdf/package.dsv'
[4.053s] INFO:colcon.colcon_core.shell:Creating package script '/home/simpson/launch_ws/install/launch_urdf/share/launch_urdf/package.sh'
[4.054s] INFO:colcon.colcon_core.shell:Creating package script '/home/simpson/launch_ws/install/launch_urdf/share/launch_urdf/package.bash'
[4.054s] INFO:colcon.colcon_core.shell:Creating package script '/home/simpson/launch_ws/install/launch_urdf/share/launch_urdf/package.zsh'
[4.054s] Level 1:colcon.colcon_core.environment:create_file_with_runtime_dependencies(/home/simpson/launch_ws/install/launch_urdf/share/colcon-core/packages/launch_urdf)
[4.055s] Level 1:colcon.colcon_core.environment:checking '/home/simpson/launch_ws/install/ros_ardu' for CMake module files
[4.056s] DEBUG:colcon.colcon_core.event_handler.log_command:Invoked command in '/home/simpson/launch_ws/src/ros_ardu' returned '0': PYTHONPATH=/home/simpson/launch_ws/build/ros_ardu/prefix_override:/usr/lib/python3/dist-packages/colcon_core/task/python/colcon_distutils_commands:/home/simpson/launch_ws/install/ros_ardu/lib/python3.8/site-packages:${PYTHONPATH} /usr/bin/python3 -W ignore:setup.py install is deprecated setup.py egg_info --egg-base ../../build/ros_ardu build --build-base /home/simpson/launch_ws/build/ros_ardu/build install --record /home/simpson/launch_ws/build/ros_ardu/install.log --single-version-externally-managed install_data
[4.056s] Level 1:colcon.colcon_core.environment:checking '/home/simpson/launch_ws/install/ros_ardu' for CMake config files
[4.057s] Level 1:colcon.colcon_core.environment:checking '/home/simpson/launch_ws/install/ros_ardu/lib'
[4.057s] Level 1:colcon.colcon_core.environment:checking '/home/simpson/launch_ws/install/ros_ardu/bin'
[4.057s] Level 1:colcon.colcon_core.environment:checking '/home/simpson/launch_ws/install/ros_ardu/lib/pkgconfig/ros_ardu.pc'
[4.057s] Level 1:colcon.colcon_core.environment:checking '/home/simpson/launch_ws/install/ros_ardu/lib/python3.8/site-packages'
[4.057s] Level 1:colcon.colcon_core.shell:create_environment_hook('ros_ardu', 'pythonpath')
[4.058s] INFO:colcon.colcon_core.shell:Creating environment hook '/home/simpson/launch_ws/install/ros_ardu/share/ros_ardu/hook/pythonpath.ps1'
[4.058s] INFO:colcon.colcon_core.shell:Creating environment descriptor '/home/simpson/launch_ws/install/ros_ardu/share/ros_ardu/hook/pythonpath.dsv'
[4.059s] INFO:colcon.colcon_core.shell:Creating environment hook '/home/simpson/launch_ws/install/ros_ardu/share/ros_ardu/hook/pythonpath.sh'
[4.060s] Level 1:colcon.colcon_core.environment:checking '/home/simpson/launch_ws/install/ros_ardu/bin'
[4.060s] Level 1:colcon.colcon_core.environment:create_environment_scripts_only(ros_ardu)
[4.060s] INFO:colcon.colcon_core.shell:Creating package script '/home/simpson/launch_ws/install/ros_ardu/share/ros_ardu/package.ps1'
[4.061s] INFO:colcon.colcon_core.shell:Creating package descriptor '/home/simpson/launch_ws/install/ros_ardu/share/ros_ardu/package.dsv'
[4.062s] INFO:colcon.colcon_core.shell:Creating package script '/home/simpson/launch_ws/install/ros_ardu/share/ros_ardu/package.sh'
[4.063s] INFO:colcon.colcon_core.shell:Creating package script '/home/simpson/launch_ws/install/ros_ardu/share/ros_ardu/package.bash'
[4.063s] INFO:colcon.colcon_core.shell:Creating package script '/home/simpson/launch_ws/install/ros_ardu/share/ros_ardu/package.zsh'
[4.064s] Level 1:colcon.colcon_core.environment:create_file_with_runtime_dependencies(/home/simpson/launch_ws/install/ros_ardu/share/colcon-core/packages/ros_ardu)
[4.064s] Level 1:colcon.colcon_core.environment:checking '/home/simpson/launch_ws/install/ros_dd' for CMake module files
[4.066s] DEBUG:colcon.colcon_core.event_handler.log_command:Invoked command in '/home/simpson/launch_ws/src/ros_dd' returned '0': PYTHONPATH=/home/simpson/launch_ws/build/ros_dd/prefix_override:/usr/lib/python3/dist-packages/colcon_core/task/python/colcon_distutils_commands:/home/simpson/launch_ws/install/ros_dd/lib/python3.8/site-packages:${PYTHONPATH} /usr/bin/python3 -W ignore:setup.py install is deprecated setup.py egg_info --egg-base ../../build/ros_dd build --build-base /home/simpson/launch_ws/build/ros_dd/build install --record /home/simpson/launch_ws/build/ros_dd/install.log --single-version-externally-managed install_data
[4.066s] Level 1:colcon.colcon_core.environment:checking '/home/simpson/launch_ws/install/ros_dd' for CMake config files
[4.067s] Level 1:colcon.colcon_core.environment:checking '/home/simpson/launch_ws/install/ros_dd/lib'
[4.067s] Level 1:colcon.colcon_core.environment:checking '/home/simpson/launch_ws/install/ros_dd/bin'
[4.067s] Level 1:colcon.colcon_core.environment:checking '/home/simpson/launch_ws/install/ros_dd/lib/pkgconfig/ros_dd.pc'
[4.067s] Level 1:colcon.colcon_core.environment:checking '/home/simpson/launch_ws/install/ros_dd/lib/python3.8/site-packages'
[4.067s] Level 1:colcon.colcon_core.shell:create_environment_hook('ros_dd', 'pythonpath')
[4.068s] INFO:colcon.colcon_core.shell:Creating environment hook '/home/simpson/launch_ws/install/ros_dd/share/ros_dd/hook/pythonpath.ps1'
[4.068s] INFO:colcon.colcon_core.shell:Creating environment descriptor '/home/simpson/launch_ws/install/ros_dd/share/ros_dd/hook/pythonpath.dsv'
[4.068s] INFO:colcon.colcon_core.shell:Creating environment hook '/home/simpson/launch_ws/install/ros_dd/share/ros_dd/hook/pythonpath.sh'
[4.069s] Level 1:colcon.colcon_core.environment:checking '/home/simpson/launch_ws/install/ros_dd/bin'
[4.069s] Level 1:colcon.colcon_core.environment:create_environment_scripts_only(ros_dd)
[4.070s] INFO:colcon.colcon_core.shell:Creating package script '/home/simpson/launch_ws/install/ros_dd/share/ros_dd/package.ps1'
[4.070s] INFO:colcon.colcon_core.shell:Creating package descriptor '/home/simpson/launch_ws/install/ros_dd/share/ros_dd/package.dsv'
[4.071s] INFO:colcon.colcon_core.shell:Creating package script '/home/simpson/launch_ws/install/ros_dd/share/ros_dd/package.sh'
[4.071s] INFO:colcon.colcon_core.shell:Creating package script '/home/simpson/launch_ws/install/ros_dd/share/ros_dd/package.bash'
[4.072s] INFO:colcon.colcon_core.shell:Creating package script '/home/simpson/launch_ws/install/ros_dd/share/ros_dd/package.zsh'
[4.072s] Level 1:colcon.colcon_core.environment:create_file_with_runtime_dependencies(/home/simpson/launch_ws/install/ros_dd/share/colcon-core/packages/ros_dd)
[4.073s] Level 1:colcon.colcon_core.environment:checking '/home/simpson/launch_ws/install/ros_msg' for CMake module files
[4.074s] Level 1:colcon.colcon_core.environment:checking '/home/simpson/launch_ws/install/ros_msg' for CMake config files
[4.074s] DEBUG:colcon.colcon_core.event_handler.log_command:Invoked command in '/home/simpson/launch_ws/src/ros_msg' returned '0': PYTHONPATH=/home/simpson/launch_ws/build/ros_msg/prefix_override:/usr/lib/python3/dist-packages/colcon_core/task/python/colcon_distutils_commands:/home/simpson/launch_ws/install/ros_msg/lib/python3.8/site-packages:${PYTHONPATH} /usr/bin/python3 -W ignore:setup.py install is deprecated setup.py egg_info --egg-base ../../build/ros_msg build --build-base /home/simpson/launch_ws/build/ros_msg/build install --record /home/simpson/launch_ws/build/ros_msg/install.log --single-version-externally-managed install_data
[4.075s] Level 1:colcon.colcon_core.environment:checking '/home/simpson/launch_ws/install/ros_msg/lib'
[4.075s] Level 1:colcon.colcon_core.environment:checking '/home/simpson/launch_ws/install/ros_msg/bin'
[4.075s] Level 1:colcon.colcon_core.environment:checking '/home/simpson/launch_ws/install/ros_msg/lib/pkgconfig/ros_msg.pc'
[4.076s] Level 1:colcon.colcon_core.environment:checking '/home/simpson/launch_ws/install/ros_msg/lib/python3.8/site-packages'
[4.076s] Level 1:colcon.colcon_core.shell:create_environment_hook('ros_msg', 'pythonpath')
[4.076s] INFO:colcon.colcon_core.shell:Creating environment hook '/home/simpson/launch_ws/install/ros_msg/share/ros_msg/hook/pythonpath.ps1'
[4.077s] INFO:colcon.colcon_core.shell:Creating environment descriptor '/home/simpson/launch_ws/install/ros_msg/share/ros_msg/hook/pythonpath.dsv'
[4.078s] INFO:colcon.colcon_core.shell:Creating environment hook '/home/simpson/launch_ws/install/ros_msg/share/ros_msg/hook/pythonpath.sh'
[4.079s] Level 1:colcon.colcon_core.environment:checking '/home/simpson/launch_ws/install/ros_msg/bin'
[4.079s] Level 1:colcon.colcon_core.environment:create_environment_scripts_only(ros_msg)
[4.080s] INFO:colcon.colcon_core.shell:Creating package script '/home/simpson/launch_ws/install/ros_msg/share/ros_msg/package.ps1'
[4.080s] INFO:colcon.colcon_core.shell:Creating package descriptor '/home/simpson/launch_ws/install/ros_msg/share/ros_msg/package.dsv'
[4.081s] INFO:colcon.colcon_core.shell:Creating package script '/home/simpson/launch_ws/install/ros_msg/share/ros_msg/package.sh'
[4.082s] INFO:colcon.colcon_core.shell:Creating package script '/home/simpson/launch_ws/install/ros_msg/share/ros_msg/package.bash'
[4.082s] INFO:colcon.colcon_core.shell:Creating package script '/home/simpson/launch_ws/install/ros_msg/share/ros_msg/package.zsh'
[4.082s] Level 1:colcon.colcon_core.environment:create_file_with_runtime_dependencies(/home/simpson/launch_ws/install/ros_msg/share/colcon-core/packages/ros_msg)
[4.083s] Level 1:colcon.colcon_core.environment:checking '/home/simpson/launch_ws/install/ros_good' for CMake module files
[4.084s] DEBUG:colcon.colcon_core.event_handler.log_command:Invoked command in '/home/simpson/launch_ws/src/ros_good' returned '0': PYTHONPATH=/home/simpson/launch_ws/build/ros_good/prefix_override:/usr/lib/python3/dist-packages/colcon_core/task/python/colcon_distutils_commands:/home/simpson/launch_ws/install/ros_good/lib/python3.8/site-packages:${PYTHONPATH} /usr/bin/python3 -W ignore:setup.py install is deprecated setup.py egg_info --egg-base ../../build/ros_good build --build-base /home/simpson/launch_ws/build/ros_good/build install --record /home/simpson/launch_ws/build/ros_good/install.log --single-version-externally-managed install_data
[4.084s] Level 1:colcon.colcon_core.environment:checking '/home/simpson/launch_ws/install/ros_good' for CMake config files
[4.084s] Level 1:colcon.colcon_core.environment:checking '/home/simpson/launch_ws/install/ros_good/lib'
[4.084s] Level 1:colcon.colcon_core.environment:checking '/home/simpson/launch_ws/install/ros_good/bin'
[4.084s] Level 1:colcon.colcon_core.environment:checking '/home/simpson/launch_ws/install/ros_good/lib/pkgconfig/ros_good.pc'
[4.085s] Level 1:colcon.colcon_core.environment:checking '/home/simpson/launch_ws/install/ros_good/lib/python3.8/site-packages'
[4.085s] Level 1:colcon.colcon_core.shell:create_environment_hook('ros_good', 'pythonpath')
[4.085s] INFO:colcon.colcon_core.shell:Creating environment hook '/home/simpson/launch_ws/install/ros_good/share/ros_good/hook/pythonpath.ps1'
[4.085s] INFO:colcon.colcon_core.shell:Creating environment descriptor '/home/simpson/launch_ws/install/ros_good/share/ros_good/hook/pythonpath.dsv'
[4.086s] INFO:colcon.colcon_core.shell:Creating environment hook '/home/simpson/launch_ws/install/ros_good/share/ros_good/hook/pythonpath.sh'
[4.086s] Level 1:colcon.colcon_core.environment:checking '/home/simpson/launch_ws/install/ros_good/bin'
[4.086s] Level 1:colcon.colcon_core.environment:create_environment_scripts_only(ros_good)
[4.086s] INFO:colcon.colcon_core.shell:Creating package script '/home/simpson/launch_ws/install/ros_good/share/ros_good/package.ps1'
[4.087s] INFO:colcon.colcon_core.shell:Creating package descriptor '/home/simpson/launch_ws/install/ros_good/share/ros_good/package.dsv'
[4.087s] INFO:colcon.colcon_core.shell:Creating package script '/home/simpson/launch_ws/install/ros_good/share/ros_good/package.sh'
[4.088s] INFO:colcon.colcon_core.shell:Creating package script '/home/simpson/launch_ws/install/ros_good/share/ros_good/package.bash'
[4.088s] INFO:colcon.colcon_core.shell:Creating package script '/home/simpson/launch_ws/install/ros_good/share/ros_good/package.zsh'
[4.088s] Level 1:colcon.colcon_core.environment:create_file_with_runtime_dependencies(/home/simpson/launch_ws/install/ros_good/share/colcon-core/packages/ros_good)
[4.467s] DEBUG:colcon.colcon_core.event_handler.log_command:Invoking command in '/home/simpson/launch_ws/src/wheel_controller': PYTHONPATH=/home/simpson/launch_ws/build/wheel_controller/prefix_override:/usr/lib/python3/dist-packages/colcon_core/task/python/colcon_distutils_commands:/home/simpson/launch_ws/install/wheel_controller/lib/python3.8/site-packages:${PYTHONPATH} /usr/bin/python3 -W ignore:setup.py install is deprecated setup.py egg_info --egg-base ../../build/wheel_controller build --build-base /home/simpson/launch_ws/build/wheel_controller/build install --record /home/simpson/launch_ws/build/wheel_controller/install.log --install-scripts $base/lib/wheel_controller --single-version-externally-managed install_data
[4.744s] Level 1:colcon.colcon_core.environment:checking '/home/simpson/launch_ws/install/wheel_controller' for CMake module files
[4.745s] DEBUG:colcon.colcon_core.event_handler.log_command:Invoked command in '/home/simpson/launch_ws/src/wheel_controller' returned '0': PYTHONPATH=/home/simpson/launch_ws/build/wheel_controller/prefix_override:/usr/lib/python3/dist-packages/colcon_core/task/python/colcon_distutils_commands:/home/simpson/launch_ws/install/wheel_controller/lib/python3.8/site-packages:${PYTHONPATH} /usr/bin/python3 -W ignore:setup.py install is deprecated setup.py egg_info --egg-base ../../build/wheel_controller build --build-base /home/simpson/launch_ws/build/wheel_controller/build install --record /home/simpson/launch_ws/build/wheel_controller/install.log --install-scripts $base/lib/wheel_controller --single-version-externally-managed install_data
[4.745s] Level 1:colcon.colcon_core.environment:checking '/home/simpson/launch_ws/install/wheel_controller' for CMake config files
[4.746s] Level 1:colcon.colcon_core.environment:checking '/home/simpson/launch_ws/install/wheel_controller/lib'
[4.746s] Level 1:colcon.colcon_core.environment:checking '/home/simpson/launch_ws/install/wheel_controller/bin'
[4.746s] Level 1:colcon.colcon_core.environment:checking '/home/simpson/launch_ws/install/wheel_controller/lib/pkgconfig/wheel_controller.pc'
[4.747s] Level 1:colcon.colcon_core.environment:checking '/home/simpson/launch_ws/install/wheel_controller/lib/python3.8/site-packages'
[4.747s] Level 1:colcon.colcon_core.shell:create_environment_hook('wheel_controller', 'pythonpath')
[4.748s] INFO:colcon.colcon_core.shell:Creating environment hook '/home/simpson/launch_ws/install/wheel_controller/share/wheel_controller/hook/pythonpath.ps1'
[4.748s] INFO:colcon.colcon_core.shell:Creating environment descriptor '/home/simpson/launch_ws/install/wheel_controller/share/wheel_controller/hook/pythonpath.dsv'
[4.748s] INFO:colcon.colcon_core.shell:Creating environment hook '/home/simpson/launch_ws/install/wheel_controller/share/wheel_controller/hook/pythonpath.sh'
[4.749s] Level 1:colcon.colcon_core.environment:checking '/home/simpson/launch_ws/install/wheel_controller/bin'
[4.749s] Level 1:colcon.colcon_core.environment:create_environment_scripts_only(wheel_controller)
[4.749s] INFO:colcon.colcon_core.shell:Creating package script '/home/simpson/launch_ws/install/wheel_controller/share/wheel_controller/package.ps1'
[4.750s] INFO:colcon.colcon_core.shell:Creating package descriptor '/home/simpson/launch_ws/install/wheel_controller/share/wheel_controller/package.dsv'
[4.750s] INFO:colcon.colcon_core.shell:Creating package script '/home/simpson/launch_ws/install/wheel_controller/share/wheel_controller/package.sh'
[4.751s] INFO:colcon.colcon_core.shell:Creating package script '/home/simpson/launch_ws/install/wheel_controller/share/wheel_controller/package.bash'
[4.751s] INFO:colcon.colcon_core.shell:Creating package script '/home/simpson/launch_ws/install/wheel_controller/share/wheel_controller/package.zsh'
[4.751s] Level 1:colcon.colcon_core.environment:create_file_with_runtime_dependencies(/home/simpson/launch_ws/install/wheel_controller/share/colcon-core/packages/wheel_controller)
[4.751s] DEBUG:colcon.colcon_parallel_executor.executor.parallel:closing loop
[4.752s] DEBUG:colcon.colcon_parallel_executor.executor.parallel:loop closed
[4.752s] DEBUG:colcon.colcon_parallel_executor.executor.parallel:run_until_complete finished with '0'
[4.752s] DEBUG:colcon.colcon_core.event_reactor:joining thread
[4.758s] INFO:colcon.colcon_core.plugin_system:Skipping extension 'colcon_notification.desktop_notification.terminal_notifier': Not used on non-Darwin systems
[4.759s] INFO:colcon.colcon_core.plugin_system:Skipping extension 'colcon_notification.desktop_notification.win32': Not used on non-Windows systems
[4.759s] INFO:colcon.colcon_notification.desktop_notification:Sending desktop notification using 'notify2'
[4.774s] DEBUG:colcon.colcon_core.event_reactor:joined thread
[4.775s] INFO:colcon.colcon_core.shell:Creating prefix script '/home/simpson/launch_ws/install/local_setup.ps1'
[4.776s] INFO:colcon.colcon_core.shell:Creating prefix util module '/home/simpson/launch_ws/install/_local_setup_util_ps1.py'
[4.778s] INFO:colcon.colcon_core.shell:Creating prefix chain script '/home/simpson/launch_ws/install/setup.ps1'
[4.782s] INFO:colcon.colcon_core.shell:Creating prefix script '/home/simpson/launch_ws/install/local_setup.sh'
[4.782s] INFO:colcon.colcon_core.shell:Creating prefix util module '/home/simpson/launch_ws/install/_local_setup_util_sh.py'
[4.784s] INFO:colcon.colcon_core.shell:Creating prefix chain script '/home/simpson/launch_ws/install/setup.sh'
[4.788s] INFO:colcon.colcon_core.shell:Creating prefix script '/home/simpson/launch_ws/install/local_setup.bash'
[4.788s] INFO:colcon.colcon_core.shell:Creating prefix chain script '/home/simpson/launch_ws/install/setup.bash'
[4.791s] INFO:colcon.colcon_core.shell:Creating prefix script '/home/simpson/launch_ws/install/local_setup.zsh'
[4.792s] INFO:colcon.colcon_core.shell:Creating prefix chain script '/home/simpson/launch_ws/install/setup.zsh'
