[2.979s] Invoking command in '/home/simpson/launch_ws/src/ros_ardu': PYTHONPATH=/home/simpson/launch_ws/build/ros_ardu/prefix_override:/usr/lib/python3/dist-packages/colcon_core/task/python/colcon_distutils_commands:/home/simpson/launch_ws/install/ros_ardu/lib/python3.8/site-packages:${PYTHONPATH} /usr/bin/python3 -W ignore:setup.py install is deprecated setup.py egg_info --egg-base ../../build/ros_ardu build --build-base /home/simpson/launch_ws/build/ros_ardu/build install --record /home/simpson/launch_ws/build/ros_ardu/install.log --single-version-externally-managed install_data
[3.397s] running egg_info
[3.399s] writing ../../build/ros_ardu/ros_ardu.egg-info/PKG-INFO
[3.400s] writing dependency_links to ../../build/ros_ardu/ros_ardu.egg-info/dependency_links.txt
[3.401s] writing entry points to ../../build/ros_ardu/ros_ardu.egg-info/entry_points.txt
[3.402s] writing requirements to ../../build/ros_ardu/ros_ardu.egg-info/requires.txt
[3.403s] writing top-level names to ../../build/ros_ardu/ros_ardu.egg-info/top_level.txt
[3.466s] reading manifest file '../../build/ros_ardu/ros_ardu.egg-info/SOURCES.txt'
[3.468s] writing manifest file '../../build/ros_ardu/ros_ardu.egg-info/SOURCES.txt'
[3.468s] running build
[3.468s] running build_py
[3.469s] running install
[3.476s] running install_lib
[3.480s] running install_data
[3.480s] running install_egg_info
[3.483s] removing '/home/simpson/launch_ws/install/ros_ardu/lib/python3.8/site-packages/ros_ardu-0.0.0-py3.8.egg-info' (and everything under it)
[3.483s] Copying ../../build/ros_ardu/ros_ardu.egg-info to /home/simpson/launch_ws/install/ros_ardu/lib/python3.8/site-packages/ros_ardu-0.0.0-py3.8.egg-info
[3.485s] running install_scripts
[3.521s] Installing ardu_cli script to /home/simpson/launch_ws/install/ros_ardu/lib/ros_ardu
[3.521s] Installing ardu_ser script to /home/simpson/launch_ws/install/ros_ardu/lib/ros_ardu
[3.522s] writing list of installed files to '/home/simpson/launch_ws/build/ros_ardu/install.log'
[3.907s] Invoked command in '/home/simpson/launch_ws/src/ros_ardu' returned '0': PYTHONPATH=/home/simpson/launch_ws/build/ros_ardu/prefix_override:/usr/lib/python3/dist-packages/colcon_core/task/python/colcon_distutils_commands:/home/simpson/launch_ws/install/ros_ardu/lib/python3.8/site-packages:${PYTHONPATH} /usr/bin/python3 -W ignore:setup.py install is deprecated setup.py egg_info --egg-base ../../build/ros_ardu build --build-base /home/simpson/launch_ws/build/ros_ardu/build install --record /home/simpson/launch_ws/build/ros_ardu/install.log --single-version-externally-managed install_data
