[2.789s] Invoking command in '/home/simpson/launch_ws/src/ros_msg': PYTHONPATH=/home/simpson/launch_ws/build/ros_msg/prefix_override:/usr/lib/python3/dist-packages/colcon_core/task/python/colcon_distutils_commands:/home/simpson/launch_ws/install/ros_msg/lib/python3.8/site-packages:${PYTHONPATH} /usr/bin/python3 -W ignore:setup.py install is deprecated setup.py egg_info --egg-base ../../build/ros_msg build --build-base /home/simpson/launch_ws/build/ros_msg/build install --record /home/simpson/launch_ws/build/ros_msg/install.log --single-version-externally-managed install_data
[3.197s] running egg_info
[3.198s] writing ../../build/ros_msg/ros_msg.egg-info/PKG-INFO
[3.198s] writing dependency_links to ../../build/ros_msg/ros_msg.egg-info/dependency_links.txt
[3.198s] writing entry points to ../../build/ros_msg/ros_msg.egg-info/entry_points.txt
[3.198s] writing requirements to ../../build/ros_msg/ros_msg.egg-info/requires.txt
[3.199s] writing top-level names to ../../build/ros_msg/ros_msg.egg-info/top_level.txt
[3.274s] reading manifest file '../../build/ros_msg/ros_msg.egg-info/SOURCES.txt'
[3.276s] writing manifest file '../../build/ros_msg/ros_msg.egg-info/SOURCES.txt'
[3.276s] running build
[3.276s] running build_py
[3.277s] running install
[3.278s] running install_lib
[3.281s] running install_data
[3.281s] running install_egg_info
[3.284s] removing '/home/simpson/launch_ws/install/ros_msg/lib/python3.8/site-packages/ros_msg-0.0.0-py3.8.egg-info' (and everything under it)
[3.285s] Copying ../../build/ros_msg/ros_msg.egg-info to /home/simpson/launch_ws/install/ros_msg/lib/python3.8/site-packages/ros_msg-0.0.0-py3.8.egg-info
[3.286s] running install_scripts
[3.348s] Installing listener script to /home/simpson/launch_ws/install/ros_msg/lib/ros_msg
[3.348s] Installing talker script to /home/simpson/launch_ws/install/ros_msg/lib/ros_msg
[3.349s] writing list of installed files to '/home/simpson/launch_ws/build/ros_msg/install.log'
[3.739s] Invoked command in '/home/simpson/launch_ws/src/ros_msg' returned '0': PYTHONPATH=/home/simpson/launch_ws/build/ros_msg/prefix_override:/usr/lib/python3/dist-packages/colcon_core/task/python/colcon_distutils_commands:/home/simpson/launch_ws/install/ros_msg/lib/python3.8/site-packages:${PYTHONPATH} /usr/bin/python3 -W ignore:setup.py install is deprecated setup.py egg_info --egg-base ../../build/ros_msg build --build-base /home/simpson/launch_ws/build/ros_msg/build install --record /home/simpson/launch_ws/build/ros_msg/install.log --single-version-externally-managed install_data
