[2.547s] Invoking command in '/home/simpson/launch_ws/src/ros_ardu': PYTHONPATH=/home/simpson/launch_ws/build/ros_ardu/prefix_override:/usr/lib/python3/dist-packages/colcon_core/task/python/colcon_distutils_commands:/home/simpson/launch_ws/install/ros_ardu/lib/python3.8/site-packages: /usr/bin/python3 -W ignore:setup.py install is deprecated setup.py egg_info --egg-base ../../build/ros_ardu build --build-base /home/simpson/launch_ws/build/ros_ardu/build install --record /home/simpson/launch_ws/build/ros_ardu/install.log --single-version-externally-managed install_data
[2.929s] running egg_info
[2.930s] writing ../../build/ros_ardu/ros_ardu.egg-info/PKG-INFO
[2.931s] writing dependency_links to ../../build/ros_ardu/ros_ardu.egg-info/dependency_links.txt
[2.931s] writing entry points to ../../build/ros_ardu/ros_ardu.egg-info/entry_points.txt
[2.931s] writing requirements to ../../build/ros_ardu/ros_ardu.egg-info/requires.txt
[2.931s] writing top-level names to ../../build/ros_ardu/ros_ardu.egg-info/top_level.txt
[2.999s] reading manifest file '../../build/ros_ardu/ros_ardu.egg-info/SOURCES.txt'
[3.000s] writing manifest file '../../build/ros_ardu/ros_ardu.egg-info/SOURCES.txt'
[3.000s] running build
[3.000s] running build_py
[3.001s] running install
[3.002s] running install_lib
[3.004s] running install_data
[3.005s] running install_egg_info
[3.013s] removing '/home/simpson/launch_ws/install/ros_ardu/lib/python3.8/site-packages/ros_ardu-0.0.0-py3.8.egg-info' (and everything under it)
[3.013s] Copying ../../build/ros_ardu/ros_ardu.egg-info to /home/simpson/launch_ws/install/ros_ardu/lib/python3.8/site-packages/ros_ardu-0.0.0-py3.8.egg-info
[3.013s] running install_scripts
[3.058s] Installing ardu_cli script to /home/simpson/launch_ws/install/ros_ardu/lib/ros_ardu
[3.058s] Installing ardu_ser script to /home/simpson/launch_ws/install/ros_ardu/lib/ros_ardu
[3.059s] writing list of installed files to '/home/simpson/launch_ws/build/ros_ardu/install.log'
[3.203s] Invoked command in '/home/simpson/launch_ws/src/ros_ardu' returned '0': PYTHONPATH=/home/simpson/launch_ws/build/ros_ardu/prefix_override:/usr/lib/python3/dist-packages/colcon_core/task/python/colcon_distutils_commands:/home/simpson/launch_ws/install/ros_ardu/lib/python3.8/site-packages: /usr/bin/python3 -W ignore:setup.py install is deprecated setup.py egg_info --egg-base ../../build/ros_ardu build --build-base /home/simpson/launch_ws/build/ros_ardu/build install --record /home/simpson/launch_ws/build/ros_ardu/install.log --single-version-externally-managed install_data
