running egg_info
creating ../../build/ros_dd/ros_dd.egg-info
writing ../../build/ros_dd/ros_dd.egg-info/PKG-INFO
writing dependency_links to ../../build/ros_dd/ros_dd.egg-info/dependency_links.txt
writing entry points to ../../build/ros_dd/ros_dd.egg-info/entry_points.txt
writing requirements to ../../build/ros_dd/ros_dd.egg-info/requires.txt
writing top-level names to ../../build/ros_dd/ros_dd.egg-info/top_level.txt
writing manifest file '../../build/ros_dd/ros_dd.egg-info/SOURCES.txt'
reading manifest file '../../build/ros_dd/ros_dd.egg-info/SOURCES.txt'
writing manifest file '../../build/ros_dd/ros_dd.egg-info/SOURCES.txt'
running build
running build_py
creating /home/simpson/launch_ws/build/ros_dd/build
creating /home/simpson/launch_ws/build/ros_dd/build/lib
creating /home/simpson/launch_ws/build/ros_dd/build/lib/ros_dd
copying ros_dd/__init__.py -> /home/simpson/launch_ws/build/ros_dd/build/lib/ros_dd
running install
running install_lib
creating /home/simpson/launch_ws/install/ros_dd/lib/python3.8/site-packages/ros_dd
copying /home/simpson/launch_ws/build/ros_dd/build/lib/ros_dd/__init__.py -> /home/simpson/launch_ws/install/ros_dd/lib/python3.8/site-packages/ros_dd
byte-compiling /home/simpson/launch_ws/install/ros_dd/lib/python3.8/site-packages/ros_dd/__init__.py to __init__.cpython-38.pyc
running install_data
creating /home/simpson/launch_ws/install/ros_dd/share/ament_index
creating /home/simpson/launch_ws/install/ros_dd/share/ament_index/resource_index
creating /home/simpson/launch_ws/install/ros_dd/share/ament_index/resource_index/packages
copying resource/ros_dd -> /home/simpson/launch_ws/install/ros_dd/share/ament_index/resource_index/packages
copying package.xml -> /home/simpson/launch_ws/install/ros_dd/share/ros_dd
creating /home/simpson/launch_ws/install/ros_dd/share/ros_dd/launch
copying launch/ros_dd_launch.py -> /home/simpson/launch_ws/install/ros_dd/share/ros_dd/launch
creating /home/simpson/launch_ws/install/ros_dd/share/ros_dd/urdf
copying urdf/ros_dd.urdf -> /home/simpson/launch_ws/install/ros_dd/share/ros_dd/urdf
creating /home/simpson/launch_ws/install/ros_dd/share/ros_dd/rviz
running install_egg_info
Copying ../../build/ros_dd/ros_dd.egg-info to /home/simpson/launch_ws/install/ros_dd/lib/python3.8/site-packages/ros_dd-0.0.0-py3.8.egg-info
running install_scripts
writing list of installed files to '/home/simpson/launch_ws/build/ros_dd/install.log'
