[2.621s] Invoking command in '/home/simpson/launch_ws/src/ros_dd': PYTHONPATH=/home/simpson/launch_ws/build/ros_dd/prefix_override:/usr/lib/python3/dist-packages/colcon_core/task/python/colcon_distutils_commands:/home/simpson/launch_ws/install/ros_dd/lib/python3.8/site-packages: /usr/bin/python3 -W ignore:setup.py install is deprecated setup.py egg_info --egg-base ../../build/ros_dd build --build-base /home/simpson/launch_ws/build/ros_dd/build install --record /home/simpson/launch_ws/build/ros_dd/install.log --install-scripts $base/lib/ros_dd --single-version-externally-managed install_data
[2.966s] running egg_info
[2.967s] creating ../../build/ros_dd/ros_dd.egg-info
[2.967s] writing ../../build/ros_dd/ros_dd.egg-info/PKG-INFO
[2.968s] writing dependency_links to ../../build/ros_dd/ros_dd.egg-info/dependency_links.txt
[2.969s] writing entry points to ../../build/ros_dd/ros_dd.egg-info/entry_points.txt
[2.969s] writing requirements to ../../build/ros_dd/ros_dd.egg-info/requires.txt
[2.970s] writing top-level names to ../../build/ros_dd/ros_dd.egg-info/top_level.txt
[2.973s] writing manifest file '../../build/ros_dd/ros_dd.egg-info/SOURCES.txt'
[3.056s] reading manifest file '../../build/ros_dd/ros_dd.egg-info/SOURCES.txt'
[3.057s] writing manifest file '../../build/ros_dd/ros_dd.egg-info/SOURCES.txt'
[3.058s] running build
[3.058s] running build_py
[3.058s] creating /home/simpson/launch_ws/build/ros_dd/build
[3.059s] creating /home/simpson/launch_ws/build/ros_dd/build/lib
[3.059s] creating /home/simpson/launch_ws/build/ros_dd/build/lib/ros_dd
[3.059s] copying ros_dd/__init__.py -> /home/simpson/launch_ws/build/ros_dd/build/lib/ros_dd
[3.060s] running install
[3.060s] running install_lib
[3.062s] creating /home/simpson/launch_ws/install/ros_dd/lib/python3.8/site-packages/ros_dd
[3.062s] copying /home/simpson/launch_ws/build/ros_dd/build/lib/ros_dd/__init__.py -> /home/simpson/launch_ws/install/ros_dd/lib/python3.8/site-packages/ros_dd
[3.063s] byte-compiling /home/simpson/launch_ws/install/ros_dd/lib/python3.8/site-packages/ros_dd/__init__.py to __init__.cpython-38.pyc
[3.066s] running install_data
[3.066s] creating /home/simpson/launch_ws/install/ros_dd/share/ament_index
[3.066s] creating /home/simpson/launch_ws/install/ros_dd/share/ament_index/resource_index
[3.067s] creating /home/simpson/launch_ws/install/ros_dd/share/ament_index/resource_index/packages
[3.067s] copying resource/ros_dd -> /home/simpson/launch_ws/install/ros_dd/share/ament_index/resource_index/packages
[3.067s] copying package.xml -> /home/simpson/launch_ws/install/ros_dd/share/ros_dd
[3.067s] creating /home/simpson/launch_ws/install/ros_dd/share/ros_dd/launch
[3.067s] copying launch/ros_dd_launch.py -> /home/simpson/launch_ws/install/ros_dd/share/ros_dd/launch
[3.067s] creating /home/simpson/launch_ws/install/ros_dd/share/ros_dd/urdf
[3.068s] copying urdf/ros_dd.urdf -> /home/simpson/launch_ws/install/ros_dd/share/ros_dd/urdf
[3.068s] creating /home/simpson/launch_ws/install/ros_dd/share/ros_dd/rviz
[3.068s] running install_egg_info
[3.073s] Copying ../../build/ros_dd/ros_dd.egg-info to /home/simpson/launch_ws/install/ros_dd/lib/python3.8/site-packages/ros_dd-0.0.0-py3.8.egg-info
[3.075s] running install_scripts
[3.112s] writing list of installed files to '/home/simpson/launch_ws/build/ros_dd/install.log'
[3.252s] Invoked command in '/home/simpson/launch_ws/src/ros_dd' returned '0': PYTHONPATH=/home/simpson/launch_ws/build/ros_dd/prefix_override:/usr/lib/python3/dist-packages/colcon_core/task/python/colcon_distutils_commands:/home/simpson/launch_ws/install/ros_dd/lib/python3.8/site-packages: /usr/bin/python3 -W ignore:setup.py install is deprecated setup.py egg_info --egg-base ../../build/ros_dd build --build-base /home/simpson/launch_ws/build/ros_dd/build install --record /home/simpson/launch_ws/build/ros_dd/install.log --install-scripts $base/lib/ros_dd --single-version-externally-managed install_data
