[0.020s] Invoking command in '/home/simpson/turtlebot3_ws/build/dynamixel_sdk_examples': AMENT_PREFIX_PATH=/home/simpson/turtlebot3_ws/install/dynamixel_sdk_custom_interfaces:/home/simpson/turtlebot3_ws/install/dynamixel_sdk:${AMENT_PREFIX_PATH} CMAKE_PREFIX_PATH=/home/simpson/turtlebot3_ws/install/dynamixel_sdk_custom_interfaces:/home/simpson/turtlebot3_ws/install/dynamixel_sdk:/opt/ros/foxy LD_LIBRARY_PATH=/home/simpson/turtlebot3_ws/install/dynamixel_sdk_custom_interfaces/lib:/home/simpson/turtlebot3_ws/install/dynamixel_sdk/lib:${LD_LIBRARY_PATH} PYTHONPATH=/home/simpson/turtlebot3_ws/install/dynamixel_sdk_custom_interfaces/lib/python3.8/site-packages:${PYTHONPATH} /usr/bin/cmake /home/simpson/turtlebot3_ws/src/DynamixelSDK/dynamixel_sdk_examples -DCMAKE_INSTALL_PREFIX=/home/simpson/turtlebot3_ws/install/dynamixel_sdk_examples
[0.088s] -- The C compiler identification is GNU 9.4.0
[0.152s] -- The CXX compiler identification is GNU 9.4.0
[0.157s] -- Check for working C compiler: /usr/bin/cc
[0.241s] -- Check for working C compiler: /usr/bin/cc -- works
[0.242s] -- Detecting C compiler ABI info
[0.324s] -- Detecting C compiler ABI info - done
[0.336s] -- Detecting C compile features
[0.337s] -- Detecting C compile features - done
[0.340s] -- Check for working CXX compiler: /usr/bin/c++
[0.433s] -- Check for working CXX compiler: /usr/bin/c++ -- works
[0.434s] -- Detecting CXX compiler ABI info
[0.531s] -- Detecting CXX compiler ABI info - done
[0.544s] -- Detecting CXX compile features
[0.545s] -- Detecting CXX compile features - done
[0.548s] -- Found ament_cmake: 0.9.12 (/opt/ros/foxy/share/ament_cmake/cmake)
[0.578s] -- Found PythonInterp: /usr/bin/python3 (found suitable version "3.8.10", minimum required is "3") 
[0.578s] -- Using PYTHON_EXECUTABLE: /usr/bin/python3
[0.818s] -- Found dynamixel_sdk: 3.7.40 (/home/simpson/turtlebot3_ws/install/dynamixel_sdk/share/dynamixel_sdk/cmake)
[0.820s] -- Found dynamixel_sdk_custom_interfaces: 3.7.40 (/home/simpson/turtlebot3_ws/install/dynamixel_sdk_custom_interfaces/share/dynamixel_sdk_custom_interfaces/cmake)
[0.856s] -- Using all available rosidl_typesupport_c: rosidl_typesupport_fastrtps_c;rosidl_typesupport_introspection_c
[0.865s] -- Found rosidl_adapter: 1.3.1 (/opt/ros/foxy/share/rosidl_adapter/cmake)
[0.982s] -- Found OpenSSL: /usr/lib/x86_64-linux-gnu/libcrypto.so (found version "1.1.1f")  
[1.042s] -- Found FastRTPS: /opt/ros/foxy/include  
[1.183s] -- Using all available rosidl_typesupport_cpp: rosidl_typesupport_fastrtps_cpp;rosidl_typesupport_introspection_cpp
[1.290s] -- Found rclcpp: 2.4.3 (/opt/ros/foxy/share/rclcpp/cmake)
[1.451s] -- Found rmw_implementation_cmake: 1.0.4 (/opt/ros/foxy/share/rmw_implementation_cmake/cmake)
[1.455s] -- Using RMW implementation 'rmw_fastrtps_cpp' as default
[1.457s] -- Looking for pthread.h
[1.819s] -- Looking for pthread.h - found
[1.820s] -- Performing Test CMAKE_HAVE_LIBC_PTHREAD
[2.021s] -- Performing Test CMAKE_HAVE_LIBC_PTHREAD - Failed
[2.022s] -- Looking for pthread_create in pthreads
[2.166s] -- Looking for pthread_create in pthreads - not found
[2.166s] -- Looking for pthread_create in pthread
[2.283s] -- Looking for pthread_create in pthread - found
[2.285s] -- Found Threads: TRUE  
[2.613s] -- Found ament_lint_auto: 0.9.8 (/opt/ros/foxy/share/ament_lint_auto/cmake)
[2.761s] -- Added test 'copyright' to check source files copyright and LICENSE
[2.763s] -- Added test 'cppcheck' to perform static code analysis on C / C++ code
[2.764s] -- Configured cppcheck include dirs: /home/simpson/turtlebot3_ws/src/DynamixelSDK/dynamixel_sdk_examples/include
[2.764s] -- Configured cppcheck exclude dirs and/or files: 
[2.765s] -- Added test 'cpplint' to check C / C++ code against the Google style
[2.766s] -- Configured cpplint exclude dirs and/or files: 
[2.767s] -- Added test 'lint_cmake' to check CMake code style
[2.769s] -- Added test 'uncrustify' to check C / C++ code style
[2.769s] -- Configured uncrustify additional arguments: 
[2.770s] -- Added test 'xmllint' to check XML markup files
[2.775s] -- Configuring done
[2.790s] -- Generating done
[2.792s] -- Build files have been written to: /home/simpson/turtlebot3_ws/build/dynamixel_sdk_examples
[2.808s] Invoked command in '/home/simpson/turtlebot3_ws/build/dynamixel_sdk_examples' returned '0': AMENT_PREFIX_PATH=/home/simpson/turtlebot3_ws/install/dynamixel_sdk_custom_interfaces:/home/simpson/turtlebot3_ws/install/dynamixel_sdk:${AMENT_PREFIX_PATH} CMAKE_PREFIX_PATH=/home/simpson/turtlebot3_ws/install/dynamixel_sdk_custom_interfaces:/home/simpson/turtlebot3_ws/install/dynamixel_sdk:/opt/ros/foxy LD_LIBRARY_PATH=/home/simpson/turtlebot3_ws/install/dynamixel_sdk_custom_interfaces/lib:/home/simpson/turtlebot3_ws/install/dynamixel_sdk/lib:${LD_LIBRARY_PATH} PYTHONPATH=/home/simpson/turtlebot3_ws/install/dynamixel_sdk_custom_interfaces/lib/python3.8/site-packages:${PYTHONPATH} /usr/bin/cmake /home/simpson/turtlebot3_ws/src/DynamixelSDK/dynamixel_sdk_examples -DCMAKE_INSTALL_PREFIX=/home/simpson/turtlebot3_ws/install/dynamixel_sdk_examples
[2.812s] Invoking command in '/home/simpson/turtlebot3_ws/build/dynamixel_sdk_examples': AMENT_PREFIX_PATH=/home/simpson/turtlebot3_ws/install/dynamixel_sdk_custom_interfaces:/home/simpson/turtlebot3_ws/install/dynamixel_sdk:${AMENT_PREFIX_PATH} CMAKE_PREFIX_PATH=/home/simpson/turtlebot3_ws/install/dynamixel_sdk_custom_interfaces:/home/simpson/turtlebot3_ws/install/dynamixel_sdk:/opt/ros/foxy LD_LIBRARY_PATH=/home/simpson/turtlebot3_ws/install/dynamixel_sdk_custom_interfaces/lib:/home/simpson/turtlebot3_ws/install/dynamixel_sdk/lib:${LD_LIBRARY_PATH} PYTHONPATH=/home/simpson/turtlebot3_ws/install/dynamixel_sdk_custom_interfaces/lib/python3.8/site-packages:${PYTHONPATH} /usr/bin/cmake --build /home/simpson/turtlebot3_ws/build/dynamixel_sdk_examples -- -j8 -l8
[2.883s] [35m[1mScanning dependencies of target read_write_node[0m
[2.954s] [ 50%] [32mBuilding CXX object CMakeFiles/read_write_node.dir/src/read_write_node.cpp.o[0m
[12.073s] [100%] [32m[1mLinking CXX executable read_write_node[0m
[12.855s] [100%] Built target read_write_node
[12.902s] Invoked command in '/home/simpson/turtlebot3_ws/build/dynamixel_sdk_examples' returned '0': AMENT_PREFIX_PATH=/home/simpson/turtlebot3_ws/install/dynamixel_sdk_custom_interfaces:/home/simpson/turtlebot3_ws/install/dynamixel_sdk:${AMENT_PREFIX_PATH} CMAKE_PREFIX_PATH=/home/simpson/turtlebot3_ws/install/dynamixel_sdk_custom_interfaces:/home/simpson/turtlebot3_ws/install/dynamixel_sdk:/opt/ros/foxy LD_LIBRARY_PATH=/home/simpson/turtlebot3_ws/install/dynamixel_sdk_custom_interfaces/lib:/home/simpson/turtlebot3_ws/install/dynamixel_sdk/lib:${LD_LIBRARY_PATH} PYTHONPATH=/home/simpson/turtlebot3_ws/install/dynamixel_sdk_custom_interfaces/lib/python3.8/site-packages:${PYTHONPATH} /usr/bin/cmake --build /home/simpson/turtlebot3_ws/build/dynamixel_sdk_examples -- -j8 -l8
[13.279s] Invoking command in '/home/simpson/turtlebot3_ws/build/dynamixel_sdk_examples': AMENT_PREFIX_PATH=/home/simpson/turtlebot3_ws/install/dynamixel_sdk_custom_interfaces:/home/simpson/turtlebot3_ws/install/dynamixel_sdk:${AMENT_PREFIX_PATH} CMAKE_PREFIX_PATH=/home/simpson/turtlebot3_ws/install/dynamixel_sdk_custom_interfaces:/home/simpson/turtlebot3_ws/install/dynamixel_sdk:/opt/ros/foxy LD_LIBRARY_PATH=/home/simpson/turtlebot3_ws/install/dynamixel_sdk_custom_interfaces/lib:/home/simpson/turtlebot3_ws/install/dynamixel_sdk/lib:${LD_LIBRARY_PATH} PYTHONPATH=/home/simpson/turtlebot3_ws/install/dynamixel_sdk_custom_interfaces/lib/python3.8/site-packages:${PYTHONPATH} /usr/bin/cmake --install /home/simpson/turtlebot3_ws/build/dynamixel_sdk_examples
[13.325s] -- Install configuration: ""
[13.335s] -- Installing: /home/simpson/turtlebot3_ws/install/dynamixel_sdk_examples/lib/dynamixel_sdk_examples/read_write_node
[13.339s] -- Set runtime path of "/home/simpson/turtlebot3_ws/install/dynamixel_sdk_examples/lib/dynamixel_sdk_examples/read_write_node" to ""
[13.339s] -- Installing: /home/simpson/turtlebot3_ws/install/dynamixel_sdk_examples/share/ament_index/resource_index/package_run_dependencies/dynamixel_sdk_examples
[13.340s] -- Installing: /home/simpson/turtlebot3_ws/install/dynamixel_sdk_examples/share/ament_index/resource_index/parent_prefix_path/dynamixel_sdk_examples
[13.340s] -- Installing: /home/simpson/turtlebot3_ws/install/dynamixel_sdk_examples/share/dynamixel_sdk_examples/environment/ament_prefix_path.sh
[13.340s] -- Installing: /home/simpson/turtlebot3_ws/install/dynamixel_sdk_examples/share/dynamixel_sdk_examples/environment/ament_prefix_path.dsv
[13.341s] -- Installing: /home/simpson/turtlebot3_ws/install/dynamixel_sdk_examples/share/dynamixel_sdk_examples/environment/path.sh
[13.341s] -- Installing: /home/simpson/turtlebot3_ws/install/dynamixel_sdk_examples/share/dynamixel_sdk_examples/environment/path.dsv
[13.341s] -- Installing: /home/simpson/turtlebot3_ws/install/dynamixel_sdk_examples/share/dynamixel_sdk_examples/local_setup.bash
[13.341s] -- Installing: /home/simpson/turtlebot3_ws/install/dynamixel_sdk_examples/share/dynamixel_sdk_examples/local_setup.sh
[13.342s] -- Installing: /home/simpson/turtlebot3_ws/install/dynamixel_sdk_examples/share/dynamixel_sdk_examples/local_setup.zsh
[13.342s] -- Installing: /home/simpson/turtlebot3_ws/install/dynamixel_sdk_examples/share/dynamixel_sdk_examples/local_setup.dsv
[13.342s] -- Installing: /home/simpson/turtlebot3_ws/install/dynamixel_sdk_examples/share/dynamixel_sdk_examples/package.dsv
[13.347s] -- Installing: /home/simpson/turtlebot3_ws/install/dynamixel_sdk_examples/share/ament_index/resource_index/packages/dynamixel_sdk_examples
[13.348s] -- Installing: /home/simpson/turtlebot3_ws/install/dynamixel_sdk_examples/share/dynamixel_sdk_examples/cmake/dynamixel_sdk_examplesConfig.cmake
[13.348s] -- Installing: /home/simpson/turtlebot3_ws/install/dynamixel_sdk_examples/share/dynamixel_sdk_examples/cmake/dynamixel_sdk_examplesConfig-version.cmake
[13.348s] -- Installing: /home/simpson/turtlebot3_ws/install/dynamixel_sdk_examples/share/dynamixel_sdk_examples/package.xml
[13.355s] Invoked command in '/home/simpson/turtlebot3_ws/build/dynamixel_sdk_examples' returned '0': AMENT_PREFIX_PATH=/home/simpson/turtlebot3_ws/install/dynamixel_sdk_custom_interfaces:/home/simpson/turtlebot3_ws/install/dynamixel_sdk:${AMENT_PREFIX_PATH} CMAKE_PREFIX_PATH=/home/simpson/turtlebot3_ws/install/dynamixel_sdk_custom_interfaces:/home/simpson/turtlebot3_ws/install/dynamixel_sdk:/opt/ros/foxy LD_LIBRARY_PATH=/home/simpson/turtlebot3_ws/install/dynamixel_sdk_custom_interfaces/lib:/home/simpson/turtlebot3_ws/install/dynamixel_sdk/lib:${LD_LIBRARY_PATH} PYTHONPATH=/home/simpson/turtlebot3_ws/install/dynamixel_sdk_custom_interfaces/lib/python3.8/site-packages:${PYTHONPATH} /usr/bin/cmake --install /home/simpson/turtlebot3_ws/build/dynamixel_sdk_examples
