[0.180s] DEBUG:colcon:Command line arguments: ['/usr/bin/colcon', 'build']
[0.180s] DEBUG:colcon:Parsed command line arguments: Namespace(allow_overriding=[], ament_cmake_args=None, base_paths=['.'], build_base='build', catkin_cmake_args=None, catkin_skip_building_tests=False, cmake_args=None, cmake_clean_cache=False, cmake_clean_first=False, cmake_force_configure=False, cmake_target=None, cmake_target_skip_unavailable=False, continue_on_error=False, event_handlers=None, executor='parallel', ignore_user_meta=False, install_base='install', log_base=None, log_level=None, main=<bound method BuildVerb.main of <colcon_core.verb.build.BuildVerb object at 0x7f227396a1c0>>, merge_install=False, metas=['./colcon.meta'], packages_above=None, packages_above_and_dependencies=None, packages_above_depth=None, packages_end=None, packages_ignore=None, packages_ignore_regex=None, packages_select=None, packages_select_build_failed=False, packages_select_by_dep=None, packages_select_regex=None, packages_select_test_failures=False, packages_skip=None, packages_skip_build_finished=False, packages_skip_by_dep=None, packages_skip_regex=None, packages_skip_test_passed=False, packages_skip_up_to=None, packages_start=None, packages_up_to=None, packages_up_to_regex=None, parallel_workers=8, paths=None, symlink_install=False, test_result_base=None, verb_extension=<colcon_core.verb.build.BuildVerb object at 0x7f227396a1c0>, verb_name='build', verb_parser=<colcon_defaults.argument_parser.defaults.DefaultArgumentsDecorator object at 0x7f227396a610>)
[0.306s] Level 1:colcon.colcon_core.package_discovery:discover_packages(colcon_meta) check parameters
[0.306s] Level 1:colcon.colcon_core.package_discovery:discover_packages(recursive) check parameters
[0.306s] Level 1:colcon.colcon_core.package_discovery:discover_packages(ignore) check parameters
[0.306s] Level 1:colcon.colcon_core.package_discovery:discover_packages(path) check parameters
[0.306s] Level 1:colcon.colcon_core.package_discovery:discover_packages(colcon_meta) discover
[0.306s] Level 1:colcon.colcon_core.package_discovery:discover_packages(recursive) discover
[0.307s] INFO:colcon.colcon_core.package_discovery:Crawling recursively for packages in '/home/simpson/launch_ws'
[0.307s] Level 1:colcon.colcon_core.package_identification:_identify(.) by extensions ['ignore', 'ignore_ament_install']
[0.307s] Level 1:colcon.colcon_core.package_identification:_identify(.) by extension 'ignore'
[0.307s] Level 1:colcon.colcon_core.package_identification:_identify(.) by extension 'ignore_ament_install'
[0.307s] Level 1:colcon.colcon_core.package_identification:_identify(.) by extensions ['colcon_pkg']
[0.307s] Level 1:colcon.colcon_core.package_identification:_identify(.) by extension 'colcon_pkg'
[0.307s] Level 1:colcon.colcon_core.package_identification:_identify(.) by extensions ['colcon_meta']
[0.307s] Level 1:colcon.colcon_core.package_identification:_identify(.) by extension 'colcon_meta'
[0.307s] Level 1:colcon.colcon_core.package_identification:_identify(.) by extensions ['ros']
[0.307s] Level 1:colcon.colcon_core.package_identification:_identify(.) by extension 'ros'
[0.319s] Level 1:colcon.colcon_core.package_identification:_identify(.) by extensions ['cmake', 'python']
[0.319s] Level 1:colcon.colcon_core.package_identification:_identify(.) by extension 'cmake'
[0.319s] Level 1:colcon.colcon_core.package_identification:_identify(.) by extension 'python'
[0.319s] Level 1:colcon.colcon_core.package_identification:_identify(.) by extensions ['python_setup_py']
[0.319s] Level 1:colcon.colcon_core.package_identification:_identify(.) by extension 'python_setup_py'
[0.319s] Level 1:colcon.colcon_core.package_identification:_identify(build) by extensions ['ignore', 'ignore_ament_install']
[0.319s] Level 1:colcon.colcon_core.package_identification:_identify(build) by extension 'ignore'
[0.319s] Level 1:colcon.colcon_core.package_identification:_identify(build) ignored
[0.320s] Level 1:colcon.colcon_core.package_identification:_identify(install) by extensions ['ignore', 'ignore_ament_install']
[0.320s] Level 1:colcon.colcon_core.package_identification:_identify(install) by extension 'ignore'
[0.320s] Level 1:colcon.colcon_core.package_identification:_identify(install) ignored
[0.320s] Level 1:colcon.colcon_core.package_identification:_identify(log) by extensions ['ignore', 'ignore_ament_install']
[0.320s] Level 1:colcon.colcon_core.package_identification:_identify(log) by extension 'ignore'
[0.320s] Level 1:colcon.colcon_core.package_identification:_identify(log) ignored
[0.320s] Level 1:colcon.colcon_core.package_identification:_identify(src) by extensions ['ignore', 'ignore_ament_install']
[0.320s] Level 1:colcon.colcon_core.package_identification:_identify(src) by extension 'ignore'
[0.321s] Level 1:colcon.colcon_core.package_identification:_identify(src) by extension 'ignore_ament_install'
[0.321s] Level 1:colcon.colcon_core.package_identification:_identify(src) by extensions ['colcon_pkg']
[0.321s] Level 1:colcon.colcon_core.package_identification:_identify(src) by extension 'colcon_pkg'
[0.321s] Level 1:colcon.colcon_core.package_identification:_identify(src) by extensions ['colcon_meta']
[0.321s] Level 1:colcon.colcon_core.package_identification:_identify(src) by extension 'colcon_meta'
[0.321s] Level 1:colcon.colcon_core.package_identification:_identify(src) by extensions ['ros']
[0.321s] Level 1:colcon.colcon_core.package_identification:_identify(src) by extension 'ros'
[0.321s] Level 1:colcon.colcon_core.package_identification:_identify(src) by extensions ['cmake', 'python']
[0.321s] Level 1:colcon.colcon_core.package_identification:_identify(src) by extension 'cmake'
[0.321s] Level 1:colcon.colcon_core.package_identification:_identify(src) by extension 'python'
[0.321s] Level 1:colcon.colcon_core.package_identification:_identify(src) by extensions ['python_setup_py']
[0.321s] Level 1:colcon.colcon_core.package_identification:_identify(src) by extension 'python_setup_py'
[0.321s] Level 1:colcon.colcon_core.package_identification:_identify(src/System Volume Information) by extensions ['ignore', 'ignore_ament_install']
[0.321s] Level 1:colcon.colcon_core.package_identification:_identify(src/System Volume Information) by extension 'ignore'
[0.322s] Level 1:colcon.colcon_core.package_identification:_identify(src/System Volume Information) by extension 'ignore_ament_install'
[0.322s] Level 1:colcon.colcon_core.package_identification:_identify(src/System Volume Information) by extensions ['colcon_pkg']
[0.322s] Level 1:colcon.colcon_core.package_identification:_identify(src/System Volume Information) by extension 'colcon_pkg'
[0.322s] Level 1:colcon.colcon_core.package_identification:_identify(src/System Volume Information) by extensions ['colcon_meta']
[0.322s] Level 1:colcon.colcon_core.package_identification:_identify(src/System Volume Information) by extension 'colcon_meta'
[0.322s] Level 1:colcon.colcon_core.package_identification:_identify(src/System Volume Information) by extensions ['ros']
[0.322s] Level 1:colcon.colcon_core.package_identification:_identify(src/System Volume Information) by extension 'ros'
[0.322s] Level 1:colcon.colcon_core.package_identification:_identify(src/System Volume Information) by extensions ['cmake', 'python']
[0.322s] Level 1:colcon.colcon_core.package_identification:_identify(src/System Volume Information) by extension 'cmake'
[0.322s] Level 1:colcon.colcon_core.package_identification:_identify(src/System Volume Information) by extension 'python'
[0.322s] Level 1:colcon.colcon_core.package_identification:_identify(src/System Volume Information) by extensions ['python_setup_py']
[0.322s] Level 1:colcon.colcon_core.package_identification:_identify(src/System Volume Information) by extension 'python_setup_py'
[0.322s] Level 1:colcon.colcon_core.package_identification:_identify(src/jdamr_ros_03_1) by extensions ['ignore', 'ignore_ament_install']
[0.323s] Level 1:colcon.colcon_core.package_identification:_identify(src/jdamr_ros_03_1) by extension 'ignore'
[0.323s] Level 1:colcon.colcon_core.package_identification:_identify(src/jdamr_ros_03_1) by extension 'ignore_ament_install'
[0.323s] Level 1:colcon.colcon_core.package_identification:_identify(src/jdamr_ros_03_1) by extensions ['colcon_pkg']
[0.323s] Level 1:colcon.colcon_core.package_identification:_identify(src/jdamr_ros_03_1) by extension 'colcon_pkg'
[0.323s] Level 1:colcon.colcon_core.package_identification:_identify(src/jdamr_ros_03_1) by extensions ['colcon_meta']
[0.323s] Level 1:colcon.colcon_core.package_identification:_identify(src/jdamr_ros_03_1) by extension 'colcon_meta'
[0.323s] Level 1:colcon.colcon_core.package_identification:_identify(src/jdamr_ros_03_1) by extensions ['ros']
[0.323s] Level 1:colcon.colcon_core.package_identification:_identify(src/jdamr_ros_03_1) by extension 'ros'
[0.325s] DEBUG:colcon.colcon_core.package_identification:Package 'src/jdamr_ros_03_1' with type 'ros.ament_python' and name 'jdamr_ros_03'
[0.325s] Level 1:colcon.colcon_core.package_identification:_identify(src/lauch_servo) by extensions ['ignore', 'ignore_ament_install']
[0.326s] Level 1:colcon.colcon_core.package_identification:_identify(src/lauch_servo) by extension 'ignore'
[0.326s] Level 1:colcon.colcon_core.package_identification:_identify(src/lauch_servo) by extension 'ignore_ament_install'
[0.326s] Level 1:colcon.colcon_core.package_identification:_identify(src/lauch_servo) by extensions ['colcon_pkg']
[0.326s] Level 1:colcon.colcon_core.package_identification:_identify(src/lauch_servo) by extension 'colcon_pkg'
[0.326s] Level 1:colcon.colcon_core.package_identification:_identify(src/lauch_servo) by extensions ['colcon_meta']
[0.326s] Level 1:colcon.colcon_core.package_identification:_identify(src/lauch_servo) by extension 'colcon_meta'
[0.326s] Level 1:colcon.colcon_core.package_identification:_identify(src/lauch_servo) by extensions ['ros']
[0.326s] Level 1:colcon.colcon_core.package_identification:_identify(src/lauch_servo) by extension 'ros'
[0.327s] DEBUG:colcon.colcon_core.package_identification:Package 'src/lauch_servo' with type 'ros.ament_python' and name 'lauch_servo'
[0.327s] Level 1:colcon.colcon_core.package_identification:_identify(src/launch_study) by extensions ['ignore', 'ignore_ament_install']
[0.327s] Level 1:colcon.colcon_core.package_identification:_identify(src/launch_study) by extension 'ignore'
[0.327s] Level 1:colcon.colcon_core.package_identification:_identify(src/launch_study) by extension 'ignore_ament_install'
[0.327s] Level 1:colcon.colcon_core.package_identification:_identify(src/launch_study) by extensions ['colcon_pkg']
[0.327s] Level 1:colcon.colcon_core.package_identification:_identify(src/launch_study) by extension 'colcon_pkg'
[0.327s] Level 1:colcon.colcon_core.package_identification:_identify(src/launch_study) by extensions ['colcon_meta']
[0.327s] Level 1:colcon.colcon_core.package_identification:_identify(src/launch_study) by extension 'colcon_meta'
[0.327s] Level 1:colcon.colcon_core.package_identification:_identify(src/launch_study) by extensions ['ros']
[0.327s] Level 1:colcon.colcon_core.package_identification:_identify(src/launch_study) by extension 'ros'
[0.328s] DEBUG:colcon.colcon_core.package_identification:Package 'src/launch_study' with type 'ros.ament_python' and name 'launch_study'
[0.328s] Level 1:colcon.colcon_core.package_identification:_identify(src/launch_urdf) by extensions ['ignore', 'ignore_ament_install']
[0.328s] Level 1:colcon.colcon_core.package_identification:_identify(src/launch_urdf) by extension 'ignore'
[0.328s] Level 1:colcon.colcon_core.package_identification:_identify(src/launch_urdf) by extension 'ignore_ament_install'
[0.329s] Level 1:colcon.colcon_core.package_identification:_identify(src/launch_urdf) by extensions ['colcon_pkg']
[0.329s] Level 1:colcon.colcon_core.package_identification:_identify(src/launch_urdf) by extension 'colcon_pkg'
[0.329s] Level 1:colcon.colcon_core.package_identification:_identify(src/launch_urdf) by extensions ['colcon_meta']
[0.329s] Level 1:colcon.colcon_core.package_identification:_identify(src/launch_urdf) by extension 'colcon_meta'
[0.329s] Level 1:colcon.colcon_core.package_identification:_identify(src/launch_urdf) by extensions ['ros']
[0.329s] Level 1:colcon.colcon_core.package_identification:_identify(src/launch_urdf) by extension 'ros'
[0.329s] DEBUG:colcon.colcon_core.package_identification:Package 'src/launch_urdf' with type 'ros.ament_python' and name 'launch_urdf'
[0.329s] Level 1:colcon.colcon_core.package_identification:_identify(src/ros_ardu) by extensions ['ignore', 'ignore_ament_install']
[0.330s] Level 1:colcon.colcon_core.package_identification:_identify(src/ros_ardu) by extension 'ignore'
[0.330s] Level 1:colcon.colcon_core.package_identification:_identify(src/ros_ardu) by extension 'ignore_ament_install'
[0.330s] Level 1:colcon.colcon_core.package_identification:_identify(src/ros_ardu) by extensions ['colcon_pkg']
[0.330s] Level 1:colcon.colcon_core.package_identification:_identify(src/ros_ardu) by extension 'colcon_pkg'
[0.330s] Level 1:colcon.colcon_core.package_identification:_identify(src/ros_ardu) by extensions ['colcon_meta']
[0.330s] Level 1:colcon.colcon_core.package_identification:_identify(src/ros_ardu) by extension 'colcon_meta'
[0.330s] Level 1:colcon.colcon_core.package_identification:_identify(src/ros_ardu) by extensions ['ros']
[0.330s] Level 1:colcon.colcon_core.package_identification:_identify(src/ros_ardu) by extension 'ros'
[0.331s] DEBUG:colcon.colcon_core.package_identification:Package 'src/ros_ardu' with type 'ros.ament_python' and name 'ros_ardu'
[0.331s] Level 1:colcon.colcon_core.package_identification:_identify(src/ros_dd) by extensions ['ignore', 'ignore_ament_install']
[0.331s] Level 1:colcon.colcon_core.package_identification:_identify(src/ros_dd) by extension 'ignore'
[0.331s] Level 1:colcon.colcon_core.package_identification:_identify(src/ros_dd) by extension 'ignore_ament_install'
[0.331s] Level 1:colcon.colcon_core.package_identification:_identify(src/ros_dd) by extensions ['colcon_pkg']
[0.331s] Level 1:colcon.colcon_core.package_identification:_identify(src/ros_dd) by extension 'colcon_pkg'
[0.331s] Level 1:colcon.colcon_core.package_identification:_identify(src/ros_dd) by extensions ['colcon_meta']
[0.331s] Level 1:colcon.colcon_core.package_identification:_identify(src/ros_dd) by extension 'colcon_meta'
[0.331s] Level 1:colcon.colcon_core.package_identification:_identify(src/ros_dd) by extensions ['ros']
[0.331s] Level 1:colcon.colcon_core.package_identification:_identify(src/ros_dd) by extension 'ros'
[0.332s] DEBUG:colcon.colcon_core.package_identification:Package 'src/ros_dd' with type 'ros.ament_python' and name 'ros_dd'
[0.332s] Level 1:colcon.colcon_core.package_identification:_identify(src/ros_good) by extensions ['ignore', 'ignore_ament_install']
[0.332s] Level 1:colcon.colcon_core.package_identification:_identify(src/ros_good) by extension 'ignore'
[0.333s] Level 1:colcon.colcon_core.package_identification:_identify(src/ros_good) by extension 'ignore_ament_install'
[0.333s] Level 1:colcon.colcon_core.package_identification:_identify(src/ros_good) by extensions ['colcon_pkg']
[0.333s] Level 1:colcon.colcon_core.package_identification:_identify(src/ros_good) by extension 'colcon_pkg'
[0.333s] Level 1:colcon.colcon_core.package_identification:_identify(src/ros_good) by extensions ['colcon_meta']
[0.333s] Level 1:colcon.colcon_core.package_identification:_identify(src/ros_good) by extension 'colcon_meta'
[0.333s] Level 1:colcon.colcon_core.package_identification:_identify(src/ros_good) by extensions ['ros']
[0.333s] Level 1:colcon.colcon_core.package_identification:_identify(src/ros_good) by extension 'ros'
[0.334s] DEBUG:colcon.colcon_core.package_identification:Package 'src/ros_good' with type 'ros.ament_python' and name 'ros_good'
[0.334s] Level 1:colcon.colcon_core.package_identification:_identify(src/ros_msg) by extensions ['ignore', 'ignore_ament_install']
[0.334s] Level 1:colcon.colcon_core.package_identification:_identify(src/ros_msg) by extension 'ignore'
[0.334s] Level 1:colcon.colcon_core.package_identification:_identify(src/ros_msg) by extension 'ignore_ament_install'
[0.334s] Level 1:colcon.colcon_core.package_identification:_identify(src/ros_msg) by extensions ['colcon_pkg']
[0.334s] Level 1:colcon.colcon_core.package_identification:_identify(src/ros_msg) by extension 'colcon_pkg'
[0.335s] Level 1:colcon.colcon_core.package_identification:_identify(src/ros_msg) by extensions ['colcon_meta']
[0.335s] Level 1:colcon.colcon_core.package_identification:_identify(src/ros_msg) by extension 'colcon_meta'
[0.335s] Level 1:colcon.colcon_core.package_identification:_identify(src/ros_msg) by extensions ['ros']
[0.335s] Level 1:colcon.colcon_core.package_identification:_identify(src/ros_msg) by extension 'ros'
[0.335s] DEBUG:colcon.colcon_core.package_identification:Package 'src/ros_msg' with type 'ros.ament_python' and name 'ros_msg'
[0.335s] Level 1:colcon.colcon_core.package_identification:_identify(src/ros_wheel_controller) by extensions ['ignore', 'ignore_ament_install']
[0.336s] Level 1:colcon.colcon_core.package_identification:_identify(src/ros_wheel_controller) by extension 'ignore'
[0.336s] Level 1:colcon.colcon_core.package_identification:_identify(src/ros_wheel_controller) by extension 'ignore_ament_install'
[0.336s] Level 1:colcon.colcon_core.package_identification:_identify(src/ros_wheel_controller) by extensions ['colcon_pkg']
[0.336s] Level 1:colcon.colcon_core.package_identification:_identify(src/ros_wheel_controller) by extension 'colcon_pkg'
[0.336s] Level 1:colcon.colcon_core.package_identification:_identify(src/ros_wheel_controller) by extensions ['colcon_meta']
[0.336s] Level 1:colcon.colcon_core.package_identification:_identify(src/ros_wheel_controller) by extension 'colcon_meta'
[0.336s] Level 1:colcon.colcon_core.package_identification:_identify(src/ros_wheel_controller) by extensions ['ros']
[0.336s] Level 1:colcon.colcon_core.package_identification:_identify(src/ros_wheel_controller) by extension 'ros'
[0.337s] DEBUG:colcon.colcon_core.package_identification:Package 'src/ros_wheel_controller' with type 'ros.ament_python' and name 'ros_wheel_controller'
[0.337s] Level 1:colcon.colcon_core.package_identification:_identify(src/wheel_controller) by extensions ['ignore', 'ignore_ament_install']
[0.337s] Level 1:colcon.colcon_core.package_identification:_identify(src/wheel_controller) by extension 'ignore'
[0.337s] Level 1:colcon.colcon_core.package_identification:_identify(src/wheel_controller) by extension 'ignore_ament_install'
[0.337s] Level 1:colcon.colcon_core.package_identification:_identify(src/wheel_controller) by extensions ['colcon_pkg']
[0.337s] Level 1:colcon.colcon_core.package_identification:_identify(src/wheel_controller) by extension 'colcon_pkg'
[0.337s] Level 1:colcon.colcon_core.package_identification:_identify(src/wheel_controller) by extensions ['colcon_meta']
[0.337s] Level 1:colcon.colcon_core.package_identification:_identify(src/wheel_controller) by extension 'colcon_meta'
[0.337s] Level 1:colcon.colcon_core.package_identification:_identify(src/wheel_controller) by extensions ['ros']
[0.337s] Level 1:colcon.colcon_core.package_identification:_identify(src/wheel_controller) by extension 'ros'
[0.338s] DEBUG:colcon.colcon_core.package_identification:Package 'src/wheel_controller' with type 'ros.ament_python' and name 'wheel_controller'
[0.338s] Level 1:colcon.colcon_core.package_discovery:discover_packages(recursive) using defaults
[0.338s] Level 1:colcon.colcon_core.package_discovery:discover_packages(ignore) discover
[0.338s] Level 1:colcon.colcon_core.package_discovery:discover_packages(ignore) using defaults
[0.338s] Level 1:colcon.colcon_core.package_discovery:discover_packages(path) discover
[0.338s] Level 1:colcon.colcon_core.package_discovery:discover_packages(path) using defaults
[0.354s] Level 1:colcon.colcon_core.package_discovery:discover_packages(prefix_path) check parameters
[0.354s] Level 1:colcon.colcon_core.package_discovery:discover_packages(prefix_path) discover
[0.357s] DEBUG:colcon.colcon_installed_package_information.package_discovery:Found 258 installed packages in /opt/ros/foxy
[0.358s] Level 1:colcon.colcon_core.package_discovery:discover_packages(prefix_path) using defaults
[0.414s] Level 5:colcon.colcon_core.verb:set package 'jdamr_ros_03' build argument 'cmake_args' from command line to 'None'
[0.415s] Level 5:colcon.colcon_core.verb:set package 'jdamr_ros_03' build argument 'cmake_target' from command line to 'None'
[0.415s] Level 5:colcon.colcon_core.verb:set package 'jdamr_ros_03' build argument 'cmake_target_skip_unavailable' from command line to 'False'
[0.415s] Level 5:colcon.colcon_core.verb:set package 'jdamr_ros_03' build argument 'cmake_clean_cache' from command line to 'False'
[0.415s] Level 5:colcon.colcon_core.verb:set package 'jdamr_ros_03' build argument 'cmake_clean_first' from command line to 'False'
[0.415s] Level 5:colcon.colcon_core.verb:set package 'jdamr_ros_03' build argument 'cmake_force_configure' from command line to 'False'
[0.415s] Level 5:colcon.colcon_core.verb:set package 'jdamr_ros_03' build argument 'ament_cmake_args' from command line to 'None'
[0.415s] Level 5:colcon.colcon_core.verb:set package 'jdamr_ros_03' build argument 'catkin_cmake_args' from command line to 'None'
[0.415s] Level 5:colcon.colcon_core.verb:set package 'jdamr_ros_03' build argument 'catkin_skip_building_tests' from command line to 'False'
[0.415s] DEBUG:colcon.colcon_core.verb:Building package 'jdamr_ros_03' with the following arguments: {'ament_cmake_args': None, 'build_base': '/home/simpson/launch_ws/build/jdamr_ros_03', 'catkin_cmake_args': None, 'catkin_skip_building_tests': False, 'cmake_args': None, 'cmake_clean_cache': False, 'cmake_clean_first': False, 'cmake_force_configure': False, 'cmake_target': None, 'cmake_target_skip_unavailable': False, 'install_base': '/home/simpson/launch_ws/install/jdamr_ros_03', 'merge_install': False, 'path': '/home/simpson/launch_ws/src/jdamr_ros_03_1', 'symlink_install': False, 'test_result_base': None}
[0.415s] Level 5:colcon.colcon_core.verb:set package 'lauch_servo' build argument 'cmake_args' from command line to 'None'
[0.415s] Level 5:colcon.colcon_core.verb:set package 'lauch_servo' build argument 'cmake_target' from command line to 'None'
[0.415s] Level 5:colcon.colcon_core.verb:set package 'lauch_servo' build argument 'cmake_target_skip_unavailable' from command line to 'False'
[0.415s] Level 5:colcon.colcon_core.verb:set package 'lauch_servo' build argument 'cmake_clean_cache' from command line to 'False'
[0.415s] Level 5:colcon.colcon_core.verb:set package 'lauch_servo' build argument 'cmake_clean_first' from command line to 'False'
[0.415s] Level 5:colcon.colcon_core.verb:set package 'lauch_servo' build argument 'cmake_force_configure' from command line to 'False'
[0.416s] Level 5:colcon.colcon_core.verb:set package 'lauch_servo' build argument 'ament_cmake_args' from command line to 'None'
[0.416s] Level 5:colcon.colcon_core.verb:set package 'lauch_servo' build argument 'catkin_cmake_args' from command line to 'None'
[0.416s] Level 5:colcon.colcon_core.verb:set package 'lauch_servo' build argument 'catkin_skip_building_tests' from command line to 'False'
[0.416s] DEBUG:colcon.colcon_core.verb:Building package 'lauch_servo' with the following arguments: {'ament_cmake_args': None, 'build_base': '/home/simpson/launch_ws/build/lauch_servo', 'catkin_cmake_args': None, 'catkin_skip_building_tests': False, 'cmake_args': None, 'cmake_clean_cache': False, 'cmake_clean_first': False, 'cmake_force_configure': False, 'cmake_target': None, 'cmake_target_skip_unavailable': False, 'install_base': '/home/simpson/launch_ws/install/lauch_servo', 'merge_install': False, 'path': '/home/simpson/launch_ws/src/lauch_servo', 'symlink_install': False, 'test_result_base': None}
[0.416s] Level 5:colcon.colcon_core.verb:set package 'launch_study' build argument 'cmake_args' from command line to 'None'
[0.416s] Level 5:colcon.colcon_core.verb:set package 'launch_study' build argument 'cmake_target' from command line to 'None'
[0.416s] Level 5:colcon.colcon_core.verb:set package 'launch_study' build argument 'cmake_target_skip_unavailable' from command line to 'False'
[0.416s] Level 5:colcon.colcon_core.verb:set package 'launch_study' build argument 'cmake_clean_cache' from command line to 'False'
[0.416s] Level 5:colcon.colcon_core.verb:set package 'launch_study' build argument 'cmake_clean_first' from command line to 'False'
[0.416s] Level 5:colcon.colcon_core.verb:set package 'launch_study' build argument 'cmake_force_configure' from command line to 'False'
[0.416s] Level 5:colcon.colcon_core.verb:set package 'launch_study' build argument 'ament_cmake_args' from command line to 'None'
[0.416s] Level 5:colcon.colcon_core.verb:set package 'launch_study' build argument 'catkin_cmake_args' from command line to 'None'
[0.416s] Level 5:colcon.colcon_core.verb:set package 'launch_study' build argument 'catkin_skip_building_tests' from command line to 'False'
[0.416s] DEBUG:colcon.colcon_core.verb:Building package 'launch_study' with the following arguments: {'ament_cmake_args': None, 'build_base': '/home/simpson/launch_ws/build/launch_study', 'catkin_cmake_args': None, 'catkin_skip_building_tests': False, 'cmake_args': None, 'cmake_clean_cache': False, 'cmake_clean_first': False, 'cmake_force_configure': False, 'cmake_target': None, 'cmake_target_skip_unavailable': False, 'install_base': '/home/simpson/launch_ws/install/launch_study', 'merge_install': False, 'path': '/home/simpson/launch_ws/src/launch_study', 'symlink_install': False, 'test_result_base': None}
[0.417s] Level 5:colcon.colcon_core.verb:set package 'launch_urdf' build argument 'cmake_args' from command line to 'None'
[0.417s] Level 5:colcon.colcon_core.verb:set package 'launch_urdf' build argument 'cmake_target' from command line to 'None'
[0.417s] Level 5:colcon.colcon_core.verb:set package 'launch_urdf' build argument 'cmake_target_skip_unavailable' from command line to 'False'
[0.417s] Level 5:colcon.colcon_core.verb:set package 'launch_urdf' build argument 'cmake_clean_cache' from command line to 'False'
[0.417s] Level 5:colcon.colcon_core.verb:set package 'launch_urdf' build argument 'cmake_clean_first' from command line to 'False'
[0.417s] Level 5:colcon.colcon_core.verb:set package 'launch_urdf' build argument 'cmake_force_configure' from command line to 'False'
[0.417s] Level 5:colcon.colcon_core.verb:set package 'launch_urdf' build argument 'ament_cmake_args' from command line to 'None'
[0.417s] Level 5:colcon.colcon_core.verb:set package 'launch_urdf' build argument 'catkin_cmake_args' from command line to 'None'
[0.417s] Level 5:colcon.colcon_core.verb:set package 'launch_urdf' build argument 'catkin_skip_building_tests' from command line to 'False'
[0.417s] DEBUG:colcon.colcon_core.verb:Building package 'launch_urdf' with the following arguments: {'ament_cmake_args': None, 'build_base': '/home/simpson/launch_ws/build/launch_urdf', 'catkin_cmake_args': None, 'catkin_skip_building_tests': False, 'cmake_args': None, 'cmake_clean_cache': False, 'cmake_clean_first': False, 'cmake_force_configure': False, 'cmake_target': None, 'cmake_target_skip_unavailable': False, 'install_base': '/home/simpson/launch_ws/install/launch_urdf', 'merge_install': False, 'path': '/home/simpson/launch_ws/src/launch_urdf', 'symlink_install': False, 'test_result_base': None}
[0.418s] Level 5:colcon.colcon_core.verb:set package 'ros_ardu' build argument 'cmake_args' from command line to 'None'
[0.418s] Level 5:colcon.colcon_core.verb:set package 'ros_ardu' build argument 'cmake_target' from command line to 'None'
[0.418s] Level 5:colcon.colcon_core.verb:set package 'ros_ardu' build argument 'cmake_target_skip_unavailable' from command line to 'False'
[0.418s] Level 5:colcon.colcon_core.verb:set package 'ros_ardu' build argument 'cmake_clean_cache' from command line to 'False'
[0.418s] Level 5:colcon.colcon_core.verb:set package 'ros_ardu' build argument 'cmake_clean_first' from command line to 'False'
[0.418s] Level 5:colcon.colcon_core.verb:set package 'ros_ardu' build argument 'cmake_force_configure' from command line to 'False'
[0.418s] Level 5:colcon.colcon_core.verb:set package 'ros_ardu' build argument 'ament_cmake_args' from command line to 'None'
[0.418s] Level 5:colcon.colcon_core.verb:set package 'ros_ardu' build argument 'catkin_cmake_args' from command line to 'None'
[0.418s] Level 5:colcon.colcon_core.verb:set package 'ros_ardu' build argument 'catkin_skip_building_tests' from command line to 'False'
[0.418s] DEBUG:colcon.colcon_core.verb:Building package 'ros_ardu' with the following arguments: {'ament_cmake_args': None, 'build_base': '/home/simpson/launch_ws/build/ros_ardu', 'catkin_cmake_args': None, 'catkin_skip_building_tests': False, 'cmake_args': None, 'cmake_clean_cache': False, 'cmake_clean_first': False, 'cmake_force_configure': False, 'cmake_target': None, 'cmake_target_skip_unavailable': False, 'install_base': '/home/simpson/launch_ws/install/ros_ardu', 'merge_install': False, 'path': '/home/simpson/launch_ws/src/ros_ardu', 'symlink_install': False, 'test_result_base': None}
[0.419s] Level 5:colcon.colcon_core.verb:set package 'ros_dd' build argument 'cmake_args' from command line to 'None'
[0.419s] Level 5:colcon.colcon_core.verb:set package 'ros_dd' build argument 'cmake_target' from command line to 'None'
[0.419s] Level 5:colcon.colcon_core.verb:set package 'ros_dd' build argument 'cmake_target_skip_unavailable' from command line to 'False'
[0.419s] Level 5:colcon.colcon_core.verb:set package 'ros_dd' build argument 'cmake_clean_cache' from command line to 'False'
[0.419s] Level 5:colcon.colcon_core.verb:set package 'ros_dd' build argument 'cmake_clean_first' from command line to 'False'
[0.419s] Level 5:colcon.colcon_core.verb:set package 'ros_dd' build argument 'cmake_force_configure' from command line to 'False'
[0.419s] Level 5:colcon.colcon_core.verb:set package 'ros_dd' build argument 'ament_cmake_args' from command line to 'None'
[0.419s] Level 5:colcon.colcon_core.verb:set package 'ros_dd' build argument 'catkin_cmake_args' from command line to 'None'
[0.419s] Level 5:colcon.colcon_core.verb:set package 'ros_dd' build argument 'catkin_skip_building_tests' from command line to 'False'
[0.419s] DEBUG:colcon.colcon_core.verb:Building package 'ros_dd' with the following arguments: {'ament_cmake_args': None, 'build_base': '/home/simpson/launch_ws/build/ros_dd', 'catkin_cmake_args': None, 'catkin_skip_building_tests': False, 'cmake_args': None, 'cmake_clean_cache': False, 'cmake_clean_first': False, 'cmake_force_configure': False, 'cmake_target': None, 'cmake_target_skip_unavailable': False, 'install_base': '/home/simpson/launch_ws/install/ros_dd', 'merge_install': False, 'path': '/home/simpson/launch_ws/src/ros_dd', 'symlink_install': False, 'test_result_base': None}
[0.419s] Level 5:colcon.colcon_core.verb:set package 'ros_good' build argument 'cmake_args' from command line to 'None'
[0.419s] Level 5:colcon.colcon_core.verb:set package 'ros_good' build argument 'cmake_target' from command line to 'None'
[0.419s] Level 5:colcon.colcon_core.verb:set package 'ros_good' build argument 'cmake_target_skip_unavailable' from command line to 'False'
[0.420s] Level 5:colcon.colcon_core.verb:set package 'ros_good' build argument 'cmake_clean_cache' from command line to 'False'
[0.420s] Level 5:colcon.colcon_core.verb:set package 'ros_good' build argument 'cmake_clean_first' from command line to 'False'
[0.420s] Level 5:colcon.colcon_core.verb:set package 'ros_good' build argument 'cmake_force_configure' from command line to 'False'
[0.420s] Level 5:colcon.colcon_core.verb:set package 'ros_good' build argument 'ament_cmake_args' from command line to 'None'
[0.420s] Level 5:colcon.colcon_core.verb:set package 'ros_good' build argument 'catkin_cmake_args' from command line to 'None'
[0.420s] Level 5:colcon.colcon_core.verb:set package 'ros_good' build argument 'catkin_skip_building_tests' from command line to 'False'
[0.420s] DEBUG:colcon.colcon_core.verb:Building package 'ros_good' with the following arguments: {'ament_cmake_args': None, 'build_base': '/home/simpson/launch_ws/build/ros_good', 'catkin_cmake_args': None, 'catkin_skip_building_tests': False, 'cmake_args': None, 'cmake_clean_cache': False, 'cmake_clean_first': False, 'cmake_force_configure': False, 'cmake_target': None, 'cmake_target_skip_unavailable': False, 'install_base': '/home/simpson/launch_ws/install/ros_good', 'merge_install': False, 'path': '/home/simpson/launch_ws/src/ros_good', 'symlink_install': False, 'test_result_base': None}
[0.420s] Level 5:colcon.colcon_core.verb:set package 'ros_msg' build argument 'cmake_args' from command line to 'None'
[0.421s] Level 5:colcon.colcon_core.verb:set package 'ros_msg' build argument 'cmake_target' from command line to 'None'
[0.421s] Level 5:colcon.colcon_core.verb:set package 'ros_msg' build argument 'cmake_target_skip_unavailable' from command line to 'False'
[0.421s] Level 5:colcon.colcon_core.verb:set package 'ros_msg' build argument 'cmake_clean_cache' from command line to 'False'
[0.421s] Level 5:colcon.colcon_core.verb:set package 'ros_msg' build argument 'cmake_clean_first' from command line to 'False'
[0.421s] Level 5:colcon.colcon_core.verb:set package 'ros_msg' build argument 'cmake_force_configure' from command line to 'False'
[0.421s] Level 5:colcon.colcon_core.verb:set package 'ros_msg' build argument 'ament_cmake_args' from command line to 'None'
[0.421s] Level 5:colcon.colcon_core.verb:set package 'ros_msg' build argument 'catkin_cmake_args' from command line to 'None'
[0.421s] Level 5:colcon.colcon_core.verb:set package 'ros_msg' build argument 'catkin_skip_building_tests' from command line to 'False'
[0.421s] DEBUG:colcon.colcon_core.verb:Building package 'ros_msg' with the following arguments: {'ament_cmake_args': None, 'build_base': '/home/simpson/launch_ws/build/ros_msg', 'catkin_cmake_args': None, 'catkin_skip_building_tests': False, 'cmake_args': None, 'cmake_clean_cache': False, 'cmake_clean_first': False, 'cmake_force_configure': False, 'cmake_target': None, 'cmake_target_skip_unavailable': False, 'install_base': '/home/simpson/launch_ws/install/ros_msg', 'merge_install': False, 'path': '/home/simpson/launch_ws/src/ros_msg', 'symlink_install': False, 'test_result_base': None}
[0.421s] Level 5:colcon.colcon_core.verb:set package 'ros_wheel_controller' build argument 'cmake_args' from command line to 'None'
[0.422s] Level 5:colcon.colcon_core.verb:set package 'ros_wheel_controller' build argument 'cmake_target' from command line to 'None'
[0.422s] Level 5:colcon.colcon_core.verb:set package 'ros_wheel_controller' build argument 'cmake_target_skip_unavailable' from command line to 'False'
[0.422s] Level 5:colcon.colcon_core.verb:set package 'ros_wheel_controller' build argument 'cmake_clean_cache' from command line to 'False'
[0.422s] Level 5:colcon.colcon_core.verb:set package 'ros_wheel_controller' build argument 'cmake_clean_first' from command line to 'False'
[0.422s] Level 5:colcon.colcon_core.verb:set package 'ros_wheel_controller' build argument 'cmake_force_configure' from command line to 'False'
[0.422s] Level 5:colcon.colcon_core.verb:set package 'ros_wheel_controller' build argument 'ament_cmake_args' from command line to 'None'
[0.422s] Level 5:colcon.colcon_core.verb:set package 'ros_wheel_controller' build argument 'catkin_cmake_args' from command line to 'None'
[0.422s] Level 5:colcon.colcon_core.verb:set package 'ros_wheel_controller' build argument 'catkin_skip_building_tests' from command line to 'False'
[0.422s] DEBUG:colcon.colcon_core.verb:Building package 'ros_wheel_controller' with the following arguments: {'ament_cmake_args': None, 'build_base': '/home/simpson/launch_ws/build/ros_wheel_controller', 'catkin_cmake_args': None, 'catkin_skip_building_tests': False, 'cmake_args': None, 'cmake_clean_cache': False, 'cmake_clean_first': False, 'cmake_force_configure': False, 'cmake_target': None, 'cmake_target_skip_unavailable': False, 'install_base': '/home/simpson/launch_ws/install/ros_wheel_controller', 'merge_install': False, 'path': '/home/simpson/launch_ws/src/ros_wheel_controller', 'symlink_install': False, 'test_result_base': None}
[0.422s] Level 5:colcon.colcon_core.verb:set package 'wheel_controller' build argument 'cmake_args' from command line to 'None'
[0.422s] Level 5:colcon.colcon_core.verb:set package 'wheel_controller' build argument 'cmake_target' from command line to 'None'
[0.423s] Level 5:colcon.colcon_core.verb:set package 'wheel_controller' build argument 'cmake_target_skip_unavailable' from command line to 'False'
[0.423s] Level 5:colcon.colcon_core.verb:set package 'wheel_controller' build argument 'cmake_clean_cache' from command line to 'False'
[0.423s] Level 5:colcon.colcon_core.verb:set package 'wheel_controller' build argument 'cmake_clean_first' from command line to 'False'
[0.423s] Level 5:colcon.colcon_core.verb:set package 'wheel_controller' build argument 'cmake_force_configure' from command line to 'False'
[0.423s] Level 5:colcon.colcon_core.verb:set package 'wheel_controller' build argument 'ament_cmake_args' from command line to 'None'
[0.423s] Level 5:colcon.colcon_core.verb:set package 'wheel_controller' build argument 'catkin_cmake_args' from command line to 'None'
[0.423s] Level 5:colcon.colcon_core.verb:set package 'wheel_controller' build argument 'catkin_skip_building_tests' from command line to 'False'
[0.423s] DEBUG:colcon.colcon_core.verb:Building package 'wheel_controller' with the following arguments: {'ament_cmake_args': None, 'build_base': '/home/simpson/launch_ws/build/wheel_controller', 'catkin_cmake_args': None, 'catkin_skip_building_tests': False, 'cmake_args': None, 'cmake_clean_cache': False, 'cmake_clean_first': False, 'cmake_force_configure': False, 'cmake_target': None, 'cmake_target_skip_unavailable': False, 'install_base': '/home/simpson/launch_ws/install/wheel_controller', 'merge_install': False, 'path': '/home/simpson/launch_ws/src/wheel_controller', 'symlink_install': False, 'test_result_base': None}
[0.423s] INFO:colcon.colcon_core.executor:Executing jobs using 'parallel' executor
[0.424s] DEBUG:colcon.colcon_parallel_executor.executor.parallel:run_until_complete
[0.425s] INFO:colcon.colcon_ros.task.ament_python.build:Building ROS package in '/home/simpson/launch_ws/src/jdamr_ros_03_1' with build type 'ament_python'
[0.425s] Level 1:colcon.colcon_core.shell:create_environment_hook('jdamr_ros_03', 'ament_prefix_path')
[0.428s] INFO:colcon.colcon_core.plugin_system:Skipping extension 'colcon_core.shell.bat': Not used on non-Windows systems
[0.428s] INFO:colcon.colcon_core.shell:Creating environment hook '/home/simpson/launch_ws/install/jdamr_ros_03/share/jdamr_ros_03/hook/ament_prefix_path.ps1'
[0.429s] INFO:colcon.colcon_core.shell:Creating environment descriptor '/home/simpson/launch_ws/install/jdamr_ros_03/share/jdamr_ros_03/hook/ament_prefix_path.dsv'
[0.429s] INFO:colcon.colcon_core.shell:Creating environment hook '/home/simpson/launch_ws/install/jdamr_ros_03/share/jdamr_ros_03/hook/ament_prefix_path.sh'
[0.430s] INFO:colcon.colcon_core.shell:Skip shell extension 'powershell' for command environment: Not usable outside of PowerShell
[0.431s] DEBUG:colcon.colcon_core.shell:Skip shell extension 'dsv' for command environment
[0.437s] INFO:colcon.colcon_ros.task.ament_python.build:Building ROS package in '/home/simpson/launch_ws/src/lauch_servo' with build type 'ament_python'
[0.438s] Level 1:colcon.colcon_core.shell:create_environment_hook('lauch_servo', 'ament_prefix_path')
[0.439s] INFO:colcon.colcon_core.shell:Creating environment hook '/home/simpson/launch_ws/install/lauch_servo/share/lauch_servo/hook/ament_prefix_path.ps1'
[0.440s] INFO:colcon.colcon_core.shell:Creating environment descriptor '/home/simpson/launch_ws/install/lauch_servo/share/lauch_servo/hook/ament_prefix_path.dsv'
[0.440s] INFO:colcon.colcon_core.shell:Creating environment hook '/home/simpson/launch_ws/install/lauch_servo/share/lauch_servo/hook/ament_prefix_path.sh'
[0.441s] INFO:colcon.colcon_core.shell:Skip shell extension 'powershell' for command environment: Not usable outside of PowerShell
[0.441s] DEBUG:colcon.colcon_core.shell:Skip shell extension 'dsv' for command environment
[0.445s] INFO:colcon.colcon_ros.task.ament_python.build:Building ROS package in '/home/simpson/launch_ws/src/launch_study' with build type 'ament_python'
[0.446s] Level 1:colcon.colcon_core.shell:create_environment_hook('launch_study', 'ament_prefix_path')
[0.446s] INFO:colcon.colcon_core.shell:Creating environment hook '/home/simpson/launch_ws/install/launch_study/share/launch_study/hook/ament_prefix_path.ps1'
[0.448s] INFO:colcon.colcon_core.shell:Creating environment descriptor '/home/simpson/launch_ws/install/launch_study/share/launch_study/hook/ament_prefix_path.dsv'
[0.448s] INFO:colcon.colcon_core.shell:Creating environment hook '/home/simpson/launch_ws/install/launch_study/share/launch_study/hook/ament_prefix_path.sh'
[0.448s] INFO:colcon.colcon_core.shell:Skip shell extension 'powershell' for command environment: Not usable outside of PowerShell
[0.449s] DEBUG:colcon.colcon_core.shell:Skip shell extension 'dsv' for command environment
[0.457s] INFO:colcon.colcon_ros.task.ament_python.build:Building ROS package in '/home/simpson/launch_ws/src/launch_urdf' with build type 'ament_python'
[0.458s] Level 1:colcon.colcon_core.shell:create_environment_hook('launch_urdf', 'ament_prefix_path')
[0.459s] INFO:colcon.colcon_core.shell:Creating environment hook '/home/simpson/launch_ws/install/launch_urdf/share/launch_urdf/hook/ament_prefix_path.ps1'
[0.460s] INFO:colcon.colcon_core.shell:Creating environment descriptor '/home/simpson/launch_ws/install/launch_urdf/share/launch_urdf/hook/ament_prefix_path.dsv'
[0.460s] INFO:colcon.colcon_core.shell:Creating environment hook '/home/simpson/launch_ws/install/launch_urdf/share/launch_urdf/hook/ament_prefix_path.sh'
[0.480s] INFO:colcon.colcon_core.shell:Skip shell extension 'powershell' for command environment: Not usable outside of PowerShell
[0.480s] DEBUG:colcon.colcon_core.shell:Skip shell extension 'dsv' for command environment
[0.489s] INFO:colcon.colcon_ros.task.ament_python.build:Building ROS package in '/home/simpson/launch_ws/src/ros_ardu' with build type 'ament_python'
[0.489s] Level 1:colcon.colcon_core.shell:create_environment_hook('ros_ardu', 'ament_prefix_path')
[0.490s] INFO:colcon.colcon_core.shell:Creating environment hook '/home/simpson/launch_ws/install/ros_ardu/share/ros_ardu/hook/ament_prefix_path.ps1'
[0.492s] INFO:colcon.colcon_core.shell:Creating environment descriptor '/home/simpson/launch_ws/install/ros_ardu/share/ros_ardu/hook/ament_prefix_path.dsv'
[0.492s] INFO:colcon.colcon_core.shell:Creating environment hook '/home/simpson/launch_ws/install/ros_ardu/share/ros_ardu/hook/ament_prefix_path.sh'
[0.493s] INFO:colcon.colcon_core.shell:Skip shell extension 'powershell' for command environment: Not usable outside of PowerShell
[0.493s] DEBUG:colcon.colcon_core.shell:Skip shell extension 'dsv' for command environment
[0.498s] INFO:colcon.colcon_ros.task.ament_python.build:Building ROS package in '/home/simpson/launch_ws/src/ros_dd' with build type 'ament_python'
[0.498s] Level 1:colcon.colcon_core.shell:create_environment_hook('ros_dd', 'ament_prefix_path')
[0.499s] INFO:colcon.colcon_core.shell:Creating environment hook '/home/simpson/launch_ws/install/ros_dd/share/ros_dd/hook/ament_prefix_path.ps1'
[0.502s] INFO:colcon.colcon_core.shell:Creating environment descriptor '/home/simpson/launch_ws/install/ros_dd/share/ros_dd/hook/ament_prefix_path.dsv'
[0.503s] INFO:colcon.colcon_core.shell:Creating environment hook '/home/simpson/launch_ws/install/ros_dd/share/ros_dd/hook/ament_prefix_path.sh'
[0.505s] INFO:colcon.colcon_core.shell:Skip shell extension 'powershell' for command environment: Not usable outside of PowerShell
[0.505s] DEBUG:colcon.colcon_core.shell:Skip shell extension 'dsv' for command environment
[0.511s] INFO:colcon.colcon_ros.task.ament_python.build:Building ROS package in '/home/simpson/launch_ws/src/ros_good' with build type 'ament_python'
[0.512s] Level 1:colcon.colcon_core.shell:create_environment_hook('ros_good', 'ament_prefix_path')
[0.512s] INFO:colcon.colcon_core.shell:Creating environment hook '/home/simpson/launch_ws/install/ros_good/share/ros_good/hook/ament_prefix_path.ps1'
[0.514s] INFO:colcon.colcon_core.shell:Creating environment descriptor '/home/simpson/launch_ws/install/ros_good/share/ros_good/hook/ament_prefix_path.dsv'
[0.514s] INFO:colcon.colcon_core.shell:Creating environment hook '/home/simpson/launch_ws/install/ros_good/share/ros_good/hook/ament_prefix_path.sh'
[0.515s] INFO:colcon.colcon_core.shell:Skip shell extension 'powershell' for command environment: Not usable outside of PowerShell
[0.515s] DEBUG:colcon.colcon_core.shell:Skip shell extension 'dsv' for command environment
[0.525s] INFO:colcon.colcon_ros.task.ament_python.build:Building ROS package in '/home/simpson/launch_ws/src/ros_msg' with build type 'ament_python'
[0.525s] Level 1:colcon.colcon_core.shell:create_environment_hook('ros_msg', 'ament_prefix_path')
[0.526s] INFO:colcon.colcon_core.shell:Creating environment hook '/home/simpson/launch_ws/install/ros_msg/share/ros_msg/hook/ament_prefix_path.ps1'
[0.527s] INFO:colcon.colcon_core.shell:Creating environment descriptor '/home/simpson/launch_ws/install/ros_msg/share/ros_msg/hook/ament_prefix_path.dsv'
[0.528s] INFO:colcon.colcon_core.shell:Creating environment hook '/home/simpson/launch_ws/install/ros_msg/share/ros_msg/hook/ament_prefix_path.sh'
[0.528s] INFO:colcon.colcon_core.shell:Skip shell extension 'powershell' for command environment: Not usable outside of PowerShell
[0.528s] DEBUG:colcon.colcon_core.shell:Skip shell extension 'dsv' for command environment
[0.779s] INFO:colcon.colcon_core.task.python.build:Building Python package in '/home/simpson/launch_ws/src/jdamr_ros_03_1'
[0.780s] INFO:colcon.colcon_core.shell:Skip shell extension 'powershell' for command environment: Not usable outside of PowerShell
[0.780s] DEBUG:colcon.colcon_core.shell:Skip shell extension 'dsv' for command environment
[1.005s] INFO:colcon.colcon_core.task.python.build:Building Python package in '/home/simpson/launch_ws/src/lauch_servo'
[1.006s] INFO:colcon.colcon_core.shell:Skip shell extension 'powershell' for command environment: Not usable outside of PowerShell
[1.006s] DEBUG:colcon.colcon_core.shell:Skip shell extension 'dsv' for command environment
[1.225s] INFO:colcon.colcon_core.task.python.build:Building Python package in '/home/simpson/launch_ws/src/launch_study'
[1.225s] INFO:colcon.colcon_core.shell:Skip shell extension 'powershell' for command environment: Not usable outside of PowerShell
[1.225s] DEBUG:colcon.colcon_core.shell:Skip shell extension 'dsv' for command environment
[1.455s] INFO:colcon.colcon_core.task.python.build:Building Python package in '/home/simpson/launch_ws/src/launch_urdf'
[1.456s] INFO:colcon.colcon_core.shell:Skip shell extension 'powershell' for command environment: Not usable outside of PowerShell
[1.456s] DEBUG:colcon.colcon_core.shell:Skip shell extension 'dsv' for command environment
[1.680s] INFO:colcon.colcon_core.task.python.build:Building Python package in '/home/simpson/launch_ws/src/ros_ardu'
[1.681s] INFO:colcon.colcon_core.shell:Skip shell extension 'powershell' for command environment: Not usable outside of PowerShell
[1.681s] DEBUG:colcon.colcon_core.shell:Skip shell extension 'dsv' for command environment
[1.907s] INFO:colcon.colcon_core.task.python.build:Building Python package in '/home/simpson/launch_ws/src/ros_dd'
[1.908s] INFO:colcon.colcon_core.shell:Skip shell extension 'powershell' for command environment: Not usable outside of PowerShell
[1.908s] DEBUG:colcon.colcon_core.shell:Skip shell extension 'dsv' for command environment
[2.129s] INFO:colcon.colcon_core.task.python.build:Building Python package in '/home/simpson/launch_ws/src/ros_good'
[2.130s] INFO:colcon.colcon_core.shell:Skip shell extension 'powershell' for command environment: Not usable outside of PowerShell
[2.130s] DEBUG:colcon.colcon_core.shell:Skip shell extension 'dsv' for command environment
[2.352s] INFO:colcon.colcon_core.task.python.build:Building Python package in '/home/simpson/launch_ws/src/ros_msg'
[2.353s] INFO:colcon.colcon_core.shell:Skip shell extension 'powershell' for command environment: Not usable outside of PowerShell
[2.353s] DEBUG:colcon.colcon_core.shell:Skip shell extension 'dsv' for command environment
[3.157s] DEBUG:colcon.colcon_core.event_handler.log_command:Invoking command in '/home/simpson/launch_ws/src/lauch_servo': PYTHONPATH=/home/simpson/launch_ws/build/lauch_servo/prefix_override:/usr/lib/python3/dist-packages/colcon_core/task/python/colcon_distutils_commands:/home/simpson/launch_ws/install/lauch_servo/lib/python3.8/site-packages:${PYTHONPATH} /usr/bin/python3 -W ignore:setup.py install is deprecated setup.py egg_info --egg-base ../../build/lauch_servo build --build-base /home/simpson/launch_ws/build/lauch_servo/build install --record /home/simpson/launch_ws/build/lauch_servo/install.log --install-scripts $base/lib/lauch_servo --single-version-externally-managed install_data
[3.201s] DEBUG:colcon.colcon_core.event_handler.log_command:Invoking command in '/home/simpson/launch_ws/src/launch_study': PYTHONPATH=/home/simpson/launch_ws/build/launch_study/prefix_override:/usr/lib/python3/dist-packages/colcon_core/task/python/colcon_distutils_commands:/home/simpson/launch_ws/install/launch_study/lib/python3.8/site-packages:${PYTHONPATH} /usr/bin/python3 -W ignore:setup.py install is deprecated setup.py egg_info --egg-base ../../build/launch_study build --build-base /home/simpson/launch_ws/build/launch_study/build install --record /home/simpson/launch_ws/build/launch_study/install.log --install-scripts $base/lib/launch_study --single-version-externally-managed install_data
[3.228s] DEBUG:colcon.colcon_core.event_handler.log_command:Invoking command in '/home/simpson/launch_ws/src/jdamr_ros_03_1': PYTHONPATH=/home/simpson/launch_ws/build/jdamr_ros_03/prefix_override:/usr/lib/python3/dist-packages/colcon_core/task/python/colcon_distutils_commands:/home/simpson/launch_ws/install/jdamr_ros_03/lib/python3.8/site-packages:${PYTHONPATH} /usr/bin/python3 -W ignore:setup.py install is deprecated setup.py egg_info --egg-base ../../build/jdamr_ros_03 build --build-base /home/simpson/launch_ws/build/jdamr_ros_03/build install --record /home/simpson/launch_ws/build/jdamr_ros_03/install.log --single-version-externally-managed install_data
[3.242s] DEBUG:colcon.colcon_core.event_handler.log_command:Invoking command in '/home/simpson/launch_ws/src/launch_urdf': PYTHONPATH=/home/simpson/launch_ws/build/launch_urdf/prefix_override:/usr/lib/python3/dist-packages/colcon_core/task/python/colcon_distutils_commands:/home/simpson/launch_ws/install/launch_urdf/lib/python3.8/site-packages:${PYTHONPATH} /usr/bin/python3 -W ignore:setup.py install is deprecated setup.py egg_info --egg-base ../../build/launch_urdf build --build-base /home/simpson/launch_ws/build/launch_urdf/build install --record /home/simpson/launch_ws/build/launch_urdf/install.log --install-scripts $base/lib/launch_urdf --single-version-externally-managed install_data
[3.263s] DEBUG:colcon.colcon_core.event_handler.log_command:Invoking command in '/home/simpson/launch_ws/src/ros_ardu': PYTHONPATH=/home/simpson/launch_ws/build/ros_ardu/prefix_override:/usr/lib/python3/dist-packages/colcon_core/task/python/colcon_distutils_commands:/home/simpson/launch_ws/install/ros_ardu/lib/python3.8/site-packages:${PYTHONPATH} /usr/bin/python3 -W ignore:setup.py install is deprecated setup.py egg_info --egg-base ../../build/ros_ardu build --build-base /home/simpson/launch_ws/build/ros_ardu/build install --record /home/simpson/launch_ws/build/ros_ardu/install.log --single-version-externally-managed install_data
[3.277s] DEBUG:colcon.colcon_core.event_handler.log_command:Invoking command in '/home/simpson/launch_ws/src/ros_dd': PYTHONPATH=/home/simpson/launch_ws/build/ros_dd/prefix_override:/usr/lib/python3/dist-packages/colcon_core/task/python/colcon_distutils_commands:/home/simpson/launch_ws/install/ros_dd/lib/python3.8/site-packages:${PYTHONPATH} /usr/bin/python3 -W ignore:setup.py install is deprecated setup.py egg_info --egg-base ../../build/ros_dd build --build-base /home/simpson/launch_ws/build/ros_dd/build install --record /home/simpson/launch_ws/build/ros_dd/install.log --single-version-externally-managed install_data
[3.285s] DEBUG:colcon.colcon_core.event_handler.log_command:Invoking command in '/home/simpson/launch_ws/src/ros_good': PYTHONPATH=/home/simpson/launch_ws/build/ros_good/prefix_override:/usr/lib/python3/dist-packages/colcon_core/task/python/colcon_distutils_commands:/home/simpson/launch_ws/install/ros_good/lib/python3.8/site-packages:${PYTHONPATH} /usr/bin/python3 -W ignore:setup.py install is deprecated setup.py egg_info --egg-base ../../build/ros_good build --build-base /home/simpson/launch_ws/build/ros_good/build install --record /home/simpson/launch_ws/build/ros_good/install.log --single-version-externally-managed install_data
[3.305s] DEBUG:colcon.colcon_core.event_handler.log_command:Invoking command in '/home/simpson/launch_ws/src/ros_msg': PYTHONPATH=/home/simpson/launch_ws/build/ros_msg/prefix_override:/usr/lib/python3/dist-packages/colcon_core/task/python/colcon_distutils_commands:/home/simpson/launch_ws/install/ros_msg/lib/python3.8/site-packages:${PYTHONPATH} /usr/bin/python3 -W ignore:setup.py install is deprecated setup.py egg_info --egg-base ../../build/ros_msg build --build-base /home/simpson/launch_ws/build/ros_msg/build install --record /home/simpson/launch_ws/build/ros_msg/install.log --single-version-externally-managed install_data
[3.829s] Level 1:colcon.colcon_core.environment:checking '/home/simpson/launch_ws/install/jdamr_ros_03' for CMake module files
[3.831s] DEBUG:colcon.colcon_core.event_handler.log_command:Invoked command in '/home/simpson/launch_ws/src/jdamr_ros_03_1' returned '0': PYTHONPATH=/home/simpson/launch_ws/build/jdamr_ros_03/prefix_override:/usr/lib/python3/dist-packages/colcon_core/task/python/colcon_distutils_commands:/home/simpson/launch_ws/install/jdamr_ros_03/lib/python3.8/site-packages:${PYTHONPATH} /usr/bin/python3 -W ignore:setup.py install is deprecated setup.py egg_info --egg-base ../../build/jdamr_ros_03 build --build-base /home/simpson/launch_ws/build/jdamr_ros_03/build install --record /home/simpson/launch_ws/build/jdamr_ros_03/install.log --single-version-externally-managed install_data
[3.832s] Level 1:colcon.colcon_core.environment:checking '/home/simpson/launch_ws/install/jdamr_ros_03' for CMake config files
[3.835s] Level 1:colcon.colcon_core.environment:checking '/home/simpson/launch_ws/install/jdamr_ros_03/lib'
[3.835s] Level 1:colcon.colcon_core.environment:checking '/home/simpson/launch_ws/install/jdamr_ros_03/bin'
[3.836s] Level 1:colcon.colcon_core.environment:checking '/home/simpson/launch_ws/install/jdamr_ros_03/lib/pkgconfig/jdamr_ros_03.pc'
[3.836s] Level 1:colcon.colcon_core.environment:checking '/home/simpson/launch_ws/install/jdamr_ros_03/lib/python3.8/site-packages'
[3.836s] Level 1:colcon.colcon_core.shell:create_environment_hook('jdamr_ros_03', 'pythonpath')
[3.837s] INFO:colcon.colcon_core.shell:Creating environment hook '/home/simpson/launch_ws/install/jdamr_ros_03/share/jdamr_ros_03/hook/pythonpath.ps1'
[3.839s] INFO:colcon.colcon_core.shell:Creating environment descriptor '/home/simpson/launch_ws/install/jdamr_ros_03/share/jdamr_ros_03/hook/pythonpath.dsv'
[3.840s] INFO:colcon.colcon_core.shell:Creating environment hook '/home/simpson/launch_ws/install/jdamr_ros_03/share/jdamr_ros_03/hook/pythonpath.sh'
[3.842s] Level 1:colcon.colcon_core.environment:checking '/home/simpson/launch_ws/install/jdamr_ros_03/bin'
[3.842s] Level 1:colcon.colcon_core.environment:create_environment_scripts_only(jdamr_ros_03)
[3.843s] INFO:colcon.colcon_core.shell:Creating package script '/home/simpson/launch_ws/install/jdamr_ros_03/share/jdamr_ros_03/package.ps1'
[3.846s] INFO:colcon.colcon_core.shell:Creating package descriptor '/home/simpson/launch_ws/install/jdamr_ros_03/share/jdamr_ros_03/package.dsv'
[3.848s] INFO:colcon.colcon_core.shell:Creating package script '/home/simpson/launch_ws/install/jdamr_ros_03/share/jdamr_ros_03/package.sh'
[3.849s] INFO:colcon.colcon_core.shell:Creating package script '/home/simpson/launch_ws/install/jdamr_ros_03/share/jdamr_ros_03/package.bash'
[3.851s] INFO:colcon.colcon_core.shell:Creating package script '/home/simpson/launch_ws/install/jdamr_ros_03/share/jdamr_ros_03/package.zsh'
[3.853s] Level 1:colcon.colcon_core.environment:create_file_with_runtime_dependencies(/home/simpson/launch_ws/install/jdamr_ros_03/share/colcon-core/packages/jdamr_ros_03)
[3.859s] INFO:colcon.colcon_ros.task.ament_python.build:Building ROS package in '/home/simpson/launch_ws/src/ros_wheel_controller' with build type 'ament_python'
[3.859s] Level 1:colcon.colcon_core.shell:create_environment_hook('ros_wheel_controller', 'ament_prefix_path')
[3.860s] INFO:colcon.colcon_core.shell:Creating environment hook '/home/simpson/launch_ws/install/ros_wheel_controller/share/ros_wheel_controller/hook/ament_prefix_path.ps1'
[3.861s] INFO:colcon.colcon_core.shell:Creating environment descriptor '/home/simpson/launch_ws/install/ros_wheel_controller/share/ros_wheel_controller/hook/ament_prefix_path.dsv'
[3.862s] INFO:colcon.colcon_core.shell:Creating environment hook '/home/simpson/launch_ws/install/ros_wheel_controller/share/ros_wheel_controller/hook/ament_prefix_path.sh'
[3.863s] INFO:colcon.colcon_core.shell:Skip shell extension 'powershell' for command environment: Not usable outside of PowerShell
[3.863s] DEBUG:colcon.colcon_core.shell:Skip shell extension 'dsv' for command environment
[3.882s] Level 1:colcon.colcon_core.environment:checking '/home/simpson/launch_ws/install/lauch_servo' for CMake module files
[3.883s] DEBUG:colcon.colcon_core.event_handler.log_command:Invoked command in '/home/simpson/launch_ws/src/lauch_servo' returned '0': PYTHONPATH=/home/simpson/launch_ws/build/lauch_servo/prefix_override:/usr/lib/python3/dist-packages/colcon_core/task/python/colcon_distutils_commands:/home/simpson/launch_ws/install/lauch_servo/lib/python3.8/site-packages:${PYTHONPATH} /usr/bin/python3 -W ignore:setup.py install is deprecated setup.py egg_info --egg-base ../../build/lauch_servo build --build-base /home/simpson/launch_ws/build/lauch_servo/build install --record /home/simpson/launch_ws/build/lauch_servo/install.log --install-scripts $base/lib/lauch_servo --single-version-externally-managed install_data
[3.885s] Level 1:colcon.colcon_core.environment:checking '/home/simpson/launch_ws/install/lauch_servo' for CMake config files
[3.887s] Level 1:colcon.colcon_core.environment:checking '/home/simpson/launch_ws/install/lauch_servo/lib'
[3.887s] Level 1:colcon.colcon_core.environment:checking '/home/simpson/launch_ws/install/lauch_servo/bin'
[3.888s] Level 1:colcon.colcon_core.environment:checking '/home/simpson/launch_ws/install/lauch_servo/lib/pkgconfig/lauch_servo.pc'
[3.888s] Level 1:colcon.colcon_core.environment:checking '/home/simpson/launch_ws/install/lauch_servo/lib/python3.8/site-packages'
[3.888s] Level 1:colcon.colcon_core.shell:create_environment_hook('lauch_servo', 'pythonpath')
[3.889s] INFO:colcon.colcon_core.shell:Creating environment hook '/home/simpson/launch_ws/install/lauch_servo/share/lauch_servo/hook/pythonpath.ps1'
[3.892s] INFO:colcon.colcon_core.shell:Creating environment descriptor '/home/simpson/launch_ws/install/lauch_servo/share/lauch_servo/hook/pythonpath.dsv'
[3.893s] INFO:colcon.colcon_core.shell:Creating environment hook '/home/simpson/launch_ws/install/lauch_servo/share/lauch_servo/hook/pythonpath.sh'
[3.894s] Level 1:colcon.colcon_core.environment:checking '/home/simpson/launch_ws/install/lauch_servo/bin'
[3.894s] Level 1:colcon.colcon_core.environment:create_environment_scripts_only(lauch_servo)
[3.895s] INFO:colcon.colcon_core.shell:Creating package script '/home/simpson/launch_ws/install/lauch_servo/share/lauch_servo/package.ps1'
[3.897s] INFO:colcon.colcon_core.shell:Creating package descriptor '/home/simpson/launch_ws/install/lauch_servo/share/lauch_servo/package.dsv'
[3.898s] INFO:colcon.colcon_core.shell:Creating package script '/home/simpson/launch_ws/install/lauch_servo/share/lauch_servo/package.sh'
[3.901s] INFO:colcon.colcon_core.shell:Creating package script '/home/simpson/launch_ws/install/lauch_servo/share/lauch_servo/package.bash'
[3.902s] INFO:colcon.colcon_core.shell:Creating package script '/home/simpson/launch_ws/install/lauch_servo/share/lauch_servo/package.zsh'
[3.903s] Level 1:colcon.colcon_core.environment:create_file_with_runtime_dependencies(/home/simpson/launch_ws/install/lauch_servo/share/colcon-core/packages/lauch_servo)
[3.906s] INFO:colcon.colcon_ros.task.ament_python.build:Building ROS package in '/home/simpson/launch_ws/src/wheel_controller' with build type 'ament_python'
[3.906s] Level 1:colcon.colcon_core.shell:create_environment_hook('wheel_controller', 'ament_prefix_path')
[3.908s] INFO:colcon.colcon_core.shell:Creating environment hook '/home/simpson/launch_ws/install/wheel_controller/share/wheel_controller/hook/ament_prefix_path.ps1'
[3.909s] INFO:colcon.colcon_core.shell:Creating environment descriptor '/home/simpson/launch_ws/install/wheel_controller/share/wheel_controller/hook/ament_prefix_path.dsv'
[3.910s] INFO:colcon.colcon_core.shell:Creating environment hook '/home/simpson/launch_ws/install/wheel_controller/share/wheel_controller/hook/ament_prefix_path.sh'
[3.911s] INFO:colcon.colcon_core.shell:Skip shell extension 'powershell' for command environment: Not usable outside of PowerShell
[3.911s] DEBUG:colcon.colcon_core.shell:Skip shell extension 'dsv' for command environment
[3.926s] Level 1:colcon.colcon_core.environment:checking '/home/simpson/launch_ws/install/launch_urdf' for CMake module files
[3.927s] DEBUG:colcon.colcon_core.event_handler.log_command:Invoked command in '/home/simpson/launch_ws/src/launch_urdf' returned '0': PYTHONPATH=/home/simpson/launch_ws/build/launch_urdf/prefix_override:/usr/lib/python3/dist-packages/colcon_core/task/python/colcon_distutils_commands:/home/simpson/launch_ws/install/launch_urdf/lib/python3.8/site-packages:${PYTHONPATH} /usr/bin/python3 -W ignore:setup.py install is deprecated setup.py egg_info --egg-base ../../build/launch_urdf build --build-base /home/simpson/launch_ws/build/launch_urdf/build install --record /home/simpson/launch_ws/build/launch_urdf/install.log --install-scripts $base/lib/launch_urdf --single-version-externally-managed install_data
[3.929s] Level 1:colcon.colcon_core.environment:checking '/home/simpson/launch_ws/install/launch_urdf' for CMake config files
[3.930s] Level 1:colcon.colcon_core.environment:checking '/home/simpson/launch_ws/install/launch_urdf/lib'
[3.930s] Level 1:colcon.colcon_core.environment:checking '/home/simpson/launch_ws/install/launch_urdf/bin'
[3.930s] Level 1:colcon.colcon_core.environment:checking '/home/simpson/launch_ws/install/launch_urdf/lib/pkgconfig/launch_urdf.pc'
[3.931s] Level 1:colcon.colcon_core.environment:checking '/home/simpson/launch_ws/install/launch_urdf/lib/python3.8/site-packages'
[3.931s] Level 1:colcon.colcon_core.shell:create_environment_hook('launch_urdf', 'pythonpath')
[3.932s] INFO:colcon.colcon_core.shell:Creating environment hook '/home/simpson/launch_ws/install/launch_urdf/share/launch_urdf/hook/pythonpath.ps1'
[3.935s] INFO:colcon.colcon_core.shell:Creating environment descriptor '/home/simpson/launch_ws/install/launch_urdf/share/launch_urdf/hook/pythonpath.dsv'
[3.938s] INFO:colcon.colcon_core.shell:Creating environment hook '/home/simpson/launch_ws/install/launch_urdf/share/launch_urdf/hook/pythonpath.sh'
[3.939s] Level 1:colcon.colcon_core.environment:checking '/home/simpson/launch_ws/install/launch_urdf/bin'
[3.940s] Level 1:colcon.colcon_core.environment:create_environment_scripts_only(launch_urdf)
[3.941s] INFO:colcon.colcon_core.shell:Creating package script '/home/simpson/launch_ws/install/launch_urdf/share/launch_urdf/package.ps1'
[3.942s] INFO:colcon.colcon_core.shell:Creating package descriptor '/home/simpson/launch_ws/install/launch_urdf/share/launch_urdf/package.dsv'
[3.942s] INFO:colcon.colcon_core.shell:Creating package script '/home/simpson/launch_ws/install/launch_urdf/share/launch_urdf/package.sh'
[3.943s] INFO:colcon.colcon_core.shell:Creating package script '/home/simpson/launch_ws/install/launch_urdf/share/launch_urdf/package.bash'
[3.944s] INFO:colcon.colcon_core.shell:Creating package script '/home/simpson/launch_ws/install/launch_urdf/share/launch_urdf/package.zsh'
[3.944s] Level 1:colcon.colcon_core.environment:create_file_with_runtime_dependencies(/home/simpson/launch_ws/install/launch_urdf/share/colcon-core/packages/launch_urdf)
[3.950s] Level 1:colcon.colcon_core.environment:checking '/home/simpson/launch_ws/install/launch_study' for CMake module files
[3.952s] DEBUG:colcon.colcon_core.event_handler.log_command:Invoked command in '/home/simpson/launch_ws/src/launch_study' returned '0': PYTHONPATH=/home/simpson/launch_ws/build/launch_study/prefix_override:/usr/lib/python3/dist-packages/colcon_core/task/python/colcon_distutils_commands:/home/simpson/launch_ws/install/launch_study/lib/python3.8/site-packages:${PYTHONPATH} /usr/bin/python3 -W ignore:setup.py install is deprecated setup.py egg_info --egg-base ../../build/launch_study build --build-base /home/simpson/launch_ws/build/launch_study/build install --record /home/simpson/launch_ws/build/launch_study/install.log --install-scripts $base/lib/launch_study --single-version-externally-managed install_data
[3.953s] Level 1:colcon.colcon_core.environment:checking '/home/simpson/launch_ws/install/launch_study' for CMake config files
[3.954s] Level 1:colcon.colcon_core.environment:checking '/home/simpson/launch_ws/install/launch_study/lib'
[3.955s] Level 1:colcon.colcon_core.environment:checking '/home/simpson/launch_ws/install/launch_study/bin'
[3.955s] Level 1:colcon.colcon_core.environment:checking '/home/simpson/launch_ws/install/launch_study/lib/pkgconfig/launch_study.pc'
[3.955s] Level 1:colcon.colcon_core.environment:checking '/home/simpson/launch_ws/install/launch_study/lib/python3.8/site-packages'
[3.955s] Level 1:colcon.colcon_core.shell:create_environment_hook('launch_study', 'pythonpath')
[3.956s] INFO:colcon.colcon_core.shell:Creating environment hook '/home/simpson/launch_ws/install/launch_study/share/launch_study/hook/pythonpath.ps1'
[3.957s] INFO:colcon.colcon_core.shell:Creating environment descriptor '/home/simpson/launch_ws/install/launch_study/share/launch_study/hook/pythonpath.dsv'
[3.958s] INFO:colcon.colcon_core.shell:Creating environment hook '/home/simpson/launch_ws/install/launch_study/share/launch_study/hook/pythonpath.sh'
[3.960s] Level 1:colcon.colcon_core.environment:checking '/home/simpson/launch_ws/install/launch_study/bin'
[3.960s] Level 1:colcon.colcon_core.environment:create_environment_scripts_only(launch_study)
[3.961s] INFO:colcon.colcon_core.shell:Creating package script '/home/simpson/launch_ws/install/launch_study/share/launch_study/package.ps1'
[3.962s] INFO:colcon.colcon_core.shell:Creating package descriptor '/home/simpson/launch_ws/install/launch_study/share/launch_study/package.dsv'
[3.963s] INFO:colcon.colcon_core.shell:Creating package script '/home/simpson/launch_ws/install/launch_study/share/launch_study/package.sh'
[3.964s] INFO:colcon.colcon_core.shell:Creating package script '/home/simpson/launch_ws/install/launch_study/share/launch_study/package.bash'
[3.964s] INFO:colcon.colcon_core.shell:Creating package script '/home/simpson/launch_ws/install/launch_study/share/launch_study/package.zsh'
[3.965s] Level 1:colcon.colcon_core.environment:create_file_with_runtime_dependencies(/home/simpson/launch_ws/install/launch_study/share/colcon-core/packages/launch_study)
[4.223s] INFO:colcon.colcon_core.task.python.build:Building Python package in '/home/simpson/launch_ws/src/ros_wheel_controller'
[4.223s] INFO:colcon.colcon_core.shell:Skip shell extension 'powershell' for command environment: Not usable outside of PowerShell
[4.224s] DEBUG:colcon.colcon_core.shell:Skip shell extension 'dsv' for command environment
[4.229s] Level 1:colcon.colcon_core.environment:checking '/home/simpson/launch_ws/install/ros_ardu' for CMake module files
[4.230s] DEBUG:colcon.colcon_core.event_handler.log_command:Invoked command in '/home/simpson/launch_ws/src/ros_ardu' returned '0': PYTHONPATH=/home/simpson/launch_ws/build/ros_ardu/prefix_override:/usr/lib/python3/dist-packages/colcon_core/task/python/colcon_distutils_commands:/home/simpson/launch_ws/install/ros_ardu/lib/python3.8/site-packages:${PYTHONPATH} /usr/bin/python3 -W ignore:setup.py install is deprecated setup.py egg_info --egg-base ../../build/ros_ardu build --build-base /home/simpson/launch_ws/build/ros_ardu/build install --record /home/simpson/launch_ws/build/ros_ardu/install.log --single-version-externally-managed install_data
[4.231s] Level 1:colcon.colcon_core.environment:checking '/home/simpson/launch_ws/install/ros_ardu' for CMake config files
[4.231s] Level 1:colcon.colcon_core.environment:checking '/home/simpson/launch_ws/install/ros_ardu/lib'
[4.231s] Level 1:colcon.colcon_core.environment:checking '/home/simpson/launch_ws/install/ros_ardu/bin'
[4.232s] Level 1:colcon.colcon_core.environment:checking '/home/simpson/launch_ws/install/ros_ardu/lib/pkgconfig/ros_ardu.pc'
[4.232s] Level 1:colcon.colcon_core.environment:checking '/home/simpson/launch_ws/install/ros_ardu/lib/python3.8/site-packages'
[4.232s] Level 1:colcon.colcon_core.shell:create_environment_hook('ros_ardu', 'pythonpath')
[4.232s] INFO:colcon.colcon_core.shell:Creating environment hook '/home/simpson/launch_ws/install/ros_ardu/share/ros_ardu/hook/pythonpath.ps1'
[4.233s] INFO:colcon.colcon_core.shell:Creating environment descriptor '/home/simpson/launch_ws/install/ros_ardu/share/ros_ardu/hook/pythonpath.dsv'
[4.233s] INFO:colcon.colcon_core.shell:Creating environment hook '/home/simpson/launch_ws/install/ros_ardu/share/ros_ardu/hook/pythonpath.sh'
[4.233s] Level 1:colcon.colcon_core.environment:checking '/home/simpson/launch_ws/install/ros_ardu/bin'
[4.234s] Level 1:colcon.colcon_core.environment:create_environment_scripts_only(ros_ardu)
[4.234s] INFO:colcon.colcon_core.shell:Creating package script '/home/simpson/launch_ws/install/ros_ardu/share/ros_ardu/package.ps1'
[4.234s] INFO:colcon.colcon_core.shell:Creating package descriptor '/home/simpson/launch_ws/install/ros_ardu/share/ros_ardu/package.dsv'
[4.235s] INFO:colcon.colcon_core.shell:Creating package script '/home/simpson/launch_ws/install/ros_ardu/share/ros_ardu/package.sh'
[4.235s] INFO:colcon.colcon_core.shell:Creating package script '/home/simpson/launch_ws/install/ros_ardu/share/ros_ardu/package.bash'
[4.236s] INFO:colcon.colcon_core.shell:Creating package script '/home/simpson/launch_ws/install/ros_ardu/share/ros_ardu/package.zsh'
[4.236s] Level 1:colcon.colcon_core.environment:create_file_with_runtime_dependencies(/home/simpson/launch_ws/install/ros_ardu/share/colcon-core/packages/ros_ardu)
[4.237s] Level 1:colcon.colcon_core.environment:checking '/home/simpson/launch_ws/install/ros_dd' for CMake module files
[4.239s] DEBUG:colcon.colcon_core.event_handler.log_command:Invoked command in '/home/simpson/launch_ws/src/ros_dd' returned '0': PYTHONPATH=/home/simpson/launch_ws/build/ros_dd/prefix_override:/usr/lib/python3/dist-packages/colcon_core/task/python/colcon_distutils_commands:/home/simpson/launch_ws/install/ros_dd/lib/python3.8/site-packages:${PYTHONPATH} /usr/bin/python3 -W ignore:setup.py install is deprecated setup.py egg_info --egg-base ../../build/ros_dd build --build-base /home/simpson/launch_ws/build/ros_dd/build install --record /home/simpson/launch_ws/build/ros_dd/install.log --single-version-externally-managed install_data
[4.239s] Level 1:colcon.colcon_core.environment:checking '/home/simpson/launch_ws/install/ros_dd' for CMake config files
[4.240s] Level 1:colcon.colcon_core.environment:checking '/home/simpson/launch_ws/install/ros_dd/lib'
[4.240s] Level 1:colcon.colcon_core.environment:checking '/home/simpson/launch_ws/install/ros_dd/bin'
[4.240s] Level 1:colcon.colcon_core.environment:checking '/home/simpson/launch_ws/install/ros_dd/lib/pkgconfig/ros_dd.pc'
[4.240s] Level 1:colcon.colcon_core.environment:checking '/home/simpson/launch_ws/install/ros_dd/lib/python3.8/site-packages'
[4.240s] Level 1:colcon.colcon_core.shell:create_environment_hook('ros_dd', 'pythonpath')
[4.240s] INFO:colcon.colcon_core.shell:Creating environment hook '/home/simpson/launch_ws/install/ros_dd/share/ros_dd/hook/pythonpath.ps1'
[4.241s] INFO:colcon.colcon_core.shell:Creating environment descriptor '/home/simpson/launch_ws/install/ros_dd/share/ros_dd/hook/pythonpath.dsv'
[4.241s] INFO:colcon.colcon_core.shell:Creating environment hook '/home/simpson/launch_ws/install/ros_dd/share/ros_dd/hook/pythonpath.sh'
[4.241s] Level 1:colcon.colcon_core.environment:checking '/home/simpson/launch_ws/install/ros_dd/bin'
[4.241s] Level 1:colcon.colcon_core.environment:create_environment_scripts_only(ros_dd)
[4.242s] INFO:colcon.colcon_core.shell:Creating package script '/home/simpson/launch_ws/install/ros_dd/share/ros_dd/package.ps1'
[4.242s] INFO:colcon.colcon_core.shell:Creating package descriptor '/home/simpson/launch_ws/install/ros_dd/share/ros_dd/package.dsv'
[4.243s] INFO:colcon.colcon_core.shell:Creating package script '/home/simpson/launch_ws/install/ros_dd/share/ros_dd/package.sh'
[4.243s] INFO:colcon.colcon_core.shell:Creating package script '/home/simpson/launch_ws/install/ros_dd/share/ros_dd/package.bash'
[4.243s] INFO:colcon.colcon_core.shell:Creating package script '/home/simpson/launch_ws/install/ros_dd/share/ros_dd/package.zsh'
[4.244s] Level 1:colcon.colcon_core.environment:create_file_with_runtime_dependencies(/home/simpson/launch_ws/install/ros_dd/share/colcon-core/packages/ros_dd)
[4.481s] INFO:colcon.colcon_core.task.python.build:Building Python package in '/home/simpson/launch_ws/src/wheel_controller'
[4.481s] INFO:colcon.colcon_core.shell:Skip shell extension 'powershell' for command environment: Not usable outside of PowerShell
[4.481s] DEBUG:colcon.colcon_core.shell:Skip shell extension 'dsv' for command environment
[4.489s] Level 1:colcon.colcon_core.environment:checking '/home/simpson/launch_ws/install/ros_msg' for CMake module files
[4.490s] DEBUG:colcon.colcon_core.event_handler.log_command:Invoked command in '/home/simpson/launch_ws/src/ros_msg' returned '0': PYTHONPATH=/home/simpson/launch_ws/build/ros_msg/prefix_override:/usr/lib/python3/dist-packages/colcon_core/task/python/colcon_distutils_commands:/home/simpson/launch_ws/install/ros_msg/lib/python3.8/site-packages:${PYTHONPATH} /usr/bin/python3 -W ignore:setup.py install is deprecated setup.py egg_info --egg-base ../../build/ros_msg build --build-base /home/simpson/launch_ws/build/ros_msg/build install --record /home/simpson/launch_ws/build/ros_msg/install.log --single-version-externally-managed install_data
[4.491s] Level 1:colcon.colcon_core.environment:checking '/home/simpson/launch_ws/install/ros_msg' for CMake config files
[4.491s] Level 1:colcon.colcon_core.environment:checking '/home/simpson/launch_ws/install/ros_msg/lib'
[4.491s] Level 1:colcon.colcon_core.environment:checking '/home/simpson/launch_ws/install/ros_msg/bin'
[4.491s] Level 1:colcon.colcon_core.environment:checking '/home/simpson/launch_ws/install/ros_msg/lib/pkgconfig/ros_msg.pc'
[4.492s] Level 1:colcon.colcon_core.environment:checking '/home/simpson/launch_ws/install/ros_msg/lib/python3.8/site-packages'
[4.492s] Level 1:colcon.colcon_core.shell:create_environment_hook('ros_msg', 'pythonpath')
[4.492s] INFO:colcon.colcon_core.shell:Creating environment hook '/home/simpson/launch_ws/install/ros_msg/share/ros_msg/hook/pythonpath.ps1'
[4.493s] INFO:colcon.colcon_core.shell:Creating environment descriptor '/home/simpson/launch_ws/install/ros_msg/share/ros_msg/hook/pythonpath.dsv'
[4.493s] INFO:colcon.colcon_core.shell:Creating environment hook '/home/simpson/launch_ws/install/ros_msg/share/ros_msg/hook/pythonpath.sh'
[4.494s] Level 1:colcon.colcon_core.environment:checking '/home/simpson/launch_ws/install/ros_msg/bin'
[4.494s] Level 1:colcon.colcon_core.environment:create_environment_scripts_only(ros_msg)
[4.494s] INFO:colcon.colcon_core.shell:Creating package script '/home/simpson/launch_ws/install/ros_msg/share/ros_msg/package.ps1'
[4.495s] INFO:colcon.colcon_core.shell:Creating package descriptor '/home/simpson/launch_ws/install/ros_msg/share/ros_msg/package.dsv'
[4.495s] INFO:colcon.colcon_core.shell:Creating package script '/home/simpson/launch_ws/install/ros_msg/share/ros_msg/package.sh'
[4.496s] INFO:colcon.colcon_core.shell:Creating package script '/home/simpson/launch_ws/install/ros_msg/share/ros_msg/package.bash'
[4.496s] INFO:colcon.colcon_core.shell:Creating package script '/home/simpson/launch_ws/install/ros_msg/share/ros_msg/package.zsh'
[4.496s] Level 1:colcon.colcon_core.environment:create_file_with_runtime_dependencies(/home/simpson/launch_ws/install/ros_msg/share/colcon-core/packages/ros_msg)
[4.497s] Level 1:colcon.colcon_core.environment:checking '/home/simpson/launch_ws/install/ros_good' for CMake module files
[4.499s] DEBUG:colcon.colcon_core.event_handler.log_command:Invoked command in '/home/simpson/launch_ws/src/ros_good' returned '0': PYTHONPATH=/home/simpson/launch_ws/build/ros_good/prefix_override:/usr/lib/python3/dist-packages/colcon_core/task/python/colcon_distutils_commands:/home/simpson/launch_ws/install/ros_good/lib/python3.8/site-packages:${PYTHONPATH} /usr/bin/python3 -W ignore:setup.py install is deprecated setup.py egg_info --egg-base ../../build/ros_good build --build-base /home/simpson/launch_ws/build/ros_good/build install --record /home/simpson/launch_ws/build/ros_good/install.log --single-version-externally-managed install_data
[4.499s] Level 1:colcon.colcon_core.environment:checking '/home/simpson/launch_ws/install/ros_good' for CMake config files
[4.499s] Level 1:colcon.colcon_core.environment:checking '/home/simpson/launch_ws/install/ros_good/lib'
[4.499s] Level 1:colcon.colcon_core.environment:checking '/home/simpson/launch_ws/install/ros_good/bin'
[4.500s] Level 1:colcon.colcon_core.environment:checking '/home/simpson/launch_ws/install/ros_good/lib/pkgconfig/ros_good.pc'
[4.500s] Level 1:colcon.colcon_core.environment:checking '/home/simpson/launch_ws/install/ros_good/lib/python3.8/site-packages'
[4.500s] Level 1:colcon.colcon_core.shell:create_environment_hook('ros_good', 'pythonpath')
[4.500s] INFO:colcon.colcon_core.shell:Creating environment hook '/home/simpson/launch_ws/install/ros_good/share/ros_good/hook/pythonpath.ps1'
[4.501s] INFO:colcon.colcon_core.shell:Creating environment descriptor '/home/simpson/launch_ws/install/ros_good/share/ros_good/hook/pythonpath.dsv'
[4.501s] INFO:colcon.colcon_core.shell:Creating environment hook '/home/simpson/launch_ws/install/ros_good/share/ros_good/hook/pythonpath.sh'
[4.502s] Level 1:colcon.colcon_core.environment:checking '/home/simpson/launch_ws/install/ros_good/bin'
[4.502s] Level 1:colcon.colcon_core.environment:create_environment_scripts_only(ros_good)
[4.502s] INFO:colcon.colcon_core.shell:Creating package script '/home/simpson/launch_ws/install/ros_good/share/ros_good/package.ps1'
[4.503s] INFO:colcon.colcon_core.shell:Creating package descriptor '/home/simpson/launch_ws/install/ros_good/share/ros_good/package.dsv'
[4.503s] INFO:colcon.colcon_core.shell:Creating package script '/home/simpson/launch_ws/install/ros_good/share/ros_good/package.sh'
[4.504s] INFO:colcon.colcon_core.shell:Creating package script '/home/simpson/launch_ws/install/ros_good/share/ros_good/package.bash'
[4.505s] INFO:colcon.colcon_core.shell:Creating package script '/home/simpson/launch_ws/install/ros_good/share/ros_good/package.zsh'
[4.505s] Level 1:colcon.colcon_core.environment:create_file_with_runtime_dependencies(/home/simpson/launch_ws/install/ros_good/share/colcon-core/packages/ros_good)
[4.945s] DEBUG:colcon.colcon_core.event_handler.log_command:Invoking command in '/home/simpson/launch_ws/src/wheel_controller': PYTHONPATH=/home/simpson/launch_ws/build/wheel_controller/prefix_override:/usr/lib/python3/dist-packages/colcon_core/task/python/colcon_distutils_commands:/home/simpson/launch_ws/install/wheel_controller/lib/python3.8/site-packages:${PYTHONPATH} /usr/bin/python3 -W ignore:setup.py install is deprecated setup.py egg_info --egg-base ../../build/wheel_controller build --build-base /home/simpson/launch_ws/build/wheel_controller/build install --record /home/simpson/launch_ws/build/wheel_controller/install.log --install-scripts $base/lib/wheel_controller --single-version-externally-managed install_data
[4.952s] DEBUG:colcon.colcon_core.event_handler.log_command:Invoking command in '/home/simpson/launch_ws/src/ros_wheel_controller': PYTHONPATH=/home/simpson/launch_ws/build/ros_wheel_controller/prefix_override:/usr/lib/python3/dist-packages/colcon_core/task/python/colcon_distutils_commands:/home/simpson/launch_ws/install/ros_wheel_controller/lib/python3.8/site-packages:${PYTHONPATH} /usr/bin/python3 -W ignore:setup.py install is deprecated setup.py egg_info --egg-base ../../build/ros_wheel_controller build --build-base /home/simpson/launch_ws/build/ros_wheel_controller/build install --record /home/simpson/launch_ws/build/ros_wheel_controller/install.log --install-scripts $base/lib/ros_wheel_controller --single-version-externally-managed install_data
[5.255s] Level 1:colcon.colcon_core.environment:checking '/home/simpson/launch_ws/install/wheel_controller' for CMake module files
[5.256s] DEBUG:colcon.colcon_core.event_handler.log_command:Invoked command in '/home/simpson/launch_ws/src/wheel_controller' returned '0': PYTHONPATH=/home/simpson/launch_ws/build/wheel_controller/prefix_override:/usr/lib/python3/dist-packages/colcon_core/task/python/colcon_distutils_commands:/home/simpson/launch_ws/install/wheel_controller/lib/python3.8/site-packages:${PYTHONPATH} /usr/bin/python3 -W ignore:setup.py install is deprecated setup.py egg_info --egg-base ../../build/wheel_controller build --build-base /home/simpson/launch_ws/build/wheel_controller/build install --record /home/simpson/launch_ws/build/wheel_controller/install.log --install-scripts $base/lib/wheel_controller --single-version-externally-managed install_data
[5.256s] Level 1:colcon.colcon_core.environment:checking '/home/simpson/launch_ws/install/wheel_controller' for CMake config files
[5.257s] Level 1:colcon.colcon_core.environment:checking '/home/simpson/launch_ws/install/wheel_controller/lib'
[5.257s] Level 1:colcon.colcon_core.environment:checking '/home/simpson/launch_ws/install/wheel_controller/bin'
[5.257s] Level 1:colcon.colcon_core.environment:checking '/home/simpson/launch_ws/install/wheel_controller/lib/pkgconfig/wheel_controller.pc'
[5.258s] Level 1:colcon.colcon_core.environment:checking '/home/simpson/launch_ws/install/wheel_controller/lib/python3.8/site-packages'
[5.258s] Level 1:colcon.colcon_core.shell:create_environment_hook('wheel_controller', 'pythonpath')
[5.258s] INFO:colcon.colcon_core.shell:Creating environment hook '/home/simpson/launch_ws/install/wheel_controller/share/wheel_controller/hook/pythonpath.ps1'
[5.259s] INFO:colcon.colcon_core.shell:Creating environment descriptor '/home/simpson/launch_ws/install/wheel_controller/share/wheel_controller/hook/pythonpath.dsv'
[5.259s] INFO:colcon.colcon_core.shell:Creating environment hook '/home/simpson/launch_ws/install/wheel_controller/share/wheel_controller/hook/pythonpath.sh'
[5.260s] Level 1:colcon.colcon_core.environment:checking '/home/simpson/launch_ws/install/wheel_controller/bin'
[5.260s] Level 1:colcon.colcon_core.environment:create_environment_scripts_only(wheel_controller)
[5.261s] INFO:colcon.colcon_core.shell:Creating package script '/home/simpson/launch_ws/install/wheel_controller/share/wheel_controller/package.ps1'
[5.261s] INFO:colcon.colcon_core.shell:Creating package descriptor '/home/simpson/launch_ws/install/wheel_controller/share/wheel_controller/package.dsv'
[5.262s] INFO:colcon.colcon_core.shell:Creating package script '/home/simpson/launch_ws/install/wheel_controller/share/wheel_controller/package.sh'
[5.263s] INFO:colcon.colcon_core.shell:Creating package script '/home/simpson/launch_ws/install/wheel_controller/share/wheel_controller/package.bash'
[5.263s] INFO:colcon.colcon_core.shell:Creating package script '/home/simpson/launch_ws/install/wheel_controller/share/wheel_controller/package.zsh'
[5.265s] Level 1:colcon.colcon_core.environment:create_file_with_runtime_dependencies(/home/simpson/launch_ws/install/wheel_controller/share/colcon-core/packages/wheel_controller)
[5.268s] Level 1:colcon.colcon_core.environment:checking '/home/simpson/launch_ws/install/ros_wheel_controller' for CMake module files
[5.269s] DEBUG:colcon.colcon_core.event_handler.log_command:Invoked command in '/home/simpson/launch_ws/src/ros_wheel_controller' returned '0': PYTHONPATH=/home/simpson/launch_ws/build/ros_wheel_controller/prefix_override:/usr/lib/python3/dist-packages/colcon_core/task/python/colcon_distutils_commands:/home/simpson/launch_ws/install/ros_wheel_controller/lib/python3.8/site-packages:${PYTHONPATH} /usr/bin/python3 -W ignore:setup.py install is deprecated setup.py egg_info --egg-base ../../build/ros_wheel_controller build --build-base /home/simpson/launch_ws/build/ros_wheel_controller/build install --record /home/simpson/launch_ws/build/ros_wheel_controller/install.log --install-scripts $base/lib/ros_wheel_controller --single-version-externally-managed install_data
[5.269s] Level 1:colcon.colcon_core.environment:checking '/home/simpson/launch_ws/install/ros_wheel_controller' for CMake config files
[5.270s] Level 1:colcon.colcon_core.environment:checking '/home/simpson/launch_ws/install/ros_wheel_controller/lib'
[5.270s] Level 1:colcon.colcon_core.environment:checking '/home/simpson/launch_ws/install/ros_wheel_controller/bin'
[5.270s] Level 1:colcon.colcon_core.environment:checking '/home/simpson/launch_ws/install/ros_wheel_controller/lib/pkgconfig/ros_wheel_controller.pc'
[5.270s] Level 1:colcon.colcon_core.environment:checking '/home/simpson/launch_ws/install/ros_wheel_controller/lib/python3.8/site-packages'
[5.270s] Level 1:colcon.colcon_core.shell:create_environment_hook('ros_wheel_controller', 'pythonpath')
[5.271s] INFO:colcon.colcon_core.shell:Creating environment hook '/home/simpson/launch_ws/install/ros_wheel_controller/share/ros_wheel_controller/hook/pythonpath.ps1'
[5.271s] INFO:colcon.colcon_core.shell:Creating environment descriptor '/home/simpson/launch_ws/install/ros_wheel_controller/share/ros_wheel_controller/hook/pythonpath.dsv'
[5.272s] INFO:colcon.colcon_core.shell:Creating environment hook '/home/simpson/launch_ws/install/ros_wheel_controller/share/ros_wheel_controller/hook/pythonpath.sh'
[5.272s] Level 1:colcon.colcon_core.environment:checking '/home/simpson/launch_ws/install/ros_wheel_controller/bin'
[5.272s] Level 1:colcon.colcon_core.environment:create_environment_scripts_only(ros_wheel_controller)
[5.273s] INFO:colcon.colcon_core.shell:Creating package script '/home/simpson/launch_ws/install/ros_wheel_controller/share/ros_wheel_controller/package.ps1'
[5.273s] INFO:colcon.colcon_core.shell:Creating package descriptor '/home/simpson/launch_ws/install/ros_wheel_controller/share/ros_wheel_controller/package.dsv'
[5.274s] INFO:colcon.colcon_core.shell:Creating package script '/home/simpson/launch_ws/install/ros_wheel_controller/share/ros_wheel_controller/package.sh'
[5.275s] INFO:colcon.colcon_core.shell:Creating package script '/home/simpson/launch_ws/install/ros_wheel_controller/share/ros_wheel_controller/package.bash'
[5.275s] INFO:colcon.colcon_core.shell:Creating package script '/home/simpson/launch_ws/install/ros_wheel_controller/share/ros_wheel_controller/package.zsh'
[5.275s] Level 1:colcon.colcon_core.environment:create_file_with_runtime_dependencies(/home/simpson/launch_ws/install/ros_wheel_controller/share/colcon-core/packages/ros_wheel_controller)
[5.276s] DEBUG:colcon.colcon_parallel_executor.executor.parallel:closing loop
[5.276s] DEBUG:colcon.colcon_parallel_executor.executor.parallel:loop closed
[5.276s] DEBUG:colcon.colcon_parallel_executor.executor.parallel:run_until_complete finished with '0'
[5.277s] DEBUG:colcon.colcon_core.event_reactor:joining thread
[5.288s] INFO:colcon.colcon_core.plugin_system:Skipping extension 'colcon_notification.desktop_notification.terminal_notifier': Not used on non-Darwin systems
[5.289s] INFO:colcon.colcon_core.plugin_system:Skipping extension 'colcon_notification.desktop_notification.win32': Not used on non-Windows systems
[5.289s] INFO:colcon.colcon_notification.desktop_notification:Sending desktop notification using 'notify2'
[5.308s] DEBUG:colcon.colcon_core.event_reactor:joined thread
[5.309s] INFO:colcon.colcon_core.shell:Creating prefix script '/home/simpson/launch_ws/install/local_setup.ps1'
[5.310s] INFO:colcon.colcon_core.shell:Creating prefix util module '/home/simpson/launch_ws/install/_local_setup_util_ps1.py'
[5.311s] INFO:colcon.colcon_core.shell:Creating prefix chain script '/home/simpson/launch_ws/install/setup.ps1'
[5.312s] INFO:colcon.colcon_core.shell:Creating prefix script '/home/simpson/launch_ws/install/local_setup.sh'
[5.312s] INFO:colcon.colcon_core.shell:Creating prefix util module '/home/simpson/launch_ws/install/_local_setup_util_sh.py'
[5.313s] INFO:colcon.colcon_core.shell:Creating prefix chain script '/home/simpson/launch_ws/install/setup.sh'
[5.313s] INFO:colcon.colcon_core.shell:Creating prefix script '/home/simpson/launch_ws/install/local_setup.bash'
[5.314s] INFO:colcon.colcon_core.shell:Creating prefix chain script '/home/simpson/launch_ws/install/setup.bash'
[5.316s] INFO:colcon.colcon_core.shell:Creating prefix script '/home/simpson/launch_ws/install/local_setup.zsh'
[5.318s] INFO:colcon.colcon_core.shell:Creating prefix chain script '/home/simpson/launch_ws/install/setup.zsh'
