[2.735s] Invoking command in '/home/simpson/launch_ws/src/lauch_servo': PYTHONPATH=/home/simpson/launch_ws/build/lauch_servo/prefix_override:/usr/lib/python3/dist-packages/colcon_core/task/python/colcon_distutils_commands:/home/simpson/launch_ws/install/lauch_servo/lib/python3.8/site-packages:${PYTHONPATH} /usr/bin/python3 -W ignore:setup.py install is deprecated setup.py egg_info --egg-base ../../build/lauch_servo build --build-base /home/simpson/launch_ws/build/lauch_servo/build install --record /home/simpson/launch_ws/build/lauch_servo/install.log --install-scripts $base/lib/lauch_servo --single-version-externally-managed install_data
[3.176s] running egg_info
[3.177s] writing ../../build/lauch_servo/lauch_servo.egg-info/PKG-INFO
[3.178s] writing dependency_links to ../../build/lauch_servo/lauch_servo.egg-info/dependency_links.txt
[3.180s] writing entry points to ../../build/lauch_servo/lauch_servo.egg-info/entry_points.txt
[3.181s] writing requirements to ../../build/lauch_servo/lauch_servo.egg-info/requires.txt
[3.182s] writing top-level names to ../../build/lauch_servo/lauch_servo.egg-info/top_level.txt
[3.262s] reading manifest file '../../build/lauch_servo/lauch_servo.egg-info/SOURCES.txt'
[3.264s] writing manifest file '../../build/lauch_servo/lauch_servo.egg-info/SOURCES.txt'
[3.264s] running build
[3.265s] running build_py
[3.265s] running install
[3.266s] running install_lib
[3.268s] running install_data
[3.269s] running install_egg_info
[3.271s] removing '/home/simpson/launch_ws/install/lauch_servo/lib/python3.8/site-packages/lauch_servo-0.0.0-py3.8.egg-info' (and everything under it)
[3.272s] Copying ../../build/lauch_servo/lauch_servo.egg-info to /home/simpson/launch_ws/install/lauch_servo/lib/python3.8/site-packages/lauch_servo-0.0.0-py3.8.egg-info
[3.273s] running install_scripts
[3.302s] Installing servo script to /home/simpson/launch_ws/install/lauch_servo/lib/lauch_servo
[3.302s] writing list of installed files to '/home/simpson/launch_ws/build/lauch_servo/install.log'
[3.374s] Invoked command in '/home/simpson/launch_ws/src/lauch_servo' returned '0': PYTHONPATH=/home/simpson/launch_ws/build/lauch_servo/prefix_override:/usr/lib/python3/dist-packages/colcon_core/task/python/colcon_distutils_commands:/home/simpson/launch_ws/install/lauch_servo/lib/python3.8/site-packages:${PYTHONPATH} /usr/bin/python3 -W ignore:setup.py install is deprecated setup.py egg_info --egg-base ../../build/lauch_servo build --build-base /home/simpson/launch_ws/build/lauch_servo/build install --record /home/simpson/launch_ws/build/lauch_servo/install.log --install-scripts $base/lib/lauch_servo --single-version-externally-managed install_data
