[2.513s] Invoking command in '/home/simpson/launch_ws/src/lauch_servo': PYTHONPATH=/home/simpson/launch_ws/build/lauch_servo/prefix_override:/usr/lib/python3/dist-packages/colcon_core/task/python/colcon_distutils_commands:/home/simpson/launch_ws/install/lauch_servo/lib/python3.8/site-packages: /usr/bin/python3 -W ignore:setup.py install is deprecated setup.py egg_info --egg-base ../../build/lauch_servo build --build-base /home/simpson/launch_ws/build/lauch_servo/build install --record /home/simpson/launch_ws/build/lauch_servo/install.log --install-scripts $base/lib/lauch_servo --single-version-externally-managed install_data
[2.908s] running egg_info
[2.909s] writing ../../build/lauch_servo/lauch_servo.egg-info/PKG-INFO
[2.910s] writing dependency_links to ../../build/lauch_servo/lauch_servo.egg-info/dependency_links.txt
[2.911s] writing entry points to ../../build/lauch_servo/lauch_servo.egg-info/entry_points.txt
[2.911s] writing requirements to ../../build/lauch_servo/lauch_servo.egg-info/requires.txt
[2.912s] writing top-level names to ../../build/lauch_servo/lauch_servo.egg-info/top_level.txt
[2.987s] reading manifest file '../../build/lauch_servo/lauch_servo.egg-info/SOURCES.txt'
[2.989s] writing manifest file '../../build/lauch_servo/lauch_servo.egg-info/SOURCES.txt'
[2.989s] running build
[2.989s] running build_py
[2.989s] running install
[2.991s] running install_lib
[2.993s] running install_data
[2.993s] running install_egg_info
[2.996s] removing '/home/simpson/launch_ws/install/lauch_servo/lib/python3.8/site-packages/lauch_servo-0.0.0-py3.8.egg-info' (and everything under it)
[2.996s] Copying ../../build/lauch_servo/lauch_servo.egg-info to /home/simpson/launch_ws/install/lauch_servo/lib/python3.8/site-packages/lauch_servo-0.0.0-py3.8.egg-info
[2.997s] running install_scripts
[3.030s] Installing servo script to /home/simpson/launch_ws/install/lauch_servo/lib/lauch_servo
[3.030s] writing list of installed files to '/home/simpson/launch_ws/build/lauch_servo/install.log'
[3.120s] Invoked command in '/home/simpson/launch_ws/src/lauch_servo' returned '0': PYTHONPATH=/home/simpson/launch_ws/build/lauch_servo/prefix_override:/usr/lib/python3/dist-packages/colcon_core/task/python/colcon_distutils_commands:/home/simpson/launch_ws/install/lauch_servo/lib/python3.8/site-packages: /usr/bin/python3 -W ignore:setup.py install is deprecated setup.py egg_info --egg-base ../../build/lauch_servo build --build-base /home/simpson/launch_ws/build/lauch_servo/build install --record /home/simpson/launch_ws/build/lauch_servo/install.log --install-scripts $base/lib/lauch_servo --single-version-externally-managed install_data
