running egg_info
writing ../../build/ros_dd/ros_dd.egg-info/PKG-INFO
writing dependency_links to ../../build/ros_dd/ros_dd.egg-info/dependency_links.txt
writing entry points to ../../build/ros_dd/ros_dd.egg-info/entry_points.txt
writing requirements to ../../build/ros_dd/ros_dd.egg-info/requires.txt
writing top-level names to ../../build/ros_dd/ros_dd.egg-info/top_level.txt
reading manifest file '../../build/ros_dd/ros_dd.egg-info/SOURCES.txt'
writing manifest file '../../build/ros_dd/ros_dd.egg-info/SOURCES.txt'
running build
running build_py
copying ros_dd/arduino_commander.py -> /home/simpson/launch_ws/build/ros_dd/build/lib/ros_dd
copying ros_dd/wheel_publisher.py -> /home/simpson/launch_ws/build/ros_dd/build/lib/ros_dd
copying ros_dd/__init__.py -> /home/simpson/launch_ws/build/ros_dd/build/lib/ros_dd
copying ros_dd/wheel_controller.py -> /home/simpson/launch_ws/build/ros_dd/build/lib/ros_dd
running install
running install_lib
copying /home/simpson/launch_ws/build/ros_dd/build/lib/ros_dd/arduino_commander.py -> /home/simpson/launch_ws/install/ros_dd/lib/python3.8/site-packages/ros_dd
copying /home/simpson/launch_ws/build/ros_dd/build/lib/ros_dd/wheel_publisher.py -> /home/simpson/launch_ws/install/ros_dd/lib/python3.8/site-packages/ros_dd
copying /home/simpson/launch_ws/build/ros_dd/build/lib/ros_dd/__init__.py -> /home/simpson/launch_ws/install/ros_dd/lib/python3.8/site-packages/ros_dd
copying /home/simpson/launch_ws/build/ros_dd/build/lib/ros_dd/wheel_controller.py -> /home/simpson/launch_ws/install/ros_dd/lib/python3.8/site-packages/ros_dd
byte-compiling /home/simpson/launch_ws/install/ros_dd/lib/python3.8/site-packages/ros_dd/arduino_commander.py to arduino_commander.cpython-38.pyc
byte-compiling /home/simpson/launch_ws/install/ros_dd/lib/python3.8/site-packages/ros_dd/wheel_publisher.py to wheel_publisher.cpython-38.pyc
byte-compiling /home/simpson/launch_ws/install/ros_dd/lib/python3.8/site-packages/ros_dd/wheel_controller.py to wheel_controller.cpython-38.pyc
running install_data
copying resource/ros_dd -> /home/simpson/launch_ws/install/ros_dd/share/ament_index/resource_index/packages
copying package.xml -> /home/simpson/launch_ws/install/ros_dd/share/ros_dd
copying urdf/ros_dd.urdf -> /home/simpson/launch_ws/install/ros_dd/share/ros_dd/urdf
copying launch/rosdd_launch.py -> /home/simpson/launch_ws/install/ros_dd/share/ros_dd/launch
running install_egg_info
removing '/home/simpson/launch_ws/install/ros_dd/lib/python3.8/site-packages/ros_dd-0.0.0-py3.8.egg-info' (and everything under it)
Copying ../../build/ros_dd/ros_dd.egg-info to /home/simpson/launch_ws/install/ros_dd/lib/python3.8/site-packages/ros_dd-0.0.0-py3.8.egg-info
running install_scripts
Installing arduino_commander script to /home/simpson/launch_ws/install/ros_dd/lib/ros_dd
Installing wheel_controller script to /home/simpson/launch_ws/install/ros_dd/lib/ros_dd
writing list of installed files to '/home/simpson/launch_ws/build/ros_dd/install.log'
