[2.777s] Invoking command in '/home/simpson/launch_ws/src/ros_dd': PYTHONPATH=/home/simpson/launch_ws/build/ros_dd/prefix_override:/usr/lib/python3/dist-packages/colcon_core/task/python/colcon_distutils_commands:/home/simpson/launch_ws/install/ros_dd/lib/python3.8/site-packages:${PYTHONPATH} /usr/bin/python3 -W ignore:setup.py install is deprecated setup.py egg_info --egg-base ../../build/ros_dd build --build-base /home/simpson/launch_ws/build/ros_dd/build install --record /home/simpson/launch_ws/build/ros_dd/install.log --single-version-externally-managed install_data
[3.180s] running egg_info
[3.181s] writing ../../build/ros_dd/ros_dd.egg-info/PKG-INFO
[3.182s] writing dependency_links to ../../build/ros_dd/ros_dd.egg-info/dependency_links.txt
[3.182s] writing entry points to ../../build/ros_dd/ros_dd.egg-info/entry_points.txt
[3.182s] writing requirements to ../../build/ros_dd/ros_dd.egg-info/requires.txt
[3.182s] writing top-level names to ../../build/ros_dd/ros_dd.egg-info/top_level.txt
[3.249s] reading manifest file '../../build/ros_dd/ros_dd.egg-info/SOURCES.txt'
[3.251s] writing manifest file '../../build/ros_dd/ros_dd.egg-info/SOURCES.txt'
[3.251s] running build
[3.251s] running build_py
[3.251s] copying ros_dd/arduino_commander.py -> /home/simpson/launch_ws/build/ros_dd/build/lib/ros_dd
[3.252s] copying ros_dd/wheel_publisher.py -> /home/simpson/launch_ws/build/ros_dd/build/lib/ros_dd
[3.252s] copying ros_dd/__init__.py -> /home/simpson/launch_ws/build/ros_dd/build/lib/ros_dd
[3.252s] copying ros_dd/wheel_controller.py -> /home/simpson/launch_ws/build/ros_dd/build/lib/ros_dd
[3.253s] running install
[3.254s] running install_lib
[3.257s] copying /home/simpson/launch_ws/build/ros_dd/build/lib/ros_dd/arduino_commander.py -> /home/simpson/launch_ws/install/ros_dd/lib/python3.8/site-packages/ros_dd
[3.258s] copying /home/simpson/launch_ws/build/ros_dd/build/lib/ros_dd/wheel_publisher.py -> /home/simpson/launch_ws/install/ros_dd/lib/python3.8/site-packages/ros_dd
[3.258s] copying /home/simpson/launch_ws/build/ros_dd/build/lib/ros_dd/__init__.py -> /home/simpson/launch_ws/install/ros_dd/lib/python3.8/site-packages/ros_dd
[3.258s] copying /home/simpson/launch_ws/build/ros_dd/build/lib/ros_dd/wheel_controller.py -> /home/simpson/launch_ws/install/ros_dd/lib/python3.8/site-packages/ros_dd
[3.259s] byte-compiling /home/simpson/launch_ws/install/ros_dd/lib/python3.8/site-packages/ros_dd/arduino_commander.py to arduino_commander.cpython-38.pyc
[3.261s] byte-compiling /home/simpson/launch_ws/install/ros_dd/lib/python3.8/site-packages/ros_dd/wheel_publisher.py to wheel_publisher.cpython-38.pyc
[3.262s] byte-compiling /home/simpson/launch_ws/install/ros_dd/lib/python3.8/site-packages/ros_dd/wheel_controller.py to wheel_controller.cpython-38.pyc
[3.263s] running install_data
[3.263s] copying resource/ros_dd -> /home/simpson/launch_ws/install/ros_dd/share/ament_index/resource_index/packages
[3.264s] copying package.xml -> /home/simpson/launch_ws/install/ros_dd/share/ros_dd
[3.264s] copying urdf/ros_dd.urdf -> /home/simpson/launch_ws/install/ros_dd/share/ros_dd/urdf
[3.264s] copying launch/rosdd_launch.py -> /home/simpson/launch_ws/install/ros_dd/share/ros_dd/launch
[3.264s] running install_egg_info
[3.272s] removing '/home/simpson/launch_ws/install/ros_dd/lib/python3.8/site-packages/ros_dd-0.0.0-py3.8.egg-info' (and everything under it)
[3.274s] Copying ../../build/ros_dd/ros_dd.egg-info to /home/simpson/launch_ws/install/ros_dd/lib/python3.8/site-packages/ros_dd-0.0.0-py3.8.egg-info
[3.276s] running install_scripts
[3.322s] Installing arduino_commander script to /home/simpson/launch_ws/install/ros_dd/lib/ros_dd
[3.323s] Installing wheel_controller script to /home/simpson/launch_ws/install/ros_dd/lib/ros_dd
[3.324s] writing list of installed files to '/home/simpson/launch_ws/build/ros_dd/install.log'
[3.740s] Invoked command in '/home/simpson/launch_ws/src/ros_dd' returned '0': PYTHONPATH=/home/simpson/launch_ws/build/ros_dd/prefix_override:/usr/lib/python3/dist-packages/colcon_core/task/python/colcon_distutils_commands:/home/simpson/launch_ws/install/ros_dd/lib/python3.8/site-packages:${PYTHONPATH} /usr/bin/python3 -W ignore:setup.py install is deprecated setup.py egg_info --egg-base ../../build/ros_dd build --build-base /home/simpson/launch_ws/build/ros_dd/build install --record /home/simpson/launch_ws/build/ros_dd/install.log --single-version-externally-managed install_data
