[2.771s] Invoking command in '/home/simpson/launch_ws/src/jdamr_ros_03': PYTHONPATH=/home/simpson/launch_ws/build/jdamr_ros_03/prefix_override:/usr/lib/python3/dist-packages/colcon_core/task/python/colcon_distutils_commands:/home/simpson/launch_ws/install/jdamr_ros_03/lib/python3.8/site-packages:${PYTHONPATH} /usr/bin/python3 -W ignore:setup.py install is deprecated setup.py egg_info --egg-base ../../build/jdamr_ros_03 build --build-base /home/simpson/launch_ws/build/jdamr_ros_03/build install --record /home/simpson/launch_ws/build/jdamr_ros_03/install.log --single-version-externally-managed install_data
[3.194s] running egg_info
[3.195s] writing ../../build/jdamr_ros_03/jdamr_ros_03.egg-info/PKG-INFO
[3.195s] writing dependency_links to ../../build/jdamr_ros_03/jdamr_ros_03.egg-info/dependency_links.txt
[3.195s] writing entry points to ../../build/jdamr_ros_03/jdamr_ros_03.egg-info/entry_points.txt
[3.196s] writing requirements to ../../build/jdamr_ros_03/jdamr_ros_03.egg-info/requires.txt
[3.196s] writing top-level names to ../../build/jdamr_ros_03/jdamr_ros_03.egg-info/top_level.txt
[3.264s] reading manifest file '../../build/jdamr_ros_03/jdamr_ros_03.egg-info/SOURCES.txt'
[3.265s] writing manifest file '../../build/jdamr_ros_03/jdamr_ros_03.egg-info/SOURCES.txt'
[3.265s] running build
[3.266s] running build_py
[3.266s] running install
[3.267s] running install_lib
[3.270s] running install_data
[3.271s] running install_egg_info
[3.274s] removing '/home/simpson/launch_ws/install/jdamr_ros_03/lib/python3.8/site-packages/jdamr_ros_03-0.0.0-py3.8.egg-info' (and everything under it)
[3.275s] Copying ../../build/jdamr_ros_03/jdamr_ros_03.egg-info to /home/simpson/launch_ws/install/jdamr_ros_03/lib/python3.8/site-packages/jdamr_ros_03-0.0.0-py3.8.egg-info
[3.276s] running install_scripts
[3.316s] Installing jdamr_03 script to /home/simpson/launch_ws/install/jdamr_ros_03/lib/jdamr_ros_03
[3.318s] writing list of installed files to '/home/simpson/launch_ws/build/jdamr_ros_03/install.log'
[3.451s] Invoked command in '/home/simpson/launch_ws/src/jdamr_ros_03' returned '0': PYTHONPATH=/home/simpson/launch_ws/build/jdamr_ros_03/prefix_override:/usr/lib/python3/dist-packages/colcon_core/task/python/colcon_distutils_commands:/home/simpson/launch_ws/install/jdamr_ros_03/lib/python3.8/site-packages:${PYTHONPATH} /usr/bin/python3 -W ignore:setup.py install is deprecated setup.py egg_info --egg-base ../../build/jdamr_ros_03 build --build-base /home/simpson/launch_ws/build/jdamr_ros_03/build install --record /home/simpson/launch_ws/build/jdamr_ros_03/install.log --single-version-externally-managed install_data
