[0.499s] Invoking command in '/home/simpson/turtlebot3_ws/build/turtlebot3_fake_node': AMENT_PREFIX_PATH=/home/simpson/turtlebot3_ws/install/turtlebot3_msgs:${AMENT_PREFIX_PATH} CMAKE_PREFIX_PATH=/home/simpson/turtlebot3_ws/install/turtlebot3_msgs:/opt/ros/foxy LD_LIBRARY_PATH=/home/simpson/turtlebot3_ws/install/turtlebot3_msgs/lib:${LD_LIBRARY_PATH} PYTHONPATH=/home/simpson/turtlebot3_ws/install/turtlebot3_msgs/lib/python3.8/site-packages:${PYTHONPATH} /usr/bin/cmake /home/simpson/turtlebot3_ws/src/turtlebot3_simulations/turtlebot3_fake_node -DCMAKE_INSTALL_PREFIX=/home/simpson/turtlebot3_ws/install/turtlebot3_fake_node
[0.633s] -- The C compiler identification is GNU 9.4.0
[0.742s] -- The CXX compiler identification is GNU 9.4.0
[0.758s] -- Check for working C compiler: /usr/bin/cc
[0.905s] -- Check for working C compiler: /usr/bin/cc -- works
[0.907s] -- Detecting C compiler ABI info
[1.064s] -- Detecting C compiler ABI info - done
[1.088s] -- Detecting C compile features
[1.089s] -- Detecting C compile features - done
[1.095s] -- Check for working CXX compiler: /usr/bin/c++
[1.273s] -- Check for working CXX compiler: /usr/bin/c++ -- works
[1.276s] -- Detecting CXX compiler ABI info
[1.453s] -- Detecting CXX compiler ABI info - done
[1.476s] -- Detecting CXX compile features
[1.478s] -- Detecting CXX compile features - done
[1.483s] -- Found ament_cmake: 0.9.12 (/opt/ros/foxy/share/ament_cmake/cmake)
[1.536s] -- Found PythonInterp: /usr/bin/python3 (found suitable version "3.8.10", minimum required is "3") 
[1.537s] -- Using PYTHON_EXECUTABLE: /usr/bin/python3
[1.948s] -- Found geometry_msgs: 2.0.5 (/opt/ros/foxy/share/geometry_msgs/cmake)
[2.008s] -- Using all available rosidl_typesupport_c: rosidl_typesupport_fastrtps_c;rosidl_typesupport_introspection_c
[2.026s] -- Found rosidl_adapter: 1.3.1 (/opt/ros/foxy/share/rosidl_adapter/cmake)
[2.189s] -- Found OpenSSL: /usr/lib/x86_64-linux-gnu/libcrypto.so (found version "1.1.1f")  
[2.244s] -- Found FastRTPS: /opt/ros/foxy/include  
[2.397s] -- Using all available rosidl_typesupport_cpp: rosidl_typesupport_fastrtps_cpp;rosidl_typesupport_introspection_cpp
[2.582s] -- Found nav_msgs: 2.0.5 (/opt/ros/foxy/share/nav_msgs/cmake)
[2.734s] -- Found rclcpp: 2.4.3 (/opt/ros/foxy/share/rclcpp/cmake)
[2.828s] -- Found rmw_implementation_cmake: 1.0.4 (/opt/ros/foxy/share/rmw_implementation_cmake/cmake)
[2.831s] -- Using RMW implementation 'rmw_fastrtps_cpp' as default
[2.833s] -- Looking for pthread.h
[2.967s] -- Looking for pthread.h - found
[2.968s] -- Performing Test CMAKE_HAVE_LIBC_PTHREAD
[3.102s] -- Performing Test CMAKE_HAVE_LIBC_PTHREAD - Failed
[3.103s] -- Looking for pthread_create in pthreads
[3.204s] -- Looking for pthread_create in pthreads - not found
[3.205s] -- Looking for pthread_create in pthread
[3.334s] -- Looking for pthread_create in pthread - found
[3.336s] -- Found Threads: TRUE  
[3.639s] -- Found sensor_msgs: 2.0.5 (/opt/ros/foxy/share/sensor_msgs/cmake)
[3.781s] -- Found tf2: 0.13.14 (/opt/ros/foxy/share/tf2/cmake)
[3.804s] -- Found tf2_msgs: 0.13.14 (/opt/ros/foxy/share/tf2_msgs/cmake)
[4.104s] -- Found turtlebot3_msgs: 2.2.1 (/home/simpson/turtlebot3_ws/install/turtlebot3_msgs/share/turtlebot3_msgs/cmake)
[4.386s] -- Configuring done
[4.404s] -- Generating done
[4.407s] -- Build files have been written to: /home/simpson/turtlebot3_ws/build/turtlebot3_fake_node
[4.434s] Invoked command in '/home/simpson/turtlebot3_ws/build/turtlebot3_fake_node' returned '0': AMENT_PREFIX_PATH=/home/simpson/turtlebot3_ws/install/turtlebot3_msgs:${AMENT_PREFIX_PATH} CMAKE_PREFIX_PATH=/home/simpson/turtlebot3_ws/install/turtlebot3_msgs:/opt/ros/foxy LD_LIBRARY_PATH=/home/simpson/turtlebot3_ws/install/turtlebot3_msgs/lib:${LD_LIBRARY_PATH} PYTHONPATH=/home/simpson/turtlebot3_ws/install/turtlebot3_msgs/lib/python3.8/site-packages:${PYTHONPATH} /usr/bin/cmake /home/simpson/turtlebot3_ws/src/turtlebot3_simulations/turtlebot3_fake_node -DCMAKE_INSTALL_PREFIX=/home/simpson/turtlebot3_ws/install/turtlebot3_fake_node
[4.435s] Invoking command in '/home/simpson/turtlebot3_ws/build/turtlebot3_fake_node': AMENT_PREFIX_PATH=/home/simpson/turtlebot3_ws/install/turtlebot3_msgs:${AMENT_PREFIX_PATH} CMAKE_PREFIX_PATH=/home/simpson/turtlebot3_ws/install/turtlebot3_msgs:/opt/ros/foxy LD_LIBRARY_PATH=/home/simpson/turtlebot3_ws/install/turtlebot3_msgs/lib:${LD_LIBRARY_PATH} PYTHONPATH=/home/simpson/turtlebot3_ws/install/turtlebot3_msgs/lib/python3.8/site-packages:${PYTHONPATH} /usr/bin/cmake --build /home/simpson/turtlebot3_ws/build/turtlebot3_fake_node -- -j8 -l8
[4.511s] [35m[1mScanning dependencies of target turtlebot3_fake_node[0m
[4.592s] [ 50%] [32mBuilding CXX object CMakeFiles/turtlebot3_fake_node.dir/src/turtlebot3_fake_node.cpp.o[0m
[16.730s] [100%] [32m[1mLinking CXX executable turtlebot3_fake_node[0m
[17.148s] [100%] Built target turtlebot3_fake_node
[17.161s] Invoked command in '/home/simpson/turtlebot3_ws/build/turtlebot3_fake_node' returned '0': AMENT_PREFIX_PATH=/home/simpson/turtlebot3_ws/install/turtlebot3_msgs:${AMENT_PREFIX_PATH} CMAKE_PREFIX_PATH=/home/simpson/turtlebot3_ws/install/turtlebot3_msgs:/opt/ros/foxy LD_LIBRARY_PATH=/home/simpson/turtlebot3_ws/install/turtlebot3_msgs/lib:${LD_LIBRARY_PATH} PYTHONPATH=/home/simpson/turtlebot3_ws/install/turtlebot3_msgs/lib/python3.8/site-packages:${PYTHONPATH} /usr/bin/cmake --build /home/simpson/turtlebot3_ws/build/turtlebot3_fake_node -- -j8 -l8
[17.189s] Invoking command in '/home/simpson/turtlebot3_ws/build/turtlebot3_fake_node': AMENT_PREFIX_PATH=/home/simpson/turtlebot3_ws/install/turtlebot3_msgs:${AMENT_PREFIX_PATH} CMAKE_PREFIX_PATH=/home/simpson/turtlebot3_ws/install/turtlebot3_msgs:/opt/ros/foxy LD_LIBRARY_PATH=/home/simpson/turtlebot3_ws/install/turtlebot3_msgs/lib:${LD_LIBRARY_PATH} PYTHONPATH=/home/simpson/turtlebot3_ws/install/turtlebot3_msgs/lib/python3.8/site-packages:${PYTHONPATH} /usr/bin/cmake --install /home/simpson/turtlebot3_ws/build/turtlebot3_fake_node
[17.199s] -- Install configuration: ""
[17.199s] -- Installing: /home/simpson/turtlebot3_ws/install/turtlebot3_fake_node/lib/turtlebot3_fake_node/turtlebot3_fake_node
[17.202s] -- Set runtime path of "/home/simpson/turtlebot3_ws/install/turtlebot3_fake_node/lib/turtlebot3_fake_node/turtlebot3_fake_node" to ""
[17.202s] -- Installing: /home/simpson/turtlebot3_ws/install/turtlebot3_fake_node/share/turtlebot3_fake_node/launch
[17.202s] -- Installing: /home/simpson/turtlebot3_ws/install/turtlebot3_fake_node/share/turtlebot3_fake_node/launch/rviz2.launch.py
[17.202s] -- Installing: /home/simpson/turtlebot3_ws/install/turtlebot3_fake_node/share/turtlebot3_fake_node/launch/turtlebot3_fake_node.launch.py
[17.204s] -- Installing: /home/simpson/turtlebot3_ws/install/turtlebot3_fake_node/share/turtlebot3_fake_node/param
[17.204s] -- Installing: /home/simpson/turtlebot3_ws/install/turtlebot3_fake_node/share/turtlebot3_fake_node/param/waffle_pi.yaml
[17.206s] -- Installing: /home/simpson/turtlebot3_ws/install/turtlebot3_fake_node/share/turtlebot3_fake_node/param/burger.yaml
[17.207s] -- Installing: /home/simpson/turtlebot3_ws/install/turtlebot3_fake_node/share/turtlebot3_fake_node/param/waffle.yaml
[17.207s] -- Installing: /home/simpson/turtlebot3_ws/install/turtlebot3_fake_node/share/turtlebot3_fake_node/rviz
[17.207s] -- Installing: /home/simpson/turtlebot3_ws/install/turtlebot3_fake_node/share/turtlebot3_fake_node/rviz/model.rviz
[17.211s] -- Installing: /home/simpson/turtlebot3_ws/install/turtlebot3_fake_node/include/
[17.212s] -- Installing: /home/simpson/turtlebot3_ws/install/turtlebot3_fake_node/include//turtlebot3_fake_node
[17.212s] -- Installing: /home/simpson/turtlebot3_ws/install/turtlebot3_fake_node/include//turtlebot3_fake_node/turtlebot3_fake_node.hpp
[17.212s] -- Installing: /home/simpson/turtlebot3_ws/install/turtlebot3_fake_node/share/ament_index/resource_index/package_run_dependencies/turtlebot3_fake_node
[17.212s] -- Installing: /home/simpson/turtlebot3_ws/install/turtlebot3_fake_node/share/ament_index/resource_index/parent_prefix_path/turtlebot3_fake_node
[17.212s] -- Installing: /home/simpson/turtlebot3_ws/install/turtlebot3_fake_node/share/turtlebot3_fake_node/environment/ament_prefix_path.sh
[17.212s] -- Installing: /home/simpson/turtlebot3_ws/install/turtlebot3_fake_node/share/turtlebot3_fake_node/environment/ament_prefix_path.dsv
[17.212s] -- Installing: /home/simpson/turtlebot3_ws/install/turtlebot3_fake_node/share/turtlebot3_fake_node/environment/path.sh
[17.212s] -- Installing: /home/simpson/turtlebot3_ws/install/turtlebot3_fake_node/share/turtlebot3_fake_node/environment/path.dsv
[17.213s] -- Installing: /home/simpson/turtlebot3_ws/install/turtlebot3_fake_node/share/turtlebot3_fake_node/local_setup.bash
[17.213s] -- Installing: /home/simpson/turtlebot3_ws/install/turtlebot3_fake_node/share/turtlebot3_fake_node/local_setup.sh
[17.213s] -- Installing: /home/simpson/turtlebot3_ws/install/turtlebot3_fake_node/share/turtlebot3_fake_node/local_setup.zsh
[17.213s] -- Installing: /home/simpson/turtlebot3_ws/install/turtlebot3_fake_node/share/turtlebot3_fake_node/local_setup.dsv
[17.213s] -- Installing: /home/simpson/turtlebot3_ws/install/turtlebot3_fake_node/share/turtlebot3_fake_node/package.dsv
[17.213s] -- Installing: /home/simpson/turtlebot3_ws/install/turtlebot3_fake_node/share/ament_index/resource_index/packages/turtlebot3_fake_node
[17.214s] -- Installing: /home/simpson/turtlebot3_ws/install/turtlebot3_fake_node/share/turtlebot3_fake_node/cmake/ament_cmake_export_include_directories-extras.cmake
[17.214s] -- Installing: /home/simpson/turtlebot3_ws/install/turtlebot3_fake_node/share/turtlebot3_fake_node/cmake/ament_cmake_export_dependencies-extras.cmake
[17.214s] -- Installing: /home/simpson/turtlebot3_ws/install/turtlebot3_fake_node/share/turtlebot3_fake_node/cmake/turtlebot3_fake_nodeConfig.cmake
[17.214s] -- Installing: /home/simpson/turtlebot3_ws/install/turtlebot3_fake_node/share/turtlebot3_fake_node/cmake/turtlebot3_fake_nodeConfig-version.cmake
[17.214s] -- Installing: /home/simpson/turtlebot3_ws/install/turtlebot3_fake_node/share/turtlebot3_fake_node/package.xml
[17.218s] Invoked command in '/home/simpson/turtlebot3_ws/build/turtlebot3_fake_node' returned '0': AMENT_PREFIX_PATH=/home/simpson/turtlebot3_ws/install/turtlebot3_msgs:${AMENT_PREFIX_PATH} CMAKE_PREFIX_PATH=/home/simpson/turtlebot3_ws/install/turtlebot3_msgs:/opt/ros/foxy LD_LIBRARY_PATH=/home/simpson/turtlebot3_ws/install/turtlebot3_msgs/lib:${LD_LIBRARY_PATH} PYTHONPATH=/home/simpson/turtlebot3_ws/install/turtlebot3_msgs/lib/python3.8/site-packages:${PYTHONPATH} /usr/bin/cmake --install /home/simpson/turtlebot3_ws/build/turtlebot3_fake_node
